New Connection id ::  9fZl3bqR1l06e8Ilc5Q8pw==
Client [bot] started, listening to WebSocket 127.0.0.1:1337
25 Sep 23:00:49 - Success clearing bitfinex_transactions table
25 Sep 23:00:49 - Success clearing bitfinex_live_price table
25 Sep 23:00:49 - { event: 'subscribe',
  channel: 'book',
  symbol: 'tBTCUSD',
  prec: 'P0',
  freq: 'F0',
  len: '100' }
25 Sep 23:00:49 - { event: 'subscribe',
  channel: 'book',
  symbol: 'tLTCUSD',
  prec: 'P0',
  freq: 'F0',
  len: '100' }
25 Sep 23:00:49 - { event: 'subscribe',
  channel: 'book',
  symbol: 'tETHUSD',
  prec: 'P0',
  freq: 'F0',
  len: '100' }
25 Sep 23:00:49 - { event: 'subscribe',
  channel: 'book',
  symbol: 'tETCUSD',
  prec: 'P0',
  freq: 'F0',
  len: '100' }
25 Sep 23:00:49 - { event: 'subscribe',
  channel: 'book',
  symbol: 'tDSHUSD',
  prec: 'P0',
  freq: 'F0',
  len: '100' }
25 Sep 23:00:49 - { event: 'subscribe',
  channel: 'book',
  symbol: 'tIOTUSD',
  prec: 'P0',
  freq: 'F0',
  len: '100' }
25 Sep 23:00:49 - { event: 'subscribe',
  channel: 'book',
  symbol: 'tEOSUSD',
  prec: 'P0',
  freq: 'F0',
  len: '100' }
25 Sep 23:00:49 - { event: 'subscribe',
  channel: 'book',
  symbol: 'tOMGUSD',
  prec: 'P0',
  freq: 'F0',
  len: '100' }
25 Sep 23:00:49 - { event: 'subscribe',
  channel: 'book',
  symbol: 'tBCHUSD',
  prec: 'P0',
  freq: 'F0',
  len: '100' }
25 Sep 23:00:49 - { event: 'subscribe', channel: 'ticker', symbol: 'tBTCUSD' }
25 Sep 23:00:49 - { event: 'subscribe', channel: 'ticker', symbol: 'tLTCUSD' }
25 Sep 23:00:49 - { event: 'subscribe', channel: 'ticker', symbol: 'tETHUSD' }
25 Sep 23:00:49 - { event: 'subscribe', channel: 'ticker', symbol: 'tETCUSD' }
25 Sep 23:00:49 - { event: 'subscribe', channel: 'ticker', symbol: 'tDSHUSD' }
25 Sep 23:00:49 - { event: 'subscribe', channel: 'ticker', symbol: 'tIOTUSD' }
25 Sep 23:00:49 - { event: 'subscribe', channel: 'ticker', symbol: 'tEOSUSD' }
25 Sep 23:00:49 - { event: 'subscribe', channel: 'ticker', symbol: 'tOMGUSD' }
25 Sep 23:00:49 - { event: 'subscribe', channel: 'ticker', symbol: 'tBCHUSD' }
25 Sep 23:00:49 - { event: 'subscribe',
  channel: 'candles',
  key: 'trade:1m:tBTCUSD' }
25 Sep 23:00:49 - { event: 'subscribe',
  channel: 'candles',
  key: 'trade:1m:tLTCUSD' }
25 Sep 23:00:49 - { event: 'subscribe',
  channel: 'candles',
  key: 'trade:1m:tETHUSD' }
25 Sep 23:00:49 - { event: 'subscribe',
  channel: 'candles',
  key: 'trade:1m:tETCUSD' }
25 Sep 23:00:49 - { event: 'subscribe',
  channel: 'candles',
  key: 'trade:1m:tDSHUSD' }
25 Sep 23:00:49 - { event: 'subscribe',
  channel: 'candles',
  key: 'trade:1m:tIOTUSD' }
25 Sep 23:00:49 - { event: 'subscribe',
  channel: 'candles',
  key: 'trade:1m:tEOSUSD' }
25 Sep 23:00:49 - { event: 'subscribe',
  channel: 'candles',
  key: 'trade:1m:tOMGUSD' }
25 Sep 23:00:49 - { event: 'subscribe',
  channel: 'candles',
  key: 'trade:1m:tBCHUSD' }
New Connection id ::  zlG47C10Euvw0w0bM+E9Zg==
Received client [public_books]'s id: zlG47C10Euvw0w0bM+E9Zg==
Client [public] started, listening to WebSocket 127.0.0.1:1337
Received client [bot]'s id: 9fZl3bqR1l06e8Ilc5Q8pw==
25 Sep 23:00:50 - --------------------------------------
INFO: undefined 
undefined
--------------------------------------
25 Sep 23:00:50 - Insert into live price table success: BTCUSD,3945.4,3945.4,68.51061061,3946.9,61.28804876,3977,3741.8,37535.66848293,2017-09-25 23:00:50
25 Sep 23:00:50 - Insert into live price table success: LTCUSD,52.61,52.601,2223.05757424,52.609,1172.33537511,53.24,48.02,437426.42312119,2017-09-25 23:00:50
25 Sep 23:00:50 - Insert into live price table success: ETHUSD,295.55,295.55,353.08711438,295.56,475.01069066,297.93,285.59,164547.35147468,2017-09-25 23:00:50
25 Sep 23:00:50 - Insert into live price table success: ETCUSD,11.01,10.994,4177.65246056,11.005,18920.359517,11.149,10.52,292909.51287316,2017-09-25 23:00:50
25 Sep 23:00:50 - Insert into live price table success: DSHUSD,344,343.83,155.28827287,344,600.77344356,355.75,334.93,13829.12070751,2017-09-25 23:00:50
25 Sep 23:00:50 - Insert into live price table success: IOTUSD,0.5464,0.5477,111981.22732743,0.548,164499.07347069,0.56899,0.53,12997959.40760334,2017-09-25 23:00:50
25 Sep 23:00:50 - Insert into live price table success: EOSUSD,0.5844,0.582,97199.2735301,0.5843,89935.77458506,0.5855,0.5384,3188451.58215064,2017-09-25 23:00:50
25 Sep 23:00:50 - Insert into live price table success: OMGUSD,9.99,9.99,24944.58066764,9.997,4191.67319241,10.469,8.8695,2690893.11225506,2017-09-25 23:00:50
25 Sep 23:00:50 - Insert into live price table success: BCHUSD,463,462.01,248.47684662,463.12,161.4001973,463.01,420.59,30620.57755118,2017-09-25 23:00:50
25 Sep 23:00:53 - ************* Buy | 0.1267298626248289 BTCUSD @ 3945.4 *************
25 Sep 23:00:53 - -------------------- Summary ----------------------------
25 Sep 23:00:53 - Currency Wallet: {
  "BTCUSD": {
    "qty": 0.1267298626248289,
    "price": 3945.4
  }
}
25 Sep 23:00:53 - =====> Market Value: 500.00
25 Sep 23:00:53 - Fiat Wallet: $9499.00
25 Sep 23:00:53 - Starting Value: 10000
25 Sep 23:00:53 - Total Value: 9999.00
25 Sep 23:00:53 - ---------------------------------------------------------


25 Sep 23:00:53 - Insert into transaction table success: BTCUSD,3945.4,0.1267298626248289,1,2017-09-25 23:00:53
25 Sep 23:00:53 - ************* Buy | 1.6917611233293859 ETHUSD @ 295.55 *************
25 Sep 23:00:53 - -------------------- Summary ----------------------------
25 Sep 23:00:53 - Currency Wallet: {
  "BTCUSD": {
    "qty": 0.1267298626248289,
    "price": 3945.4
  },
  "ETHUSD": {
    "qty": 1.6917611233293859,
    "price": 295.55
  }
}
25 Sep 23:00:53 - =====> Market Value: 1000.00
25 Sep 23:00:53 - Fiat Wallet: $8998.00
25 Sep 23:00:53 - Starting Value: 10000
25 Sep 23:00:53 - Total Value: 9998.00
25 Sep 23:00:53 - ---------------------------------------------------------


25 Sep 23:00:53 - Insert into transaction table success: ETHUSD,295.55,1.6917611233293859,1,2017-09-25 23:00:53
25 Sep 23:00:53 - ************* Buy | 1.079913606911447 BCHUSD @ 463 *************
25 Sep 23:00:53 - -------------------- Summary ----------------------------
25 Sep 23:00:53 - Currency Wallet: {
  "BTCUSD": {
    "qty": 0.1267298626248289,
    "price": 3945.4
  },
  "ETHUSD": {
    "qty": 1.6917611233293859,
    "price": 295.55
  },
  "BCHUSD": {
    "qty": 1.079913606911447,
    "price": 463
  }
}
25 Sep 23:00:53 - =====> Market Value: 1500.00
25 Sep 23:00:53 - Fiat Wallet: $8497.00
25 Sep 23:00:53 - Starting Value: 10000
25 Sep 23:00:53 - Total Value: 9997.00
25 Sep 23:00:53 - ---------------------------------------------------------


25 Sep 23:00:53 - Insert into transaction table success: BCHUSD,463,1.079913606911447,1,2017-09-25 23:00:53
25 Sep 23:00:54 - ************* Buy | 855.5783709787817 EOSUSD @ 0.5844 *************
25 Sep 23:00:54 - -------------------- Summary ----------------------------
25 Sep 23:00:54 - Currency Wallet: {
  "BTCUSD": {
    "qty": 0.1267298626248289,
    "price": 3945.4
  },
  "ETHUSD": {
    "qty": 1.6917611233293859,
    "price": 295.55
  },
  "BCHUSD": {
    "qty": 1.079913606911447,
    "price": 463
  },
  "EOSUSD": {
    "qty": 855.5783709787817,
    "price": 0.5844
  }
}
25 Sep 23:00:54 - =====> Market Value: 2000.00
25 Sep 23:00:54 - Fiat Wallet: $7996.00
25 Sep 23:00:54 - Starting Value: 10000
25 Sep 23:00:54 - Total Value: 9996.00
25 Sep 23:00:54 - ---------------------------------------------------------


25 Sep 23:00:54 - Insert into transaction table success: EOSUSD,0.5844,855.5783709787817,1,2017-09-25 23:00:54
25 Sep 23:00:56 - ************* Buy | 915.0805270863837 IOTUSD @ 0.5464 *************
25 Sep 23:00:56 - -------------------- Summary ----------------------------
25 Sep 23:00:56 - Currency Wallet: {
  "BTCUSD": {
    "qty": 0.1267298626248289,
    "price": 3945.4
  },
  "ETHUSD": {
    "qty": 1.6917611233293859,
    "price": 295.55
  },
  "BCHUSD": {
    "qty": 1.079913606911447,
    "price": 463
  },
  "EOSUSD": {
    "qty": 855.5783709787817,
    "price": 0.5844
  },
  "IOTUSD": {
    "qty": 915.0805270863837,
    "price": 0.5464
  }
}
25 Sep 23:00:56 - =====> Market Value: 2500.00
25 Sep 23:00:56 - Fiat Wallet: $7495.00
25 Sep 23:00:56 - Starting Value: 10000
25 Sep 23:00:56 - Total Value: 9995.00
25 Sep 23:00:56 - ---------------------------------------------------------


25 Sep 23:00:56 - Insert into transaction table success: IOTUSD,0.5464,915.0805270863837,1,2017-09-25 23:00:56
25 Sep 23:00:56 - Insert into live price table success: BCHUSD,463,462.01,287.47005434,463.12,168.10523988,463.01,420.59,30617.63681267,2017-09-25 23:00:56
25 Sep 23:00:56 - Insert into live price table success: DSHUSD,344,343.83,156.45072896,344,593.20654356,355.75,334.93,13833.61090751,2017-09-25 23:00:56
25 Sep 23:00:56 - Insert into live price table success: EOSUSD,0.5819,0.57868,109298.49961934,0.5819,100650.11375341,0.5855,0.5384,3188927.10395592,2017-09-25 23:00:56
25 Sep 23:00:56 - Insert into live price table success: IOTUSD,0.5464,0.5477,100673.14895816,0.5479,165015.04223741,0.56899,0.53,12995318.85927674,2017-09-25 23:00:56
25 Sep 23:00:56 - Insert into live price table success: OMGUSD,9.99,9.99,24685.86072794,9.997,8453.28942641,10.469,8.8695,2690608.87226347,2017-09-25 23:00:56
25 Sep 23:00:56 - Insert into live price table success: ETCUSD,11.01,10.995,3265.74066076,11.005,18995.71065684,11.149,10.52,292909.51287316,2017-09-25 23:00:56
25 Sep 23:00:56 - Insert into live price table success: LTCUSD,52.609,52.601,2168.92117006,52.609,1332.2139119,53.24,48.02,437427.25574813,2017-09-25 23:00:56
25 Sep 23:00:56 - Insert into live price table success: ETHUSD,295.54,295.55,410.75446337,295.56,455.13747891,297.93,285.59,164546.09492633,2017-09-25 23:00:56
25 Sep 23:00:56 - Insert into live price table success: BTCUSD,3946.8,3945.7,65.8024239,3946.7,63.5172913,3977,3741.8,37531.85907409,2017-09-25 23:00:56
25 Sep 23:00:57 - ************* Buy | 1.6918183663801853 ETHUSD @ 295.54 *************
25 Sep 23:00:57 - -------------------- Summary ----------------------------
25 Sep 23:00:57 - Currency Wallet: {
  "BTCUSD": {
    "qty": 0.1267298626248289,
    "price": 3945.4
  },
  "ETHUSD": {
    "qty": 3.3835794897095712,
    "price": 295.54499991541053
  },
  "BCHUSD": {
    "qty": 1.079913606911447,
    "price": 463
  },
  "EOSUSD": {
    "qty": 855.5783709787817,
    "price": 0.5844
  },
  "IOTUSD": {
    "qty": 915.0805270863837,
    "price": 0.5464
  }
}
25 Sep 23:00:57 - =====> Market Value: 2998.02
25 Sep 23:00:57 - Fiat Wallet: $6994.00
25 Sep 23:00:57 - Starting Value: 10000
25 Sep 23:00:57 - Total Value: 9992.02
25 Sep 23:00:57 - ---------------------------------------------------------


25 Sep 23:00:57 - Insert into transaction table success: ETHUSD,295.54,1.6918183663801853,1,2017-09-25 23:00:57
25 Sep 23:00:58 - ************* Buy | 859.2541673827119 EOSUSD @ 0.5819 *************
25 Sep 23:00:58 - -------------------- Summary ----------------------------
25 Sep 23:00:58 - Currency Wallet: {
  "BTCUSD": {
    "qty": 0.1267298626248289,
    "price": 3945.4
  },
  "ETHUSD": {
    "qty": 3.3835794897095712,
    "price": 295.54499991541053
  },
  "BCHUSD": {
    "qty": 1.079913606911447,
    "price": 463
  },
  "EOSUSD": {
    "qty": 1714.8325383614936,
    "price": 0.5831473205864701
  },
  "IOTUSD": {
    "qty": 915.0805270863837,
    "price": 0.5464
  }
}
25 Sep 23:00:58 - =====> Market Value: 3498.02
25 Sep 23:00:58 - Fiat Wallet: $6493.00
25 Sep 23:00:58 - Starting Value: 10000
25 Sep 23:00:58 - Total Value: 9991.02
25 Sep 23:00:58 - ---------------------------------------------------------


25 Sep 23:00:58 - Insert into transaction table success: EOSUSD,0.5819,859.2541673827119,1,2017-09-25 23:00:58
25 Sep 23:00:58 - ************* Buy | 50.05005005005005 OMGUSD @ 9.99 *************
25 Sep 23:00:58 - -------------------- Summary ----------------------------
25 Sep 23:00:58 - Currency Wallet: {
  "BTCUSD": {
    "qty": 0.1267298626248289,
    "price": 3945.4
  },
  "ETHUSD": {
    "qty": 3.3835794897095712,
    "price": 295.54499991541053
  },
  "BCHUSD": {
    "qty": 1.079913606911447,
    "price": 463
  },
  "EOSUSD": {
    "qty": 1714.8325383614936,
    "price": 0.5831473205864701
  },
  "IOTUSD": {
    "qty": 915.0805270863837,
    "price": 0.5464
  },
  "OMGUSD": {
    "qty": 50.05005005005005,
    "price": 9.99
  }
}
25 Sep 23:00:58 - =====> Market Value: 3998.02
25 Sep 23:00:58 - Fiat Wallet: $5992.00
25 Sep 23:00:58 - Starting Value: 10000
25 Sep 23:00:58 - Total Value: 9990.02
25 Sep 23:00:58 - ---------------------------------------------------------


25 Sep 23:00:58 - Insert into transaction table success: OMGUSD,9.99,50.05005005005005,1,2017-09-25 23:00:58
25 Sep 23:01:00 - ************* Buy | 1.6918183663801853 ETHUSD @ 295.54 *************
25 Sep 23:01:00 - -------------------- Summary ----------------------------
25 Sep 23:01:00 - Currency Wallet: {
  "BTCUSD": {
    "qty": 0.1267298626248289,
    "price": 3945.4
  },
  "ETHUSD": {
    "qty": 5.075397856089756,
    "price": 295.54333325814315
  },
  "BCHUSD": {
    "qty": 1.079913606911447,
    "price": 463
  },
  "EOSUSD": {
    "qty": 1714.8325383614936,
    "price": 0.5831473205864701
  },
  "IOTUSD": {
    "qty": 915.0805270863837,
    "price": 0.5464
  },
  "OMGUSD": {
    "qty": 50.05005005005005,
    "price": 9.99
  }
}
25 Sep 23:01:00 - =====> Market Value: 4498.02
25 Sep 23:01:00 - Fiat Wallet: $5491.00
25 Sep 23:01:00 - Starting Value: 10000
25 Sep 23:01:00 - Total Value: 9989.02
25 Sep 23:01:00 - ---------------------------------------------------------


25 Sep 23:01:00 - Insert into transaction table success: ETHUSD,295.54,1.6918183663801853,1,2017-09-25 23:01:00
25 Sep 23:01:01 - ************* Buy | 9.50407724913988 LTCUSD @ 52.609 *************
25 Sep 23:01:01 - -------------------- Summary ----------------------------
25 Sep 23:01:01 - Currency Wallet: {
  "BTCUSD": {
    "qty": 0.1267298626248289,
    "price": 3945.4
  },
  "ETHUSD": {
    "qty": 5.075397856089756,
    "price": 295.54333325814315
  },
  "BCHUSD": {
    "qty": 1.079913606911447,
    "price": 463
  },
  "EOSUSD": {
    "qty": 1714.8325383614936,
    "price": 0.5831473205864701
  },
  "IOTUSD": {
    "qty": 915.0805270863837,
    "price": 0.5464
  },
  "OMGUSD": {
    "qty": 50.05005005005005,
    "price": 9.99
  },
  "LTCUSD": {
    "qty": 9.50407724913988,
    "price": 52.609
  }
}
25 Sep 23:01:01 - =====> Market Value: 4998.02
25 Sep 23:01:01 - Fiat Wallet: $4990.00
25 Sep 23:01:01 - Starting Value: 10000
25 Sep 23:01:01 - Total Value: 9988.02
25 Sep 23:01:01 - ---------------------------------------------------------


25 Sep 23:01:01 - Insert into transaction table success: LTCUSD,52.609,9.50407724913988,1,2017-09-25 23:01:01
25 Sep 23:01:02 - ************* Buy | 1.6918183663801853 ETHUSD @ 295.54 *************
25 Sep 23:01:02 - -------------------- Summary ----------------------------
25 Sep 23:01:02 - Currency Wallet: {
  "BTCUSD": {
    "qty": 0.1267298626248289,
    "price": 3945.4
  },
  "ETHUSD": {
    "qty": 6.7672162224699415,
    "price": 295.54249993655844
  },
  "BCHUSD": {
    "qty": 1.079913606911447,
    "price": 463
  },
  "EOSUSD": {
    "qty": 1714.8325383614936,
    "price": 0.5831473205864701
  },
  "IOTUSD": {
    "qty": 915.0805270863837,
    "price": 0.5464
  },
  "OMGUSD": {
    "qty": 50.05005005005005,
    "price": 9.99
  },
  "LTCUSD": {
    "qty": 9.50407724913988,
    "price": 52.609
  },
  "ETCUSD": {
    "qty": 0,
    "price": 0
  }
}
25 Sep 23:01:02 - =====> Market Value: 5498.02
25 Sep 23:01:02 - Fiat Wallet: $4489.00
25 Sep 23:01:02 - Starting Value: 10000
25 Sep 23:01:02 - Total Value: 9987.02
25 Sep 23:01:02 - ---------------------------------------------------------


25 Sep 23:01:02 - Insert into transaction table success: ETHUSD,295.54,1.6918183663801853,1,2017-09-25 23:01:02
25 Sep 23:01:04 - ************* Buy | 859.2541673827119 EOSUSD @ 0.5819 *************
25 Sep 23:01:04 - -------------------- Summary ----------------------------
25 Sep 23:01:04 - Currency Wallet: {
  "BTCUSD": {
    "qty": 0.1267298626248289,
    "price": 3945.4
  },
  "ETHUSD": {
    "qty": 6.7672162224699415,
    "price": 295.54249993655844
  },
  "BCHUSD": {
    "qty": 1.079913606911447,
    "price": 463
  },
  "EOSUSD": {
    "qty": 2574.0867057442056,
    "price": 0.5827309533329526
  },
  "IOTUSD": {
    "qty": 915.0805270863837,
    "price": 0.5464
  },
  "OMGUSD": {
    "qty": 50.05005005005005,
    "price": 9.99
  },
  "LTCUSD": {
    "qty": 9.50407724913988,
    "price": 52.609
  },
  "ETCUSD": {
    "qty": 0,
    "price": 0
  }
}
25 Sep 23:01:04 - =====> Market Value: 5998.02
25 Sep 23:01:04 - Fiat Wallet: $3988.00
25 Sep 23:01:04 - Starting Value: 10000
25 Sep 23:01:04 - Total Value: 9986.02
25 Sep 23:01:04 - ---------------------------------------------------------


25 Sep 23:01:04 - Insert into transaction table success: EOSUSD,0.5819,859.2541673827119,1,2017-09-25 23:01:04
25 Sep 23:01:06 - Insert into live price table success: EOSUSD,0.5818,0.57882,59793.29272828,0.5818,95287.69229145,0.5855,0.5384,3189034.51072684,2017-09-25 23:01:06
25 Sep 23:01:06 - Insert into live price table success: DSHUSD,344,343.83,156.45078706,344,591.2189522,355.75,334.93,13836.44422902,2017-09-25 23:01:06
25 Sep 23:01:06 - Insert into live price table success: BCHUSD,463,462.02,335.57435266,463.12,158.46785675,463.01,420.59,30611.99126124,2017-09-25 23:01:06
25 Sep 23:01:06 - Insert into live price table success: IOTUSD,0.5477,0.5465,110938.4098507,0.54789,159608.39025084,0.56899,0.53,12995567.09837474,2017-09-25 23:01:06
25 Sep 23:01:06 - Insert into live price table success: ETCUSD,11.01,10.998,3361.41787543,11.004,19103.95839033,11.149,10.52,292909.51287316,2017-09-25 23:01:06
25 Sep 23:01:06 - Insert into live price table success: OMGUSD,9.99,9.99,24940.79672794,9.997,8317.36197896,10.469,8.8695,2688503.13408746,2017-09-25 23:01:06
25 Sep 23:01:06 - Insert into live price table success: ETHUSD,295.59,295.57,446.59260658,295.59,519.37025852,297.93,285.59,164549.17338835,2017-09-25 23:01:06
25 Sep 23:01:06 - Insert into live price table success: LTCUSD,52.609,52.601,2199.35408342,52.608,1159.18586235,53.24,48.02,437321.19069741,2017-09-25 23:01:06
25 Sep 23:01:06 - Insert into live price table success: BTCUSD,3946.8,3945.9,66.142775,3946.6,62.6011298,3977,3741.8,37526.15460426,2017-09-25 23:01:06
25 Sep 23:01:13 - ************* Buy | 859.4018563080097 EOSUSD @ 0.5818 *************
25 Sep 23:01:13 - -------------------- Summary ----------------------------
25 Sep 23:01:13 - Currency Wallet: {
  "BTCUSD": {
    "qty": 0.1267298626248289,
    "price": 3945.4
  },
  "ETHUSD": {
    "qty": 6.7672162224699415,
    "price": 295.54249993655844
  },
  "BCHUSD": {
    "qty": 1.079913606911447,
    "price": 463
  },
  "EOSUSD": {
    "qty": 3433.4885620522155,
    "price": 0.5824979358034001
  },
  "IOTUSD": {
    "qty": 915.0805270863837,
    "price": 0.5464
  },
  "OMGUSD": {
    "qty": 50.05005005005005,
    "price": 9.99
  },
  "LTCUSD": {
    "qty": 9.50407724913988,
    "price": 52.609
  },
  "ETCUSD": {
    "qty": 0,
    "price": 0
  }
}
25 Sep 23:01:13 - =====> Market Value: 6499.29
25 Sep 23:01:13 - Fiat Wallet: $3487.00
25 Sep 23:01:13 - Starting Value: 10000
25 Sep 23:01:13 - Total Value: 9986.29
25 Sep 23:01:13 - ---------------------------------------------------------


25 Sep 23:01:13 - Insert into transaction table success: EOSUSD,0.5818,859.4018563080097,1,2017-09-25 23:01:13
25 Sep 23:01:16 - ************* Buy | 1.4534883720930232 DSHUSD @ 344 *************
25 Sep 23:01:16 - -------------------- Summary ----------------------------
25 Sep 23:01:16 - Currency Wallet: {
  "BTCUSD": {
    "qty": 0.1267298626248289,
    "price": 3945.4
  },
  "ETHUSD": {
    "qty": 6.7672162224699415,
    "price": 295.54249993655844
  },
  "BCHUSD": {
    "qty": 1.079913606911447,
    "price": 463
  },
  "EOSUSD": {
    "qty": 3433.4885620522155,
    "price": 0.5824979358034001
  },
  "IOTUSD": {
    "qty": 915.0805270863837,
    "price": 0.5464
  },
  "OMGUSD": {
    "qty": 50.05005005005005,
    "price": 9.99
  },
  "LTCUSD": {
    "qty": 9.50407724913988,
    "price": 52.609
  },
  "ETCUSD": {
    "qty": 0,
    "price": 0
  },
  "DSHUSD": {
    "qty": 1.4534883720930232,
    "price": 344
  }
}
25 Sep 23:01:16 - =====> Market Value: 6999.64
25 Sep 23:01:16 - Fiat Wallet: $2986.00
25 Sep 23:01:16 - Starting Value: 10000
25 Sep 23:01:16 - Total Value: 9985.64
25 Sep 23:01:16 - ---------------------------------------------------------


25 Sep 23:01:16 - Insert into live price table success: ETCUSD,11.01,10.983,4056.12468524,11.003,19243.95565684,11.149,10.52,292909.51287316,2017-09-25 23:01:16
25 Sep 23:01:16 - Insert into live price table success: IOTUSD,0.54778,0.5466,111599.86951577,0.54778,162129.90599048,0.56899,0.53,12988695.88118294,2017-09-25 23:01:16
25 Sep 23:01:16 - Insert into live price table success: EOSUSD,0.5819,0.57885,65074.19856767,0.5818,99240.77151341,0.5855,0.5384,3189829.45523279,2017-09-25 23:01:16
25 Sep 23:01:16 - Insert into live price table success: BCHUSD,463,462.02,317.27490369,463.12,165.30738462,463.01,420.59,30607.305077,2017-09-25 23:01:16
25 Sep 23:01:16 - Insert into transaction table success: DSHUSD,344,1.4534883720930232,1,2017-09-25 23:01:16
25 Sep 23:01:16 - Insert into live price table success: DSHUSD,344,343.83,155.28849965,344,588.6272522,355.75,334.93,13839.03592902,2017-09-25 23:01:16
25 Sep 23:01:16 - Insert into live price table success: OMGUSD,9.99,9.99,23806.64636583,9.997,13095.51751919,10.469,8.8695,2687175.1661994,2017-09-25 23:01:16
25 Sep 23:01:16 - ************* Buy | 859.2541673827119 EOSUSD @ 0.5819 *************
25 Sep 23:01:16 - -------------------- Summary ----------------------------
25 Sep 23:01:16 - Currency Wallet: {
  "BTCUSD": {
    "qty": 0.1267298626248289,
    "price": 3945.4
  },
  "ETHUSD": {
    "qty": 6.7672162224699415,
    "price": 295.54249993655844
  },
  "BCHUSD": {
    "qty": 1.079913606911447,
    "price": 463
  },
  "EOSUSD": {
    "qty": 4292.742729434927,
    "price": 0.5823782503567564
  },
  "IOTUSD": {
    "qty": 915.0805270863837,
    "price": 0.5464
  },
  "OMGUSD": {
    "qty": 50.05005005005005,
    "price": 9.99
  },
  "LTCUSD": {
    "qty": 9.50407724913988,
    "price": 52.609
  },
  "ETCUSD": {
    "qty": 0,
    "price": 0
  },
  "DSHUSD": {
    "qty": 1.4534883720930232,
    "price": 344
  }
}
25 Sep 23:01:16 - =====> Market Value: 7499.15
25 Sep 23:01:16 - Fiat Wallet: $2485.00
25 Sep 23:01:16 - Starting Value: 10000
25 Sep 23:01:16 - Total Value: 9984.15
25 Sep 23:01:16 - ---------------------------------------------------------


25 Sep 23:01:16 - Insert into live price table success: ETHUSD,295.52,295.54,479.12796995,295.57,536.75068162,297.93,285.59,164518.82674005,2017-09-25 23:01:16
25 Sep 23:01:16 - Insert into live price table success: LTCUSD,52.6,52.599,2319.03819891,52.6,1355.37700921,53.24,48.02,437196.6738826,2017-09-25 23:01:16
25 Sep 23:01:16 - Insert into transaction table success: EOSUSD,0.5819,859.2541673827119,1,2017-09-25 23:01:16
25 Sep 23:01:16 - Insert into live price table success: BTCUSD,3946.8,3945.9,69.88759989,3946.3,53.82678581,3977,3741.8,37520.61082929,2017-09-25 23:01:16
25 Sep 23:01:21 - ************* Buy | 859.2541673827119 EOSUSD @ 0.5819 *************
25 Sep 23:01:21 - -------------------- Summary ----------------------------
25 Sep 23:01:21 - Currency Wallet: {
  "BTCUSD": {
    "qty": 0.1267298626248289,
    "price": 3945.4
  },
  "ETHUSD": {
    "qty": 6.7672162224699415,
    "price": 295.54249993655844
  },
  "BCHUSD": {
    "qty": 1.079913606911447,
    "price": 463
  },
  "EOSUSD": {
    "qty": 5151.996896817639,
    "price": 0.5822984873793469
  },
  "IOTUSD": {
    "qty": 915.0805270863837,
    "price": 0.5464
  },
  "OMGUSD": {
    "qty": 50.05005005005005,
    "price": 9.99
  },
  "LTCUSD": {
    "qty": 9.50407724913988,
    "price": 52.609
  },
  "ETCUSD": {
    "qty": 0,
    "price": 0
  },
  "DSHUSD": {
    "qty": 1.4534883720930232,
    "price": 344
  }
}
25 Sep 23:01:21 - =====> Market Value: 7999.15
25 Sep 23:01:21 - Fiat Wallet: $1984.00
25 Sep 23:01:21 - Starting Value: 10000
25 Sep 23:01:21 - Total Value: 9983.15
25 Sep 23:01:21 - ---------------------------------------------------------


25 Sep 23:01:21 - Insert into transaction table success: EOSUSD,0.5819,859.2541673827119,1,2017-09-25 23:01:21
25 Sep 23:01:26 - Insert into live price table success: IOTUSD,0.54778,0.5466,105819.53887774,0.5479,161927.42290455,0.56899,0.53,12986825.32833971,2017-09-25 23:01:26
25 Sep 23:01:26 - Insert into live price table success: EOSUSD,0.5819,0.57887,37281.93206871,0.5819,145777.59375341,0.5855,0.5384,3189829.45523279,2017-09-25 23:01:26
25 Sep 23:01:26 - Insert into live price table success: DSHUSD,344,343.83,200.83344953,344,586.6969692,355.75,334.93,13842.37632902,2017-09-25 23:01:26
25 Sep 23:01:26 - Insert into live price table success: ETCUSD,11.01,10.984,3992.30473776,11.004,19200.63938351,11.149,10.52,292867.96997316,2017-09-25 23:01:26
25 Sep 23:01:26 - Insert into live price table success: BCHUSD,463,462.02,240.38791304,463.12,179.88220753,463.01,420.59,30604.65614187,2017-09-25 23:01:26
25 Sep 23:01:26 - Insert into live price table success: OMGUSD,9.99,9.9901,25266.08104407,9.997,13186.31751919,10.469,8.8695,2687145.47655676,2017-09-25 23:01:26
25 Sep 23:01:26 - Insert into live price table success: LTCUSD,52.6,52.599,2342.59925313,52.6,1584.82828539,53.24,48.02,437192.50347949,2017-09-25 23:01:26
25 Sep 23:01:26 - Insert into live price table success: ETHUSD,295.53,295.54,422.00529258,295.55,488.73483886,297.93,285.59,164521.95338202,2017-09-25 23:01:26
25 Sep 23:01:26 - Insert into live price table success: BTCUSD,3946.1,3946,58.03526912,3946.1,58.56707369,3977,3741.8,37514.95137905,2017-09-25 23:01:26
25 Sep 23:01:27 - ************* Buy | 859.2541673827119 EOSUSD @ 0.5819 *************
25 Sep 23:01:27 - -------------------- Summary ----------------------------
25 Sep 23:01:27 - Currency Wallet: {
  "BTCUSD": {
    "qty": 0.1267298626248289,
    "price": 3945.4
  },
  "ETHUSD": {
    "qty": 6.7672162224699415,
    "price": 295.54249993655844
  },
  "BCHUSD": {
    "qty": 1.079913606911447,
    "price": 463
  },
  "EOSUSD": {
    "qty": 6011.251064200351,
    "price": 0.5822415271995612
  },
  "IOTUSD": {
    "qty": 915.0805270863837,
    "price": 0.5464
  },
  "OMGUSD": {
    "qty": 50.05005005005005,
    "price": 9.99
  },
  "LTCUSD": {
    "qty": 9.50407724913988,
    "price": 52.609
  },
  "ETCUSD": {
    "qty": 0,
    "price": 0
  },
  "DSHUSD": {
    "qty": 1.4534883720930232,
    "price": 344
  }
}
25 Sep 23:01:27 - =====> Market Value: 8499.13
25 Sep 23:01:27 - Fiat Wallet: $1483.00
25 Sep 23:01:27 - Starting Value: 10000
25 Sep 23:01:27 - Total Value: 9982.13
25 Sep 23:01:27 - ---------------------------------------------------------


25 Sep 23:01:27 - Insert into transaction table success: EOSUSD,0.5819,859.2541673827119,1,2017-09-25 23:01:27
25 Sep 23:01:34 - ************* Buy | 859.2541673827119 EOSUSD @ 0.5819 *************
25 Sep 23:01:34 - -------------------- Summary ----------------------------
25 Sep 23:01:34 - Currency Wallet: {
  "BTCUSD": {
    "qty": 0.1267298626248289,
    "price": 3945.4
  },
  "ETHUSD": {
    "qty": 6.7672162224699415,
    "price": 295.54249993655844
  },
  "BCHUSD": {
    "qty": 1.079913606911447,
    "price": 463
  },
  "EOSUSD": {
    "qty": 6870.505231583063,
    "price": 0.5821988143771987
  },
  "IOTUSD": {
    "qty": 915.0805270863837,
    "price": 0.5464
  },
  "OMGUSD": {
    "qty": 50.05005005005005,
    "price": 9.99
  },
  "LTCUSD": {
    "qty": 9.50407724913988,
    "price": 52.609
  },
  "ETCUSD": {
    "qty": 0,
    "price": 0
  },
  "DSHUSD": {
    "qty": 1.4534883720930232,
    "price": 344
  }
}
25 Sep 23:01:34 - =====> Market Value: 8999.13
25 Sep 23:01:34 - Fiat Wallet: $982.00
25 Sep 23:01:34 - Starting Value: 10000
25 Sep 23:01:34 - Total Value: 9981.13
25 Sep 23:01:34 - ---------------------------------------------------------


25 Sep 23:01:34 - Insert into transaction table success: EOSUSD,0.5819,859.2541673827119,1,2017-09-25 23:01:34
25 Sep 23:01:34 - ************* Buy | 9.505703422053232 LTCUSD @ 52.6 *************
25 Sep 23:01:34 - -------------------- Summary ----------------------------
25 Sep 23:01:34 - Currency Wallet: {
  "BTCUSD": {
    "qty": 0.1267298626248289,
    "price": 3945.4
  },
  "ETHUSD": {
    "qty": 6.7672162224699415,
    "price": 295.54249993655844
  },
  "BCHUSD": {
    "qty": 1.079913606911447,
    "price": 463
  },
  "EOSUSD": {
    "qty": 6870.505231583063,
    "price": 0.5821988143771987
  },
  "IOTUSD": {
    "qty": 915.0805270863837,
    "price": 0.5464
  },
  "OMGUSD": {
    "qty": 50.05005005005005,
    "price": 9.99
  },
  "LTCUSD": {
    "qty": 19.009780671193113,
    "price": 52.60449961505194
  },
  "ETCUSD": {
    "qty": 0,
    "price": 0
  },
  "DSHUSD": {
    "qty": 1.4534883720930232,
    "price": 344
  }
}
25 Sep 23:01:34 - =====> Market Value: 9499.13
25 Sep 23:01:34 - Fiat Wallet: $481.00
25 Sep 23:01:34 - Starting Value: 10000
25 Sep 23:01:34 - Total Value: 9980.13
25 Sep 23:01:34 - ---------------------------------------------------------


25 Sep 23:01:34 - Insert into transaction table success: LTCUSD,52.6,9.505703422053232,1,2017-09-25 23:01:34
25 Sep 23:01:36 - Insert into live price table success: ETCUSD,11.006,11.006,3071.78130725,11.007,24212.44778354,11.149,10.52,293083.50574363,2017-09-25 23:01:36
25 Sep 23:01:36 - Insert into live price table success: DSHUSD,344,343.83,157.19381481,344,580.0354692,355.75,334.93,13847.62782902,2017-09-25 23:01:36
25 Sep 23:01:36 - Insert into live price table success: EOSUSD,0.5819,0.57904,72247.59614862,0.5819,148469.60325341,0.5855,0.5384,3189829.45523279,2017-09-25 23:01:36
25 Sep 23:01:36 - Insert into live price table success: IOTUSD,0.54778,0.5468,111337.60119551,0.54774,161242.48275075,0.56899,0.53,12985426.49518048,2017-09-25 23:01:36
25 Sep 23:01:36 - Insert into live price table success: BCHUSD,463,462.4,281.13550339,463.12,179.90959122,463.01,420.59,30593.69534525,2017-09-25 23:01:36
25 Sep 23:01:36 - Insert into live price table success: LTCUSD,52.6,52.599,2367.83781194,52.6,1598.10838199,53.24,48.02,437177.54576245,2017-09-25 23:01:36
25 Sep 23:01:36 - Insert into live price table success: OMGUSD,9.99,9.9901,24943.30999987,9.997,13078.38419994,10.469,8.8831,2686842.67811534,2017-09-25 23:01:36
25 Sep 23:01:36 - Insert into live price table success: ETHUSD,295.55,295.54,455.82947572,295.55,484.49059399,297.93,285.59,164518.45611974,2017-09-25 23:01:36
25 Sep 23:01:36 - Insert into live price table success: BTCUSD,3946,3946,70.99845852,3946.1,77.74810709,3977,3741.8,37501.58257663,2017-09-25 23:01:36
25 Sep 23:01:46 - Insert into live price table success: EOSUSD,0.5819,0.57909,53974.83478083,0.5819,96428.13025341,0.5855,0.5384,3189829.45523279,2017-09-25 23:01:46
25 Sep 23:01:46 - Insert into live price table success: IOTUSD,0.54778,0.5468,111252.39154149,0.5479,157918.30439312,0.56899,0.53,12980050.64508972,2017-09-25 23:01:46
25 Sep 23:01:46 - Insert into live price table success: ETCUSD,11.006,11.006,4558.26668033,11.007,24390.12178354,11.149,10.52,293042.15364363,2017-09-25 23:01:46
25 Sep 23:01:46 - Insert into live price table success: DSHUSD,344,343.83,175.21206423,344,578.0421692,355.75,334.93,13851.29132902,2017-09-25 23:01:46
25 Sep 23:01:46 - Insert into live price table success: BCHUSD,463.9,462.4,415.73190798,463.9,185.3307874,463.9,420.59,30610.07178162,2017-09-25 23:01:46
25 Sep 23:01:46 - Insert into live price table success: OMGUSD,9.9901,9.99,24693.16512771,9.9901,12135.63307583,10.469,8.8831,2686942.67811534,2017-09-25 23:01:46
25 Sep 23:01:46 - Insert into live price table success: LTCUSD,52.6,52.599,2350.09041712,52.6,1629.96184331,53.24,48.02,437179.43445026,2017-09-25 23:01:46
25 Sep 23:01:46 - Insert into live price table success: ETHUSD,295.54,295.54,440.82283429,295.55,497.70692597,297.93,285.59,164435.50107505,2017-09-25 23:01:46
25 Sep 23:01:46 - Insert into live price table success: BTCUSD,3946.1,3946,64.53549965,3946.1,58.87157703,3977,3741.8,37499.0906808,2017-09-25 23:01:46
25 Sep 23:01:56 - Insert into live price table success: DSHUSD,344,343.83,201.05549849,344,471.2279144,355.75,334.93,13854.63172902,2017-09-25 23:01:56
25 Sep 23:01:56 - Insert into live price table success: EOSUSD,0.5819,0.58131,72032.44641035,0.5819,97262.13025341,0.5855,0.5384,3189829.45523279,2017-09-25 23:01:56
25 Sep 23:01:56 - Insert into live price table success: ETCUSD,11.006,11.006,4553.38573202,11.007,19184.66739439,11.149,10.52,293042.15364363,2017-09-25 23:01:56
25 Sep 23:01:56 - Insert into live price table success: BCHUSD,463.9,462.4,368.46419266,463.79,190.82180114,463.9,420.59,30608.77080867,2017-09-25 23:01:56
25 Sep 23:01:56 - Insert into live price table success: IOTUSD,0.54778,0.5469,107960.14379842,0.5479,163366.98713612,0.56899,0.53,12979447.25711325,2017-09-25 23:01:56
25 Sep 23:01:56 - Insert into live price table success: OMGUSD,9.9901,9.99,24733.48532671,9.9901,8471.43553848,10.469,8.8985,2686850.67906305,2017-09-25 23:01:56
25 Sep 23:01:56 - Insert into live price table success: LTCUSD,52.6,52.599,2352.58442908,52.6,1626.96184331,53.24,48.02,437181.20664672,2017-09-25 23:01:56
25 Sep 23:01:56 - Insert into live price table success: ETHUSD,295.46,295.48,463.6644351,295.51,320.11206317,297.93,285.59,164421.33560935,2017-09-25 23:01:56
25 Sep 23:01:57 - Insert into live price table success: BTCUSD,3946.1,3944.1,69.29873418,3945.1,52.03943067,3977,3741.8,37486.0906808,2017-09-25 23:01:57
25 Sep 23:02:06 - Insert into live price table success: DSHUSD,343.83,343.83,153.2887831,344,469.17590161,355.75,335,13852.10192902,2017-09-25 23:02:06
25 Sep 23:02:06 - Insert into live price table success: ETCUSD,11.006,11.006,4592.09803992,11.007,24645.49846239,11.149,10.52,292877.78925689,2017-09-25 23:02:06
25 Sep 23:02:06 - Insert into live price table success: EOSUSD,0.5819,0.58131,9847.7697553,0.582,100110.30925341,0.5855,0.5384,3189829.45523279,2017-09-25 23:02:06
25 Sep 23:02:06 - Insert into live price table success: BCHUSD,463.79,463,282.63044173,463.79,226.59544146,463.9,420.59,30605.7137287,2017-09-25 23:02:06
25 Sep 23:02:06 - Insert into live price table success: IOTUSD,0.54778,0.54789,112072.06478585,0.5479,178605.38563037,0.56899,0.53,12974166.43861826,2017-09-25 23:02:06
25 Sep 23:02:06 - Insert into live price table success: LTCUSD,52.6,52.599,2365.08521008,52.6,1621.85265626,53.24,48.02,437172.81777913,2017-09-25 23:02:06
25 Sep 23:02:06 - Insert into live price table success: OMGUSD,9.99,9.99,24497.91171892,9.9901,8397.36732793,10.469,8.9313,2687152.13953513,2017-09-25 23:02:06
25 Sep 23:02:06 - Insert into live price table success: ETHUSD,295.5,295.5,455.61419517,295.51,479.2862073,297.93,285.59,164216.98030935,2017-09-25 23:02:06
25 Sep 23:02:06 - Insert into live price table success: BTCUSD,3945.1,3944.2,69.24160981,3945.1,56.9045359,3977,3741.8,37487.23049762,2017-09-25 23:02:06
25 Sep 23:02:16 - Insert into live price table success: ETCUSD,11.006,11.006,2743.73301851,11.007,19349.93039439,11.149,10.52,292877.78925689,2017-09-25 23:02:16
25 Sep 23:02:16 - Insert into live price table success: IOTUSD,0.548,0.5481,108611.09965561,0.54865,171410.6382864,0.56899,0.53,12970852.61797232,2017-09-25 23:02:16
25 Sep 23:02:16 - Insert into live price table success: EOSUSD,0.5819,0.58131,47091.77616234,0.5819,100823.90328788,0.5855,0.5384,3189829.45523279,2017-09-25 23:02:16
25 Sep 23:02:16 - Insert into live price table success: DSHUSD,344,343.83,154.9508772,344,467.2202262,355.75,335,13855.44192902,2017-09-25 23:02:16
25 Sep 23:02:16 - Insert into live price table success: BCHUSD,463,463,237.07372371,463.79,226.67978271,463.9,420.59,30601.67235926,2017-09-25 23:02:16
25 Sep 23:02:16 - Insert into live price table success: OMGUSD,9.99,9.99,23616.79283072,9.9901,10408.99926548,10.469,8.9313,2687323.04807538,2017-09-25 23:02:16
25 Sep 23:02:16 - Insert into live price table success: ETHUSD,295.51,295.51,421.07646111,295.52,403.51913099,297.93,285.59,164144.49404081,2017-09-25 23:02:16
25 Sep 23:02:16 - Insert into live price table success: LTCUSD,52.6,52.599,2349.66094077,52.6,1622.85255458,53.24,48.02,436942.06632367,2017-09-25 23:02:16
25 Sep 23:02:16 - Insert into live price table success: BTCUSD,3944.3,3944.2,68.94901389,3944.3,58.7087268,3977,3741.8,37482.98006821,2017-09-25 23:02:16
25 Sep 23:02:26 - Insert into live price table success: BCHUSD,463,462.5,309.58368794,463.79,192.12178214,463.9,420.59,30602.52235926,2017-09-25 23:02:26
25 Sep 23:02:26 - Insert into live price table success: EOSUSD,0.58025,0.58015,18503.61127305,0.5804,97422.86745504,0.5855,0.5384,3189846.40082389,2017-09-25 23:02:26
25 Sep 23:02:26 - Insert into live price table success: DSHUSD,344,343.71,224.87419929,344,859.17028373,355.75,335,13860.24152902,2017-09-25 23:02:26
25 Sep 23:02:26 - Insert into live price table success: LTCUSD,52.6,52.599,2268.87754184,52.6,1622.85255458,53.24,48.02,436857.06632367,2017-09-25 23:02:26
25 Sep 23:02:26 - Insert into live price table success: IOTUSD,0.548,0.5482,101854.42134088,0.54865,170340.54285776,0.56899,0.53,12970852.61797232,2017-09-25 23:02:26
25 Sep 23:02:26 - Insert into live price table success: ETCUSD,11.006,10.987,3178.4919362,11.007,19360.54629439,11.149,10.52,292792.86913455,2017-09-25 23:02:26
25 Sep 23:02:26 - Insert into live price table success: OMGUSD,9.99,9.99,22519.33185313,9.997,6825.35139386,10.469,8.9313,2686316.18331182,2017-09-25 23:02:26
25 Sep 23:02:26 - Insert into live price table success: ETHUSD,295.46,295.47,452.41083613,295.55,526.52104113,297.93,285.59,164148.5601011,2017-09-25 23:02:26
25 Sep 23:02:26 - Insert into live price table success: BTCUSD,3944.3,3944,69.98322835,3945.1,52.06578924,3977,3741.8,37478.31128718,2017-09-25 23:02:26
25 Sep 23:02:36 - Insert into live price table success: DSHUSD,344,343.71,204.53493232,344,457.21456339,355.75,335,13862.24304502,2017-09-25 23:02:36
25 Sep 23:02:36 - Insert into live price table success: ETCUSD,11.006,10.988,3738.90524061,11.007,19360.6962944,11.149,10.52,292792.86913455,2017-09-25 23:02:36
25 Sep 23:02:36 - Insert into live price table success: EOSUSD,0.58025,0.58015,50292.47279123,0.5802,97575.11445504,0.5855,0.5384,3189846.40082389,2017-09-25 23:02:36
25 Sep 23:02:36 - Insert into live price table success: BCHUSD,463,462.4,264.0116717,463.79,226.12259886,463.9,420.59,30597.62497015,2017-09-25 23:02:36
25 Sep 23:02:36 - Insert into live price table success: IOTUSD,0.548,0.5483,107310.92909579,0.54865,172081.77188904,0.56899,0.53,12963926.07402978,2017-09-25 23:02:36
25 Sep 23:02:36 - Insert into live price table success: LTCUSD,52.6,52.599,2359.39175981,52.6,1659.57445717,53.24,48.02,436846.74971776,2017-09-25 23:02:36
25 Sep 23:02:36 - Insert into live price table success: OMGUSD,9.99,9.9901,22630.76979283,9.997,7152.491839,10.469,8.9313,2686283.88331182,2017-09-25 23:02:36
25 Sep 23:02:36 - Insert into live price table success: ETHUSD,295.47,295.46,437.43533235,295.52,397.55378106,297.93,285.59,164142.67809325,2017-09-25 23:02:36
25 Sep 23:02:36 - Insert into live price table success: BTCUSD,3943.8,3943.8,53.92308912,3943.9,56.96855904,3977,3741.8,37487.59648735,2017-09-25 23:02:36
25 Sep 23:02:46 - Insert into live price table success: EOSUSD,0.57899,0.57899,59899.28071766,0.57941,99512.66081704,0.5855,0.5384,3189854.85864431,2017-09-25 23:02:46
25 Sep 23:02:46 - Insert into live price table success: DSHUSD,344,343.71,160.42825038,344,459.14965157,355.75,335,13862.53184502,2017-09-25 23:02:46
25 Sep 23:02:46 - Insert into live price table success: BCHUSD,463,462.4,294.44028216,463.79,177.60995428,463.9,420.59,30597.62497015,2017-09-25 23:02:46
25 Sep 23:02:46 - Insert into live price table success: ETCUSD,11.006,10.988,3817.94917412,11.006,19741.79039439,11.149,10.52,292792.86913455,2017-09-25 23:02:46
25 Sep 23:02:46 - Insert into live price table success: OMGUSD,9.99,9.9901,22633.11459113,9.997,11342.51399382,10.469,8.9313,2686192.39794082,2017-09-25 23:02:46
25 Sep 23:02:46 - Insert into live price table success: IOTUSD,0.548,0.5483,109880.60569019,0.54865,170727.02519782,0.56899,0.53,12963851.22402978,2017-09-25 23:02:46
25 Sep 23:02:46 - Insert into live price table success: ETHUSD,295.46,295.47,510.66730607,295.5,347.77767655,297.93,285.59,164140.52242999,2017-09-25 23:02:46
25 Sep 23:02:46 - Insert into live price table success: LTCUSD,52.6,52.599,2274.83835016,52.6,1625.94798667,53.24,48.02,436846.47908359,2017-09-25 23:02:46
25 Sep 23:02:46 - Insert into live price table success: BTCUSD,3943.8,3941.6,44.45349942,3941.7,68.96266951,3977,3741.8,37467.02550559,2017-09-25 23:02:46
25 Sep 23:02:56 - Insert into live price table success: DSHUSD,344,343.71,211.99578026,344,450.79397098,355.75,335,13867.16464502,2017-09-25 23:02:56
25 Sep 23:02:56 - Insert into live price table success: ETCUSD,11.006,10.989,4295.39105658,11,19154.37658139,11.149,10.52,292792.86913455,2017-09-25 23:02:56
25 Sep 23:02:56 - Insert into live price table success: EOSUSD,0.57899,0.57899,38511.95897681,0.57941,101238.93189704,0.5855,0.5384,3189854.85864431,2017-09-25 23:02:56
25 Sep 23:02:56 - Insert into live price table success: BCHUSD,463,462.41,776.01887473,463.79,186.72111831,463.9,420.59,30596.50497015,2017-09-25 23:02:56
25 Sep 23:02:56 - Insert into live price table success: LTCUSD,52.6,52.599,2378.98610106,52.6,1604.02888095,53.24,48.02,436846.47908359,2017-09-25 23:02:56
25 Sep 23:02:57 - Insert into live price table success: OMGUSD,9.99,9.99,22626.77722413,9.997,11267.29537635,10.469,8.9313,2685941.3775769,2017-09-25 23:02:57
25 Sep 23:02:57 - Insert into live price table success: ETHUSD,295.46,295.46,491.12858939,295.47,651.84964535,297.93,285.59,164123.53382333,2017-09-25 23:02:57
25 Sep 23:02:57 - Insert into live price table success: IOTUSD,0.548,0.5483,104441.41275933,0.54865,168260.86049026,0.56899,0.53,12962329.13602591,2017-09-25 23:02:57
25 Sep 23:02:57 - Insert into live price table success: BTCUSD,3941.7,3941.6,48.48418318,3941.7,60.30879337,3977,3741.8,37463.53615743,2017-09-25 23:02:57
25 Sep 23:03:06 - Insert into live price table success: ETCUSD,10.99,10.985,4159.91483897,11,19145.08939439,11.149,10.52,292913.21372862,2017-09-25 23:03:06
25 Sep 23:03:06 - Insert into live price table success: EOSUSD,0.5785,0.5785,66145.17168114,0.57893,146109.92178254,0.5855,0.5384,3189666.86126946,2017-09-25 23:03:06
25 Sep 23:03:06 - Insert into live price table success: DSHUSD,344,343.71,174.1687586,344,446.8292576,355.75,335,13867.23164502,2017-09-25 23:03:06
25 Sep 23:03:06 - Insert into live price table success: IOTUSD,0.54865,0.5482,104450.12124429,0.54986,182475.52149026,0.56899,0.53,12959761.89464617,2017-09-25 23:03:06
25 Sep 23:03:06 - Insert into live price table success: BCHUSD,463,462.4,398.78085604,463.79,179.70412331,463.9,420.59,30596.12306311,2017-09-25 23:03:06
25 Sep 23:03:06 - Insert into live price table success: OMGUSD,9.99,9.99,22486.77722413,9.997,11364.55975168,10.469,8.9313,2686041.3775769,2017-09-25 23:03:06
25 Sep 23:03:06 - Insert into live price table success: BTCUSD,3942.1,3941.5,61.03729259,3941.6,49.71488194,3977,3741.8,37462.95419508,2017-09-25 23:03:06
25 Sep 23:03:06 - Insert into live price table success: ETHUSD,295.46,295.46,473.35799756,295.47,676.34658543,297.93,285.59,164050.94243025,2017-09-25 23:03:06
25 Sep 23:03:06 - Insert into live price table success: LTCUSD,52.6,52.599,2266.91624083,52.6,1527.65421915,53.24,48.02,436770.49344302,2017-09-25 23:03:06
25 Sep 23:03:16 - Insert into live price table success: ETCUSD,11,11,4523.97161996,11.007,18967.54529439,11.149,10.52,293106.56872862,2017-09-25 23:03:16
25 Sep 23:03:16 - Insert into live price table success: DSHUSD,344,343.71,174.1687586,344,446.8297816,355.75,335,13868.06314502,2017-09-25 23:03:16
25 Sep 23:03:16 - Insert into live price table success: BCHUSD,463,462.4,406.48247035,463.79,224.47990915,463.9,420.59,30593.67080867,2017-09-25 23:03:16
25 Sep 23:03:16 - Insert into live price table success: EOSUSD,0.5785,0.5785,39201.18956893,0.57893,147363.26748254,0.5855,0.5384,3189666.86126946,2017-09-25 23:03:16
25 Sep 23:03:16 - Insert into live price table success: OMGUSD,9.997,9.99,22526.77722413,9.997,7087.49426045,10.469,8.9313,2686015.5775769,2017-09-25 23:03:16
25 Sep 23:03:16 - Insert into live price table success: LTCUSD,52.6,52.599,2268.20015415,52.6,1661.03415097,53.24,48.02,436749.85212463,2017-09-25 23:03:16
25 Sep 23:03:16 - Insert into live price table success: IOTUSD,0.54865,0.5482,104450.91800825,0.54968,170637.12722631,0.56899,0.53,12958761.89464617,2017-09-25 23:03:16
25 Sep 23:03:16 - Insert into live price table success: ETHUSD,295.47,295.48,488.01110113,295.5,404.96144784,297.93,285.59,164037.57245192,2017-09-25 23:03:16
25 Sep 23:03:16 - Insert into live price table success: BTCUSD,3941.5,3941.5,50.77416043,3941.6,57.38251024,3977,3741.8,37455.71423825,2017-09-25 23:03:16
25 Sep 23:03:26 - Insert into live price table success: EOSUSD,0.5785,0.5784,39406.87013037,0.57893,147145.99101538,0.5855,0.5384,3189666.86126946,2017-09-25 23:03:26
25 Sep 23:03:26 - Insert into live price table success: DSHUSD,344,343.71,173.1845476,344,443.35066033,355.75,335,13870.83724502,2017-09-25 23:03:26
25 Sep 23:03:26 - Insert into live price table success: ETCUSD,11,11.001,3357.05397426,11.007,18963.4936609,11.149,10.52,293106.56872862,2017-09-25 23:03:26
25 Sep 23:03:26 - Insert into live price table success: BCHUSD,463,462.4,330.34052078,463.9,217.01228582,463.9,420.59,30593.67080867,2017-09-25 23:03:26
25 Sep 23:03:26 - Insert into live price table success: IOTUSD,0.54865,0.5482,97883.00883894,0.54978,180859.79423075,0.56899,0.53,12958036.09800106,2017-09-25 23:03:26
25 Sep 23:03:26 - Insert into live price table success: LTCUSD,52.6,52.599,2248.74041209,52.6,1520.85301915,53.24,48.02,436665.19344302,2017-09-25 23:03:26
25 Sep 23:03:26 - Insert into live price table success: ETHUSD,295.47,295.47,454.74432474,295.5,342.88802876,297.93,285.59,164029.75993111,2017-09-25 23:03:26
25 Sep 23:03:26 - Insert into live price table success: OMGUSD,9.997,9.99,22445.48429383,9.997,11426.511813,10.469,8.9313,2685915.6492304,2017-09-25 23:03:26
25 Sep 23:03:26 - Insert into live price table success: BTCUSD,3940.3,3940.3,51.22729204,3940.8,56.22705389,3977,3741.8,37440.89185653,2017-09-25 23:03:26
25 Sep 23:03:36 - Insert into live price table success: DSHUSD,344,343.71,166.1166796,344,442.78475696,355.75,335,13872.50764502,2017-09-25 23:03:36
25 Sep 23:03:36 - Insert into live price table success: BCHUSD,463,462.4,272.22021764,463.79,306.14539774,463.9,420.59,30593.67080867,2017-09-25 23:03:36
25 Sep 23:03:36 - Insert into live price table success: ETCUSD,11.001,11,4335.41186194,11.001,18930.85725017,11.149,10.52,292803.47995993,2017-09-25 23:03:36
25 Sep 23:03:36 - Insert into live price table success: EOSUSD,0.5785,0.5784,55623.62907091,0.57893,146598.16031538,0.5855,0.5384,3189666.86126946,2017-09-25 23:03:36
25 Sep 23:03:36 - Insert into live price table success: IOTUSD,0.54865,0.5483,97853.3792631,0.54945,180853.71273173,0.56899,0.53,12954399.77423198,2017-09-25 23:03:36
25 Sep 23:03:36 - Insert into live price table success: OMGUSD,9.997,9.99,22448.21429383,9.997,6892.366813,10.469,8.9313,2685789.13839866,2017-09-25 23:03:36
25 Sep 23:03:36 - Insert into live price table success: LTCUSD,52.6,52.599,1929.72902082,52.6,1567.72998047,53.24,48.02,436655.91480402,2017-09-25 23:03:36
25 Sep 23:03:36 - Insert into live price table success: ETHUSD,295.46,295.46,414.95910809,295.47,731.60806823,297.93,285.59,164061.71123111,2017-09-25 23:03:36
25 Sep 23:03:36 - Insert into live price table success: BTCUSD,3940,3940,51.77586776,3940.4,70.39389314,3977,3741.8,37443.80998538,2017-09-25 23:03:36
25 Sep 23:03:46 - Insert into live price table success: ETCUSD,11.001,11,4324.06083161,11.001,18858.28439439,11.149,10.52,292803.47995993,2017-09-25 23:03:46
25 Sep 23:03:46 - Insert into live price table success: EOSUSD,0.5785,0.5784,53471.62403196,0.57893,142881.78294454,0.5855,0.5384,3189666.86126946,2017-09-25 23:03:46
25 Sep 23:03:46 - Insert into live price table success: DSHUSD,344,343.71,168.6866896,344,448.9752816,355.75,335,13872.50764502,2017-09-25 23:03:46
25 Sep 23:03:46 - Insert into live price table success: OMGUSD,9.997,9.99,24393.11429383,9.997,7098.19426045,10.469,8.9313,2685669.70849366,2017-09-25 23:03:46
25 Sep 23:03:46 - Insert into live price table success: IOTUSD,0.54789,0.54811,94270.66287913,0.55054,182746.58077682,0.56899,0.53,12953073.9861186,2017-09-25 23:03:46
25 Sep 23:03:46 - Insert into live price table success: ETHUSD,295.47,295.46,423.31634995,295.47,723.7917191,297.93,285.59,164064.76032748,2017-09-25 23:03:46
25 Sep 23:03:46 - Insert into live price table success: BCHUSD,462.01,462.01,274.78293407,463,231.06904819,463.9,420.59,30594.59867867,2017-09-25 23:03:46
25 Sep 23:03:46 - Insert into live price table success: LTCUSD,52.599,52.599,2255.9498555,52.6,1653.86391915,53.24,48.02,436674.02832102,2017-09-25 23:03:46
25 Sep 23:03:46 - Insert into live price table success: BTCUSD,3940.1,3940,47.93984326,3940.7,84.37514792,3977,3741.8,37446.49057608,2017-09-25 23:03:46
25 Sep 23:03:56 - Insert into live price table success: ETCUSD,11.001,11,4255.84801965,11.001,19297.18570698,11.149,10.52,292438.53171693,2017-09-25 23:03:56
25 Sep 23:03:56 - Insert into live price table success: EOSUSD,0.5785,0.5784,36087.10058762,0.57893,146274.82414454,0.5855,0.5384,3189666.86126946,2017-09-25 23:03:56
25 Sep 23:03:56 - Insert into live price table success: IOTUSD,0.54789,0.54832,95030.87701215,0.549,181135.70727607,0.56899,0.53,12951899.0503223,2017-09-25 23:03:56
25 Sep 23:03:56 - Insert into live price table success: BCHUSD,463,462.02,241.35627185,463,178.18999289,463.9,420.59,30606.17056088,2017-09-25 23:03:56
25 Sep 23:03:56 - Insert into live price table success: LTCUSD,52.599,52.599,1893.4893335,52.6,1645.26391915,53.24,48.02,436832.90824292,2017-09-25 23:03:56
25 Sep 23:03:56 - Insert into live price table success: DSHUSD,344,343.71,158.6946896,344,448.9752816,355.75,335,13872.50764502,2017-09-25 23:03:56
25 Sep 23:03:56 - Insert into live price table success: ETHUSD,295.46,295.46,433.02697018,295.47,705.92188668,297.93,285.59,163867.2756151,2017-09-25 23:03:56
25 Sep 23:03:56 - Insert into live price table success: OMGUSD,9.997,9.99,24447.31429383,9.997,11869.30926045,10.469,8.9313,2683897.40959105,2017-09-25 23:03:56
25 Sep 23:03:56 - Insert into live price table success: BTCUSD,3940,3940,37.59889886,3940.1,72.30576165,3977,3741.8,37453.92960873,2017-09-25 23:03:56
25 Sep 23:04:06 - Insert into live price table success: DSHUSD,344,343.71,202.76977183,344,448.9752816,355.75,335,13872.50764502,2017-09-25 23:04:06
D:\Github\bit-trader\node_modules\ws\lib\WebSocket.js:355
      else throw new Error('not opened');
           ^

Error: not opened
    at WebSocket.send (D:\Github\bit-trader\node_modules\ws\lib\WebSocket.js:355:18)
    at processTickerPrice (D:\Github\bit-trader\algo\bot.js:355:22)
    at mainProcessor (D:\Github\bit-trader\algo\bot.js:154:46)
    at WebSocket.connection.on (D:\Github\bit-trader\algo\bot.js:114:13)
    at emitOne (events.js:96:13)
    at WebSocket.emit (events.js:188:7)
    at Receiver._receiver.onmessage (D:\Github\bit-trader\node_modules\ws\lib\WebSocket.js:143:47)
    at Receiver.dataMessage (D:\Github\bit-trader\node_modules\ws\lib\Receiver.js:389:14)
    at Receiver.getData (D:\Github\bit-trader\node_modules\ws\lib\Receiver.js:330:12)
    at Receiver.startLoop (D:\Github\bit-trader\node_modules\ws\lib\Receiver.js:165:16)
    at Receiver.add (D:\Github\bit-trader\node_modules\ws\lib\Receiver.js:139:10)
    at Socket._ultron.on (D:\Github\bit-trader\node_modules\ws\lib\WebSocket.js:139:22)
Closing ::  9fZl3bqR1l06e8Ilc5Q8pw==
