26 Sep 22:18:49 - { event: 'subscribe',
  channel: 'book',
  symbol: 'tBTCUSD',
  prec: 'P0',
  freq: 'F0',
  len: '100' }
26 Sep 22:18:49 - { event: 'subscribe',
  channel: 'book',
  symbol: 'tLTCUSD',
  prec: 'P0',
  freq: 'F0',
  len: '100' }
26 Sep 22:18:49 - { event: 'subscribe',
  channel: 'book',
  symbol: 'tETHUSD',
  prec: 'P0',
  freq: 'F0',
  len: '100' }
26 Sep 22:18:49 - { event: 'subscribe',
  channel: 'book',
  symbol: 'tETCUSD',
  prec: 'P0',
  freq: 'F0',
  len: '100' }
26 Sep 22:18:49 - { event: 'subscribe',
  channel: 'book',
  symbol: 'tDSHUSD',
  prec: 'P0',
  freq: 'F0',
  len: '100' }
26 Sep 22:18:49 - { event: 'subscribe',
  channel: 'book',
  symbol: 'tIOTUSD',
  prec: 'P0',
  freq: 'F0',
  len: '100' }
26 Sep 22:18:49 - { event: 'subscribe',
  channel: 'book',
  symbol: 'tEOSUSD',
  prec: 'P0',
  freq: 'F0',
  len: '100' }
26 Sep 22:18:49 - { event: 'subscribe',
  channel: 'book',
  symbol: 'tOMGUSD',
  prec: 'P0',
  freq: 'F0',
  len: '100' }
26 Sep 22:18:49 - { event: 'subscribe',
  channel: 'book',
  symbol: 'tBCHUSD',
  prec: 'P0',
  freq: 'F0',
  len: '100' }
26 Sep 22:18:49 - { event: 'subscribe', channel: 'ticker', symbol: 'tBTCUSD' }
26 Sep 22:18:49 - { event: 'subscribe', channel: 'ticker', symbol: 'tLTCUSD' }
26 Sep 22:18:49 - { event: 'subscribe', channel: 'ticker', symbol: 'tETHUSD' }
26 Sep 22:18:49 - { event: 'subscribe', channel: 'ticker', symbol: 'tETCUSD' }
26 Sep 22:18:49 - { event: 'subscribe', channel: 'ticker', symbol: 'tDSHUSD' }
26 Sep 22:18:49 - { event: 'subscribe', channel: 'ticker', symbol: 'tIOTUSD' }
26 Sep 22:18:49 - { event: 'subscribe', channel: 'ticker', symbol: 'tEOSUSD' }
26 Sep 22:18:49 - { event: 'subscribe', channel: 'ticker', symbol: 'tOMGUSD' }
26 Sep 22:18:49 - { event: 'subscribe', channel: 'ticker', symbol: 'tBCHUSD' }
26 Sep 22:18:49 - { event: 'subscribe',
  channel: 'candles',
  key: 'trade:1m:tBTCUSD' }
26 Sep 22:18:49 - { event: 'subscribe',
  channel: 'candles',
  key: 'trade:1m:tLTCUSD' }
26 Sep 22:18:49 - { event: 'subscribe',
  channel: 'candles',
  key: 'trade:1m:tETHUSD' }
26 Sep 22:18:49 - { event: 'subscribe',
  channel: 'candles',
  key: 'trade:1m:tETCUSD' }
26 Sep 22:18:49 - { event: 'subscribe',
  channel: 'candles',
  key: 'trade:1m:tDSHUSD' }
26 Sep 22:18:49 - { event: 'subscribe',
  channel: 'candles',
  key: 'trade:1m:tIOTUSD' }
26 Sep 22:18:49 - { event: 'subscribe',
  channel: 'candles',
  key: 'trade:1m:tEOSUSD' }
26 Sep 22:18:49 - { event: 'subscribe',
  channel: 'candles',
  key: 'trade:1m:tOMGUSD' }
26 Sep 22:18:49 - { event: 'subscribe',
  channel: 'candles',
  key: 'trade:1m:tBCHUSD' }
Client [public] started, listening to WebSocket 127.0.0.1:1337
New Connection id ::  1BYljn+pluXX4oT+SRAm2A==
New Connection id ::  m5b8B0avq566Hv78O7Za0g==
Received client [bot]'s id: m5b8B0avq566Hv78O7Za0g==
Client [bot] started, listening to WebSocket 127.0.0.1:1337
Received client [public_books]'s id: 1BYljn+pluXX4oT+SRAm2A==
26 Sep 22:18:50 - Success clearing bitfinex_live_price table
26 Sep 22:18:50 - Success clearing bitfinex_transactions table
26 Sep 22:18:50 - --------------------------------------
INFO: undefined 
undefined
--------------------------------------
26 Sep 22:18:50 - Insert into live price table success: BTCUSD,3902.1,3902.1,40.00184936,3903.3,102.04336754,3985,3838,20629.85563501,2017-09-26 22:18:50
26 Sep 22:18:50 - Insert into live price table success: LTCUSD,52.288,52.29,1080.38897763,52.362,446.74644129,54.5,51.28,302142.64320862,2017-09-26 22:18:50
26 Sep 22:18:50 - Insert into live price table success: ETHUSD,288.7,288.38,393.99379585,288.7,91.08213997,296.08,285.2,108677.08433501,2017-09-26 22:18:50
26 Sep 22:18:50 - Insert into live price table success: ETCUSD,11.445,11.445,5385.33357394,11.456,2518.93035536,12.189,10.772,464465.94764926,2017-09-26 22:18:50
26 Sep 22:18:50 - Insert into live price table success: IOTUSD,0.52022,0.5199,86736.94199575,0.52296,30233.13368805,0.5571,0.5051,15188444.71588869,2017-09-26 22:18:50
26 Sep 22:18:50 - Insert into live price table success: DSHUSD,340,339.79,435.76276753,340,195.36264581,348.43,338.01,5843.52577442,2017-09-26 22:18:50
26 Sep 22:18:50 - Insert into live price table success: EOSUSD,0.5614,0.55849,39021.90897829,0.5614,119780.34596476,0.59,0.552,2865445.16751217,2017-09-26 22:18:50
26 Sep 22:18:50 - Insert into live price table success: OMGUSD,9.85,9.8583,18947.21841712,9.8783,21902.43824808,10.365,9.616,1096215.78332575,2017-09-26 22:18:50
26 Sep 22:18:50 - Insert into live price table success: BCHUSD,447,446,972.01256225,446.82,242.75711534,466.21,445.1,18033.95378735,2017-09-26 22:18:50
26 Sep 22:18:53 - ************* Buy | 9.562423500611995 LTCUSD @ 52.288 *************
26 Sep 22:18:53 - -------------------- Summary ----------------------------
26 Sep 22:18:53 - Currency Wallet: {
  "ETHUSD": {
    "qty": 0,
    "price": 0
  },
  "BTCUSD": {
    "qty": 0,
    "price": 0
  },
  "LTCUSD": {
    "qty": 9.562423500611995,
    "price": 52.288
  }
}
26 Sep 22:18:53 - =====> Market Value: 500.00
26 Sep 22:18:53 - Fiat Wallet: $9499.00
26 Sep 22:18:53 - Starting Value: 10000
26 Sep 22:18:53 - Total Value: 9999.00
26 Sep 22:18:53 - ---------------------------------------------------------


26 Sep 22:18:53 - Insert into transaction table success: LTCUSD,52.288,9.562423500611995,1,2017-09-26 22:18:53
26 Sep 22:18:56 - ************* Buy | 0.12813613182645242 BTCUSD @ 3902.1 *************
26 Sep 22:18:56 - -------------------- Summary ----------------------------
26 Sep 22:18:56 - Currency Wallet: {
  "ETHUSD": {
    "qty": 0,
    "price": 0
  },
  "BTCUSD": {
    "qty": 0.12813613182645242,
    "price": 3902.1
  },
  "LTCUSD": {
    "qty": 9.562423500611995,
    "price": 52.288
  }
}
26 Sep 22:18:56 - =====> Market Value: 1000.00
26 Sep 22:18:56 - Fiat Wallet: $8998.00
26 Sep 22:18:56 - Starting Value: 10000
26 Sep 22:18:56 - Total Value: 9998.00
26 Sep 22:18:56 - ---------------------------------------------------------


26 Sep 22:18:56 - Insert into transaction table success: BTCUSD,3902.1,0.12813613182645242,1,2017-09-26 22:18:56
26 Sep 22:18:56 - Insert into live price table success: DSHUSD,339.72,339.79,411.72540816,340,191.99364581,348.43,338.01,5849.92501632,2017-09-26 22:18:56
26 Sep 22:18:56 - Insert into live price table success: ETCUSD,11.456,11.446,5161.58858425,11.473,3480.17038666,12.189,10.772,464751.29504126,2017-09-26 22:18:56
26 Sep 22:18:56 - Insert into live price table success: LTCUSD,52.288,52.29,742.4221174,52.362,371.11959419,54.5,51.28,302140.94509537,2017-09-26 22:18:56
26 Sep 22:18:56 - Insert into live price table success: EOSUSD,0.5614,0.55849,39701.67075423,0.5614,120628.5388649,0.59,0.552,2865435.16774418,2017-09-26 22:18:56
26 Sep 22:18:56 - Insert into live price table success: IOTUSD,0.52016,0.51967,86914.14544941,0.52296,29640.75588566,0.5571,0.5051,15188694.15967169,2017-09-26 22:18:56
26 Sep 22:18:56 - Insert into live price table success: BCHUSD,447,446,969.96459458,446.8,248.78438296,466.21,445.1,18010.27244488,2017-09-26 22:18:56
26 Sep 22:18:56 - Insert into live price table success: OMGUSD,9.85,9.8583,18791.44349865,9.8783,25883.77003742,10.365,9.616,1096215.78332575,2017-09-26 22:18:56
26 Sep 22:18:56 - Insert into live price table success: ETHUSD,288.31,288.31,400.5310992,288.5,201.97261366,296.08,285.2,108675.86371399,2017-09-26 22:18:56
26 Sep 22:18:56 - ************* Buy | 961.2426945555214 IOTUSD @ 0.52016 *************
26 Sep 22:18:56 - -------------------- Summary ----------------------------
26 Sep 22:18:56 - Currency Wallet: {
  "ETHUSD": {
    "qty": 0,
    "price": 0
  },
  "BTCUSD": {
    "qty": 0.12813613182645242,
    "price": 3902.1
  },
  "LTCUSD": {
    "qty": 9.562423500611995,
    "price": 52.288
  },
  "IOTUSD": {
    "qty": 961.2426945555214,
    "price": 0.52016
  }
}
26 Sep 22:18:56 - =====> Market Value: 1500.00
26 Sep 22:18:56 - Fiat Wallet: $8497.00
26 Sep 22:18:56 - Starting Value: 10000
26 Sep 22:18:56 - Total Value: 9997.00
26 Sep 22:18:56 - ---------------------------------------------------------


26 Sep 22:18:56 - Insert into transaction table success: IOTUSD,0.52016,961.2426945555214,1,2017-09-26 22:18:56
26 Sep 22:18:56 - ************* Buy | 1.7342443897193993 ETHUSD @ 288.31 *************
26 Sep 22:18:56 - -------------------- Summary ----------------------------
26 Sep 22:18:56 - Currency Wallet: {
  "ETHUSD": {
    "qty": 1.7342443897193993,
    "price": 288.31
  },
  "BTCUSD": {
    "qty": 0.12813613182645242,
    "price": 3902.1
  },
  "LTCUSD": {
    "qty": 9.562423500611995,
    "price": 52.288
  },
  "IOTUSD": {
    "qty": 961.2426945555214,
    "price": 0.52016
  }
}
26 Sep 22:18:56 - =====> Market Value: 2000.00
26 Sep 22:18:56 - Fiat Wallet: $7996.00
26 Sep 22:18:56 - Starting Value: 10000
26 Sep 22:18:56 - Total Value: 9996.00
26 Sep 22:18:56 - ---------------------------------------------------------


26 Sep 22:18:56 - Insert into transaction table success: ETHUSD,288.31,1.7342443897193993,1,2017-09-26 22:18:56
26 Sep 22:18:56 - Insert into live price table success: BTCUSD,3902,3902,38.11460077,3902.1,83.80125663,3985,3838,20630.00831329,2017-09-26 22:18:56
26 Sep 22:18:57 - ************* Buy | 1.1185682326621924 BCHUSD @ 447 *************
26 Sep 22:18:57 - -------------------- Summary ----------------------------
26 Sep 22:18:57 - Currency Wallet: {
  "ETHUSD": {
    "qty": 1.7342443897193993,
    "price": 288.31
  },
  "BTCUSD": {
    "qty": 0.12813613182645242,
    "price": 3902.1
  },
  "LTCUSD": {
    "qty": 9.562423500611995,
    "price": 52.288
  },
  "IOTUSD": {
    "qty": 961.2426945555214,
    "price": 0.52016
  },
  "EOSUSD": {
    "qty": 0,
    "price": 0
  },
  "ETCUSD": {
    "qty": 0,
    "price": 0
  },
  "BCHUSD": {
    "qty": 1.1185682326621924,
    "price": 447
  }
}
26 Sep 22:18:57 - =====> Market Value: 2499.99
26 Sep 22:18:57 - Fiat Wallet: $7495.00
26 Sep 22:18:57 - Starting Value: 10000
26 Sep 22:18:57 - Total Value: 9994.99
26 Sep 22:18:57 - ---------------------------------------------------------


26 Sep 22:18:57 - Insert into transaction table success: BCHUSD,447,1.1185682326621924,1,2017-09-26 22:18:57
26 Sep 22:19:02 - ************* Buy | 43.64525139664805 ETCUSD @ 11.456 *************
26 Sep 22:19:02 - -------------------- Summary ----------------------------
26 Sep 22:19:02 - Currency Wallet: {
  "ETHUSD": {
    "qty": 1.7342443897193993,
    "price": 288.31
  },
  "BTCUSD": {
    "qty": 0.12813613182645242,
    "price": 3902.1
  },
  "LTCUSD": {
    "qty": 9.562423500611995,
    "price": 52.288
  },
  "IOTUSD": {
    "qty": 961.2426945555214,
    "price": 0.52016
  },
  "EOSUSD": {
    "qty": 0,
    "price": 0
  },
  "ETCUSD": {
    "qty": 43.64525139664805,
    "price": 11.456
  },
  "BCHUSD": {
    "qty": 1.1185682326621924,
    "price": 447
  }
}
26 Sep 22:19:02 - =====> Market Value: 2999.99
26 Sep 22:19:02 - Fiat Wallet: $6994.00
26 Sep 22:19:02 - Starting Value: 10000
26 Sep 22:19:02 - Total Value: 9993.99
26 Sep 22:19:02 - ---------------------------------------------------------


26 Sep 22:19:02 - Insert into transaction table success: ETCUSD,11.456,43.64525139664805,1,2017-09-26 22:19:02
26 Sep 22:19:04 - ************* Buy | 0.12813941568426448 BTCUSD @ 3902 *************
26 Sep 22:19:04 - -------------------- Summary ----------------------------
26 Sep 22:19:04 - Currency Wallet: {
  "ETHUSD": {
    "qty": 1.7342443897193993,
    "price": 288.31
  },
  "BTCUSD": {
    "qty": 0.2562755475107169,
    "price": 3902.049999359311
  },
  "LTCUSD": {
    "qty": 9.562423500611995,
    "price": 52.288
  },
  "IOTUSD": {
    "qty": 961.2426945555214,
    "price": 0.52016
  },
  "EOSUSD": {
    "qty": 0,
    "price": 0
  },
  "ETCUSD": {
    "qty": 43.64525139664805,
    "price": 11.456
  },
  "BCHUSD": {
    "qty": 1.1185682326621924,
    "price": 447
  }
}
26 Sep 22:19:04 - =====> Market Value: 3499.99
26 Sep 22:19:04 - Fiat Wallet: $6493.00
26 Sep 22:19:04 - Starting Value: 10000
26 Sep 22:19:04 - Total Value: 9992.99
26 Sep 22:19:04 - ---------------------------------------------------------


26 Sep 22:19:04 - Insert into transaction table success: BTCUSD,3902,0.12813941568426448,1,2017-09-26 22:19:04
26 Sep 22:19:05 - Insert into live price table success: BCHUSD,447,446,575.57936896,446.79,167.6280596,466.21,445.1,18010.27244488,2017-09-26 22:19:05
26 Sep 22:19:05 - Insert into live price table success: OMGUSD,9.85,9.8583,17331.07058102,9.8783,25740.89824479,10.365,9.616,1096215.78332575,2017-09-26 22:19:05
26 Sep 22:19:06 - Insert into live price table success: ETCUSD,11.456,11.446,4771.58928473,11.472,1175.18162813,12.189,10.772,464746.28132226,2017-09-26 22:19:06
26 Sep 22:19:06 - Insert into live price table success: DSHUSD,339.72,339.69,410.70903345,339.7,177.98153994,348.43,338.01,5849.92501632,2017-09-26 22:19:06
26 Sep 22:19:06 - Insert into live price table success: EOSUSD,0.5614,0.55871,40178.22789886,0.5614,56661.9236135,0.59,0.552,2864396.13695635,2017-09-26 22:19:06
26 Sep 22:19:06 - Insert into live price table success: IOTUSD,0.52016,0.5199,124059.53984456,0.52299,29640.75588566,0.5571,0.5051,15188694.15967169,2017-09-26 22:19:06
26 Sep 22:19:06 - Insert into live price table success: ETHUSD,288.31,288.31,395.07543682,288.5,212.91108061,296.08,285.2,108623.45687712,2017-09-26 22:19:06
26 Sep 22:19:06 - Insert into live price table success: LTCUSD,52.288,52.29,984.2523712,52.353,623.90304451,54.5,51.28,302139.24698212,2017-09-26 22:19:06
26 Sep 22:19:06 - Insert into live price table success: BTCUSD,3902,3902,45.52920913,3902.1,93.82816481,3985,3838,20629.88645356,2017-09-26 22:19:06
26 Sep 22:19:16 - Insert into live price table success: BCHUSD,447,446,932.13434634,446.76,271.04769211,466.21,445.1,18010.27244488,2017-09-26 22:19:16
26 Sep 22:19:16 - Insert into live price table success: OMGUSD,9.85,9.8583,18758.93500305,9.8783,17221.78625694,10.365,9.616,1096215.78332575,2017-09-26 22:19:16
26 Sep 22:19:16 - Insert into live price table success: DSHUSD,339.72,339.69,410.70903345,339.7,199.98154195,348.43,338.01,5849.92501632,2017-09-26 22:19:16
26 Sep 22:19:16 - Insert into live price table success: EOSUSD,0.5614,0.55872,40628.78433821,0.5614,56426.76890998,0.59,0.552,2864188.34496135,2017-09-26 22:19:16
26 Sep 22:19:16 - Insert into live price table success: LTCUSD,52.288,52.28,922.59254962,52.35,721.06250405,54.5,51.28,302109.17769787,2017-09-26 22:19:16
26 Sep 22:19:16 - Insert into live price table success: ETCUSD,11.47,11.446,4805.19281848,11.475,2714.15805311,12.189,10.772,464762.02632226,2017-09-26 22:19:16
26 Sep 22:19:16 - Insert into live price table success: IOTUSD,0.52016,0.51977,121529.32259082,0.52298,29677.71751671,0.5571,0.5051,15188694.15967169,2017-09-26 22:19:16
26 Sep 22:19:16 - Insert into live price table success: BTCUSD,3902,3902,48.09452155,3902.1,107.62750237,3985,3838,20628.85367925,2017-09-26 22:19:16
26 Sep 22:19:16 - Insert into live price table success: ETHUSD,288.31,288.3,337.47520303,288.5,218.33166059,296.08,285.2,108605.35687712,2017-09-26 22:19:16
26 Sep 22:19:25 - Insert into live price table success: BCHUSD,447,446,941.48911544,446.89,243.56269563,466.21,445.1,18009.24731188,2017-09-26 22:19:25
26 Sep 22:19:26 - Insert into live price table success: EOSUSD,0.5614,0.55861,34765.29509492,0.5614,59232.58697182,0.59,0.552,2864188.34496135,2017-09-26 22:19:26
26 Sep 22:19:26 - Insert into live price table success: IOTUSD,0.52016,0.5199,99246.23553013,0.52298,28382.71751671,0.5571,0.5051,15188694.15967169,2017-09-26 22:19:26
26 Sep 22:19:26 - Insert into live price table success: ETCUSD,11.47,11.446,4689.21607696,11.477,2352.38688433,12.189,10.772,464762.02632226,2017-09-26 22:19:26
26 Sep 22:19:26 - Insert into live price table success: DSHUSD,339.72,339.69,474.4330381,339.7,200.55517422,348.43,338.01,5849.92501632,2017-09-26 22:19:26
26 Sep 22:19:26 - Insert into live price table success: OMGUSD,9.85,9.8583,18864.70992152,9.8783,21641.95138375,10.365,9.616,1096066.03691475,2017-09-26 22:19:26
26 Sep 22:19:26 - Insert into live price table success: LTCUSD,52.288,52.279,912.37912176,52.368,608.42863988,54.5,51.28,302101.57637459,2017-09-26 22:19:26
26 Sep 22:19:26 - Insert into live price table success: ETHUSD,288.4,288.59,385.53154805,288.6,230.96337066,296.08,285.2,108614.33370717,2017-09-26 22:19:26
26 Sep 22:19:26 - Insert into live price table success: BTCUSD,3902.1,3902,36.41612819,3902.1,105.72838979,3985,3838,20628.35107348,2017-09-26 22:19:26
26 Sep 22:19:35 - Insert into live price table success: DSHUSD,339.72,339.69,474.4330381,339.7,200.53687766,348.43,338.01,5849.92501632,2017-09-26 22:19:35
26 Sep 22:19:35 - Insert into live price table success: ETCUSD,11.47,11.446,4689.47338742,11.467,2050.27487865,12.189,10.772,464762.02632226,2017-09-26 22:19:35
26 Sep 22:19:35 - Insert into live price table success: EOSUSD,0.5614,0.55838,40433.29952635,0.5614,61963.33160541,0.59,0.552,2864188.34496135,2017-09-26 22:19:35
26 Sep 22:19:36 - Insert into live price table success: BCHUSD,447,446,941.49012545,446.88,271.67733793,466.21,445.1,18006.65369488,2017-09-26 22:19:36
26 Sep 22:19:36 - Insert into live price table success: IOTUSD,0.52016,0.52039,89195.23315412,0.52298,28382.71751671,0.5571,0.5051,15188694.15967169,2017-09-26 22:19:36
26 Sep 22:19:36 - Insert into live price table success: OMGUSD,9.85,9.8583,18864.70992152,9.8783,21641.95138375,10.365,9.616,1096066.03691475,2017-09-26 22:19:36
26 Sep 22:19:36 - Insert into live price table success: LTCUSD,52.288,52.277,883.38686569,52.322,455.36795088,54.5,51.28,302099.87505131,2017-09-26 22:19:36
26 Sep 22:19:36 - Insert into live price table success: ETHUSD,288.4,288.36,416.00851389,288.4,210.64487361,296.08,285.2,108610.62834631,2017-09-26 22:19:36
26 Sep 22:19:36 - Insert into live price table success: BTCUSD,3902.1,3902,32.22722919,3902.1,92.77741358,3985,3838,20628.06997043,2017-09-26 22:19:36
26 Sep 22:19:45 - Insert into live price table success: ETCUSD,11.47,11.445,5537.76821859,11.46,1882.81946815,12.189,10.772,464762.02632226,2017-09-26 22:19:45
26 Sep 22:19:45 - Insert into live price table success: DSHUSD,339.72,339.69,474.43308836,339.7,200.53684654,348.43,338.01,5849.92501632,2017-09-26 22:19:45
26 Sep 22:19:46 - Insert into live price table success: LTCUSD,52.288,52.277,1101.59988366,52.362,772.88789902,54.5,51.28,302098.55179987,2017-09-26 22:19:46
26 Sep 22:19:46 - Insert into live price table success: EOSUSD,0.5614,0.55838,42729.49950596,0.5614,118844.9126214,0.59,0.552,2864188.34496135,2017-09-26 22:19:46
26 Sep 22:19:46 - Insert into live price table success: BTCUSD,3902,3902,31.31131526,3902.1,99.31095959,3985,3838,20628.57671626,2017-09-26 22:19:46
26 Sep 22:19:46 - Insert into live price table success: ETHUSD,288.4,288.23,314.51714446,288.4,156.37618055,296.08,285.2,108610.62834631,2017-09-26 22:19:46
26 Sep 22:19:46 - Insert into live price table success: BCHUSD,447,446,939.41001373,446.87,273.7243193,466.21,445.1,18006.65369488,2017-09-26 22:19:46
26 Sep 22:19:46 - Insert into live price table success: IOTUSD,0.52016,0.5201,99235.71682839,0.52298,28382.71751671,0.5571,0.5051,15188694.15967169,2017-09-26 22:19:46
26 Sep 22:19:46 - Insert into live price table success: OMGUSD,9.85,9.8583,18864.70992152,9.8783,22156.42638375,10.365,9.616,1095958.22575375,2017-09-26 22:19:46
26 Sep 22:19:56 - Insert into live price table success: DSHUSD,339.72,339.69,410.74377274,339.7,199.95006054,348.43,338.01,5847.82934432,2017-09-26 22:19:56
26 Sep 22:19:56 - Insert into live price table success: EOSUSD,0.5614,0.55838,46368.20166706,0.5614,103424.00280832,0.59,0.552,2864188.34496135,2017-09-26 22:19:56
26 Sep 22:19:56 - Insert into live price table success: BCHUSD,447,446,1017.27790986,446.68,297.00697245,466.21,445.1,18006.65369488,2017-09-26 22:19:56
26 Sep 22:19:56 - Insert into live price table success: ETCUSD,11.47,11.445,4815.61589042,11.46,2848.72030769,12.189,10.772,464762.02632226,2017-09-26 22:19:56
26 Sep 22:19:56 - Insert into live price table success: OMGUSD,9.85,9.8583,18864.70992152,9.8783,22156.42638375,10.365,9.616,1095958.22575375,2017-09-26 22:19:56
26 Sep 22:19:56 - Insert into live price table success: IOTUSD,0.52016,0.52036,114025.26781718,0.52298,28382.71751671,0.5571,0.5051,15188694.15967169,2017-09-26 22:19:56
26 Sep 22:19:56 - Insert into live price table success: LTCUSD,52.288,52.277,1043.29456014,52.361,806.86176381,54.5,51.28,302095.85047659,2017-09-26 22:19:56
26 Sep 22:19:56 - Insert into live price table success: BTCUSD,3902,3902,36.6352191,3902.1,87.47938169,3985,3838,20628.8922737,2017-09-26 22:19:56
26 Sep 22:19:56 - Insert into live price table success: ETHUSD,288.4,288.29,395.27656448,288.4,158.84004056,296.08,285.2,108604.86834631,2017-09-26 22:19:56
26 Sep 22:20:05 - Insert into live price table success: DSHUSD,339.7,339.69,479.71277274,339.7,195.95006054,348.43,338.01,5851.82934432,2017-09-26 22:20:05
26 Sep 22:20:06 - Insert into live price table success: EOSUSD,0.5614,0.55838,50497.96576756,0.5614,107175.78479824,0.59,0.552,2864188.34496135,2017-09-26 22:20:06
26 Sep 22:20:06 - Insert into live price table success: ETCUSD,11.47,11.445,4950.12704589,11.46,2807.19367363,12.189,10.772,464762.02632226,2017-09-26 22:20:06
26 Sep 22:20:06 - Insert into live price table success: BCHUSD,447,446,992.4526526,446.67,248.60995316,466.21,445.1,18003.24024288,2017-09-26 22:20:06
26 Sep 22:20:06 - Insert into live price table success: OMGUSD,9.85,9.8583,18864.70992152,9.8783,21859.45138375,10.365,9.616,1095949.39258075,2017-09-26 22:20:06
26 Sep 22:20:06 - Insert into live price table success: IOTUSD,0.52016,0.51987,86779.74256381,0.52298,28382.71751671,0.5571,0.5051,15188694.15967169,2017-09-26 22:20:06
26 Sep 22:20:06 - Insert into live price table success: LTCUSD,52.288,52.277,756.72956791,52.351,798.91473304,54.5,51.28,302065.83829699,2017-09-26 22:20:06
26 Sep 22:20:06 - Insert into live price table success: ETHUSD,288.4,288.29,379.47942991,288.4,138.09505769,296.08,285.2,108593.09515993,2017-09-26 22:20:06
26 Sep 22:20:06 - Insert into live price table success: BTCUSD,3902,3902,40.71690258,3902.1,77.63608169,3985,3838,20628.76388758,2017-09-26 22:20:06
26 Sep 22:20:15 - Insert into live price table success: ETCUSD,11.47,11.445,4944.19590531,11.46,2534.27197995,12.189,10.772,464762.02632226,2017-09-26 22:20:15
26 Sep 22:20:16 - Insert into live price table success: LTCUSD,52.352,52.277,980.09991049,52.3,665.47687658,54.5,51.28,302066.68690699,2017-09-26 22:20:16
26 Sep 22:20:16 - Insert into live price table success: DSHUSD,339.7,339.69,478.61781176,339.7,128.83444564,348.43,338.01,5854.98314432,2017-09-26 22:20:16
26 Sep 22:20:16 - Insert into live price table success: BCHUSD,447,446,1070.73786288,446.63,349.30645085,466.21,445.1,18003.24024288,2017-09-26 22:20:16
26 Sep 22:20:16 - Insert into live price table success: EOSUSD,0.5614,0.55838,42248.36576756,0.5614,107175.18235847,0.59,0.552,2864188.34496135,2017-09-26 22:20:16
26 Sep 22:20:16 - Insert into live price table success: ETHUSD,288.4,288.34,412.45110448,288.4,222.08119287,296.08,285.2,108593.09515993,2017-09-26 22:20:16
26 Sep 22:20:16 - Insert into live price table success: BTCUSD,3902,3900.9,43.82830308,3901,82.904857,3985,3838,20628.71388758,2017-09-26 22:20:16
26 Sep 22:20:16 - Insert into live price table success: OMGUSD,9.85,9.8583,18758.93500305,9.8783,25381.77884313,10.365,9.616,1095939.39258075,2017-09-26 22:20:16
26 Sep 22:20:16 - Insert into live price table success: IOTUSD,0.52016,0.51987,96729.9336368,0.52298,28382.71751671,0.5571,0.5051,15188694.15967169,2017-09-26 22:20:16
26 Sep 22:20:25 - Insert into live price table success: ETCUSD,11.46,11.445,5474.95446267,11.45,2626.41813218,12.189,10.772,464796.61971126,2017-09-26 22:20:25
26 Sep 22:20:26 - Insert into live price table success: LTCUSD,52.3,52.277,990.09991049,52.3,652.40108541,54.5,51.28,302057.53551699,2017-09-26 22:20:26
26 Sep 22:20:26 - Insert into live price table success: DSHUSD,340,339.7,184.35792819,340,152.33004388,348.43,338.01,5858.35954432,2017-09-26 22:20:26
26 Sep 22:20:26 - Insert into live price table success: EOSUSD,0.5614,0.55838,42300.42522376,0.5614,105534.9320866,0.59,0.552,2864188.34496135,2017-09-26 22:20:26
26 Sep 22:20:26 - Insert into live price table success: BTCUSD,3901,3900.9,44.67190273,3901,93.4509734,3985,3838,20618.48887203,2017-09-26 22:20:26
26 Sep 22:20:26 - Insert into live price table success: OMGUSD,9.85,9.8583,18758.92061631,9.8783,23366.40705379,10.365,9.616,1095929.39258075,2017-09-26 22:20:26
26 Sep 22:20:26 - Insert into live price table success: IOTUSD,0.52016,0.51998,95776.12492458,0.52298,28382.71751671,0.5571,0.5051,15188694.15967169,2017-09-26 22:20:26
26 Sep 22:20:26 - Insert into live price table success: BCHUSD,447,446,1026.00471355,446.61,320.37330193,466.21,445.1,18000.19891588,2017-09-26 22:20:26
26 Sep 22:20:26 - Insert into live price table success: ETHUSD,288.33,288.31,402.13639304,288.4,216.04247361,296.08,285.2,108576.60643498,2017-09-26 22:20:26
26 Sep 22:20:35 - Insert into live price table success: EOSUSD,0.5614,0.55838,43134.12522376,0.5614,106359.8670866,0.59,0.552,2864150.81796135,2017-09-26 22:20:35
26 Sep 22:20:36 - Insert into live price table success: IOTUSD,0.52016,0.52011,89238.80293729,0.52298,16491.67750276,0.5571,0.5051,15188594.15967169,2017-09-26 22:20:36
26 Sep 22:20:36 - Insert into live price table success: DSHUSD,340,339.7,406.39476206,340,152.33004388,348.43,338.01,5858.35954432,2017-09-26 22:20:36
26 Sep 22:20:36 - Insert into live price table success: ETCUSD,11.46,11.445,6075.00651946,11.45,2674.58394614,12.189,10.772,464796.61971126,2017-09-26 22:20:36
26 Sep 22:20:36 - Insert into live price table success: BCHUSD,447,446,1063.1163614,446.59,325.12827639,466.21,445.1,18000.19891588,2017-09-26 22:20:36
26 Sep 22:20:36 - Insert into live price table success: LTCUSD,52.3,52.277,912.01403335,52.3,615.40689239,54.5,51.28,302057.53551699,2017-09-26 22:20:36
26 Sep 22:20:36 - Insert into live price table success: OMGUSD,9.85,9.8531,18845.71783072,9.8783,19807.30525413,10.365,9.616,1095919.39258075,2017-09-26 22:20:36
26 Sep 22:20:36 - Insert into live price table success: BTCUSD,3901,3900.9,43.0988451,3901,84.87867068,3985,3838,20619.15182203,2017-09-26 22:20:36
26 Sep 22:20:36 - Insert into live price table success: ETHUSD,288.33,288.29,371.67716549,288.4,227.959008,296.08,285.2,108575.83323394,2017-09-26 22:20:36
26 Sep 22:20:45 - Insert into live price table success: ETCUSD,11.46,11.445,5466.62937567,11.45,2962.58899726,12.189,10.772,464796.61971126,2017-09-26 22:20:45
26 Sep 22:20:45 - Insert into live price table success: DSHUSD,340,339.71,469.0646242,340,171.44312195,348.43,338.01,5860.04324432,2017-09-26 22:20:45
26 Sep 22:20:46 - Insert into live price table success: BCHUSD,447,446,1051.36652086,446.57,312.24642161,466.21,445.1,18000.19891588,2017-09-26 22:20:46
26 Sep 22:20:46 - Insert into live price table success: EOSUSD,0.5614,0.55838,43889.05966756,0.5613,112713.49670119,0.59,0.552,2864150.81796135,2017-09-26 22:20:46
26 Sep 22:20:46 - Insert into live price table success: IOTUSD,0.52016,0.52011,99235.95532884,0.52298,16491.67750276,0.5571,0.5051,15188329.86175769,2017-09-26 22:20:46
26 Sep 22:20:46 - Insert into live price table success: OMGUSD,9.85,9.8583,18864.65307749,9.8783,19817.20512573,10.365,9.616,1095448.19307339,2017-09-26 22:20:46
26 Sep 22:20:46 - Insert into live price table success: ETHUSD,288.33,288.3,397.63226549,288.4,217.71238353,296.08,285.2,108548.89740265,2017-09-26 22:20:46
26 Sep 22:20:46 - Insert into live price table success: LTCUSD,52.264,52.264,1029.0933378,52.3,645.74264094,54.5,51.28,302068.54901699,2017-09-26 22:20:46
26 Sep 22:20:46 - Insert into live price table success: BTCUSD,3901,3900.9,45.18945655,3901,92.20887947,3985,3838,20619.11768817,2017-09-26 22:20:46
26 Sep 22:20:54 - ************* Buy | 9.566814633399662 LTCUSD @ 52.264 *************
26 Sep 22:20:54 - -------------------- Summary ----------------------------
26 Sep 22:20:54 - Currency Wallet: {
  "ETHUSD": {
    "qty": 1.7342443897193993,
    "price": 288.31
  },
  "BTCUSD": {
    "qty": 0.2562755475107169,
    "price": 3902.049999359311
  },
  "LTCUSD": {
    "qty": 19.129238134011658,
    "price": 52.27599724538985
  },
  "IOTUSD": {
    "qty": 961.2426945555214,
    "price": 0.52016
  },
  "EOSUSD": {
    "qty": 0,
    "price": 0
  },
  "ETCUSD": {
    "qty": 43.64525139664805,
    "price": 11.456
  },
  "BCHUSD": {
    "qty": 1.1185682326621924,
    "price": 447
  },
  "DSHUSD": {
    "qty": 0,
    "price": 0
  },
  "OMGUSD": {
    "qty": 0,
    "price": 0
  }
}
26 Sep 22:20:54 - =====> Market Value: 3999.71
26 Sep 22:20:54 - Fiat Wallet: $5992.00
26 Sep 22:20:54 - Starting Value: 10000
26 Sep 22:20:54 - Total Value: 9991.71
26 Sep 22:20:54 - ---------------------------------------------------------


26 Sep 22:20:54 - Insert into transaction table success: LTCUSD,52.264,9.566814633399662,1,2017-09-26 22:20:54
26 Sep 22:20:55 - Insert into live price table success: BCHUSD,447,446,1065.38540296,446.69,309.07552569,466.21,445.1,18000.19891588,2017-09-26 22:20:55
26 Sep 22:20:55 - Insert into live price table success: OMGUSD,9.85,9.8521,18886.62468116,9.8783,23334.24390292,10.365,9.616,1095448.19307339,2017-09-26 22:20:55
26 Sep 22:20:56 - Insert into live price table success: EOSUSD,0.5614,0.56,43744.03807211,0.5613,116555.04881628,0.59,0.552,2862595.87796135,2017-09-26 22:20:56
26 Sep 22:20:56 - Insert into live price table success: ETCUSD,11.46,11.445,5514.72937567,11.45,4731.49044316,12.189,10.772,464796.61971126,2017-09-26 22:20:56
26 Sep 22:20:56 - Insert into live price table success: LTCUSD,52.264,52.264,1224.8961548,52.3,468.59709579,54.5,51.28,302089.87681699,2017-09-26 22:20:56
26 Sep 22:20:56 - Insert into live price table success: DSHUSD,340,339.7,474.08337826,340,168.1632738,348.43,338.01,5863.30984432,2017-09-26 22:20:56
26 Sep 22:20:56 - Insert into live price table success: IOTUSD,0.52016,0.52011,123099.77380609,0.52298,16233.17995626,0.5571,0.5051,15188329.86175769,2017-09-26 22:20:56
26 Sep 22:20:56 - Insert into live price table success: BTCUSD,3901,3900.9,47.14099881,3901,93.88154841,3985,3838,20618.54618817,2017-09-26 22:20:56
26 Sep 22:20:56 - Insert into live price table success: ETHUSD,288.33,288.3,310.92586137,288.4,183.52358739,296.08,285.2,108529.09740265,2017-09-26 22:20:56
26 Sep 22:20:58 - ************* Buy | 9.566814633399662 LTCUSD @ 52.264 *************
26 Sep 22:20:58 - -------------------- Summary ----------------------------
26 Sep 22:20:58 - Currency Wallet: {
  "ETHUSD": {
    "qty": 1.7342443897193993,
    "price": 288.31
  },
  "BTCUSD": {
    "qty": 0.2562755475107169,
    "price": 3902.049999359311
  },
  "LTCUSD": {
    "qty": 28.69605276741132,
    "price": 52.27199755164499
  },
  "IOTUSD": {
    "qty": 961.2426945555214,
    "price": 0.52016
  },
  "EOSUSD": {
    "qty": 0,
    "price": 0
  },
  "ETCUSD": {
    "qty": 43.64525139664805,
    "price": 11.456
  },
  "BCHUSD": {
    "qty": 1.1185682326621924,
    "price": 447
  },
  "DSHUSD": {
    "qty": 0,
    "price": 0
  },
  "OMGUSD": {
    "qty": 0,
    "price": 0
  }
}
26 Sep 22:20:58 - =====> Market Value: 4499.71
26 Sep 22:20:58 - Fiat Wallet: $5491.00
26 Sep 22:20:58 - Starting Value: 10000
26 Sep 22:20:58 - Total Value: 9990.71
26 Sep 22:20:58 - ---------------------------------------------------------


26 Sep 22:20:58 - Insert into transaction table success: LTCUSD,52.264,9.566814633399662,1,2017-09-26 22:20:58
26 Sep 22:21:05 - Insert into live price table success: EOSUSD,0.5614,0.56,30109.11121425,0.5613,72507.80970537,0.59,0.552,2862595.87796135,2017-09-26 22:21:05
26 Sep 22:21:05 - Insert into live price table success: IOTUSD,0.52016,0.52021,99234.7753278,0.52298,16233.17995626,0.5571,0.5051,15172433.91411469,2017-09-26 22:21:05
26 Sep 22:21:06 - Insert into live price table success: BCHUSD,446.7,446,615.26072279,446.68,324.74900587,466.21,445.1,18008.28240588,2017-09-26 22:21:06
26 Sep 22:21:06 - Insert into live price table success: DSHUSD,340,339.7,478.68458868,340,168.98757944,348.43,338.01,5863.30984432,2017-09-26 22:21:06
26 Sep 22:21:06 - Insert into live price table success: ETCUSD,11.46,11.445,5338.34271267,11.45,3177.90083434,12.189,10.772,464796.61971126,2017-09-26 22:21:06
26 Sep 22:21:06 - Insert into live price table success: OMGUSD,9.85,9.8521,18791.62468116,9.8783,19002.34006594,10.365,9.616,1095448.19307339,2017-09-26 22:21:06
26 Sep 22:21:06 - Insert into live price table success: ETHUSD,288.33,288.3,349.26244241,288.4,280.50126579,296.08,285.2,108471.65034022,2017-09-26 22:21:06
26 Sep 22:21:06 - Insert into live price table success: LTCUSD,52.264,52.264,1030.68110887,52.3,646.83789245,54.5,51.28,302089.87681699,2017-09-26 22:21:06
26 Sep 22:21:06 - Insert into live price table success: BTCUSD,3900.9,3900.9,44.80477832,3901.1,80.89986449,3985,3838,20619.4736856,2017-09-26 22:21:06
26 Sep 22:21:15 - Insert into live price table success: BCHUSD,446.7,446,626.70796714,446.68,322.16708112,466.21,445.1,18007.73701088,2017-09-26 22:21:15
26 Sep 22:21:16 - Insert into live price table success: OMGUSD,9.85,9.8511,18813.03500305,9.8783,19676.31625694,10.365,9.616,1095138.72120039,2017-09-26 22:21:16
26 Sep 22:21:16 - Insert into live price table success: DSHUSD,340,339.77,482.96015822,340,125.18242452,348.43,338.01,5863.30984432,2017-09-26 22:21:16
26 Sep 22:21:16 - Insert into live price table success: EOSUSD,0.563,0.5601,31243.50432608,0.5646,108242.92267741,0.59,0.552,2865173.46427742,2017-09-26 22:21:16
26 Sep 22:21:16 - Insert into live price table success: ETCUSD,11.45,11.445,4740.4999721,11.45,2343.8764171,12.189,10.772,464849.27483926,2017-09-26 22:21:16
26 Sep 22:21:16 - Insert into live price table success: ETHUSD,288.33,288.36,361.70490439,288.39,203.79678749,296.08,285.2,108460.87234022,2017-09-26 22:21:16
26 Sep 22:21:16 - Insert into live price table success: IOTUSD,0.52016,0.52021,122885.15186454,0.52298,16233.17995626,0.5571,0.5051,15172433.91411469,2017-09-26 22:21:16
26 Sep 22:21:16 - Insert into live price table success: LTCUSD,52.264,52.264,1029.49189878,52.3,711.27257198,54.5,51.28,302089.87681699,2017-09-26 22:21:16
26 Sep 22:21:16 - Insert into live price table success: BTCUSD,3900.9,3900.9,46.77456488,3901.1,81.25418151,3985,3838,20619.28211484,2017-09-26 22:21:16
26 Sep 22:21:25 - Insert into live price table success: BCHUSD,446.7,446,631.94124148,446.68,318.22032465,466.21,445.1,18007.73701088,2017-09-26 22:21:25
26 Sep 22:21:26 - Insert into live price table success: DSHUSD,340,339.71,467.61152436,340,167.59509031,348.43,338.01,5863.30984432,2017-09-26 22:21:26
26 Sep 22:21:26 - Insert into live price table success: EOSUSD,0.563,0.5601,35433.86205478,0.5645,102732.32835051,0.59,0.552,2865173.46427742,2017-09-26 22:21:26
26 Sep 22:21:26 - Insert into live price table success: ETCUSD,11.45,11.445,4788.5999721,11.45,2391.90868011,12.189,10.772,464849.27483926,2017-09-26 22:21:26
26 Sep 22:21:26 - Insert into live price table success: LTCUSD,52.264,52.244,1146.40150694,52.3,659.51436627,54.5,51.28,301920.01177918,2017-09-26 22:21:26
26 Sep 22:21:26 - Insert into live price table success: IOTUSD,0.52016,0.52021,122890.58022453,0.52298,16233.17995626,0.5571,0.5051,15171433.91411469,2017-09-26 22:21:26
26 Sep 22:21:26 - Insert into live price table success: OMGUSD,9.854,9.8521,18899.87199774,9.8773,19524.16705379,10.365,9.616,1095148.72120039,2017-09-26 22:21:26
26 Sep 22:21:26 - Insert into live price table success: BTCUSD,3900.9,3901,37.65518963,3901.1,92.27700122,3985,3838,20619.28211484,2017-09-26 22:21:26
26 Sep 22:21:26 - Insert into live price table success: ETHUSD,288.33,288.36,342.14896131,288.39,281.912502,296.08,285.2,108460.87234022,2017-09-26 22:21:26
26 Sep 22:21:36 - Insert into live price table success: LTCUSD,52.264,52.243,988.25922,52.3,379.98552638,54.5,51.28,301899.19107918,2017-09-26 22:21:36
26 Sep 22:21:36 - Insert into live price table success: EOSUSD,0.563,0.56,38093.87305584,0.5644,107872.7828224,0.59,0.552,2865173.46427742,2017-09-26 22:21:36
26 Sep 22:21:36 - Insert into live price table success: BTCUSD,3900.9,3900.9,51.37285925,3901.1,93.79707326,3985,3838,20618.39466583,2017-09-26 22:21:36
26 Sep 22:21:36 - Insert into live price table success: ETHUSD,288.33,288.36,332.09887514,288.39,308.0343506,296.08,285.2,108460.87234022,2017-09-26 22:21:36
26 Sep 22:21:36 - Insert into live price table success: DSHUSD,340,339.71,470.23080006,340,167.80464603,348.43,338.01,5863.30984432,2017-09-26 22:21:36
26 Sep 22:21:36 - Insert into live price table success: BCHUSD,446.7,446,636.48412603,446.68,329.08076517,466.21,445.1,18007.39989088,2017-09-26 22:21:36
26 Sep 22:21:36 - Insert into live price table success: ETCUSD,11.45,11.445,5338.34271267,11.45,3138.74730819,12.189,10.772,464849.27483926,2017-09-26 22:21:36
26 Sep 22:21:36 - Insert into live price table success: IOTUSD,0.52016,0.52047,94434.68165893,0.52297,16016.54040342,0.5571,0.5051,15171433.91411469,2017-09-26 22:21:36
26 Sep 22:21:36 - Insert into live price table success: OMGUSD,9.854,9.8583,18864.65307749,9.8773,20275.89519275,10.365,9.616,1095148.72120039,2017-09-26 22:21:36
26 Sep 22:21:46 - Insert into live price table success: EOSUSD,0.563,0.5601,36759.98334975,0.5639,120410.45707761,0.59,0.552,2865173.46427742,2017-09-26 22:21:46
26 Sep 22:21:46 - Insert into live price table success: BTCUSD,3900.9,3901,46.87773789,3901.1,89.36837229,3985,3838,20618.34078346,2017-09-26 22:21:46
26 Sep 22:21:46 - Insert into live price table success: ETCUSD,11.45,11.445,5338.34271267,11.45,2634.7770697,12.189,10.772,464849.27483926,2017-09-26 22:21:46
26 Sep 22:21:46 - Insert into live price table success: IOTUSD,0.52016,0.51941,91966.48443539,0.52297,16016.54040342,0.5571,0.5051,15171433.91411469,2017-09-26 22:21:46
26 Sep 22:21:46 - Insert into live price table success: DSHUSD,340,339.71,470.23080006,340,145.15504058,348.43,338.01,5863.30984432,2017-09-26 22:21:46
26 Sep 22:21:46 - Insert into live price table success: OMGUSD,9.8583,9.851,18845.67537343,9.8773,20281.18506594,10.365,9.616,1095158.72120039,2017-09-26 22:21:46
26 Sep 22:21:46 - Insert into live price table success: BCHUSD,446.7,446,626.30927211,446.68,324.7463984,466.21,445.1,18007.39989088,2017-09-26 22:21:46
26 Sep 22:21:46 - Insert into live price table success: ETHUSD,288.11,288.1,326.28822963,288.37,150.99363211,296.08,285.2,108481.57147722,2017-09-26 22:21:46
26 Sep 22:21:46 - Insert into live price table success: LTCUSD,52.264,52.244,1046.54232782,52.3,365.94758675,54.5,51.28,301878.38667918,2017-09-26 22:21:46
26 Sep 22:21:47 - ************* Buy | 1.735448266287182 ETHUSD @ 288.11 *************
26 Sep 22:21:47 - -------------------- Summary ----------------------------
26 Sep 22:21:47 - Currency Wallet: {
  "ETHUSD": {
    "qty": 3.4696926560065813,
    "price": 288.20996530307764
  },
  "BTCUSD": {
    "qty": 0.2562755475107169,
    "price": 3902.049999359311
  },
  "LTCUSD": {
    "qty": 28.69605276741132,
    "price": 52.27199755164499
  },
  "IOTUSD": {
    "qty": 961.2426945555214,
    "price": 0.52016
  },
  "EOSUSD": {
    "qty": 0,
    "price": 0
  },
  "ETCUSD": {
    "qty": 43.64525139664805,
    "price": 11.456
  },
  "BCHUSD": {
    "qty": 1.1185682326621924,
    "price": 447
  },
  "DSHUSD": {
    "qty": 0,
    "price": 0
  },
  "OMGUSD": {
    "qty": 0,
    "price": 0
  }
}
26 Sep 22:21:47 - =====> Market Value: 4998.53
26 Sep 22:21:47 - Fiat Wallet: $4990.00
26 Sep 22:21:47 - Starting Value: 10000
26 Sep 22:21:47 - Total Value: 9988.53
26 Sep 22:21:47 - ---------------------------------------------------------


26 Sep 22:21:47 - Insert into transaction table success: ETHUSD,288.11,1.735448266287182,1,2017-09-26 22:21:47
26 Sep 22:21:48 - ************* Buy | 1.735448266287182 ETHUSD @ 288.11 *************
26 Sep 22:21:48 - -------------------- Summary ----------------------------
26 Sep 22:21:48 - Currency Wallet: {
  "ETHUSD": {
    "qty": 5.205140922293763,
    "price": 288.1766358285245
  },
  "BTCUSD": {
    "qty": 0.2562755475107169,
    "price": 3902.049999359311
  },
  "LTCUSD": {
    "qty": 28.69605276741132,
    "price": 52.27199755164499
  },
  "IOTUSD": {
    "qty": 961.2426945555214,
    "price": 0.52016
  },
  "EOSUSD": {
    "qty": 0,
    "price": 0
  },
  "ETCUSD": {
    "qty": 43.64525139664805,
    "price": 11.456
  },
  "BCHUSD": {
    "qty": 1.1185682326621924,
    "price": 447
  },
  "DSHUSD": {
    "qty": 0,
    "price": 0
  },
  "OMGUSD": {
    "qty": 0,
    "price": 0
  }
}
26 Sep 22:21:48 - =====> Market Value: 5498.53
26 Sep 22:21:48 - Fiat Wallet: $4489.00
26 Sep 22:21:48 - Starting Value: 10000
26 Sep 22:21:48 - Total Value: 9987.53
26 Sep 22:21:48 - ---------------------------------------------------------


26 Sep 22:21:48 - Insert into transaction table success: ETHUSD,288.11,1.735448266287182,1,2017-09-26 22:21:48
26 Sep 22:21:51 - ************* Buy | 1.735448266287182 ETHUSD @ 288.11 *************
26 Sep 22:21:51 - -------------------- Summary ----------------------------
26 Sep 22:21:51 - Currency Wallet: {
  "ETHUSD": {
    "qty": 6.940589188580946,
    "price": 288.15997398182196
  },
  "BTCUSD": {
    "qty": 0.2562755475107169,
    "price": 3902.049999359311
  },
  "LTCUSD": {
    "qty": 28.69605276741132,
    "price": 52.27199755164499
  },
  "IOTUSD": {
    "qty": 961.2426945555214,
    "price": 0.52016
  },
  "EOSUSD": {
    "qty": 0,
    "price": 0
  },
  "ETCUSD": {
    "qty": 43.64525139664805,
    "price": 11.456
  },
  "BCHUSD": {
    "qty": 1.1185682326621924,
    "price": 447
  },
  "DSHUSD": {
    "qty": 0,
    "price": 0
  },
  "OMGUSD": {
    "qty": 0,
    "price": 0
  }
}
26 Sep 22:21:51 - =====> Market Value: 5998.53
26 Sep 22:21:51 - Fiat Wallet: $3988.00
26 Sep 22:21:51 - Starting Value: 10000
26 Sep 22:21:51 - Total Value: 9986.53
26 Sep 22:21:51 - ---------------------------------------------------------


26 Sep 22:21:51 - Insert into transaction table success: ETHUSD,288.11,1.735448266287182,1,2017-09-26 22:21:51
26 Sep 22:21:53 - ************* Buy | 1.735448266287182 ETHUSD @ 288.11 *************
26 Sep 22:21:53 - -------------------- Summary ----------------------------
26 Sep 22:21:53 - Currency Wallet: {
  "ETHUSD": {
    "qty": 8.676037454868128,
    "price": 288.1499777985916
  },
  "BTCUSD": {
    "qty": 0.2562755475107169,
    "price": 3902.049999359311
  },
  "LTCUSD": {
    "qty": 28.69605276741132,
    "price": 52.27199755164499
  },
  "IOTUSD": {
    "qty": 961.2426945555214,
    "price": 0.52016
  },
  "EOSUSD": {
    "qty": 0,
    "price": 0
  },
  "ETCUSD": {
    "qty": 43.64525139664805,
    "price": 11.456
  },
  "BCHUSD": {
    "qty": 1.1185682326621924,
    "price": 447
  },
  "DSHUSD": {
    "qty": 0,
    "price": 0
  },
  "OMGUSD": {
    "qty": 0,
    "price": 0
  }
}
26 Sep 22:21:53 - =====> Market Value: 6498.53
26 Sep 22:21:53 - Fiat Wallet: $3487.00
26 Sep 22:21:53 - Starting Value: 10000
26 Sep 22:21:53 - Total Value: 9985.53
26 Sep 22:21:53 - ---------------------------------------------------------


26 Sep 22:21:53 - Insert into transaction table success: ETHUSD,288.11,1.735448266287182,1,2017-09-26 22:21:53
26 Sep 22:21:55 - Insert into live price table success: EOSUSD,0.563,0.56011,37753.98013218,0.5637,120483.06157442,0.59,0.552,2865173.46427742,2017-09-26 22:21:55
26 Sep 22:21:56 - Insert into live price table success: BCHUSD,446.7,446,619.86259803,446.68,359.42142499,466.21,445.1,18007.39989088,2017-09-26 22:21:56
26 Sep 22:21:56 - Insert into live price table success: DSHUSD,340,339.7,468.24167379,340,125.37664848,348.43,338.01,5863.30984432,2017-09-26 22:21:56
26 Sep 22:21:56 - Insert into live price table success: ETCUSD,11.45,11.445,5343.07738147,11.45,3454.10248521,12.189,10.772,464849.27483926,2017-09-26 22:21:56
26 Sep 22:21:56 - Insert into live price table success: OMGUSD,9.8583,9.851,18845.67537343,9.8761,23722.62705379,10.365,9.616,1095158.72120039,2017-09-26 22:21:56
26 Sep 22:21:56 - Insert into live price table success: IOTUSD,0.52016,0.51951,92897.51701493,0.52297,16016.54040342,0.5571,0.5051,15171433.91411469,2017-09-26 22:21:56
26 Sep 22:21:56 - ************* Buy | 1.735448266287182 ETHUSD @ 288.11 *************
26 Sep 22:21:56 - -------------------- Summary ----------------------------
26 Sep 22:21:56 - Currency Wallet: {
  "ETHUSD": {
    "qty": 10.41148572115531,
    "price": 288.14331406172306
  },
  "BTCUSD": {
    "qty": 0.2562755475107169,
    "price": 3902.049999359311
  },
  "LTCUSD": {
    "qty": 28.69605276741132,
    "price": 52.27199755164499
  },
  "IOTUSD": {
    "qty": 961.2426945555214,
    "price": 0.52016
  },
  "EOSUSD": {
    "qty": 0,
    "price": 0
  },
  "ETCUSD": {
    "qty": 43.64525139664805,
    "price": 11.456
  },
  "BCHUSD": {
    "qty": 1.1185682326621924,
    "price": 447
  },
  "DSHUSD": {
    "qty": 0,
    "price": 0
  },
  "OMGUSD": {
    "qty": 0,
    "price": 0
  }
}
26 Sep 22:21:56 - =====> Market Value: 6998.53
26 Sep 22:21:56 - Fiat Wallet: $2986.00
26 Sep 22:21:56 - Starting Value: 10000
26 Sep 22:21:56 - Total Value: 9984.53
26 Sep 22:21:56 - ---------------------------------------------------------


26 Sep 22:21:56 - Insert into live price table success: LTCUSD,52.264,52.245,1040.35586413,52.3,723.9967769,54.5,51.28,301867.98447918,2017-09-26 22:21:56
26 Sep 22:21:56 - Insert into transaction table success: ETHUSD,288.11,1.735448266287182,1,2017-09-26 22:21:56
26 Sep 22:21:56 - Insert into live price table success: BTCUSD,3901,3901,39.58930679,3901.1,94.36133938,3985,3838,20618.56078346,2017-09-26 22:21:56
26 Sep 22:21:56 - Insert into live price table success: ETHUSD,288.1,288.11,369.6682659,288.38,255.96845839,296.08,285.2,108494.84138365,2017-09-26 22:21:56
26 Sep 22:21:58 - ************* Buy | 1.7355085039916693 ETHUSD @ 288.1 *************
26 Sep 22:21:58 - -------------------- Summary ----------------------------
26 Sep 22:21:58 - Currency Wallet: {
  "ETHUSD": {
    "qty": 12.14699422514698,
    "price": 288.13712554124885
  },
  "BTCUSD": {
    "qty": 0.2562755475107169,
    "price": 3902.049999359311
  },
  "LTCUSD": {
    "qty": 28.69605276741132,
    "price": 52.27199755164499
  },
  "IOTUSD": {
    "qty": 961.2426945555214,
    "price": 0.52016
  },
  "EOSUSD": {
    "qty": 0,
    "price": 0
  },
  "ETCUSD": {
    "qty": 43.64525139664805,
    "price": 11.456
  },
  "BCHUSD": {
    "qty": 1.1185682326621924,
    "price": 447
  },
  "DSHUSD": {
    "qty": 0,
    "price": 0
  },
  "OMGUSD": {
    "qty": 0,
    "price": 0
  }
}
26 Sep 22:21:58 - =====> Market Value: 7498.45
26 Sep 22:21:58 - Fiat Wallet: $2485.00
26 Sep 22:21:58 - Starting Value: 10000
26 Sep 22:21:58 - Total Value: 9983.45
26 Sep 22:21:58 - ---------------------------------------------------------


26 Sep 22:21:58 - Insert into transaction table success: ETHUSD,288.1,1.7355085039916693,1,2017-09-26 22:21:58
26 Sep 22:22:05 - Insert into live price table success: DSHUSD,340,339.71,468.83167379,340,125.37502242,348.43,338.01,5863.30984432,2017-09-26 22:22:05
26 Sep 22:22:06 - ************* Buy | 1.7355085039916693 ETHUSD @ 288.1 *************
26 Sep 22:22:06 - -------------------- Summary ----------------------------
26 Sep 22:22:06 - Currency Wallet: {
  "ETHUSD": {
    "qty": 13.882502729138649,
    "price": 288.1324843253377
  },
  "BTCUSD": {
    "qty": 0.2562755475107169,
    "price": 3902.049999359311
  },
  "LTCUSD": {
    "qty": 28.69605276741132,
    "price": 52.27199755164499
  },
  "IOTUSD": {
    "qty": 961.2426945555214,
    "price": 0.52016
  },
  "EOSUSD": {
    "qty": 0,
    "price": 0
  },
  "ETCUSD": {
    "qty": 43.64525139664805,
    "price": 11.456
  },
  "BCHUSD": {
    "qty": 1.1185682326621924,
    "price": 447
  },
  "DSHUSD": {
    "qty": 0,
    "price": 0
  },
  "OMGUSD": {
    "qty": 0,
    "price": 0
  }
}
26 Sep 22:22:06 - =====> Market Value: 7998.45
26 Sep 22:22:06 - Fiat Wallet: $1984.00
26 Sep 22:22:06 - Starting Value: 10000
26 Sep 22:22:06 - Total Value: 9982.45
26 Sep 22:22:06 - ---------------------------------------------------------


26 Sep 22:22:06 - Insert into transaction table success: ETHUSD,288.1,1.7355085039916693,1,2017-09-26 22:22:06
26 Sep 22:22:06 - Insert into live price table success: ETCUSD,11.45,11.445,5343.07738147,11.45,3454.33848521,12.189,10.772,464849.27483926,2017-09-26 22:22:06
26 Sep 22:22:06 - Insert into live price table success: BCHUSD,446.7,446,1017.79859803,446.68,363.31578249,466.21,445.1,18007.17609088,2017-09-26 22:22:06
26 Sep 22:22:06 - Insert into live price table success: EOSUSD,0.563,0.56012,38054.7098494,0.5637,116588.10344279,0.59,0.552,2865173.46427742,2017-09-26 22:22:06
26 Sep 22:22:06 - Insert into live price table success: LTCUSD,52.264,52.245,1040.35586413,52.3,740.0092551,54.5,51.28,301836.78867918,2017-09-26 22:22:06
26 Sep 22:22:06 - Insert into live price table success: OMGUSD,9.851,9.851,18886.57537343,9.8761,18672.80813076,10.365,9.616,1095168.72120039,2017-09-26 22:22:06
26 Sep 22:22:06 - Insert into live price table success: IOTUSD,0.52016,0.52006,98274.58508577,0.52297,16016.54040342,0.5571,0.5051,15160723.11765239,2017-09-26 22:22:06
26 Sep 22:22:06 - Insert into live price table success: ETHUSD,288.1,288.13,361.86008371,288.37,275.96845839,296.08,285.2,108484.17958587,2017-09-26 22:22:06
26 Sep 22:22:06 - Insert into live price table success: BTCUSD,3901,3901,39.12292519,3901.1,94.34828231,3985,3838,20617.85394728,2017-09-26 22:22:06
26 Sep 22:22:07 - ************* Buy | 1.7355085039916693 ETHUSD @ 288.1 *************
26 Sep 22:22:07 - -------------------- Summary ----------------------------
26 Sep 22:22:07 - Currency Wallet: {
  "ETHUSD": {
    "qty": 15.618011233130318,
    "price": 288.12887459410956
  },
  "BTCUSD": {
    "qty": 0.2562755475107169,
    "price": 3902.049999359311
  },
  "LTCUSD": {
    "qty": 28.69605276741132,
    "price": 52.27199755164499
  },
  "IOTUSD": {
    "qty": 961.2426945555214,
    "price": 0.52016
  },
  "EOSUSD": {
    "qty": 0,
    "price": 0
  },
  "ETCUSD": {
    "qty": 43.64525139664805,
    "price": 11.456
  },
  "BCHUSD": {
    "qty": 1.1185682326621924,
    "price": 447
  },
  "DSHUSD": {
    "qty": 0,
    "price": 0
  },
  "OMGUSD": {
    "qty": 0,
    "price": 0
  }
}
26 Sep 22:22:07 - =====> Market Value: 8498.45
26 Sep 22:22:07 - Fiat Wallet: $1483.00
26 Sep 22:22:07 - Starting Value: 10000
26 Sep 22:22:07 - Total Value: 9981.45
26 Sep 22:22:07 - ---------------------------------------------------------


26 Sep 22:22:07 - Insert into transaction table success: ETHUSD,288.1,1.7355085039916693,1,2017-09-26 22:22:07
26 Sep 22:22:10 - ************* Buy | 1.7355085039916693 ETHUSD @ 288.1 *************
26 Sep 22:22:10 - -------------------- Summary ----------------------------
26 Sep 22:22:10 - Currency Wallet: {
  "ETHUSD": {
    "qty": 17.35351973712199,
    "price": 288.1259868742472
  },
  "BTCUSD": {
    "qty": 0.2562755475107169,
    "price": 3902.049999359311
  },
  "LTCUSD": {
    "qty": 28.69605276741132,
    "price": 52.27199755164499
  },
  "IOTUSD": {
    "qty": 961.2426945555214,
    "price": 0.52016
  },
  "EOSUSD": {
    "qty": 0,
    "price": 0
  },
  "ETCUSD": {
    "qty": 43.64525139664805,
    "price": 11.456
  },
  "BCHUSD": {
    "qty": 1.1185682326621924,
    "price": 447
  },
  "DSHUSD": {
    "qty": 0,
    "price": 0
  },
  "OMGUSD": {
    "qty": 0,
    "price": 0
  }
}
26 Sep 22:22:10 - =====> Market Value: 8998.45
26 Sep 22:22:10 - Fiat Wallet: $982.00
26 Sep 22:22:10 - Starting Value: 10000
26 Sep 22:22:10 - Total Value: 9980.45
26 Sep 22:22:10 - ---------------------------------------------------------


26 Sep 22:22:10 - Insert into transaction table success: ETHUSD,288.1,1.7355085039916693,1,2017-09-26 22:22:10
26 Sep 22:22:12 - ************* Buy | 1.7355085039916693 ETHUSD @ 288.1 *************
26 Sep 22:22:12 - -------------------- Summary ----------------------------
26 Sep 22:22:12 - Currency Wallet: {
  "ETHUSD": {
    "qty": 19.08902824111366,
    "price": 288.12362423741314
  },
  "BTCUSD": {
    "qty": 0.2562755475107169,
    "price": 3902.049999359311
  },
  "LTCUSD": {
    "qty": 28.69605276741132,
    "price": 52.27199755164499
  },
  "IOTUSD": {
    "qty": 961.2426945555214,
    "price": 0.52016
  },
  "EOSUSD": {
    "qty": 0,
    "price": 0
  },
  "ETCUSD": {
    "qty": 43.64525139664805,
    "price": 11.456
  },
  "BCHUSD": {
    "qty": 1.1185682326621924,
    "price": 447
  },
  "DSHUSD": {
    "qty": 0,
    "price": 0
  },
  "OMGUSD": {
    "qty": 0,
    "price": 0
  }
}
26 Sep 22:22:12 - =====> Market Value: 9498.45
26 Sep 22:22:12 - Fiat Wallet: $481.00
26 Sep 22:22:12 - Starting Value: 10000
26 Sep 22:22:12 - Total Value: 9979.45
26 Sep 22:22:12 - ---------------------------------------------------------


26 Sep 22:22:12 - Insert into transaction table success: ETHUSD,288.1,1.7355085039916693,1,2017-09-26 22:22:12
26 Sep 22:22:15 - Insert into live price table success: ETCUSD,11.45,11.445,5338.34271267,11.45,3139.97504414,12.189,10.772,464849.27483926,2017-09-26 22:22:15
26 Sep 22:22:16 - Insert into live price table success: DSHUSD,340,339.71,405.70677423,340,167.84189208,348.43,338.01,5863.30984432,2017-09-26 22:22:16
26 Sep 22:22:16 - Insert into live price table success: LTCUSD,52.264,52.245,1118.19383738,52.3,661.83308047,54.5,51.28,301626.23330218,2017-09-26 22:22:16
26 Sep 22:22:16 - Insert into live price table success: ETHUSD,288.1,288.2,373.55901298,288.35,273.15610694,296.08,285.2,108443.69620598,2017-09-26 22:22:16
26 Sep 22:22:16 - Insert into live price table success: BTCUSD,3901,3901,34.69488534,3901.1,87.49397137,3985,3838,20617.81819728,2017-09-26 22:22:16
26 Sep 22:22:16 - Insert into live price table success: BCHUSD,446.7,446,627.78999565,446.68,314.91525926,466.21,445.1,18007.17609088,2017-09-26 22:22:16
26 Sep 22:22:16 - Insert into live price table success: EOSUSD,0.563,0.56012,33240.28726483,0.5634,104429.55283675,0.59,0.552,2865173.46427742,2017-09-26 22:22:16
26 Sep 22:22:16 - Insert into live price table success: OMGUSD,9.851,9.851,18886.63221746,9.8761,23511.46813076,10.365,9.616,1095168.72120039,2017-09-26 22:22:16
26 Sep 22:22:16 - Insert into live price table success: IOTUSD,0.52016,0.51982,98330.25212613,0.52287,53627.82091916,0.5571,0.5051,15140248.47753239,2017-09-26 22:22:16
26 Sep 22:22:26 - Insert into live price table success: DSHUSD,340,339.71,405.70686642,340,169.82420102,348.43,338.01,5863.30984432,2017-09-26 22:22:26
26 Sep 22:22:26 - Insert into live price table success: BCHUSD,446.7,446,627.78886549,446.68,347.60989793,466.21,445.1,18006.75748988,2017-09-26 22:22:26
26 Sep 22:22:26 - Insert into live price table success: EOSUSD,0.563,0.56024,31448.20097947,0.5646,99545.06878801,0.59,0.552,2865173.46427742,2017-09-26 22:22:26
26 Sep 22:22:26 - Insert into live price table success: ETHUSD,288.37,288.25,368.88204999,288.37,230.67964348,296.08,285.2,108448.70620598,2017-09-26 22:22:26
26 Sep 22:22:26 - Insert into live price table success: IOTUSD,0.52016,0.51998,88802.62846836,0.52287,53627.82091916,0.5571,0.5051,15140086.99889039,2017-09-26 22:22:26
26 Sep 22:22:26 - Insert into live price table success: ETCUSD,11.45,11.445,5339.4275954,11.45,2252.99203911,12.189,10.772,464941.22483926,2017-09-26 22:22:26
26 Sep 22:22:26 - Insert into live price table success: LTCUSD,52.264,52.245,959.20115566,52.299,669.81074758,54.5,51.28,301626.23330218,2017-09-26 22:22:26
26 Sep 22:22:26 - Insert into live price table success: OMGUSD,9.851,9.851,18791.63221746,9.8761,24860.90134142,10.365,9.616,1095168.72120039,2017-09-26 22:22:26
26 Sep 22:22:26 - Insert into live price table success: BTCUSD,3900.9,3900.9,28.58220131,3901,91.73495636,3985,3838,20617.9656355,2017-09-26 22:22:26
26 Sep 22:22:36 - Insert into live price table success: BCHUSD,446.7,446,1007.27936239,446.68,316.280392,466.21,445.1,18006.75748988,2017-09-26 22:22:36
26 Sep 22:22:36 - Insert into live price table success: DSHUSD,340,339.71,405.6778843,340,169.24699471,348.43,338.01,5863.30984432,2017-09-26 22:22:36
26 Sep 22:22:36 - Insert into live price table success: EOSUSD,0.563,0.56,32084.62274252,0.56489,104699.114903,0.59,0.552,2865073.46427742,2017-09-26 22:22:36
26 Sep 22:22:36 - Insert into live price table success: OMGUSD,9.851,9.851,18824.20792853,9.8761,17079.41360608,10.365,9.616,1095157.45120039,2017-09-26 22:22:36
26 Sep 22:22:36 - Insert into live price table success: LTCUSD,52.264,52.245,790.64072729,52.299,847.98427291,54.5,51.28,301626.23330218,2017-09-26 22:22:36
26 Sep 22:22:36 - Insert into live price table success: IOTUSD,0.52016,0.51985,110874.44066582,0.52287,53627.82091916,0.5571,0.5051,15139470.52393579,2017-09-26 22:22:36
26 Sep 22:22:36 - Insert into live price table success: ETCUSD,11.45,11.445,6339.4275954,11.45,3313.75361573,12.189,10.772,464941.22483926,2017-09-26 22:22:36
26 Sep 22:22:36 - Insert into live price table success: ETHUSD,288.37,288.27,363.48634035,288.35,185.38526228,296.08,285.2,108444.53879013,2017-09-26 22:22:36
26 Sep 22:22:36 - Insert into live price table success: BTCUSD,3900.8,3897.7,43.46223625,3898.5,65.94327531,3985,3838,20622.08140578,2017-09-26 22:22:36
26 Sep 22:22:45 - Insert into live price table success: DSHUSD,340,339.71,405.70695235,340,175.87226664,348.43,338.01,5863.30984432,2017-09-26 22:22:45
26 Sep 22:22:46 - Insert into live price table success: BCHUSD,446.7,446,632.2657578,446.68,322.01463437,466.21,445.1,18006.75748988,2017-09-26 22:22:46
26 Sep 22:22:46 - Insert into live price table success: ETCUSD,11.45,11.445,5769.3505954,11.45,3249.33116964,12.189,10.772,465020.72483926,2017-09-26 22:22:46
26 Sep 22:22:46 - Insert into live price table success: IOTUSD,0.52016,0.51975,119438.97911377,0.5215,53627.82091916,0.5571,0.5051,15139250.62393579,2017-09-26 22:22:46
26 Sep 22:22:46 - Insert into live price table success: OMGUSD,9.851,9.851,17417.03878084,9.8772,24951.13360608,10.365,9.616,1095157.45120039,2017-09-26 22:22:46
26 Sep 22:22:46 - Insert into live price table success: ETHUSD,288.31,288.3,368.70632461,288.33,161.73642926,296.08,285.2,108555.53879013,2017-09-26 22:22:46
26 Sep 22:22:46 - Insert into live price table success: EOSUSD,0.563,0.56011,29006.16327973,0.5646,101714.21844577,0.59,0.552,2865073.46427742,2017-09-26 22:22:46
26 Sep 22:22:46 - Insert into live price table success: LTCUSD,52.264,52.245,972.56150966,52.3,730.76109147,54.5,51.28,301622.68774418,2017-09-26 22:22:46
26 Sep 22:22:46 - Insert into live price table success: BTCUSD,3900.8,3898.6,33.82739316,3899.7,65.02801754,3985,3838,20622.08140578,2017-09-26 22:22:46
26 Sep 22:22:56 - Insert into live price table success: DSHUSD,340,339.71,404.26797023,340,174.46429738,348.43,338.01,5863.30984432,2017-09-26 22:22:55
26 Sep 22:22:56 - Insert into live price table success: EOSUSD,0.563,0.56011,42673.88781394,0.565,122451.44526287,0.59,0.552,2865073.46427742,2017-09-26 22:22:56
26 Sep 22:22:56 - Insert into live price table success: BCHUSD,446.7,446,1030.52446329,446.68,312.45279227,466.21,445.1,17999.73956988,2017-09-26 22:22:56
26 Sep 22:22:56 - Insert into live price table success: ETCUSD,11.45,11.445,5638.61273479,11.46,3652.8257741,12.189,10.772,465352.61937026,2017-09-26 22:22:56
26 Sep 22:22:56 - Insert into live price table success: OMGUSD,9.851,9.851,18865.114113,9.8772,24802.6916709,10.365,9.616,1095127.45120039,2017-09-26 22:22:56
26 Sep 22:22:56 - Insert into live price table success: LTCUSD,52.264,52.245,985.87204214,52.3,688.79834056,54.5,51.28,301622.68774418,2017-09-26 22:22:56
26 Sep 22:22:56 - Insert into live price table success: ETHUSD,288.1,288.03,309.04203087,288.09,307.74335645,296.08,285.2,108655.15910564,2017-09-26 22:22:56
26 Sep 22:22:56 - Insert into live price table success: IOTUSD,0.52016,0.5196,99981.5544329,0.52053,53627.82091916,0.5571,0.5051,15139124.55951407,2017-09-26 22:22:56
26 Sep 22:22:56 - Insert into live price table success: BTCUSD,3898.5,3898.6,29.93538964,3898.9,91.2433261,3985,3838,20622.24051846,2017-09-26 22:22:56
26 Sep 22:23:05 - Insert into live price table success: BCHUSD,446.7,446,631.51252796,446.68,275.0425675,466.21,445.1,17999.73956988,2017-09-26 22:23:05
26 Sep 22:23:06 - Insert into live price table success: OMGUSD,9.851,9.851,18918.37891394,9.8772,16749.77360608,10.365,9.616,1094966.45120039,2017-09-26 22:23:06
26 Sep 22:23:06 - Insert into live price table success: EOSUSD,0.563,0.56011,34163.5484626,0.56369,109363.31130491,0.59,0.552,2865073.46427742,2017-09-26 22:23:06
26 Sep 22:23:06 - Insert into live price table success: DSHUSD,340,339.7,405.66811243,340,174.46176225,348.43,338.01,5863.30984432,2017-09-26 22:23:06
26 Sep 22:23:06 - Insert into live price table success: IOTUSD,0.52016,0.51921,86282.42493638,0.52053,53628.70557916,0.5571,0.5051,15139123.56617607,2017-09-26 22:23:06
26 Sep 22:23:06 - Insert into live price table success: ETCUSD,11.45,11.445,4843.36356471,11.46,3800.21855989,12.189,10.772,465360.17558622,2017-09-26 22:23:06
26 Sep 22:23:06 - Insert into live price table success: ETHUSD,288.02,288.02,366.04742556,288.03,482.68558139,296.08,285.2,108704.53670564,2017-09-26 22:23:06
26 Sep 22:23:06 - Insert into live price table success: LTCUSD,52.264,52.245,2862.23566805,52.3,800.72693657,54.5,51.28,301621.83553618,2017-09-26 22:23:06
26 Sep 22:23:06 - Insert into live price table success: BTCUSD,3898.1,3898.1,30.66801552,3898.2,106.96549463,3985,3838,20622.37051846,2017-09-26 22:23:06
26 Sep 22:23:16 - Insert into live price table success: LTCUSD,52.264,52.245,916.81081858,52.3,840.38466299,54.5,51.28,301614.21553618,2017-09-26 22:23:16
26 Sep 22:23:16 - Insert into live price table success: BCHUSD,446.7,446,632.59252796,446.68,284.60186434,466.21,445.1,17999.73956988,2017-09-26 22:23:16
26 Sep 22:23:16 - Insert into live price table success: EOSUSD,0.563,0.56011,30983.93554288,0.5635,52239.90929915,0.59,0.552,2864817.02793578,2017-09-26 22:23:16
26 Sep 22:23:16 - Insert into live price table success: BTCUSD,3898.1,3898.1,25.02296305,3898.2,97.3556556,3985,3838,20622.37051846,2017-09-26 22:23:16
26 Sep 22:23:16 - Insert into live price table success: DSHUSD,340,339.7,405.66811243,340,135.55107293,348.43,338.01,5863.30984432,2017-09-26 22:23:16
26 Sep 22:23:16 - Insert into live price table success: ETHUSD,288.02,288.02,338.74193298,288.03,434.33435965,296.08,285.2,108696.65447863,2017-09-26 22:23:16
26 Sep 22:23:16 - Insert into live price table success: OMGUSD,9.851,9.853,18904.48487473,9.8773,20529.60079057,10.365,9.616,1094966.45120039,2017-09-26 22:23:16
26 Sep 22:23:16 - Insert into live price table success: ETCUSD,11.46,11.445,5542.86416475,11.46,3746.35094765,12.189,10.772,465360.17558622,2017-09-26 22:23:16
26 Sep 22:23:16 - Insert into live price table success: IOTUSD,0.52016,0.51921,88818.57732793,0.52053,29934.92040342,0.5571,0.5051,15139123.56617607,2017-09-26 22:23:16
26 Sep 22:23:26 - Insert into live price table success: LTCUSD,52.264,52.245,1069.13877276,52.3,726.14051905,54.5,51.28,301614.21553618,2017-09-26 22:23:26
26 Sep 22:23:26 - Insert into live price table success: DSHUSD,340,339.7,472.14911243,340,135.55372389,348.43,338.01,5863.30984432,2017-09-26 22:23:26
26 Sep 22:23:26 - Insert into live price table success: BTCUSD,3898.1,3898.1,31.88255381,3898.2,92.38647433,3985,3838,20621.84413022,2017-09-26 22:23:26
26 Sep 22:23:26 - Insert into live price table success: ETHUSD,288.03,288.02,320.8099583,288.03,355.7067564,296.08,285.2,108676.03764426,2017-09-26 22:23:26
26 Sep 22:23:26 - Insert into live price table success: BCHUSD,446.7,446,633.77441774,446.93,290.37557651,466.21,445.1,17995.19332688,2017-09-26 22:23:26
26 Sep 22:23:26 - Insert into live price table success: EOSUSD,0.563,0.56011,37067.34095847,0.56348,101934.90287501,0.59,0.552,2864817.02793578,2017-09-26 22:23:26
26 Sep 22:23:26 - Insert into live price table success: IOTUSD,0.52016,0.51921,119929.95386467,0.52053,29934.92040342,0.5571,0.5051,15139123.56617607,2017-09-26 22:23:26
26 Sep 22:23:26 - Insert into live price table success: OMGUSD,9.851,9.853,18875.99018068,9.8773,20408.82360608,10.365,9.616,1094966.45120039,2017-09-26 22:23:26
26 Sep 22:23:26 - Insert into live price table success: ETCUSD,11.46,11.445,5542.86416475,11.46,2015.56259656,12.189,10.772,465360.17558622,2017-09-26 22:23:26
26 Sep 22:23:35 - Insert into live price table success: ETCUSD,11.445,11.445,5543.27254458,11.46,2917.17975053,12.189,10.772,465410.45058622,2017-09-26 22:23:35
26 Sep 22:23:36 - Insert into live price table success: LTCUSD,52.264,52.212,1030.17353023,52.245,695.53674535,54.5,51.28,301614.21553618,2017-09-26 22:23:36
26 Sep 22:23:36 - Insert into live price table success: DSHUSD,340.46,338.66,490.59023329,339,135.43045252,348.43,338.01,5886.99984432,2017-09-26 22:23:36
26 Sep 22:23:36 - Insert into live price table success: ETHUSD,288.03,288.02,343.00130599,288.03,376.25472488,296.08,285.2,108668.40082474,2017-09-26 22:23:36
26 Sep 22:23:36 - Insert into live price table success: BTCUSD,3898.1,3898.1,26.65198077,3898.2,96.45878922,3985,3838,20621.85005245,2017-09-26 22:23:36
26 Sep 22:23:36 - Insert into live price table success: BCHUSD,446.7,446,632.58609848,446.91,335.82551977,466.21,445.1,17994.96942688,2017-09-26 22:23:36
26 Sep 22:23:36 - Insert into live price table success: EOSUSD,0.563,0.56011,48192.40821733,0.5644,102612.17940916,0.59,0.552,2864817.02793578,2017-09-26 22:23:36
26 Sep 22:23:36 - Insert into live price table success: IOTUSD,0.51921,0.51921,86893.50833198,0.52053,30910.03574342,0.5571,0.5051,15141053.56617607,2017-09-26 22:23:36
26 Sep 22:23:36 - Insert into live price table success: OMGUSD,9.851,9.853,18875.99018068,9.8773,20439.08161823,10.365,9.616,1094966.45120039,2017-09-26 22:23:36
26 Sep 22:23:46 - Insert into live price table success: IOTUSD,0.51921,0.51921,96890.66072353,0.52053,30910.03574342,0.5571,0.5051,15141053.56617607,2017-09-26 22:23:46
26 Sep 22:23:46 - Insert into live price table success: DSHUSD,339,338.89,546.68946121,339,76.50611069,348.43,338.01,5908.99984432,2017-09-26 22:23:46
26 Sep 22:23:46 - Insert into live price table success: EOSUSD,0.563,0.56011,40121.11923001,0.5633,109370.34420078,0.59,0.552,2864817.02793578,2017-09-26 22:23:46
26 Sep 22:23:46 - Insert into live price table success: ETCUSD,11.445,11.445,5492.99754458,11.459,2034.6718832,12.189,10.772,465410.45058622,2017-09-26 22:23:46
26 Sep 22:23:46 - Insert into live price table success: BCHUSD,446.7,446,626.84971045,446.89,315.74552926,466.21,445.1,17994.96942688,2017-09-26 22:23:46
26 Sep 22:23:46 - Insert into live price table success: LTCUSD,52.264,52.212,922.1493906,52.245,720.32497786,54.5,51.28,301614.21553618,2017-09-26 22:23:46
26 Sep 22:23:46 - Insert into live price table success: OMGUSD,9.851,9.853,18824.31526221,9.8773,16879.26540101,10.365,9.616,1094956.25002239,2017-09-26 22:23:46
26 Sep 22:23:46 - Insert into live price table success: ETHUSD,288.03,288.02,336.57186865,288.03,458.35799275,296.08,285.2,108668.40082474,2017-09-26 22:23:46
26 Sep 22:23:46 - Insert into live price table success: BTCUSD,3896.3,3898,31.62337511,3898.1,105.76188879,3985,3838,20624.26837357,2017-09-26 22:23:46
26 Sep 22:23:55 - Insert into live price table success: DSHUSD,339.26,339.13,434.57736103,342.43,283.4009036,348.43,338.01,5963.58964432,2017-09-26 22:23:55
26 Sep 22:23:56 - Insert into live price table success: ETCUSD,11.445,11.445,6121.84137573,11.458,3079.90794962,12.189,10.772,465063.83727822,2017-09-26 22:23:56
26 Sep 22:23:56 - Insert into live price table success: EOSUSD,0.563,0.56022,38298.41800012,0.5631,105534.83242891,0.59,0.552,2864817.02793578,2017-09-26 22:23:56
26 Sep 22:23:56 - Insert into live price table success: BCHUSD,445.1,445,996.84524591,446.6,362.48426224,466.21,445.1,18368.09385589,2017-09-26 22:23:56
26 Sep 22:23:56 - Insert into live price table success: LTCUSD,52.276,52.236,686.06535265,52.276,542.31493845,54.5,51.28,301619.21553618,2017-09-26 22:23:56
26 Sep 22:23:56 - Insert into live price table success: IOTUSD,0.51921,0.51921,108006.39916642,0.52176,72754.33361197,0.5571,0.5051,15140939.5825224,2017-09-26 22:23:56
26 Sep 22:23:56 - Insert into live price table success: OMGUSD,9.851,9.853,18875.99018068,9.8773,18884.66209205,10.365,9.616,1094886.25002239,2017-09-26 22:23:56
26 Sep 22:23:56 - Insert into live price table success: BTCUSD,3894.3,3894.3,40.97254335,3896.3,95.23689163,3985,3838,20625.63776978,2017-09-26 22:23:56
26 Sep 22:23:56 - Insert into live price table success: ETHUSD,288.03,288.02,342.41982619,288.03,473.07860901,296.08,285.2,108645.32820536,2017-09-26 22:23:56
26 Sep 22:24:06 - Insert into live price table success: OMGUSD,9.851,9.852,15323.91966989,9.8732,21406.78959217,10.365,9.616,1094886.25002239,2017-09-26 22:24:06
26 Sep 22:24:06 - Insert into live price table success: ETCUSD,11.445,11.445,5625.61641412,11.458,2962.79036578,12.189,10.772,465063.83727822,2017-09-26 22:24:06
26 Sep 22:24:06 - Insert into live price table success: DSHUSD,339.26,339.41,516.57085313,342.32,337.03909436,348.43,338.01,5963.38964432,2017-09-26 22:24:06
26 Sep 22:24:06 - Insert into live price table success: BCHUSD,445.1,445,979.12252535,446.48,213.94930634,466.21,445.1,18368.09385589,2017-09-26 22:24:06
26 Sep 22:24:06 - Insert into live price table success: EOSUSD,0.563,0.56022,36518.07650726,0.5631,105008.03286778,0.59,0.552,2864817.02793578,2017-09-26 22:24:06
26 Sep 22:24:06 - Insert into live price table success: IOTUSD,0.51921,0.51921,117154.45106073,0.52176,32160.70773628,0.5571,0.5051,15141239.5825224,2017-09-26 22:24:06
26 Sep 22:24:06 - Insert into live price table success: LTCUSD,52.276,52.236,959.03375864,52.274,865.42557223,54.5,51.28,301619.21553618,2017-09-26 22:24:06
26 Sep 22:24:06 - Insert into live price table success: BTCUSD,3892.7,3892.9,36.13032892,3896.2,88.85604727,3985,3838,20627.72298627,2017-09-26 22:24:06
26 Sep 22:24:06 - Insert into live price table success: ETHUSD,288.02,288.02,330.52333182,288.03,398.55692417,296.08,285.2,108647.32820536,2017-09-26 22:24:06
26 Sep 22:24:16 - Insert into live price table success: EOSUSD,0.563,0.56033,34031.77238655,0.5631,98802.506738,0.59,0.552,2864817.02793578,2017-09-26 22:24:16
26 Sep 22:24:16 - Insert into live price table success: BCHUSD,445.1,445,942.81730211,446.09,267.19588877,466.21,445.1,18368.09385589,2017-09-26 22:24:16
26 Sep 22:24:16 - Insert into live price table success: IOTUSD,0.51921,0.51921,117636.42645159,0.52176,54228.47291202,0.5571,0.5051,15140934.98287786,2017-09-26 22:24:16
26 Sep 22:24:16 - Insert into live price table success: DSHUSD,339.26,339.92,149.75868151,342.21,317.30942835,348.43,338.01,5963.38964432,2017-09-26 22:24:16
26 Sep 22:24:16 - Insert into live price table success: LTCUSD,52.212,52.212,2644.45194837,52.271,610.15771943,54.5,51.28,300613.20408521,2017-09-26 22:24:16
26 Sep 22:24:16 - Insert into live price table success: OMGUSD,9.851,9.852,16879.3296491,9.8723,23311.04082306,10.365,9.616,1094886.25002239,2017-09-26 22:24:16
26 Sep 22:24:16 - Insert into live price table success: ETCUSD,11.453,11.445,5625.36873309,11.456,2370.45334754,12.189,10.772,465103.83727822,2017-09-26 22:24:16
26 Sep 22:24:16 - Insert into live price table success: ETHUSD,288.03,288.02,332.36088473,288.03,446.36808183,296.08,285.2,108649.33230536,2017-09-26 22:24:16
26 Sep 22:24:16 - Insert into live price table success: BTCUSD,3893.1,3893.2,44.69911959,3895,105.63235248,3985,3838,20627.97287621,2017-09-26 22:24:16
