26 Sep 21:56:46 - { event: 'subscribe',
  channel: 'book',
  symbol: 'tBTCUSD',
  prec: 'P0',
  freq: 'F0',
  len: '100' }
26 Sep 21:56:46 - { event: 'subscribe',
  channel: 'book',
  symbol: 'tLTCUSD',
  prec: 'P0',
  freq: 'F0',
  len: '100' }
26 Sep 21:56:46 - { event: 'subscribe',
  channel: 'book',
  symbol: 'tETHUSD',
  prec: 'P0',
  freq: 'F0',
  len: '100' }
26 Sep 21:56:46 - { event: 'subscribe',
  channel: 'book',
  symbol: 'tETCUSD',
  prec: 'P0',
  freq: 'F0',
  len: '100' }
26 Sep 21:56:46 - { event: 'subscribe',
  channel: 'book',
  symbol: 'tDSHUSD',
  prec: 'P0',
  freq: 'F0',
  len: '100' }
26 Sep 21:56:46 - { event: 'subscribe',
  channel: 'book',
  symbol: 'tIOTUSD',
  prec: 'P0',
  freq: 'F0',
  len: '100' }
26 Sep 21:56:46 - { event: 'subscribe',
  channel: 'book',
  symbol: 'tEOSUSD',
  prec: 'P0',
  freq: 'F0',
  len: '100' }
26 Sep 21:56:46 - { event: 'subscribe',
  channel: 'book',
  symbol: 'tOMGUSD',
  prec: 'P0',
  freq: 'F0',
  len: '100' }
26 Sep 21:56:46 - { event: 'subscribe',
  channel: 'book',
  symbol: 'tBCHUSD',
  prec: 'P0',
  freq: 'F0',
  len: '100' }
26 Sep 21:56:46 - { event: 'subscribe', channel: 'ticker', symbol: 'tBTCUSD' }
26 Sep 21:56:46 - { event: 'subscribe', channel: 'ticker', symbol: 'tLTCUSD' }
26 Sep 21:56:46 - { event: 'subscribe', channel: 'ticker', symbol: 'tETHUSD' }
26 Sep 21:56:46 - { event: 'subscribe', channel: 'ticker', symbol: 'tETCUSD' }
26 Sep 21:56:46 - { event: 'subscribe', channel: 'ticker', symbol: 'tDSHUSD' }
26 Sep 21:56:46 - { event: 'subscribe', channel: 'ticker', symbol: 'tIOTUSD' }
26 Sep 21:56:46 - { event: 'subscribe', channel: 'ticker', symbol: 'tEOSUSD' }
26 Sep 21:56:46 - { event: 'subscribe', channel: 'ticker', symbol: 'tOMGUSD' }
26 Sep 21:56:46 - { event: 'subscribe', channel: 'ticker', symbol: 'tBCHUSD' }
26 Sep 21:56:46 - { event: 'subscribe',
  channel: 'candles',
  key: 'trade:1m:tBTCUSD' }
26 Sep 21:56:46 - { event: 'subscribe',
  channel: 'candles',
  key: 'trade:1m:tLTCUSD' }
26 Sep 21:56:46 - { event: 'subscribe',
  channel: 'candles',
  key: 'trade:1m:tETHUSD' }
26 Sep 21:56:46 - { event: 'subscribe',
  channel: 'candles',
  key: 'trade:1m:tETCUSD' }
26 Sep 21:56:46 - { event: 'subscribe',
  channel: 'candles',
  key: 'trade:1m:tDSHUSD' }
26 Sep 21:56:46 - { event: 'subscribe',
  channel: 'candles',
  key: 'trade:1m:tIOTUSD' }
26 Sep 21:56:46 - { event: 'subscribe',
  channel: 'candles',
  key: 'trade:1m:tEOSUSD' }
26 Sep 21:56:46 - { event: 'subscribe',
  channel: 'candles',
  key: 'trade:1m:tOMGUSD' }
26 Sep 21:56:46 - { event: 'subscribe',
  channel: 'candles',
  key: 'trade:1m:tBCHUSD' }
Client [public] started, listening to WebSocket 127.0.0.1:1337
New Connection id ::  fpowg31I302O6zci+8zS1A==
26 Sep 21:56:47 - --------------------------------------
INFO: undefined 
undefined
--------------------------------------
New Connection id ::  rtlZXgbfXV5u3kk24FmpDg==
Received client [bot]'s id: rtlZXgbfXV5u3kk24FmpDg==
Client [bot] started, listening to WebSocket 127.0.0.1:1337
Received client [public_books]'s id: fpowg31I302O6zci+8zS1A==
26 Sep 21:56:47 - Success clearing bitfinex_transactions table
26 Sep 21:56:47 - Success clearing bitfinex_live_price table
26 Sep 21:56:47 - Insert into live price table success: BTCUSD,3901,3901,102.2109438,3901.1,83.1324413,3985,3838,20698.92665139,2017-09-26 21:56:47
26 Sep 21:56:47 - Insert into live price table success: LTCUSD,52.24,52.211,580.40052874,52.283,783.4100658,54.5,51.28,304335.96550724,2017-09-26 21:56:47
26 Sep 21:56:47 - Insert into live price table success: ETHUSD,288.38,288.3,212.00267568,288.36,603.8655196,296.08,285.2,107535.24194783,2017-09-26 21:56:47
26 Sep 21:56:47 - Insert into live price table success: ETCUSD,11.459,11.459,15325.58707536,11.498,1747.3869168,12.189,10.772,457117.54800466,2017-09-26 21:56:47
26 Sep 21:56:47 - Insert into live price table success: DSHUSD,342.44,342.1,567.23049407,342.21,53.25350681,348.85,338.01,5744.52370663,2017-09-26 21:56:47
26 Sep 21:56:47 - Insert into live price table success: EOSUSD,0.55914,0.5588,47060.21222608,0.559,33688.36062259,0.59,0.552,2852992.20013626,2017-09-26 21:56:47
26 Sep 21:56:47 - Insert into live price table success: IOTUSD,0.52148,0.5158,41058.70026463,0.52148,141605.56397332,0.5571,0.5051,15172365.84589227,2017-09-26 21:56:47
26 Sep 21:56:47 - Insert into live price table success: OMGUSD,9.8621,9.85,15618.74462392,9.8597,633.14264649,10.365,9.616,1099302.25323677,2017-09-26 21:56:47
26 Sep 21:56:47 - Insert into live price table success: BCHUSD,446.28,446.41,553.99451922,448.27,171.00392146,466.21,445.1,18082.35665045,2017-09-26 21:56:47
26 Sep 21:56:51 - ************* Buy | 958.8095420725626 IOTUSD @ 0.52148 *************
26 Sep 21:56:51 - -------------------- Summary ----------------------------
26 Sep 21:56:51 - Currency Wallet: {
  "BTCUSD": {
    "qty": 0,
    "price": 0
  },
  "IOTUSD": {
    "qty": 958.8095420725626,
    "price": 0.52148
  }
}
26 Sep 21:56:51 - =====> Market Value: 500.00
26 Sep 21:56:51 - Fiat Wallet: $9499.00
26 Sep 21:56:51 - Starting Value: 10000
26 Sep 21:56:51 - Total Value: 9999.00
26 Sep 21:56:51 - ---------------------------------------------------------


26 Sep 21:56:51 - Insert into transaction table success: IOTUSD,0.52148,958.8095420725626,1,2017-09-26 21:56:51
26 Sep 21:56:56 - Insert into live price table success: BCHUSD,446.28,446.44,548.81805892,448.1,263.66663318,466.21,445.1,18082.35665045,2017-09-26 21:56:56
26 Sep 21:56:56 - Insert into live price table success: DSHUSD,342.44,341.98,611.10572595,342.19,62.12347564,348.85,338.01,5744.52370663,2017-09-26 21:56:56
26 Sep 21:56:56 - Insert into live price table success: BTCUSD,3901,3901,106.40439407,3901.1,104.01316821,3985,3838,20699.26423385,2017-09-26 21:56:56
26 Sep 21:56:56 - Insert into live price table success: ETCUSD,11.459,11.459,14784.46295082,11.503,1856.75229469,12.189,10.772,457117.54800466,2017-09-26 21:56:56
26 Sep 21:56:56 - Insert into live price table success: EOSUSD,0.5589,0.5589,45103.76934749,0.559,32376.41445868,0.59,0.552,2852992.21013626,2017-09-26 21:56:56
26 Sep 21:56:56 - Insert into live price table success: LTCUSD,52.24,52.221,1070.98026543,52.282,820.7761299,54.5,51.28,304335.96550724,2017-09-26 21:56:56
26 Sep 21:56:56 - Insert into live price table success: IOTUSD,0.52148,0.51672,43742.96497426,0.52068,162602.46773927,0.5571,0.5051,15169967.63495763,2017-09-26 21:56:56
26 Sep 21:56:56 - Insert into live price table success: OMGUSD,9.8598,9.85,15591.726873,9.8567,461.45688345,10.365,9.616,1099303.05999238,2017-09-26 21:56:56
26 Sep 21:56:56 - Insert into live price table success: ETHUSD,288.38,288.3,202.90908724,288.38,604.3481196,296.08,285.2,107535.24194783,2017-09-26 21:56:56
26 Sep 21:57:01 - ************* Buy | 894.6144211844696 EOSUSD @ 0.5589 *************
26 Sep 21:57:01 - -------------------- Summary ----------------------------
26 Sep 21:57:01 - Currency Wallet: {
  "BTCUSD": {
    "qty": 0,
    "price": 0
  },
  "IOTUSD": {
    "qty": 958.8095420725626,
    "price": 0.52148
  },
  "BCHUSD": {
    "qty": 0,
    "price": 0
  },
  "ETCUSD": {
    "qty": 0,
    "price": 0
  },
  "DSHUSD": {
    "qty": 0,
    "price": 0
  },
  "OMGUSD": {
    "qty": 0,
    "price": 0
  },
  "EOSUSD": {
    "qty": 894.6144211844696,
    "price": 0.5589
  },
  "ETHUSD": {
    "qty": 0,
    "price": 0
  },
  "LTCUSD": {
    "qty": 0,
    "price": 0
  }
}
26 Sep 21:57:01 - =====> Market Value: 1000.00
26 Sep 21:57:01 - Fiat Wallet: $8998.00
26 Sep 21:57:01 - Starting Value: 10000
26 Sep 21:57:01 - Total Value: 9998.00
26 Sep 21:57:01 - ---------------------------------------------------------


26 Sep 21:57:01 - Insert into transaction table success: EOSUSD,0.5589,894.6144211844696,1,2017-09-26 21:57:01
26 Sep 21:57:06 - Insert into live price table success: IOTUSD,0.52148,0.5166,44988.9065556,0.51762,86744.26222625,0.5571,0.5051,15169967.63495763,2017-09-26 21:57:06
26 Sep 21:57:06 - Insert into live price table success: DSHUSD,342.44,341.98,341.50353418,342.17,62.21447564,348.85,338.01,5744.52370663,2017-09-26 21:57:06
26 Sep 21:57:06 - Insert into live price table success: BCHUSD,446.28,446.45,586.88368523,447.79,270.44401875,466.21,445.1,18082.35665045,2017-09-26 21:57:06
26 Sep 21:57:06 - Insert into live price table success: ETHUSD,288.37,288.3,150.31514424,288.38,602.52647497,296.08,285.2,107457.97844783,2017-09-26 21:57:06
26 Sep 21:57:06 - Insert into live price table success: EOSUSD,0.5589,0.5589,36725.44271574,0.559,34000.19868501,0.59,0.552,2852992.27013626,2017-09-26 21:57:06
26 Sep 21:57:06 - Insert into live price table success: OMGUSD,9.8583,9.8583,13854.19935817,9.862,480.9715462,10.365,9.616,1099321.89091538,2017-09-26 21:57:06
26 Sep 21:57:06 - Insert into live price table success: BTCUSD,3901.1,3901,103.76660694,3901.1,102.97760131,3985,3838,20699.36583385,2017-09-26 21:57:06
26 Sep 21:57:06 - Insert into live price table success: ETCUSD,11.459,11.461,15348.77383836,11.489,812.70047614,12.189,10.772,457117.54800466,2017-09-26 21:57:06
26 Sep 21:57:06 - Insert into live price table success: LTCUSD,52.221,52.231,927.30102056,52.286,578.07217703,54.5,51.28,304355.96550724,2017-09-26 21:57:06
26 Sep 21:57:07 - ************* Buy | 43.63382494109434 ETCUSD @ 11.459 *************
26 Sep 21:57:07 - -------------------- Summary ----------------------------
26 Sep 21:57:07 - Currency Wallet: {
  "BTCUSD": {
    "qty": 0,
    "price": 0
  },
  "IOTUSD": {
    "qty": 958.8095420725626,
    "price": 0.52148
  },
  "BCHUSD": {
    "qty": 0,
    "price": 0
  },
  "ETCUSD": {
    "qty": 43.63382494109434,
    "price": 11.459
  },
  "DSHUSD": {
    "qty": 0,
    "price": 0
  },
  "OMGUSD": {
    "qty": 0,
    "price": 0
  },
  "EOSUSD": {
    "qty": 894.6144211844696,
    "price": 0.5589
  },
  "ETHUSD": {
    "qty": 0,
    "price": 0
  },
  "LTCUSD": {
    "qty": 0,
    "price": 0
  }
}
26 Sep 21:57:07 - =====> Market Value: 1500.00
26 Sep 21:57:07 - Fiat Wallet: $8497.00
26 Sep 21:57:07 - Starting Value: 10000
26 Sep 21:57:07 - Total Value: 9997.00
26 Sep 21:57:07 - ---------------------------------------------------------


26 Sep 21:57:07 - Insert into transaction table success: ETCUSD,11.459,43.63382494109434,1,2017-09-26 21:57:07
26 Sep 21:57:07 - ************* Buy | 1.1203728600878373 BCHUSD @ 446.28 *************
26 Sep 21:57:07 - -------------------- Summary ----------------------------
26 Sep 21:57:07 - Currency Wallet: {
  "BTCUSD": {
    "qty": 0,
    "price": 0
  },
  "IOTUSD": {
    "qty": 958.8095420725626,
    "price": 0.52148
  },
  "BCHUSD": {
    "qty": 1.1203728600878373,
    "price": 446.28
  },
  "ETCUSD": {
    "qty": 43.63382494109434,
    "price": 11.459
  },
  "DSHUSD": {
    "qty": 0,
    "price": 0
  },
  "OMGUSD": {
    "qty": 0,
    "price": 0
  },
  "EOSUSD": {
    "qty": 894.6144211844696,
    "price": 0.5589
  },
  "ETHUSD": {
    "qty": 0,
    "price": 0
  },
  "LTCUSD": {
    "qty": 0,
    "price": 0
  }
}
26 Sep 21:57:07 - =====> Market Value: 2000.00
26 Sep 21:57:07 - Fiat Wallet: $7996.00
26 Sep 21:57:07 - Starting Value: 10000
26 Sep 21:57:07 - Total Value: 9996.00
26 Sep 21:57:07 - ---------------------------------------------------------


26 Sep 21:57:07 - Insert into transaction table success: BCHUSD,446.28,1.1203728600878373,1,2017-09-26 21:57:07
26 Sep 21:57:08 - ************* Buy | 50.71868374871936 OMGUSD @ 9.8583 *************
26 Sep 21:57:08 - -------------------- Summary ----------------------------
26 Sep 21:57:08 - Currency Wallet: {
  "BTCUSD": {
    "qty": 0,
    "price": 0
  },
  "IOTUSD": {
    "qty": 958.8095420725626,
    "price": 0.52148
  },
  "BCHUSD": {
    "qty": 1.1203728600878373,
    "price": 446.28
  },
  "ETCUSD": {
    "qty": 43.63382494109434,
    "price": 11.459
  },
  "DSHUSD": {
    "qty": 0,
    "price": 0
  },
  "OMGUSD": {
    "qty": 50.71868374871936,
    "price": 9.8583
  },
  "EOSUSD": {
    "qty": 894.6144211844696,
    "price": 0.5589
  },
  "ETHUSD": {
    "qty": 0,
    "price": 0
  },
  "LTCUSD": {
    "qty": 0,
    "price": 0
  }
}
26 Sep 21:57:08 - =====> Market Value: 2500.00
26 Sep 21:57:08 - Fiat Wallet: $7495.00
26 Sep 21:57:08 - Starting Value: 10000
26 Sep 21:57:08 - Total Value: 9995.00
26 Sep 21:57:08 - ---------------------------------------------------------


26 Sep 21:57:08 - Insert into transaction table success: OMGUSD,9.8583,50.71868374871936,1,2017-09-26 21:57:08
26 Sep 21:57:16 - Insert into live price table success: DSHUSD,342.44,341.98,601.53972356,342.15,60.56551504,348.85,338.01,5744.52370663,2017-09-26 21:57:16
26 Sep 21:57:16 - Insert into live price table success: EOSUSD,0.5589,0.5589,49322.27390163,0.559,17904.29902087,0.59,0.552,2852992.27013626,2017-09-26 21:57:16
26 Sep 21:57:16 - Insert into live price table success: ETCUSD,11.459,11.462,15355.18807651,11.499,1935.59870351,12.189,10.772,457117.54800466,2017-09-26 21:57:16
26 Sep 21:57:16 - Insert into live price table success: LTCUSD,52.221,52.231,919.78830484,52.286,503.74994705,54.5,51.28,304195.33249688,2017-09-26 21:57:16
26 Sep 21:57:16 - Insert into live price table success: IOTUSD,0.52148,0.51683,43548.64660123,0.52053,48533.42277062,0.5571,0.5051,15169967.63495763,2017-09-26 21:57:16
26 Sep 21:57:16 - Insert into live price table success: BTCUSD,3901.1,3901,104.18660994,3901.1,92.64916636,3985,3838,20699.21905792,2017-09-26 21:57:16
26 Sep 21:57:16 - Insert into live price table success: BCHUSD,446.28,446.46,545.10921362,447.99,252.36570996,466.21,445.1,18082.35665045,2017-09-26 21:57:16
26 Sep 21:57:16 - Insert into live price table success: OMGUSD,9.8583,9.85,14185.35967429,9.8573,795.26854644,10.365,9.616,1099295.92091364,2017-09-26 21:57:16
26 Sep 21:57:16 - Insert into live price table success: ETHUSD,288.37,288.3,195.92402647,288.39,578.96440518,296.08,285.2,107436.27844783,2017-09-26 21:57:16
26 Sep 21:57:26 - Insert into live price table success: EOSUSD,0.5589,0.5589,50685.46527221,0.559,43129.38845938,0.59,0.552,2852992.27013626,2017-09-26 21:57:26
26 Sep 21:57:26 - Insert into live price table success: DSHUSD,342.43,342.11,577.56463483,342.43,72.99641504,348.85,338.01,5764.22379563,2017-09-26 21:57:26
26 Sep 21:57:26 - Insert into live price table success: OMGUSD,9.8123,9.8157,18244.18563561,9.8562,480.24877969,10.365,9.616,1099437.90175264,2017-09-26 21:57:26
26 Sep 21:57:26 - Insert into live price table success: BCHUSD,446.28,446.49,546.64504208,447.8,254.6406587,466.21,445.1,18082.35665045,2017-09-26 21:57:26
26 Sep 21:57:26 - Insert into live price table success: ETCUSD,11.462,11.462,15353.31249692,11.486,1203.20058311,12.189,10.772,457122.01670466,2017-09-26 21:57:26
26 Sep 21:57:26 - Insert into live price table success: LTCUSD,52.221,52.231,707.72441829,52.284,488.22593101,54.5,51.28,304195.33249688,2017-09-26 21:57:26
26 Sep 21:57:26 - Insert into live price table success: ETHUSD,288.39,288.3,260.91847932,288.39,576.62662563,296.08,285.2,107436.28844783,2017-09-26 21:57:26
26 Sep 21:57:26 - Insert into live price table success: IOTUSD,0.52148,0.5166,51223.90971803,0.52,85300.15251147,0.5571,0.5051,15169967.63495763,2017-09-26 21:57:26
26 Sep 21:57:26 - Insert into live price table success: BTCUSD,3901.1,3901,102.20540102,3901.1,91.9981023,3985,3838,20701.19001824,2017-09-26 21:57:26
26 Sep 21:57:26 - ************* Buy | 50.95645261559471 OMGUSD @ 9.8123 *************
26 Sep 21:57:26 - -------------------- Summary ----------------------------
26 Sep 21:57:26 - Currency Wallet: {
  "BTCUSD": {
    "qty": 0,
    "price": 0
  },
  "IOTUSD": {
    "qty": 958.8095420725626,
    "price": 0.52148
  },
  "BCHUSD": {
    "qty": 1.1203728600878373,
    "price": 446.28
  },
  "ETCUSD": {
    "qty": 43.63382494109434,
    "price": 11.459
  },
  "DSHUSD": {
    "qty": 0,
    "price": 0
  },
  "OMGUSD": {
    "qty": 101.67513636431407,
    "price": 9.835246214147002
  },
  "EOSUSD": {
    "qty": 894.6144211844696,
    "price": 0.5589
  },
  "ETHUSD": {
    "qty": 0,
    "price": 0
  },
  "LTCUSD": {
    "qty": 0,
    "price": 0
  }
}
26 Sep 21:57:26 - =====> Market Value: 2997.80
26 Sep 21:57:26 - Fiat Wallet: $6994.00
26 Sep 21:57:26 - Starting Value: 10000
26 Sep 21:57:26 - Total Value: 9991.80
26 Sep 21:57:26 - ---------------------------------------------------------


26 Sep 21:57:26 - Insert into transaction table success: OMGUSD,9.8123,50.95645261559471,1,2017-09-26 21:57:26
26 Sep 21:57:36 - Insert into live price table success: DSHUSD,342.43,342.23,229.71266702,342.38,71.05717945,348.85,338.01,5764.22379563,2017-09-26 21:57:36
26 Sep 21:57:36 - Insert into live price table success: EOSUSD,0.5589,0.5588,52913.89935474,0.55891,40059.66875793,0.59,0.552,2852992.27013626,2017-09-26 21:57:36
26 Sep 21:57:36 - Insert into live price table success: BCHUSD,446.28,446.51,565.60455235,447.9,296.3394587,466.21,445.1,18082.35665045,2017-09-26 21:57:36
26 Sep 21:57:36 - Insert into live price table success: ETHUSD,288.31,288.31,238.96816664,288.39,578.62316722,296.08,285.2,107436.19502431,2017-09-26 21:57:36
26 Sep 21:57:36 - Insert into live price table success: IOTUSD,0.52148,0.51671,50990.91375071,0.51989,47374.97267332,0.5571,0.5051,15169967.63495763,2017-09-26 21:57:36
26 Sep 21:57:36 - Insert into live price table success: BTCUSD,3901.1,3901,104.49643375,3901.1,102.01252916,3985,3838,20701.29191824,2017-09-26 21:57:36
26 Sep 21:57:36 - Insert into live price table success: OMGUSD,9.8158,9.8583,17944.99308257,9.8629,452.11048774,10.365,9.616,1099622.70850825,2017-09-26 21:57:36
26 Sep 21:57:36 - Insert into live price table success: ETCUSD,11.463,11.459,15175.77604747,11.497,1683.72706646,12.189,10.772,457156.91460466,2017-09-26 21:57:36
26 Sep 21:57:36 - Insert into live price table success: LTCUSD,52.221,52.231,951.2027779,52.288,459.96362381,54.5,51.28,304195.33249688,2017-09-26 21:57:36
26 Sep 21:57:46 - Insert into live price table success: ETCUSD,11.463,11.459,15167.39922698,11.48,1075.41936415,12.189,10.772,457143.59092566,2017-09-26 21:57:46
26 Sep 21:57:46 - Insert into live price table success: LTCUSD,52.221,52.231,882.94382166,52.26,904.50224506,54.5,51.28,304195.33249688,2017-09-26 21:57:46
26 Sep 21:57:46 - Insert into live price table success: BTCUSD,3901.1,3901,102.43247102,3901.1,114.77530856,3985,3838,20701.68373169,2017-09-26 21:57:46
26 Sep 21:57:46 - Insert into live price table success: DSHUSD,342.43,342.23,564.94921285,342.34,62.36450651,348.85,338.01,5764.22379563,2017-09-26 21:57:46
26 Sep 21:57:46 - Insert into live price table success: EOSUSD,0.5589,0.5588,49665.93643521,0.55891,43579.09796744,0.59,0.552,2853248.26874801,2017-09-26 21:57:46
26 Sep 21:57:46 - Insert into live price table success: BCHUSD,446.28,446.52,552.20492189,447.59,277.93196577,466.21,445.1,18082.35665045,2017-09-26 21:57:46
26 Sep 21:57:46 - Insert into live price table success: OMGUSD,9.8583,9.82,17795.80437878,9.85,460.40211983,10.365,9.616,1099652.64447616,2017-09-26 21:57:46
26 Sep 21:57:46 - Insert into live price table success: IOTUSD,0.51661,0.51672,41391.44105136,0.51999,102483.47457795,0.5571,0.5051,15169988.63495763,2017-09-26 21:57:46
26 Sep 21:57:46 - Insert into live price table success: ETHUSD,288.28,288.27,283.06369922,288.28,577.88343991,296.08,285.2,107448.48261334,2017-09-26 21:57:46
26 Sep 21:57:56 - Insert into live price table success: ETCUSD,11.463,11.462,15413.36940469,11.488,848.69727749,12.189,10.772,457143.59092566,2017-09-26 21:57:56
26 Sep 21:57:56 - Insert into live price table success: DSHUSD,342.43,342.23,510.24701249,342.34,62.96328741,348.85,338.01,5764.22379563,2017-09-26 21:57:56
26 Sep 21:57:56 - Insert into live price table success: EOSUSD,0.5634,0.5588,48983.31559817,0.5632,46719.76622161,0.59,0.552,2853248.26874801,2017-09-26 21:57:56
26 Sep 21:57:56 - Insert into live price table success: BCHUSD,446.54,446.54,545.90264093,447.58,311.90070211,466.21,445.1,18082.64665045,2017-09-26 21:57:56
26 Sep 21:57:56 - Insert into live price table success: LTCUSD,52.221,52.24,947.26718369,52.259,626.41362397,54.5,51.28,304195.33249688,2017-09-26 21:57:56
26 Sep 21:57:56 - Insert into live price table success: OMGUSD,9.8583,9.82,18646.27570321,9.8489,460.78381716,10.365,9.616,1099652.64447616,2017-09-26 21:57:56
26 Sep 21:57:56 - Insert into live price table success: BTCUSD,3901.1,3901,99.41731536,3901.1,94.5354194,3985,3838,20700.51359033,2017-09-26 21:57:56
26 Sep 21:57:57 - Insert into live price table success: IOTUSD,0.51879,0.51683,43539.03473297,0.51879,52107.46699221,0.5571,0.5051,15170809.98495763,2017-09-26 21:57:57
26 Sep 21:57:57 - Insert into live price table success: ETHUSD,288.29,288.27,268.94623009,288.29,930.04148941,296.08,285.2,107448.98261334,2017-09-26 21:57:57
26 Sep 21:58:05 - Insert into live price table success: EOSUSD,0.5589,0.5589,45107.35442774,0.5627,35866.92670885,0.59,0.552,2853248.27874801,2017-09-26 21:58:05
26 Sep 21:58:06 - Insert into live price table success: LTCUSD,52.221,52.24,976.08985879,52.259,603.15100604,54.5,51.28,304195.33249688,2017-09-26 21:58:06
26 Sep 21:58:06 - Insert into live price table success: DSHUSD,342.43,342.11,539.26212854,342.32,62.64924388,348.85,338.01,5764.22379563,2017-09-26 21:58:06
26 Sep 21:58:06 - Insert into live price table success: BTCUSD,3901.1,3901,103.96647546,3901.1,101.60075164,3985,3838,20700.51359033,2017-09-26 21:58:06
26 Sep 21:58:06 - Insert into live price table success: ETCUSD,11.463,11.462,15411.29193164,11.501,1664.43913057,12.189,10.772,457143.59092566,2017-09-26 21:58:06
26 Sep 21:58:06 - Insert into live price table success: BCHUSD,446.54,446.51,544.61795622,447.53,346.56761339,466.21,445.1,18083.93635045,2017-09-26 21:58:06
26 Sep 21:58:06 - Insert into live price table success: OMGUSD,9.8583,9.822,19599.50435949,9.8489,471.55299983,10.365,9.616,1099604.60515345,2017-09-26 21:58:06
26 Sep 21:58:06 - Insert into live price table success: IOTUSD,0.51879,0.5167,46551.21856305,0.51712,39920.63297783,0.5571,0.5051,15168809.98495763,2017-09-26 21:58:06
26 Sep 21:58:06 - Insert into live price table success: ETHUSD,288.15,288.18,324.86377638,288.19,689.46071571,296.08,285.2,107468.34369754,2017-09-26 21:58:06
26 Sep 21:58:16 - Insert into live price table success: BCHUSD,446.54,446.52,571.97828873,447.6,236.531933,466.21,445.1,18083.93635045,2017-09-26 21:58:16
26 Sep 21:58:16 - Insert into live price table success: EOSUSD,0.5589,0.5589,39995.96260594,0.5625,30769.07643,0.59,0.552,2853248.27874801,2017-09-26 21:58:16
26 Sep 21:58:16 - Insert into live price table success: OMGUSD,9.8583,9.822,24188.88635949,9.8489,471.55299983,10.365,9.616,1099392.64447645,2017-09-26 21:58:16
26 Sep 21:58:16 - Insert into live price table success: DSHUSD,342.11,342.11,497.40270873,342.28,81.43185671,348.85,338.01,5765.90649563,2017-09-26 21:58:16
26 Sep 21:58:16 - Insert into live price table success: ETCUSD,11.463,11.459,15256.00920126,11.489,1809.64046649,12.189,10.772,457133.59092566,2017-09-26 21:58:16
26 Sep 21:58:16 - Insert into live price table success: IOTUSD,0.51879,0.5167,46551.78857789,0.51712,106005.15757706,0.5571,0.5051,15168809.98495763,2017-09-26 21:58:16
26 Sep 21:58:16 - Insert into live price table success: LTCUSD,52.221,52.24,798.42638713,52.257,532.42132742,54.5,51.28,304195.33249688,2017-09-26 21:58:16
26 Sep 21:58:16 - Insert into live price table success: ETHUSD,288.19,288.16,276.99351782,288.19,673.91848223,296.08,285.2,107448.64689754,2017-09-26 21:58:16
26 Sep 21:58:16 - Insert into live price table success: BTCUSD,3901.1,3901,99.03355585,3901.1,102.53812148,3985,3838,20699.10834439,2017-09-26 21:58:16
26 Sep 21:58:25 - Insert into live price table success: BCHUSD,446.54,446.53,532.22587693,447.56,290.49133089,466.21,445.1,18083.93635045,2017-09-26 21:58:25
26 Sep 21:58:25 - Insert into live price table success: OMGUSD,9.8583,9.8231,24206.23923003,9.8489,471.55299983,10.365,9.616,1099392.64447645,2017-09-26 21:58:25
26 Sep 21:58:26 - Insert into live price table success: EOSUSD,0.5589,0.5589,40679.69302623,0.5624,30445.88567919,0.59,0.552,2853248.27874801,2017-09-26 21:58:26
26 Sep 21:58:26 - Insert into live price table success: LTCUSD,52.221,52.24,796.77855292,52.289,841.09869786,54.5,51.28,304195.33249688,2017-09-26 21:58:26
26 Sep 21:58:26 - Insert into live price table success: DSHUSD,342.11,342.11,563.3940717,342.26,62.34073636,348.85,338.01,5767.58919563,2017-09-26 21:58:26
26 Sep 21:58:26 - Insert into live price table success: IOTUSD,0.51712,0.51693,42756.05950732,0.51965,86999.39133876,0.5571,0.5051,15168810.68708907,2017-09-26 21:58:26
26 Sep 21:58:26 - Insert into live price table success: ETCUSD,11.461,11.461,15322.18980087,11.501,1514.97927191,12.189,10.772,457177.33752566,2017-09-26 21:58:26
26 Sep 21:58:26 - Insert into live price table success: BTCUSD,3901.1,3901,91.33060048,3901.1,111.98996134,3985,3838,20697.75930747,2017-09-26 21:58:26
26 Sep 21:58:26 - Insert into live price table success: ETHUSD,288.2,288.19,314.48408295,288.2,631.78581158,296.08,285.2,107451.14488454,2017-09-26 21:58:26
26 Sep 21:58:35 - Insert into live price table success: DSHUSD,342.11,342.11,170.09570779,342.24,61.95373636,348.85,338.01,5767.58919563,2017-09-26 21:58:35
26 Sep 21:58:36 - Insert into live price table success: ETCUSD,11.461,11.458,15067.22089591,11.488,1247.1416902,12.189,10.772,457176.93070281,2017-09-26 21:58:36
26 Sep 21:58:36 - Insert into live price table success: EOSUSD,0.5589,0.5589,47063.49462401,0.5623,34867.04908619,0.59,0.552,2853248.27874801,2017-09-26 21:58:36
26 Sep 21:58:36 - Insert into live price table success: IOTUSD,0.51919,0.5166,52553.95545171,0.51987,109473.7840272,0.5571,0.5051,15168857.44008907,2017-09-26 21:58:36
26 Sep 21:58:36 - Insert into live price table success: BCHUSD,446.54,446.55,542.86383084,447.51,292.17111525,466.21,445.1,18083.93635045,2017-09-26 21:58:36
26 Sep 21:58:36 - Insert into live price table success: OMGUSD,9.8489,9.8252,19385.60059797,9.8489,643.80284038,10.365,9.616,1099393.51447645,2017-09-26 21:58:36
26 Sep 21:58:36 - Insert into live price table success: LTCUSD,52.231,52.241,839.6765792,52.263,897.91760945,54.5,51.28,304289.06229688,2017-09-26 21:58:36
26 Sep 21:58:36 - Insert into live price table success: BTCUSD,3901.1,3901,86.23668452,3901.1,111.60438033,3985,3838,20699.84750035,2017-09-26 21:58:36
26 Sep 21:58:36 - Insert into live price table success: ETHUSD,288.2,288.19,298.45514287,288.2,649.68352664,296.08,285.2,107478.03550454,2017-09-26 21:58:36
26 Sep 21:58:46 - Insert into live price table success: ETCUSD,11.461,11.457,15121.45559636,11.474,829.50705923,12.189,10.772,457176.93070281,2017-09-26 21:58:46
26 Sep 21:58:46 - Insert into live price table success: LTCUSD,52.231,52.241,814.8615288,52.265,478.69648915,54.5,51.28,304289.06229688,2017-09-26 21:58:46
26 Sep 21:58:46 - Insert into live price table success: EOSUSD,0.5589,0.5589,44658.73960805,0.562,44738.04048848,0.59,0.552,2853248.27874801,2017-09-26 21:58:46
26 Sep 21:58:46 - Insert into live price table success: ETHUSD,288.11,288.19,285.47446275,288.2,626.78794201,296.08,285.2,107547.91302831,2017-09-26 21:58:46
26 Sep 21:58:46 - Insert into live price table success: IOTUSD,0.51919,0.51691,41781.1883289,0.51961,68931.91619598,0.5571,0.5051,15168857.44008907,2017-09-26 21:58:46
26 Sep 21:58:46 - Insert into live price table success: BCHUSD,446.54,446.57,528.94553994,447.5,283.86127086,466.21,445.1,18083.93635045,2017-09-26 21:58:46
26 Sep 21:58:46 - Insert into live price table success: BTCUSD,3901.1,3901,87.69143452,3901.1,111.74581105,3985,3838,20699.84750035,2017-09-26 21:58:46
26 Sep 21:58:46 - Insert into live price table success: DSHUSD,342.11,342.11,242.37737529,342.22,62.53073636,348.85,338.01,5767.58919563,2017-09-26 21:58:46
26 Sep 21:58:46 - Insert into live price table success: OMGUSD,9.8489,9.8252,19159.95154885,9.8489,471.11042983,10.365,9.616,1099393.51447645,2017-09-26 21:58:46
26 Sep 21:58:56 - Insert into live price table success: LTCUSD,52.241,52.247,812.86949079,52.26,669.85972803,54.5,51.28,304246.77764224,2017-09-26 21:58:56
26 Sep 21:58:56 - Insert into live price table success: BTCUSD,3901,3901,86.54939821,3901.1,112.44034354,3985,3838,20699.87386299,2017-09-26 21:58:56
26 Sep 21:58:56 - Insert into live price table success: EOSUSD,0.5589,0.55891,38079.19698985,0.562,31471.60093731,0.59,0.552,2853248.27874801,2017-09-26 21:58:56
26 Sep 21:58:56 - Insert into live price table success: DSHUSD,342.11,342.11,572.37705122,342.2,62.62973636,348.85,338.01,5767.58919563,2017-09-26 21:58:56
26 Sep 21:58:56 - Insert into live price table success: IOTUSD,0.51919,0.51691,40903.54972451,0.51989,70066.91169223,0.5571,0.5051,15144362.33987707,2017-09-26 21:58:56
26 Sep 21:58:56 - Insert into live price table success: OMGUSD,9.8481,9.8231,19070.46595091,9.846,469.66803794,10.365,9.616,1099530.88900037,2017-09-26 21:58:56
26 Sep 21:58:56 - Insert into live price table success: BCHUSD,446.54,446.57,532.19639402,447.57,295.45004783,466.21,445.1,18083.93635045,2017-09-26 21:58:56
26 Sep 21:58:56 - Insert into live price table success: ETCUSD,11.487,11.456,15180.93435134,11.483,698.66977766,12.189,10.772,457185.86560281,2017-09-26 21:58:56
26 Sep 21:58:57 - Insert into live price table success: ETHUSD,288.1,288.07,260.51047687,288.1,714.92414377,296.08,285.2,107592.87534276,2017-09-26 21:58:56
26 Sep 21:59:05 - Insert into live price table success: ETCUSD,11.487,11.457,15160.13455009,11.474,828.64849234,12.189,10.772,457185.86560281,2017-09-26 21:59:05
26 Sep 21:59:06 - Insert into live price table success: DSHUSD,342.11,342.11,575.84024518,342.19,62.62973636,348.85,338.01,5767.58919563,2017-09-26 21:59:06
26 Sep 21:59:06 - Insert into live price table success: EOSUSD,0.5589,0.55902,49439.27864193,0.56189,40733.25702669,0.59,0.552,2853248.27874801,2017-09-26 21:59:06
26 Sep 21:59:06 - Insert into live price table success: LTCUSD,52.241,52.241,802.9478026,52.26,670.56880645,54.5,51.28,304257.81974224,2017-09-26 21:59:06
26 Sep 21:59:06 - Insert into live price table success: BCHUSD,446.54,446.58,529.45659214,447.58,296.47039695,466.21,445.1,18083.93635045,2017-09-26 21:59:06
26 Sep 21:59:06 - Insert into live price table success: ETHUSD,288.1,288.07,350.73149792,288.1,535.02282801,296.08,285.2,107594.86784276,2017-09-26 21:59:06
26 Sep 21:59:06 - Insert into live price table success: IOTUSD,0.51919,0.51691,51750.21126309,0.5197,102179.78200248,0.5571,0.5051,15144362.33987707,2017-09-26 21:59:06
26 Sep 21:59:06 - Insert into live price table success: OMGUSD,9.8481,9.8242,19524.64899274,9.846,642.36044849,10.365,9.616,1099530.88900037,2017-09-26 21:59:06
26 Sep 21:59:06 - Insert into live price table success: BTCUSD,3901,3901,86.52386597,3901.1,103.87899626,3985,3838,20698.34512299,2017-09-26 21:59:06
26 Sep 21:59:16 - Insert into live price table success: BCHUSD,446.54,446.61,542.8660904,447.55,376.97155492,466.21,445.1,18076.30535845,2017-09-26 21:59:16
26 Sep 21:59:16 - Insert into live price table success: DSHUSD,342.11,342.11,592.97998063,342.16,62.01173636,348.85,338.01,5767.58919563,2017-09-26 21:59:16
26 Sep 21:59:16 - Insert into live price table success: OMGUSD,9.8481,9.8143,19097.55967026,9.8449,651.9315978,10.365,9.616,1099530.88900037,2017-09-26 21:59:16
26 Sep 21:59:16 - Insert into live price table success: ETCUSD,11.457,11.453,15104.4772436,11.485,1370.15500097,12.189,10.772,457283.50340281,2017-09-26 21:59:16
26 Sep 21:59:16 - Insert into live price table success: EOSUSD,0.5589,0.55902,53456.46458374,0.56306,35961.62279474,0.59,0.552,2853248.27874801,2017-09-26 21:59:16
26 Sep 21:59:16 - Insert into live price table success: IOTUSD,0.51879,0.51691,24061.31771601,0.51877,110691.93137467,0.5571,0.5051,15144661.17310107,2017-09-26 21:59:16
26 Sep 21:59:16 - Insert into live price table success: LTCUSD,52.241,52.241,792.70240962,52.263,655.03070861,54.5,51.28,304121.94483224,2017-09-26 21:59:16
26 Sep 21:59:16 - Insert into live price table success: ETHUSD,287.99,287.99,259.21884741,288,738.65515878,296.08,285.2,107657.97107738,2017-09-26 21:59:16
26 Sep 21:59:16 - Insert into live price table success: BTCUSD,3901,3901,84.10808412,3901.1,112.6373898,3985,3838,20695.05035247,2017-09-26 21:59:16
26 Sep 21:59:25 - Insert into live price table success: DSHUSD,342.11,342.11,601.60629979,342.14,62.05273636,348.85,338.01,5767.58919563,2017-09-26 21:59:25
26 Sep 21:59:26 - Insert into live price table success: BCHUSD,446.54,446.41,528.34413549,447.4,391.7218306,466.21,445.1,18076.30535845,2017-09-26 21:59:26
26 Sep 21:59:26 - Insert into live price table success: ETCUSD,11.455,11.455,14552.1014521,11.476,2259.05713429,12.189,10.772,457389.98640281,2017-09-26 21:59:26
26 Sep 21:59:26 - Insert into live price table success: EOSUSD,0.5589,0.55913,53514.39261001,0.56289,33833.83823449,0.59,0.552,2853248.27874801,2017-09-26 21:59:26
26 Sep 21:59:26 - Insert into live price table success: LTCUSD,52.241,52.241,785.99504877,52.265,629.2321667,54.5,51.28,304010.83991338,2017-09-26 21:59:26
26 Sep 21:59:26 - Insert into live price table success: OMGUSD,9.8449,9.8184,19169.95931568,9.8438,623.94442529,10.365,9.616,1099666.45855348,2017-09-26 21:59:26
26 Sep 21:59:26 - Insert into live price table success: IOTUSD,0.51879,0.51691,25921.50351876,0.51876,109743.34890467,0.5571,0.5051,15144661.17310107,2017-09-26 21:59:26
26 Sep 21:59:26 - Insert into live price table success: ETHUSD,287.99,287.98,184.84743709,287.99,915.4881673,296.08,285.2,107661.84579138,2017-09-26 21:59:26
26 Sep 21:59:26 - Insert into live price table success: BTCUSD,3901.1,3901,84.01683219,3901.1,112.15698708,3985,3838,20689.14694792,2017-09-26 21:59:26
26 Sep 21:59:27 - ************* Buy | 9.571026588311863 LTCUSD @ 52.241 *************
26 Sep 21:59:27 - -------------------- Summary ----------------------------
26 Sep 21:59:27 - Currency Wallet: {
  "BTCUSD": {
    "qty": 0,
    "price": 0
  },
  "IOTUSD": {
    "qty": 958.8095420725626,
    "price": 0.52148
  },
  "BCHUSD": {
    "qty": 1.1203728600878373,
    "price": 446.28
  },
  "ETCUSD": {
    "qty": 43.63382494109434,
    "price": 11.459
  },
  "DSHUSD": {
    "qty": 0,
    "price": 0
  },
  "OMGUSD": {
    "qty": 101.67513636431407,
    "price": 9.835246214147002
  },
  "EOSUSD": {
    "qty": 894.6144211844696,
    "price": 0.5589
  },
  "ETHUSD": {
    "qty": 0,
    "price": 0
  },
  "LTCUSD": {
    "qty": 9.571026588311863,
    "price": 52.241
  }
}
26 Sep 21:59:27 - =====> Market Value: 3498.52
26 Sep 21:59:27 - Fiat Wallet: $6493.00
26 Sep 21:59:27 - Starting Value: 10000
26 Sep 21:59:27 - Total Value: 9991.52
26 Sep 21:59:27 - ---------------------------------------------------------


26 Sep 21:59:27 - Insert into transaction table success: LTCUSD,52.241,9.571026588311863,1,2017-09-26 21:59:27
26 Sep 21:59:35 - Insert into live price table success: EOSUSD,0.55912,0.5588,41955.19926597,0.5626,34651.96770786,0.59,0.552,2853318.67272601,2017-09-26 21:59:35
26 Sep 21:59:35 - Insert into live price table success: OMGUSD,9.8437,9.8195,17300.82296048,9.8437,437.18848274,10.365,9.616,1099665.08855348,2017-09-26 21:59:35
26 Sep 21:59:36 - Insert into live price table success: BCHUSD,446.54,446.43,544.19609843,447.34,394.51802455,466.21,445.1,18076.30535845,2017-09-26 21:59:36
26 Sep 21:59:36 - Insert into live price table success: ETCUSD,11.456,11.456,14955.09250402,11.485,1366.61011167,12.189,10.772,457525.81220281,2017-09-26 21:59:36
26 Sep 21:59:36 - Insert into live price table success: DSHUSD,342.11,342.11,532.97849341,342.12,62.61273636,348.85,338.01,5767.58919563,2017-09-26 21:59:36
26 Sep 21:59:36 - Insert into live price table success: IOTUSD,0.51879,0.51691,31212.07610392,0.519,131522.06855948,0.5571,0.5051,15144661.17310107,2017-09-26 21:59:36
26 Sep 21:59:36 - Insert into live price table success: BTCUSD,3901.1,3900.1,80.13185138,3901,114.0368595,3985,3838,20681.70992745,2017-09-26 21:59:36
26 Sep 21:59:36 - Insert into live price table success: ETHUSD,288,287.99,290.12730913,288,534.93449452,296.08,285.2,107666.17769138,2017-09-26 21:59:36
26 Sep 21:59:37 - Insert into live price table success: LTCUSD,52.266,52.241,803.29589517,52.273,537.21683335,54.5,51.28,304030.83991338,2017-09-26 21:59:36
26 Sep 21:59:46 - Insert into live price table success: DSHUSD,342.11,342.11,567.51564035,342.12,55.10273941,348.85,338.01,5767.58919563,2017-09-26 21:59:46
26 Sep 21:59:46 - Insert into live price table success: ETCUSD,11.451,11.456,14473.68186453,11.472,1957.81547001,12.189,10.772,458020.83500281,2017-09-26 21:59:46
26 Sep 21:59:46 - Insert into live price table success: LTCUSD,52.241,52.251,795.24064552,52.274,497.83257802,54.5,51.28,304095.05591324,2017-09-26 21:59:46
26 Sep 21:59:46 - Insert into live price table success: EOSUSD,0.5588,0.5588,42397.81526597,0.56239,46751.44125039,0.59,0.552,2853318.69272601,2017-09-26 21:59:46
26 Sep 21:59:46 - Insert into live price table success: BCHUSD,447.29,446.46,532.36346442,447.27,388.00703634,466.21,445.1,18077.19145845,2017-09-26 21:59:46
26 Sep 21:59:46 - Insert into live price table success: OMGUSD,9.8437,9.8173,19200.39213241,9.8389,611.01388329,10.365,9.616,1099665.08855348,2017-09-26 21:59:46
26 Sep 21:59:46 - Insert into live price table success: BTCUSD,3901.1,3900.1,47.97564429,3900.2,105.36715291,3985,3838,20675.59496745,2017-09-26 21:59:46
26 Sep 21:59:46 - Insert into live price table success: IOTUSD,0.51879,0.51691,25018.89310347,0.519,110213.60131721,0.5571,0.5051,15144661.17310107,2017-09-26 21:59:46
26 Sep 21:59:46 - Insert into live price table success: ETHUSD,288,287.99,234.76821612,288,418.83855764,296.08,285.2,107681.42466701,2017-09-26 21:59:46
26 Sep 21:59:56 - Insert into live price table success: EOSUSD,0.5588,0.5588,47732.63178896,0.56219,44506.32984928,0.59,0.552,2853318.69272601,2017-09-26 21:59:56
26 Sep 21:59:56 - Insert into live price table success: IOTUSD,0.51879,0.51691,25860.09200605,0.519,105457.39864048,0.5571,0.5051,15144661.17310107,2017-09-26 21:59:56
26 Sep 21:59:56 - Insert into live price table success: BCHUSD,446.4,446.4,528.53201792,447.59,376.29217087,466.21,445.1,18083.58920578,2017-09-26 21:59:56
26 Sep 21:59:56 - Insert into live price table success: DSHUSD,342.12,342.11,500.29289521,342.12,55.10273941,348.85,338.01,5775.60119563,2017-09-26 21:59:56
26 Sep 21:59:56 - Insert into live price table success: OMGUSD,9.8437,9.8183,19091.26277581,9.8369,438.65592474,10.365,9.616,1099318.94168148,2017-09-26 21:59:56
26 Sep 21:59:56 - Insert into live price table success: ETCUSD,11.454,11.454,14878.93846185,11.494,3408.52290719,12.189,10.772,458130.42480281,2017-09-26 21:59:56
26 Sep 21:59:56 - Insert into live price table success: LTCUSD,52.241,52.251,720.36224074,52.274,596.79272969,54.5,51.28,304095.05591324,2017-09-26 21:59:56
26 Sep 21:59:56 - Insert into live price table success: ETHUSD,288,287.99,225.83375464,288,546.25253959,296.08,285.2,107728.98012951,2017-09-26 21:59:56
26 Sep 21:59:56 - Insert into live price table success: BTCUSD,3901.1,3900.1,44.67046021,3900.2,95.7076166,3985,3838,20666.70354048,2017-09-26 21:59:56
26 Sep 22:00:05 - Insert into live price table success: DSHUSD,342.24,342.24,521.75369111,342.43,73.63783636,348.85,338.01,5775.70119563,2017-09-26 22:00:05
26 Sep 22:00:06 - Insert into live price table success: EOSUSD,0.5588,0.5588,50807.74432893,0.56199,46827.17551125,0.59,0.552,2853318.69272601,2017-09-26 22:00:06
26 Sep 22:00:06 - Insert into live price table success: IOTUSD,0.51879,0.51691,22837.41970718,0.519,106411.39864048,0.5571,0.5051,15144661.17310107,2017-09-26 22:00:06
26 Sep 22:00:06 - Insert into live price table success: BCHUSD,446.4,446.42,540.40253643,447.38,399.69311595,466.21,445.1,18086.21510579,2017-09-26 22:00:06
26 Sep 22:00:06 - Insert into live price table success: ETCUSD,11.454,11.453,14602.81344568,11.481,2614.07239092,12.189,10.772,458283.29450581,2017-09-26 22:00:06
26 Sep 22:00:06 - Insert into live price table success: ETHUSD,288,287.99,147.17810607,288,493.25083916,296.08,285.2,107730.80712078,2017-09-26 22:00:06
26 Sep 22:00:06 - Insert into live price table success: LTCUSD,52.251,52.251,714.73774174,52.274,959.09735986,54.5,51.28,304105.42221324,2017-09-26 22:00:06
26 Sep 22:00:06 - Insert into live price table success: OMGUSD,9.8437,9.8173,19199.57747999,9.8359,611.41315329,10.365,9.616,1099318.94168148,2017-09-26 22:00:06
26 Sep 22:00:06 - Insert into live price table success: BTCUSD,3900.1,3900,49.0540971,3900.1,104.43975969,3985,3838,20660.94340987,2017-09-26 22:00:06
26 Sep 22:00:15 - Insert into live price table success: ETCUSD,11.454,11.451,14693.37404858,11.474,1467.22809265,12.189,10.772,458266.37687481,2017-09-26 22:00:15
26 Sep 22:00:16 - Insert into live price table success: DSHUSD,342.24,342.24,520.36073133,342.38,73.63153636,348.85,338.01,5775.70119563,2017-09-26 22:00:16
26 Sep 22:00:16 - Insert into live price table success: LTCUSD,52.251,52.251,852.90216363,52.274,841.05268464,54.5,51.28,304115.78851324,2017-09-26 22:00:16
26 Sep 22:00:16 - Insert into live price table success: EOSUSD,0.5588,0.5588,49064.84305062,0.56197,45711.8278615,0.59,0.552,2853343.69272601,2017-09-26 22:00:16
26 Sep 22:00:16 - Insert into live price table success: ETHUSD,287.99,287.98,236.58304841,287.99,547.69080833,296.08,285.2,107704.82585239,2017-09-26 22:00:16
26 Sep 22:00:16 - Insert into live price table success: BTCUSD,3900.1,3900,50.24306759,3900.1,100.95073664,3985,3838,20655.04656087,2017-09-26 22:00:16
26 Sep 22:00:16 - Insert into live price table success: BCHUSD,446.4,446.03,576.19432984,447.1,399.42819188,466.21,445.1,18086.21510579,2017-09-26 22:00:16
26 Sep 22:00:16 - Insert into live price table success: OMGUSD,9.8437,9.8173,19098.3877501,9.836,621.45284729,10.365,9.616,1099255.20334748,2017-09-26 22:00:16
26 Sep 22:00:16 - Insert into live price table success: IOTUSD,0.51879,0.51691,39107.80663557,0.519,63653.03985499,0.5571,0.5051,15144661.17310107,2017-09-26 22:00:16
26 Sep 22:00:25 - Insert into live price table success: EOSUSD,0.55881,0.55881,46943.26348474,0.56183,35123.45661081,0.59,0.552,2853343.70272601,2017-09-26 22:00:25
26 Sep 22:00:26 - Insert into live price table success: IOTUSD,0.51879,0.5166,68769.99447082,0.519,84113.80263321,0.5571,0.5051,15144661.17310107,2017-09-26 22:00:26
26 Sep 22:00:26 - Insert into live price table success: DSHUSD,342.24,342.24,500.10166911,342.36,75.41653133,348.85,338.01,5780.64939563,2017-09-26 22:00:26
26 Sep 22:00:26 - Insert into live price table success: LTCUSD,52.251,52.251,668.19498602,52.272,990.26463456,54.5,51.28,303787.50524824,2017-09-26 22:00:26
26 Sep 22:00:26 - Insert into live price table success: ETCUSD,11.451,11.451,14856.41758641,11.461,2152.51995516,12.189,10.772,458617.91687481,2017-09-26 22:00:26
26 Sep 22:00:26 - Insert into live price table success: OMGUSD,9.836,9.8183,19257.41116728,9.8471,584.11589829,10.365,9.616,1099207.78767148,2017-09-26 22:00:26
26 Sep 22:00:26 - Insert into live price table success: BCHUSD,446.4,446.06,570.6295703,447.15,397.27869516,466.21,445.1,18086.21510579,2017-09-26 22:00:26
26 Sep 22:00:26 - Insert into live price table success: ETHUSD,287.99,287.98,173.8252443,287.99,553.65631252,296.08,285.2,107707.423804,2017-09-26 22:00:26
26 Sep 22:00:26 - Insert into live price table success: BTCUSD,3900.1,3900,43.56866759,3900.1,97.91399748,3985,3838,20647.91244087,2017-09-26 22:00:26
26 Sep 22:00:36 - Insert into live price table success: BCHUSD,446.4,447.15,572.21227845,447.37,390.9718645,466.21,445.1,18086.21510579,2017-09-26 22:00:36
26 Sep 22:00:36 - Insert into live price table success: ETCUSD,11.451,11.451,15419.69112262,11.464,1853.27225717,12.189,10.772,458749.36004981,2017-09-26 22:00:36
26 Sep 22:00:36 - Insert into live price table success: ETHUSD,287.99,287.98,207.69262241,287.99,533.5296261,296.08,285.2,107711.411404,2017-09-26 22:00:36
26 Sep 22:00:36 - Insert into live price table success: EOSUSD,0.55881,0.55891,52791.30812667,0.56175,32699.96979463,0.59,0.552,2853343.71272601,2017-09-26 22:00:36
26 Sep 22:00:36 - Insert into live price table success: OMGUSD,9.836,9.8183,19148.31116728,9.8459,344.22395114,10.365,9.616,1099207.78767148,2017-09-26 22:00:36
26 Sep 22:00:36 - Insert into live price table success: LTCUSD,52.251,52.251,401.75888312,52.275,880.07553111,54.5,51.28,303853.24885831,2017-09-26 22:00:36
26 Sep 22:00:36 - Insert into live price table success: DSHUSD,342.24,342.12,499.79142254,342.38,48.87738799,348.85,338.01,5780.64939563,2017-09-26 22:00:36
26 Sep 22:00:36 - Insert into live price table success: IOTUSD,0.51879,0.5166,69664.80989315,0.51753,65673.88421198,0.5571,0.5051,15144661.17310107,2017-09-26 22:00:36
26 Sep 22:00:36 - Insert into live price table success: BTCUSD,3900.1,3900,38.82288215,3900.1,104.36049381,3985,3838,20647.15763389,2017-09-26 22:00:36
26 Sep 22:00:45 - Insert into live price table success: DSHUSD,342.24,342.24,499.6990748,342.37,59.57293063,348.85,338.01,5780.64939563,2017-09-26 22:00:45
26 Sep 22:00:46 - Insert into live price table success: ETCUSD,11.451,11.45,14490.27589674,11.461,1639.87088381,12.189,10.772,458749.36004981,2017-09-26 22:00:46
26 Sep 22:00:46 - Insert into live price table success: LTCUSD,52.231,52.221,457.71923288,52.247,643.41483784,54.5,51.28,303889.02545831,2017-09-26 22:00:46
26 Sep 22:00:46 - Insert into live price table success: BCHUSD,446.4,447.15,543.25998193,447.33,405.08006937,466.21,445.1,18086.21510579,2017-09-26 22:00:46
26 Sep 22:00:46 - Insert into live price table success: IOTUSD,0.51879,0.51667,71166.43110527,0.51899,88557.06993548,0.5571,0.5051,15144661.17310107,2017-09-26 22:00:46
26 Sep 22:00:46 - Insert into live price table success: EOSUSD,0.55881,0.55892,50850.3694034,0.5625,48958.50847587,0.59,0.552,2853343.71272601,2017-09-26 22:00:46
26 Sep 22:00:46 - Insert into live price table success: OMGUSD,9.836,9.8217,15766.76379208,9.8449,399.98816874,10.365,9.616,1098473.56655597,2017-09-26 22:00:46
26 Sep 22:00:46 - Insert into live price table success: BTCUSD,3900.1,3900,30.32808184,3900.1,81.56769875,3985,3838,20655.2431705,2017-09-26 22:00:46
26 Sep 22:00:46 - Insert into live price table success: ETHUSD,288,287.98,246.17031181,288,534.61579371,296.08,285.2,107715.399004,2017-09-26 22:00:46
26 Sep 22:00:49 - ************* Buy | 9.572859030077923 LTCUSD @ 52.231 *************
26 Sep 22:00:49 - -------------------- Summary ----------------------------
26 Sep 22:00:49 - Currency Wallet: {
  "BTCUSD": {
    "qty": 0,
    "price": 0
  },
  "IOTUSD": {
    "qty": 958.8095420725626,
    "price": 0.52148
  },
  "BCHUSD": {
    "qty": 1.1203728600878373,
    "price": 446.28
  },
  "ETCUSD": {
    "qty": 43.63382494109434,
    "price": 11.459
  },
  "DSHUSD": {
    "qty": 0,
    "price": 0
  },
  "OMGUSD": {
    "qty": 101.67513636431407,
    "price": 9.835246214147002
  },
  "EOSUSD": {
    "qty": 894.6144211844696,
    "price": 0.5589
  },
  "ETHUSD": {
    "qty": 0,
    "price": 0
  },
  "LTCUSD": {
    "qty": 19.14388561838979,
    "price": 52.23599952140286
  }
}
26 Sep 22:00:49 - =====> Market Value: 3997.11
26 Sep 22:00:49 - Fiat Wallet: $5992.00
26 Sep 22:00:49 - Starting Value: 10000
26 Sep 22:00:49 - Total Value: 9989.11
26 Sep 22:00:49 - ---------------------------------------------------------


26 Sep 22:00:49 - Insert into transaction table success: LTCUSD,52.231,9.572859030077923,1,2017-09-26 22:00:49
26 Sep 22:00:54 - ************* Buy | 9.572859030077923 LTCUSD @ 52.231 *************
26 Sep 22:00:54 - -------------------- Summary ----------------------------
26 Sep 22:00:54 - Currency Wallet: {
  "BTCUSD": {
    "qty": 0,
    "price": 0
  },
  "IOTUSD": {
    "qty": 958.8095420725626,
    "price": 0.52148
  },
  "BCHUSD": {
    "qty": 1.1203728600878373,
    "price": 446.28
  },
  "ETCUSD": {
    "qty": 43.63382494109434,
    "price": 11.459
  },
  "DSHUSD": {
    "qty": 0,
    "price": 0
  },
  "OMGUSD": {
    "qty": 101.67513636431407,
    "price": 9.835246214147002
  },
  "EOSUSD": {
    "qty": 894.6144211844696,
    "price": 0.5589
  },
  "ETHUSD": {
    "qty": 0,
    "price": 0
  },
  "LTCUSD": {
    "qty": 28.71674464846771,
    "price": 52.23433290792723
  }
}
26 Sep 22:00:54 - =====> Market Value: 4497.11
26 Sep 22:00:54 - Fiat Wallet: $5491.00
26 Sep 22:00:54 - Starting Value: 10000
26 Sep 22:00:54 - Total Value: 9988.11
26 Sep 22:00:54 - ---------------------------------------------------------


26 Sep 22:00:54 - Insert into transaction table success: LTCUSD,52.231,9.572859030077923,1,2017-09-26 22:00:54
26 Sep 22:00:56 - Insert into live price table success: DSHUSD,342.24,342.24,509.72082225,342.38,71.05330889,348.85,338.01,5780.64939563,2017-09-26 22:00:56
26 Sep 22:00:56 - Insert into live price table success: BCHUSD,446.4,447.15,542.66084592,447.31,381.39123265,466.21,445.1,18086.21510579,2017-09-26 22:00:56
26 Sep 22:00:56 - Insert into live price table success: IOTUSD,0.51879,0.51667,67095.03637444,0.51899,83307.90569321,0.5571,0.5051,15144661.17310107,2017-09-26 22:00:56
26 Sep 22:00:56 - Insert into live price table success: OMGUSD,9.836,9.8227,15767.64173288,9.8419,400.06743874,10.365,9.616,1098473.56655597,2017-09-26 22:00:56
26 Sep 22:00:56 - Insert into live price table success: EOSUSD,0.55892,0.55892,44553.38299142,0.56161,30711.51848846,0.59,0.552,2853328.71672601,2017-09-26 22:00:56
26 Sep 22:00:56 - Insert into live price table success: ETCUSD,11.451,11.45,15915.39718666,11.463,1468.3457473,12.189,10.772,458749.36004981,2017-09-26 22:00:56
26 Sep 22:00:56 - Insert into live price table success: LTCUSD,52.21,52.21,770.50414424,52.239,1012.69868055,54.5,51.28,303965.26565831,2017-09-26 22:00:56
26 Sep 22:00:56 - Insert into live price table success: ETHUSD,288,287.91,203.56532301,288,453.46236382,296.08,285.2,107722.43755487,2017-09-26 22:00:56
26 Sep 22:00:56 - Insert into live price table success: BTCUSD,3900,3900,10.86055092,3900.1,111.63862686,3985,3838,20672.34131791,2017-09-26 22:00:56
26 Sep 22:00:59 - ************* Buy | 9.57670944263551 LTCUSD @ 52.21 *************
26 Sep 22:00:59 - -------------------- Summary ----------------------------
26 Sep 22:00:59 - Currency Wallet: {
  "BTCUSD": {
    "qty": 0,
    "price": 0
  },
  "IOTUSD": {
    "qty": 958.8095420725626,
    "price": 0.52148
  },
  "BCHUSD": {
    "qty": 1.1203728600878373,
    "price": 446.28
  },
  "ETCUSD": {
    "qty": 43.63382494109434,
    "price": 11.459
  },
  "DSHUSD": {
    "qty": 0,
    "price": 0
  },
  "OMGUSD": {
    "qty": 101.67513636431407,
    "price": 9.835246214147002
  },
  "EOSUSD": {
    "qty": 894.6144211844696,
    "price": 0.5589
  },
  "ETHUSD": {
    "qty": 0,
    "price": 0
  },
  "LTCUSD": {
    "qty": 38.29345409110322,
    "price": 52.22824755483897
  }
}
26 Sep 22:00:59 - =====> Market Value: 4996.60
26 Sep 22:00:59 - Fiat Wallet: $4990.00
26 Sep 22:00:59 - Starting Value: 10000
26 Sep 22:00:59 - Total Value: 9986.60
26 Sep 22:00:59 - ---------------------------------------------------------


26 Sep 22:00:59 - Insert into transaction table success: LTCUSD,52.21,9.57670944263551,1,2017-09-26 22:00:59
26 Sep 22:01:04 - ************* Buy | 1.7361111111111112 ETHUSD @ 288 *************
26 Sep 22:01:04 - -------------------- Summary ----------------------------
26 Sep 22:01:04 - Currency Wallet: {
  "BTCUSD": {
    "qty": 0,
    "price": 0
  },
  "IOTUSD": {
    "qty": 958.8095420725626,
    "price": 0.52148
  },
  "BCHUSD": {
    "qty": 1.1203728600878373,
    "price": 446.28
  },
  "ETCUSD": {
    "qty": 43.63382494109434,
    "price": 11.459
  },
  "DSHUSD": {
    "qty": 0,
    "price": 0
  },
  "OMGUSD": {
    "qty": 101.67513636431407,
    "price": 9.835246214147002
  },
  "EOSUSD": {
    "qty": 894.6144211844696,
    "price": 0.5589
  },
  "ETHUSD": {
    "qty": 1.7361111111111112,
    "price": 288
  },
  "LTCUSD": {
    "qty": 38.29345409110322,
    "price": 52.22824755483897
  }
}
26 Sep 22:01:04 - =====> Market Value: 5496.60
26 Sep 22:01:04 - Fiat Wallet: $4489.00
26 Sep 22:01:04 - Starting Value: 10000
26 Sep 22:01:04 - Total Value: 9985.60
26 Sep 22:01:04 - ---------------------------------------------------------


26 Sep 22:01:04 - Insert into transaction table success: ETHUSD,288,1.7361111111111112,1,2017-09-26 22:01:04
26 Sep 22:01:06 - Insert into live price table success: BCHUSD,446.4,447.15,547.58830811,447.38,395.2487695,466.21,445.1,18086.21510579,2017-09-26 22:01:06
26 Sep 22:01:06 - Insert into live price table success: IOTUSD,0.51879,0.518,53620.27139022,0.51889,47900.40182492,0.5571,0.5051,15144661.17310107,2017-09-26 22:01:06
26 Sep 22:01:06 - Insert into live price table success: OMGUSD,9.836,9.8195,19343.02034659,9.839,400.06743874,10.365,9.616,1098100.30171597,2017-09-26 22:01:06
26 Sep 22:01:06 - Insert into live price table success: DSHUSD,342.24,342.24,513.24789361,342.35,71.0556859,348.85,338.01,5780.64939563,2017-09-26 22:01:06
26 Sep 22:01:06 - Insert into live price table success: EOSUSD,0.55902,0.55903,44173.87707226,0.56161,30194.85842442,0.59,0.552,2853328.72272601,2017-09-26 22:01:06
26 Sep 22:01:06 - Insert into live price table success: ETCUSD,11.451,11.45,15175.13543678,11.462,2359.88454447,12.189,10.772,458749.36004981,2017-09-26 22:01:06
26 Sep 22:01:06 - Insert into live price table success: ETHUSD,287.77,287.76,208.03387138,287.77,560.7044032,296.08,285.2,107736.07239768,2017-09-26 22:01:06
26 Sep 22:01:06 - Insert into live price table success: LTCUSD,52.2,52.21,325.92674583,52.239,900.73804548,54.5,51.28,303980.69966838,2017-09-26 22:01:06
26 Sep 22:01:06 - Insert into live price table success: BTCUSD,3900,3897.7,13.78715111,3898.9,77.60151429,3985,3838,20671.8840222,2017-09-26 22:01:06
26 Sep 22:01:08 - ************* Buy | 1.7374986968759774 ETHUSD @ 287.77 *************
26 Sep 22:01:08 - -------------------- Summary ----------------------------
26 Sep 22:01:08 - Currency Wallet: {
  "BTCUSD": {
    "qty": 0,
    "price": 0
  },
  "IOTUSD": {
    "qty": 958.8095420725626,
    "price": 0.52148
  },
  "BCHUSD": {
    "qty": 1.1203728600878373,
    "price": 446.28
  },
  "ETCUSD": {
    "qty": 43.63382494109434,
    "price": 11.459
  },
  "DSHUSD": {
    "qty": 0,
    "price": 0
  },
  "OMGUSD": {
    "qty": 101.67513636431407,
    "price": 9.835246214147002
  },
  "EOSUSD": {
    "qty": 894.6144211844696,
    "price": 0.5589
  },
  "ETHUSD": {
    "qty": 3.4736098079870885,
    "price": 287.8849540615176
  },
  "LTCUSD": {
    "qty": 38.29345409110322,
    "price": 52.22824755483897
  }
}
26 Sep 22:01:08 - =====> Market Value: 5995.91
26 Sep 22:01:08 - Fiat Wallet: $3988.00
26 Sep 22:01:08 - Starting Value: 10000
26 Sep 22:01:08 - Total Value: 9983.91
26 Sep 22:01:08 - ---------------------------------------------------------


26 Sep 22:01:08 - Insert into transaction table success: ETHUSD,287.77,1.7374986968759774,1,2017-09-26 22:01:08
26 Sep 22:01:11 - ************* Buy | 1.7374986968759774 ETHUSD @ 287.77 *************
26 Sep 22:01:11 - -------------------- Summary ----------------------------
26 Sep 22:01:11 - Currency Wallet: {
  "BTCUSD": {
    "qty": 0,
    "price": 0
  },
  "IOTUSD": {
    "qty": 958.8095420725626,
    "price": 0.52148
  },
  "BCHUSD": {
    "qty": 1.1203728600878373,
    "price": 446.28
  },
  "ETCUSD": {
    "qty": 43.63382494109434,
    "price": 11.459
  },
  "DSHUSD": {
    "qty": 0,
    "price": 0
  },
  "OMGUSD": {
    "qty": 101.67513636431407,
    "price": 9.835246214147002
  },
  "EOSUSD": {
    "qty": 894.6144211844696,
    "price": 0.5589
  },
  "ETHUSD": {
    "qty": 5.211108504863066,
    "price": 287.8466258378966
  },
  "LTCUSD": {
    "qty": 38.29345409110322,
    "price": 52.22824755483897
  }
}
26 Sep 22:01:11 - =====> Market Value: 6495.91
26 Sep 22:01:11 - Fiat Wallet: $3487.00
26 Sep 22:01:11 - Starting Value: 10000
26 Sep 22:01:11 - Total Value: 9982.91
26 Sep 22:01:11 - ---------------------------------------------------------


26 Sep 22:01:11 - Insert into transaction table success: ETHUSD,287.77,1.7374986968759774,1,2017-09-26 22:01:11
26 Sep 22:01:11 - ************* Buy | 9.578544061302681 LTCUSD @ 52.2 *************
26 Sep 22:01:11 - -------------------- Summary ----------------------------
26 Sep 22:01:11 - Currency Wallet: {
  "BTCUSD": {
    "qty": 0,
    "price": 0
  },
  "IOTUSD": {
    "qty": 958.8095420725626,
    "price": 0.52148
  },
  "BCHUSD": {
    "qty": 1.1203728600878373,
    "price": 446.28
  },
  "ETCUSD": {
    "qty": 43.63382494109434,
    "price": 11.459
  },
  "DSHUSD": {
    "qty": 0,
    "price": 0
  },
  "OMGUSD": {
    "qty": 101.67513636431407,
    "price": 9.835246214147002
  },
  "EOSUSD": {
    "qty": 894.6144211844696,
    "price": 0.5589
  },
  "ETHUSD": {
    "qty": 5.211108504863066,
    "price": 287.8466258378966
  },
  "LTCUSD": {
    "qty": 47.8719981524059,
    "price": 52.2225955983907
  }
}
26 Sep 22:01:11 - =====> Market Value: 6995.91
26 Sep 22:01:11 - Fiat Wallet: $2986.00
26 Sep 22:01:11 - Starting Value: 10000
26 Sep 22:01:11 - Total Value: 9981.91
26 Sep 22:01:11 - ---------------------------------------------------------


26 Sep 22:01:11 - Insert into transaction table success: LTCUSD,52.2,9.578544061302681,1,2017-09-26 22:01:11
26 Sep 22:01:15 - ************* Buy | 1.7374986968759774 ETHUSD @ 287.77 *************
26 Sep 22:01:15 - -------------------- Summary ----------------------------
26 Sep 22:01:15 - Currency Wallet: {
  "BTCUSD": {
    "qty": 0,
    "price": 0
  },
  "IOTUSD": {
    "qty": 958.8095420725626,
    "price": 0.52148
  },
  "BCHUSD": {
    "qty": 1.1203728600878373,
    "price": 446.28
  },
  "ETCUSD": {
    "qty": 43.63382494109434,
    "price": 11.459
  },
  "DSHUSD": {
    "qty": 0,
    "price": 0
  },
  "OMGUSD": {
    "qty": 101.67513636431407,
    "price": 9.835246214147002
  },
  "EOSUSD": {
    "qty": 894.6144211844696,
    "price": 0.5589
  },
  "ETHUSD": {
    "qty": 6.948607201739044,
    "price": 287.8274655530184
  },
  "LTCUSD": {
    "qty": 47.8719981524059,
    "price": 52.2225955983907
  }
}
26 Sep 22:01:15 - =====> Market Value: 7495.91
26 Sep 22:01:15 - Fiat Wallet: $2485.00
26 Sep 22:01:15 - Starting Value: 10000
26 Sep 22:01:15 - Total Value: 9980.91
26 Sep 22:01:15 - ---------------------------------------------------------


26 Sep 22:01:15 - Insert into transaction table success: ETHUSD,287.77,1.7374986968759774,1,2017-09-26 22:01:15
26 Sep 22:01:16 - Insert into live price table success: IOTUSD,0.51879,0.518,56643.22079266,0.51899,48295.55422371,0.5571,0.5051,15144661.17310107,2017-09-26 22:01:16
26 Sep 22:01:16 - ************* Buy | 9.578544061302681 LTCUSD @ 52.2 *************
26 Sep 22:01:16 - -------------------- Summary ----------------------------
26 Sep 22:01:16 - Currency Wallet: {
  "BTCUSD": {
    "qty": 0,
    "price": 0
  },
  "IOTUSD": {
    "qty": 958.8095420725626,
    "price": 0.52148
  },
  "BCHUSD": {
    "qty": 1.1203728600878373,
    "price": 446.28
  },
  "ETCUSD": {
    "qty": 43.63382494109434,
    "price": 11.459
  },
  "DSHUSD": {
    "qty": 0,
    "price": 0
  },
  "OMGUSD": {
    "qty": 101.67513636431407,
    "price": 9.835246214147002
  },
  "EOSUSD": {
    "qty": 894.6144211844696,
    "price": 0.5589
  },
  "ETHUSD": {
    "qty": 6.948607201739044,
    "price": 287.8274655530184
  },
  "LTCUSD": {
    "qty": 57.45054221370858,
    "price": 52.21882830697034
  }
}
26 Sep 22:01:16 - =====> Market Value: 7996.75
26 Sep 22:01:16 - Fiat Wallet: $1984.00
26 Sep 22:01:16 - Starting Value: 10000
26 Sep 22:01:16 - Total Value: 9980.75
26 Sep 22:01:16 - ---------------------------------------------------------


26 Sep 22:01:16 - Insert into live price table success: DSHUSD,342.24,342.12,506.54823071,342.26,66.03328205,348.85,338.01,5780.64939563,2017-09-26 22:01:16
26 Sep 22:01:16 - Insert into live price table success: EOSUSD,0.55902,0.55903,45625.32473309,0.56189,35949.07211901,0.59,0.552,2853328.72272601,2017-09-26 22:01:16
26 Sep 22:01:16 - Insert into live price table success: ETCUSD,11.451,11.45,16492.7365362,11.46,2388.94838421,12.189,10.772,458749.36004981,2017-09-26 22:01:16
26 Sep 22:01:16 - Insert into live price table success: BCHUSD,447.15,446.15,531.12920408,447.09,399.37186451,466.21,445.1,18082.62614679,2017-09-26 22:01:16
26 Sep 22:01:16 - Insert into transaction table success: LTCUSD,52.2,9.578544061302681,1,2017-09-26 22:01:16
26 Sep 22:01:16 - Insert into live price table success: OMGUSD,9.839,9.8195,19412.8310266,9.83,344.06598514,10.365,9.616,1098001.00171597,2017-09-26 22:01:16
26 Sep 22:01:16 - Insert into live price table success: ETHUSD,287.88,287.88,259.83993007,287.89,506.68204252,296.08,285.2,107769.36686465,2017-09-26 22:01:16
26 Sep 22:01:16 - Insert into live price table success: LTCUSD,52.21,52.21,455.80770806,52.247,910.77413951,54.5,51.28,304002.37406838,2017-09-26 22:01:16
26 Sep 22:01:16 - Insert into live price table success: BTCUSD,3897.4,3897.3,23.93321919,3897.5,94.5636556,3985,3838,20671.57938313,2017-09-26 22:01:16
26 Sep 22:01:21 - ************* Buy | 9.57670944263551 LTCUSD @ 52.21 *************
26 Sep 22:01:21 - -------------------- Summary ----------------------------
26 Sep 22:01:21 - Currency Wallet: {
  "BTCUSD": {
    "qty": 0,
    "price": 0
  },
  "IOTUSD": {
    "qty": 958.8095420725626,
    "price": 0.52148
  },
  "BCHUSD": {
    "qty": 1.1203728600878373,
    "price": 446.28
  },
  "ETCUSD": {
    "qty": 43.63382494109434,
    "price": 11.459
  },
  "DSHUSD": {
    "qty": 0,
    "price": 0
  },
  "OMGUSD": {
    "qty": 101.67513636431407,
    "price": 9.835246214147002
  },
  "EOSUSD": {
    "qty": 894.6144211844696,
    "price": 0.5589
  },
  "ETHUSD": {
    "qty": 6.948607201739044,
    "price": 287.8274655530184
  },
  "LTCUSD": {
    "qty": 67.02725165634409,
    "price": 52.217566937473066
  }
}
26 Sep 22:01:21 - =====> Market Value: 8498.39
26 Sep 22:01:21 - Fiat Wallet: $1483.00
26 Sep 22:01:21 - Starting Value: 10000
26 Sep 22:01:21 - Total Value: 9981.39
26 Sep 22:01:21 - ---------------------------------------------------------


26 Sep 22:01:21 - Insert into transaction table success: LTCUSD,52.21,9.57670944263551,1,2017-09-26 22:01:21
26 Sep 22:01:26 - Insert into live price table success: BCHUSD,447.15,446.15,545.45147784,447.07,406.24186451,466.21,445.1,18082.62614679,2017-09-26 22:01:26
26 Sep 22:01:26 - Insert into live price table success: EOSUSD,0.55902,0.55903,37585.25653309,0.56179,30687.66266362,0.59,0.552,2853328.72272601,2017-09-26 22:01:26
26 Sep 22:01:26 - Insert into live price table success: DSHUSD,342.24,342.12,491.54796904,342.32,77.35912618,348.85,338.01,5780.64939563,2017-09-26 22:01:26
26 Sep 22:01:26 - Insert into live price table success: ETCUSD,11.451,11.45,15093.3694144,11.464,1302.92799409,12.189,10.772,458749.36004981,2017-09-26 22:01:26
26 Sep 22:01:26 - Insert into live price table success: ETHUSD,287.79,287.75,217.4033691,287.79,1186.77140903,296.08,285.2,107786.52376465,2017-09-26 22:01:26
26 Sep 22:01:26 - Insert into live price table success: IOTUSD,0.51879,0.518,33098.33147658,0.51889,143609.59986309,0.5571,0.5051,15144661.17310107,2017-09-26 22:01:26
26 Sep 22:01:26 - Insert into live price table success: LTCUSD,52.19,52.2,766.15693367,52.205,556.74060279,54.5,51.28,303621.85126219,2017-09-26 22:01:26
26 Sep 22:01:26 - Insert into live price table success: OMGUSD,9.839,9.8195,19223.5362834,9.8299,344.10562114,10.365,9.616,1097981.00171597,2017-09-26 22:01:26
26 Sep 22:01:26 - Insert into live price table success: BTCUSD,3897.4,3897.3,35.52472626,3897.5,81.60463457,3985,3838,20671.70648313,2017-09-26 22:01:26
26 Sep 22:01:29 - ************* Buy | 1.7373779491990686 ETHUSD @ 287.79 *************
26 Sep 22:01:29 - -------------------- Summary ----------------------------
26 Sep 22:01:29 - Currency Wallet: {
  "BTCUSD": {
    "qty": 0,
    "price": 0
  },
  "IOTUSD": {
    "qty": 958.8095420725626,
    "price": 0.52148
  },
  "BCHUSD": {
    "qty": 1.1203728600878373,
    "price": 446.28
  },
  "ETCUSD": {
    "qty": 43.63382494109434,
    "price": 11.459
  },
  "DSHUSD": {
    "qty": 0,
    "price": 0
  },
  "OMGUSD": {
    "qty": 101.67513636431407,
    "price": 9.835246214147002
  },
  "EOSUSD": {
    "qty": 894.6144211844696,
    "price": 0.5589
  },
  "ETHUSD": {
    "qty": 8.685985150938112,
    "price": 287.81997166205065
  },
  "LTCUSD": {
    "qty": 67.02725165634409,
    "price": 52.217566937473066
  }
}
26 Sep 22:01:29 - =====> Market Value: 8996.43
26 Sep 22:01:29 - Fiat Wallet: $982.00
26 Sep 22:01:29 - Starting Value: 10000
26 Sep 22:01:29 - Total Value: 9978.43
26 Sep 22:01:29 - ---------------------------------------------------------


26 Sep 22:01:29 - Insert into transaction table success: ETHUSD,287.79,1.7373779491990686,1,2017-09-26 22:01:29
26 Sep 22:01:29 - ************* Buy | 9.580379383023567 LTCUSD @ 52.19 *************
26 Sep 22:01:29 - -------------------- Summary ----------------------------
26 Sep 22:01:29 - Currency Wallet: {
  "BTCUSD": {
    "qty": 0,
    "price": 0
  },
  "IOTUSD": {
    "qty": 958.8095420725626,
    "price": 0.52148
  },
  "BCHUSD": {
    "qty": 1.1203728600878373,
    "price": 446.28
  },
  "ETCUSD": {
    "qty": 43.63382494109434,
    "price": 11.459
  },
  "DSHUSD": {
    "qty": 0,
    "price": 0
  },
  "OMGUSD": {
    "qty": 101.67513636431407,
    "price": 9.835246214147002
  },
  "EOSUSD": {
    "qty": 894.6144211844696,
    "price": 0.5589
  },
  "ETHUSD": {
    "qty": 8.685985150938112,
    "price": 287.81997166205065
  },
  "LTCUSD": {
    "qty": 76.60763103936766,
    "price": 52.21411947779004
  }
}
26 Sep 22:01:29 - =====> Market Value: 9496.43
26 Sep 22:01:29 - Fiat Wallet: $481.00
26 Sep 22:01:29 - Starting Value: 10000
26 Sep 22:01:29 - Total Value: 9977.43
26 Sep 22:01:29 - ---------------------------------------------------------


26 Sep 22:01:29 - Insert into transaction table success: LTCUSD,52.19,9.580379383023567,1,2017-09-26 22:01:29
26 Sep 22:01:36 - Insert into live price table success: IOTUSD,0.51879,0.518,40526.78626721,0.519,187341.60462371,0.5571,0.5051,15144277.10875507,2017-09-26 22:01:36
26 Sep 22:01:36 - Insert into live price table success: EOSUSD,0.55902,0.55903,38204.38153309,0.5616,44353.99821725,0.59,0.552,2853328.72272601,2017-09-26 22:01:36
26 Sep 22:01:36 - Insert into live price table success: DSHUSD,342.24,342.12,479.70559414,342.38,59.56595306,348.85,338.01,5780.64939563,2017-09-26 22:01:36
26 Sep 22:01:36 - Insert into live price table success: LTCUSD,52.2,52.2,428.67743607,52.235,878.36693076,54.5,51.28,303634.27826219,2017-09-26 22:01:36
26 Sep 22:01:36 - Insert into live price table success: OMGUSD,9.839,9.8195,19427.10231514,9.8289,572.27966729,10.365,9.616,1097981.00171597,2017-09-26 22:01:36
26 Sep 22:01:36 - Insert into live price table success: ETCUSD,11.451,11.45,5156.59167061,11.455,1495.84180979,12.189,10.772,458749.36004981,2017-09-26 22:01:36
26 Sep 22:01:36 - Insert into live price table success: BCHUSD,447.15,446.03,559.22381801,447.04,408.8330245,466.21,445.1,18082.62514679,2017-09-26 22:01:36
26 Sep 22:01:36 - Insert into live price table success: ETHUSD,287.41,287.72,213.63221674,287.73,1091.50869722,296.08,285.2,107930.10788778,2017-09-26 22:01:36
26 Sep 22:01:36 - Insert into live price table success: BTCUSD,3896.9,3896.2,42.07847618,3896.6,73.08345521,3985,3838,20673.3003109,2017-09-26 22:01:36
26 Sep 22:01:45 - Insert into live price table success: DSHUSD,342.24,342.12,518.87862973,342.26,65.98893932,348.85,338.01,5780.64939563,2017-09-26 22:01:45
26 Sep 22:01:46 - Insert into live price table success: EOSUSD,0.55902,0.55891,40459.96044467,0.56129,27631.84949817,0.59,0.552,2853328.72272601,2017-09-26 22:01:46
26 Sep 22:01:46 - Insert into live price table success: BCHUSD,447.15,446.04,555.28387401,447.02,407.3130245,466.21,445.1,18082.62514679,2017-09-26 22:01:46
26 Sep 22:01:46 - Insert into live price table success: ETCUSD,11.45,11.45,5729.17529829,11.468,3279.3086597,12.189,10.772,459071.98294981,2017-09-26 22:01:46
26 Sep 22:01:46 - Insert into live price table success: IOTUSD,0.51879,0.518,34047.79282158,0.5189,167145.55661407,0.5571,0.5051,15144277.10875507,2017-09-26 22:01:46
26 Sep 22:01:46 - Insert into live price table success: OMGUSD,9.839,9.8195,19537.10231514,9.8289,572.27966729,10.365,9.616,1097976.00171597,2017-09-26 22:01:46
26 Sep 22:01:46 - Insert into live price table success: LTCUSD,52.2,52.2,412.16317118,52.225,1175.13126887,54.5,51.28,303634.96866219,2017-09-26 22:01:46
26 Sep 22:01:46 - Insert into live price table success: BTCUSD,3896.8,3896.1,46.87728525,3896.5,109.17873603,3985,3838,20672.28177756,2017-09-26 22:01:46
26 Sep 22:01:46 - Insert into live price table success: ETHUSD,287.68,287.61,302.38024449,287.62,1081.11781006,296.08,285.2,107949.87884121,2017-09-26 22:01:46
26 Sep 22:01:56 - Insert into live price table success: DSHUSD,342.24,342.12,480.70782412,342.29,97.37750564,348.85,338.01,5780.64939563,2017-09-26 22:01:56
26 Sep 22:01:56 - Insert into live price table success: LTCUSD,52.2,52.216,464.94086303,52.223,1169.83194313,54.5,51.28,303634.96866219,2017-09-26 22:01:56
26 Sep 22:01:56 - Insert into live price table success: BCHUSD,447.15,446.05,557.2524694,446.97,421.34950505,466.21,445.1,18082.62514679,2017-09-26 22:01:56
26 Sep 22:01:56 - Insert into live price table success: ETCUSD,11.45,11.45,4941.05946519,11.453,1004.73699583,12.189,10.772,459172.67144981,2017-09-26 22:01:56
26 Sep 22:01:56 - Insert into live price table success: BTCUSD,3896.8,3896.1,45.72240023,3896.2,83.84080925,3985,3838,20670.181848,2017-09-26 22:01:56
26 Sep 22:01:56 - Insert into live price table success: EOSUSD,0.55902,0.55891,37902.4185635,0.56108,41779.44506606,0.59,0.552,2853328.72272601,2017-09-26 22:01:56
26 Sep 22:01:56 - Insert into live price table success: IOTUSD,0.51879,0.518,75347.95508989,0.5189,143902.12503516,0.5571,0.5051,15138519.30251507,2017-09-26 22:01:56
26 Sep 22:01:56 - Insert into live price table success: ETHUSD,287.44,287.19,545.51977798,287.45,1844.90963723,296.08,285.2,108218.70555421,2017-09-26 22:01:56
26 Sep 22:01:56 - Insert into live price table success: OMGUSD,9.839,9.8195,19359.07300833,9.8199,344.09571214,10.365,9.616,1097976.00171597,2017-09-26 22:01:56
26 Sep 22:02:05 - Insert into live price table success: DSHUSD,342.24,342.24,479.40625522,342.37,78.47050164,348.85,338.01,5783.80539563,2017-09-26 22:02:05
26 Sep 22:02:06 - Insert into live price table success: ETCUSD,11.45,11.45,4859.77347147,11.468,2167.49093717,12.189,10.772,459268.57704581,2017-09-26 22:02:06
26 Sep 22:02:06 - Insert into live price table success: EOSUSD,0.55902,0.55891,45903.76863557,0.56108,40474.18561683,0.59,0.552,2853328.72272601,2017-09-26 22:02:06
26 Sep 22:02:06 - Insert into live price table success: BCHUSD,447.15,446.07,542.25372813,447.1,405.64169231,466.21,445.1,18082.62514679,2017-09-26 22:02:06
26 Sep 22:02:06 - Insert into live price table success: IOTUSD,0.518,0.51667,41077.85483895,0.518,213251.35962371,0.5571,0.5051,15138743.60251507,2017-09-26 22:02:06
26 Sep 22:02:06 - Insert into live price table success: LTCUSD,52.2,52.2,526.41200203,52.222,1167.03058732,54.5,51.28,303616.78666219,2017-09-26 22:02:06
26 Sep 22:02:06 - Insert into live price table success: OMGUSD,9.839,9.8195,19469.07300833,9.8199,344.09571214,10.365,9.616,1097818.00399397,2017-09-26 22:02:06
26 Sep 22:02:06 - Insert into live price table success: BTCUSD,3896.1,3896.2,31.61536337,3897.4,102.21802843,3985,3838,20669.49079769,2017-09-26 22:02:06
26 Sep 22:02:06 - Insert into live price table success: ETHUSD,287.4,287.34,284.98917398,287.49,1836.07517095,296.08,285.2,108259.28702076,2017-09-26 22:02:06
26 Sep 22:02:16 - Insert into live price table success: ETCUSD,11.45,11.45,4254.7998052,11.465,1465.9678081,12.189,10.772,459288.5338936,2017-09-26 22:02:16
26 Sep 22:02:17 - Insert into live price table success: LTCUSD,52.19,52.19,826.36108729,52.212,1140.32647019,54.5,51.28,303617.47836219,2017-09-26 22:02:17
26 Sep 22:02:17 - Insert into live price table success: EOSUSD,0.55902,0.55902,43421.93112901,0.561,26406.41872702,0.59,0.552,2853328.72272601,2017-09-26 22:02:17
26 Sep 22:02:17 - Insert into live price table success: ETHUSD,287.43,287.03,561.20245355,287.41,1836.2531194,296.08,285.2,108532.99625166,2017-09-26 22:02:17
26 Sep 22:02:17 - Insert into live price table success: DSHUSD,342.12,342.24,504.39329986,342.44,73.47840667,348.85,338.01,5785.38329563,2017-09-26 22:02:17
26 Sep 22:02:17 - Insert into live price table success: BCHUSD,447.15,446.09,556.26073962,447.06,417.94120349,466.21,445.1,18082.62514679,2017-09-26 22:02:17
26 Sep 22:02:17 - Insert into live price table success: BTCUSD,3896.5,3896.1,41.87128767,3896.2,87.1975417,3985,3838,20669.5903095,2017-09-26 22:02:17
26 Sep 22:02:17 - Insert into live price table success: OMGUSD,9.8103,9.8102,19368.59623268,9.8189,580.03949929,10.365,9.616,1097829.75639397,2017-09-26 22:02:17
26 Sep 22:02:17 - Insert into live price table success: IOTUSD,0.518,0.51668,66274.55908064,0.5179,201876.0225778,0.5571,0.5051,15138743.60251507,2017-09-26 22:02:17
26 Sep 22:02:26 - Insert into live price table success: IOTUSD,0.518,0.51667,64496.81337884,0.5179,202813.68018706,0.5571,0.5051,15138743.60251507,2017-09-26 22:02:26
26 Sep 22:02:26 - Insert into live price table success: BCHUSD,447.15,446.09,921.07315449,447.07,431.74699265,466.21,445.1,18082.62514679,2017-09-26 22:02:26
26 Sep 22:02:26 - Insert into live price table success: EOSUSD,0.55902,0.55881,38309.32101979,0.5611,52893.99409389,0.59,0.552,2852728.72272601,2017-09-26 22:02:26
26 Sep 22:02:26 - Insert into live price table success: OMGUSD,9.8103,9.8103,19795.69643127,9.819,411.77108774,10.365,9.616,1097829.75639397,2017-09-26 22:02:26
26 Sep 22:02:26 - Insert into live price table success: DSHUSD,342.12,342.12,541.67759747,342.36,66.02848708,348.85,338.01,5788.53909563,2017-09-26 22:02:26
26 Sep 22:02:26 - Insert into live price table success: ETCUSD,11.45,11.447,6997.51915456,11.45,701.27705199,12.189,10.772,459288.5338936,2017-09-26 22:02:26
26 Sep 22:02:26 - Insert into live price table success: LTCUSD,52.19,52.19,830.55930284,52.225,875.32699188,54.5,51.28,303443.74140219,2017-09-26 22:02:26
26 Sep 22:02:26 - Insert into live price table success: ETHUSD,287.48,287.16,544.84905261,287.49,1858.46207844,296.08,285.2,108547.13553195,2017-09-26 22:02:26
26 Sep 22:02:26 - Insert into live price table success: BTCUSD,3896.2,3896.1,42.83966168,3896.2,94.23797275,3985,3838,20669.6585775,2017-09-26 22:02:26
26 Sep 22:02:35 - Insert into live price table success: DSHUSD,342.12,342.12,473.2285824,342.32,73.53950667,348.85,338.01,5788.53909563,2017-09-26 22:02:35
26 Sep 22:02:36 - Insert into live price table success: ETCUSD,11.45,11.447,4488.6789845,11.45,648.94893521,12.189,10.772,459288.5338936,2017-09-26 22:02:36
26 Sep 22:02:36 - Insert into live price table success: BCHUSD,447.15,446.12,940.74058391,447,434.5776245,466.21,445.1,18082.62514679,2017-09-26 22:02:36
26 Sep 22:02:36 - Insert into live price table success: EOSUSD,0.55902,0.55881,31914.91593048,0.56109,48778.62749198,0.59,0.552,2852728.72272601,2017-09-26 22:02:36
26 Sep 22:02:36 - Insert into live price table success: IOTUSD,0.518,0.51668,66429.62543374,0.51764,227033.87739662,0.5571,0.5051,15138743.60251507,2017-09-26 22:02:36
26 Sep 22:02:36 - Insert into live price table success: OMGUSD,9.8103,9.8103,19698.17243127,9.8149,344.09241214,10.365,9.616,1097828.34639397,2017-09-26 22:02:36
26 Sep 22:02:36 - Insert into live price table success: LTCUSD,52.19,52.19,862.45988618,52.224,910.84255766,54.5,51.28,303451.04271226,2017-09-26 22:02:36
26 Sep 22:02:36 - Insert into live price table success: ETHUSD,287.48,287.43,364.65527545,287.47,1901.73725955,296.08,285.2,108547.13553195,2017-09-26 22:02:36
26 Sep 22:02:36 - Insert into live price table success: BTCUSD,3896.2,3896.1,47.80054392,3896.2,87.81326876,3985,3838,20669.6585775,2017-09-26 22:02:36
26 Sep 22:02:45 - Insert into live price table success: EOSUSD,0.55902,0.55892,38261.07743408,0.5618,43433.00138646,0.59,0.552,2852728.72272601,2017-09-26 22:02:45
26 Sep 22:02:46 - Insert into live price table success: OMGUSD,9.8103,9.8102,19314.61723268,9.814,577.77108774,10.365,9.616,1097828.34639397,2017-09-26 22:02:46
26 Sep 22:02:46 - Insert into live price table success: DSHUSD,342.12,342.12,495.61851945,342.21,88.47870813,348.85,338.01,5788.53909563,2017-09-26 22:02:46
26 Sep 22:02:46 - Insert into live price table success: BCHUSD,447.15,446.14,990.90633973,446.98,433.69656261,466.21,445.1,18081.91374464,2017-09-26 22:02:46
26 Sep 22:02:46 - Insert into live price table success: ETCUSD,11.45,11.447,4425.73907056,11.449,1134.2038051,12.189,10.772,459288.5338936,2017-09-26 22:02:46
26 Sep 22:02:46 - Insert into live price table success: IOTUSD,0.518,0.5166,51358.8487485,0.51968,158995.89357212,0.5571,0.5051,15138743.18465507,2017-09-26 22:02:46
26 Sep 22:02:46 - Insert into live price table success: LTCUSD,52.19,52.19,906.33341153,52.221,806.79467064,54.5,51.28,303461.38731226,2017-09-26 22:02:46
26 Sep 22:02:46 - Insert into live price table success: BTCUSD,3896.2,3896.1,36.27504369,3896.2,93.11871821,3985,3838,20658.23702766,2017-09-26 22:02:46
26 Sep 22:02:46 - Insert into live price table success: ETHUSD,287.45,287.43,350.78026213,287.48,1890.17867481,296.08,285.2,108510.27934195,2017-09-26 22:02:46
26 Sep 22:02:56 - Insert into live price table success: DSHUSD,342.12,342.12,534.84037448,342.45,66.01303566,348.85,338.01,5788.53909563,2017-09-26 22:02:56
26 Sep 22:02:56 - Insert into live price table success: BCHUSD,447.15,446.15,950.45720473,446.97,431.94593076,466.21,445.1,18077.31350564,2017-09-26 22:02:56
26 Sep 22:02:56 - Insert into live price table success: EOSUSD,0.55902,0.55892,38968.90160214,0.56101,43973.20247231,0.59,0.552,2852728.72272601,2017-09-26 22:02:56
26 Sep 22:02:56 - Insert into live price table success: LTCUSD,52.19,52.19,536.54671682,52.223,1124.35393097,54.5,51.28,303463.27081226,2017-09-26 22:02:56
26 Sep 22:02:56 - Insert into live price table success: ETCUSD,11.45,11.447,5902.45704469,11.449,769.67341843,12.189,10.772,459288.5338936,2017-09-26 22:02:56
26 Sep 22:02:56 - Insert into live price table success: OMGUSD,9.8103,9.8102,19573.70966303,9.814,410.92348774,10.365,9.616,1097828.34639397,2017-09-26 22:02:56
26 Sep 22:02:56 - Insert into live price table success: IOTUSD,0.5166,0.51631,38799.60533117,0.51641,190534.03273671,0.5571,0.5051,15138758.18465507,2017-09-26 22:02:56
26 Sep 22:02:56 - Insert into live price table success: ETHUSD,287.47,287.43,315.101935,287.44,1854.55912465,296.08,285.2,108510.65364195,2017-09-26 22:02:56
26 Sep 22:02:57 - Insert into live price table success: BTCUSD,3898.8,3896.1,42.31254036,3896.2,85.51569222,3985,3838,20657.7026445,2017-09-26 22:02:57
26 Sep 22:03:06 - Insert into live price table success: DSHUSD,342.12,342.12,477.91151695,342.2,73.51750164,348.85,338.01,5788.53909563,2017-09-26 22:03:06
26 Sep 22:03:06 - Insert into live price table success: EOSUSD,0.55902,0.55892,38571.66193051,0.56079,20773.35525342,0.59,0.552,2852728.72272601,2017-09-26 22:03:06
26 Sep 22:03:06 - Insert into live price table success: LTCUSD,52.19,52.19,831.34876127,52.214,545.42345904,54.5,51.28,303466.59861226,2017-09-26 22:03:06
26 Sep 22:03:06 - Insert into live price table success: IOTUSD,0.5166,0.51631,41790.47223101,0.51641,210626.89356062,0.5571,0.5051,15137758.18465507,2017-09-26 22:03:06
26 Sep 22:03:06 - Insert into live price table success: BCHUSD,447.15,446.15,955.31733558,447.09,439.26273076,466.21,445.1,18075.31350564,2017-09-26 22:03:06
26 Sep 22:03:06 - Insert into live price table success: ETHUSD,287.6,287.53,468.41781024,287.6,270.36893931,296.08,285.2,108511.69907475,2017-09-26 22:03:06
26 Sep 22:03:06 - Insert into live price table success: OMGUSD,9.8103,9.8102,19683.70966303,9.8139,739.26541529,10.365,9.616,1097840.09879397,2017-09-26 22:03:06
26 Sep 22:03:06 - Insert into live price table success: ETCUSD,11.45,11.447,4445.06590209,11.45,1497.2784895,12.189,10.772,459288.5338936,2017-09-26 22:03:06
26 Sep 22:03:06 - Insert into live price table success: BTCUSD,3899.1,3896.1,36.71159306,3897.6,110.01953083,3985,3838,20658.05515983,2017-09-26 22:03:06
26 Sep 22:03:16 - Insert into live price table success: BCHUSD,447.06,446.03,993.15741626,447.06,450.79678067,466.21,445.1,18075.53960564,2017-09-26 22:03:16
26 Sep 22:03:16 - Insert into live price table success: ETCUSD,11.45,11.447,4473.33095378,11.45,2253.67615941,12.189,10.772,459284.7824414,2017-09-26 22:03:16
26 Sep 22:03:16 - Insert into live price table success: DSHUSD,342.12,342.12,465.58130897,342.32,74.88473063,348.85,338.01,5788.53909563,2017-09-26 22:03:16
26 Sep 22:03:16 - Insert into live price table success: EOSUSD,0.55902,0.55892,52713.71568811,0.56079,14463.45077222,0.59,0.552,2852728.72272601,2017-09-26 22:03:16
26 Sep 22:03:16 - Insert into live price table success: IOTUSD,0.5166,0.51632,70271.31234651,0.51641,227283.7566104,0.5571,0.5051,15137758.18465507,2017-09-26 22:03:16
26 Sep 22:03:16 - Insert into live price table success: LTCUSD,52.19,52.19,537.62697886,52.205,898.97812035,54.5,51.28,303523.71261226,2017-09-26 22:03:16
26 Sep 22:03:16 - Insert into live price table success: OMGUSD,9.81,9.8102,19348.50903868,9.8139,581.01781529,10.365,9.616,1097841.70879397,2017-09-26 22:03:16
26 Sep 22:03:16 - Insert into live price table success: ETHUSD,287.74,287.67,384.31869993,287.72,273.65734762,296.08,285.2,108520.90107881,2017-09-26 22:03:16
26 Sep 22:03:16 - Insert into live price table success: BTCUSD,3897.1,3896.1,44.13966303,3897,89.44429533,3985,3838,20660.528336,2017-09-26 22:03:16
26 Sep 22:03:26 - Insert into live price table success: OMGUSD,9.81,9.8077,19401.71702873,9.809,589.8805173,10.365,9.616,1097774.91956908,2017-09-26 22:03:26
26 Sep 22:03:26 - Insert into live price table success: EOSUSD,0.55902,0.55892,46691.72575274,0.56079,15829.61579548,0.59,0.552,2852728.72272601,2017-09-26 22:03:26
26 Sep 22:03:26 - Insert into live price table success: BCHUSD,447.06,446.05,993.1615349,447.04,441.45336261,466.21,445.1,18067.40760564,2017-09-26 22:03:26
26 Sep 22:03:26 - Insert into live price table success: DSHUSD,342.12,342.12,512.09633569,342.22,82.27309318,348.85,338.01,5788.53909563,2017-09-26 22:03:26
26 Sep 22:03:26 - Insert into live price table success: LTCUSD,52.19,52.19,747.46981717,52.204,909.18829034,54.5,51.28,303513.71261226,2017-09-26 22:03:26
26 Sep 22:03:26 - Insert into live price table success: ETHUSD,287.45,287.46,432.41643386,287.69,236.38072667,296.08,285.2,108759.12153488,2017-09-26 22:03:26
26 Sep 22:03:26 - Insert into live price table success: ETCUSD,11.45,11.447,5083.42288292,11.45,1188.86452047,12.189,10.772,459278.5338936,2017-09-26 22:03:26
26 Sep 22:03:26 - Insert into live price table success: IOTUSD,0.51641,0.51631,66154.21795888,0.51641,197789.05966392,0.5571,0.5051,15137766.18465507,2017-09-26 22:03:26
26 Sep 22:03:26 - Insert into live price table success: BTCUSD,3897.1,3896.1,34.33066605,3896.4,119.93301159,3985,3838,20659.84746647,2017-09-26 22:03:26
26 Sep 22:03:35 - Insert into live price table success: EOSUSD,0.55902,0.55902,50792.73184869,0.5625,30234.60706035,0.59,0.552,2852728.72272601,2017-09-26 22:03:35
26 Sep 22:03:35 - Insert into live price table success: IOTUSD,0.51641,0.51641,23821.95252559,0.51878,199655.89278855,0.5571,0.5051,15139020.56165807,2017-09-26 22:03:35
26 Sep 22:03:36 - Insert into live price table success: ETCUSD,11.45,11.447,4472.75733343,11.449,1118.10319784,12.189,10.772,459277.31198484,2017-09-26 22:03:36
26 Sep 22:03:36 - Insert into live price table success: DSHUSD,342.12,342.12,467.20045273,342.23,82.30013794,348.85,338.01,5788.53909563,2017-09-26 22:03:36
26 Sep 22:03:36 - Insert into live price table success: OMGUSD,9.81,9.8067,19818.02351038,9.809,589.8135333,10.365,9.616,1097774.91956908,2017-09-26 22:03:36
26 Sep 22:03:36 - Insert into live price table success: BCHUSD,447.06,446.35,981.41862823,447,443.91015268,466.21,445.1,18049.06446226,2017-09-26 22:03:36
26 Sep 22:03:36 - Insert into live price table success: LTCUSD,52.19,52.19,759.71752982,52.204,844.48594079,54.5,51.28,303294.91471522,2017-09-26 22:03:36
26 Sep 22:03:36 - Insert into live price table success: ETHUSD,287.82,287.6,402.02957773,287.81,238.94814447,296.08,285.2,108802.20914766,2017-09-26 22:03:36
26 Sep 22:03:36 - Insert into live price table success: BTCUSD,3896.2,3896.1,51.25745003,3896.2,97.43321465,3985,3838,20660.69951458,2017-09-26 22:03:36
26 Sep 22:03:46 - Insert into live price table success: EOSUSD,0.55902,0.55902,39862.85330206,0.5621,31267.28368324,0.59,0.552,2852728.72272601,2017-09-26 22:03:46
26 Sep 22:03:46 - Insert into live price table success: DSHUSD,342.12,342.12,496.73476705,342.22,104.70224525,348.85,338.01,5788.53909563,2017-09-26 22:03:46
26 Sep 22:03:46 - Insert into live price table success: ETCUSD,11.45,11.447,5093.24071755,11.45,1432.04247755,12.189,10.772,459277.31198484,2017-09-26 22:03:46
26 Sep 22:03:46 - Insert into live price table success: BCHUSD,447.06,446.36,944.76159041,447.08,457.07177028,466.21,445.1,18049.06446226,2017-09-26 22:03:46
26 Sep 22:03:46 - Insert into live price table success: IOTUSD,0.51641,0.51679,26524.55402548,0.51894,223646.78283947,0.5571,0.5051,15138220.97165807,2017-09-26 22:03:46
26 Sep 22:03:46 - Insert into live price table success: OMGUSD,9.8066,9.8066,39442.49582004,9.809,2711.1814423,10.365,9.616,1097998.42436908,2017-09-26 22:03:46
26 Sep 22:03:46 - Insert into live price table success: LTCUSD,52.19,52.19,753.105449,52.203,829.96245893,54.5,51.28,303294.24421722,2017-09-26 22:03:46
26 Sep 22:03:46 - Insert into live price table success: ETHUSD,287.61,287.64,333.91842073,287.76,306.59388854,296.08,285.2,108807.06905712,2017-09-26 22:03:46
26 Sep 22:03:46 - Insert into live price table success: BTCUSD,3896.2,3896.1,26.19482781,3896.2,84.3464028,3985,3838,20660.68851458,2017-09-26 22:03:46
26 Sep 22:03:55 - Insert into live price table success: ETCUSD,11.45,11.447,4472.7515181,11.45,915.87426021,12.189,10.772,459273.55818484,2017-09-26 22:03:55
26 Sep 22:03:56 - Insert into live price table success: LTCUSD,52.19,52.19,470.40025566,52.205,965.51004634,54.5,51.28,303249.24630116,2017-09-26 22:03:56
26 Sep 22:03:56 - Insert into live price table success: BCHUSD,447.06,446.36,529.18576275,447,422.3034171,466.21,445.1,18047.96556207,2017-09-26 22:03:56
26 Sep 22:03:56 - Insert into live price table success: DSHUSD,342.12,342.12,526.49430816,342.21,104.71132182,348.85,338.01,5788.53909563,2017-09-26 22:03:56
26 Sep 22:03:56 - Insert into live price table success: OMGUSD,9.8066,9.8024,38825.37599343,9.8093,2000.82447929,10.365,9.616,1098178.37187852,2017-09-26 22:03:56
26 Sep 22:03:56 - Insert into live price table success: EOSUSD,0.55902,0.55902,50543.09196234,0.56209,40149.78260727,0.59,0.552,2852728.72272601,2017-09-26 22:03:56
26 Sep 22:03:56 - Insert into live price table success: BTCUSD,3896.2,3896.1,30.57386104,3896.2,92.02447356,3985,3838,20662.90710047,2017-09-26 22:03:56
26 Sep 22:03:56 - Insert into live price table success: ETHUSD,287.92,287.81,341.04839059,287.92,200.67937541,296.08,285.2,108835.56313277,2017-09-26 22:03:56
26 Sep 22:03:56 - Insert into live price table success: IOTUSD,0.51641,0.51732,26813.32313263,0.51829,222671.52925358,0.5571,0.5051,15138220.97165807,2017-09-26 22:03:56
26 Sep 22:04:06 - Insert into live price table success: ETCUSD,11.45,11.447,5188.94515467,11.45,1948.14150737,12.189,10.772,459269.80378484,2017-09-26 22:04:06
26 Sep 22:04:06 - Insert into live price table success: LTCUSD,52.19,52.19,753.105449,52.202,648.38381833,54.5,51.28,303249.24630116,2017-09-26 22:04:06
26 Sep 22:04:06 - Insert into live price table success: DSHUSD,342.2,342.12,496.51860079,342.18,97.17324129,348.85,338.01,5790.78709563,2017-09-26 22:04:06
26 Sep 22:04:06 - Insert into live price table success: EOSUSD,0.55902,0.55902,47210.01916502,0.56199,43480.29087588,0.59,0.552,2852728.72272601,2017-09-26 22:04:06
26 Sep 22:04:06 - Insert into live price table success: BCHUSD,447.06,446.4,568.24541969,446.98,431.64349284,466.21,445.1,18047.96556207,2017-09-26 22:04:06
26 Sep 22:04:06 - Insert into live price table success: ETHUSD,287.96,287.71,372.68470337,287.77,226.59088538,296.08,285.2,108868.24164741,2017-09-26 22:04:06
26 Sep 22:04:06 - Insert into live price table success: IOTUSD,0.51641,0.5184,146769.5566413,0.5192,201586.51241267,0.5571,0.5051,15138220.97165807,2017-09-26 22:04:06
26 Sep 22:04:06 - Insert into live price table success: OMGUSD,9.807,9.8071,42881.15538688,9.8093,2158.22447929,10.365,9.616,1098190.12427852,2017-09-26 22:04:06
26 Sep 22:04:06 - Insert into live price table success: BTCUSD,3896.2,3896.2,12.79447491,3897.1,91.44863024,3985,3838,20664.23038646,2017-09-26 22:04:06
26 Sep 22:04:15 - Insert into live price table success: DSHUSD,342.2,342.12,474.33556234,342.18,102.13345688,348.85,338.01,5790.57179563,2017-09-26 22:04:15
26 Sep 22:04:16 - Insert into live price table success: ETCUSD,11.45,11.447,5185.78853934,11.45,2157.97324111,12.189,10.772,459360.17728484,2017-09-26 22:04:16
26 Sep 22:04:16 - Insert into live price table success: OMGUSD,9.807,9.8071,43181.15538688,9.8092,1970.53576761,10.365,9.616,1098189.12427852,2017-09-26 22:04:16
26 Sep 22:04:16 - Insert into live price table success: BCHUSD,447.06,446.41,588.42383378,447,418.02647677,466.21,445.1,18047.96556207,2017-09-26 22:04:16
26 Sep 22:04:16 - Insert into live price table success: IOTUSD,0.51641,0.51739,119537.11009719,0.5192,175233.37324808,0.5571,0.5051,15138220.97165807,2017-09-26 22:04:16
26 Sep 22:04:16 - Insert into live price table success: EOSUSD,0.55902,0.55902,39155.64819989,0.5618,43102.10794663,0.59,0.552,2852728.72272601,2017-09-26 22:04:16
26 Sep 22:04:16 - Insert into live price table success: LTCUSD,52.18,52.18,2855.31104078,52.187,949.06613282,54.5,51.28,303336.28760768,2017-09-26 22:04:16
26 Sep 22:04:16 - Insert into live price table success: BTCUSD,3896.2,3896.2,56.11559844,3896.3,98.76150374,3985,3838,20664.23038646,2017-09-26 22:04:16
26 Sep 22:04:16 - Insert into live price table success: ETHUSD,287.95,287.76,361.74999612,287.77,209.99411824,296.08,285.2,108890.59744741,2017-09-26 22:04:16
26 Sep 22:04:25 - Insert into live price table success: EOSUSD,0.55902,0.55892,28986.0799321,0.5618,41895.02871455,0.59,0.552,2852728.72272601,2017-09-26 22:04:25
26 Sep 22:04:25 - Insert into live price table success: IOTUSD,0.51641,0.51739,139790.82455032,0.5192,173152.5830717,0.5571,0.5051,15135135.53265807,2017-09-26 22:04:25
26 Sep 22:04:26 - Insert into live price table success: DSHUSD,342.2,342.12,491.93454478,342.42,65.67591892,348.85,338.01,5790.57179563,2017-09-26 22:04:26
26 Sep 22:04:26 - Insert into live price table success: ETCUSD,11.455,11.455,5031.59595598,11.456,1802.3107055,12.189,10.772,459371.29728484,2017-09-26 22:04:26
26 Sep 22:04:26 - Insert into live price table success: BCHUSD,447.06,446.21,592.19884649,446.94,413.64119588,466.21,445.1,18047.96556207,2017-09-26 22:04:26
26 Sep 22:04:26 - Insert into live price table success: LTCUSD,52.18,52.18,732.30108426,52.187,1049.08715643,54.5,51.28,303222.40985124,2017-09-26 22:04:26
26 Sep 22:04:26 - Insert into live price table success: ETHUSD,288.12,287.85,409.38101113,288.12,196.1561679,296.08,285.2,108902.3563781,2017-09-26 22:04:26
26 Sep 22:04:26 - Insert into live price table success: BTCUSD,3896.3,3896.2,54.09228174,3896.3,84.80791716,3985,3838,20664.73503816,2017-09-26 22:04:26
26 Sep 22:04:26 - Insert into live price table success: OMGUSD,9.8071,9.8071,42814.56643656,9.8499,24171.16206851,10.365,9.616,1099650.36896382,2017-09-26 22:04:26
26 Sep 22:04:36 - Insert into live price table success: BCHUSD,446.97,446.21,959.54352075,446.88,416.69876365,466.21,445.1,18048.59622007,2017-09-26 22:04:36
26 Sep 22:04:36 - Insert into live price table success: OMGUSD,9.8082,9.8083,23093.13997529,9.849,21075.36243195,10.365,9.616,1099619.79182327,2017-09-26 22:04:36
26 Sep 22:04:36 - Insert into live price table success: EOSUSD,0.55902,0.55892,31469.89962442,0.56157,14991.53724205,0.59,0.552,2852728.72272601,2017-09-26 22:04:36
26 Sep 22:04:36 - Insert into live price table success: DSHUSD,342.2,342.12,489.6805614,342.2,82.07083348,348.85,338.01,5790.57179563,2017-09-26 22:04:36
26 Sep 22:04:36 - Insert into live price table success: IOTUSD,0.51641,0.51739,154990.50237284,0.5192,186239.74880218,0.5571,0.5051,15131657.47248432,2017-09-26 22:04:36
26 Sep 22:04:36 - Insert into live price table success: ETCUSD,11.444,11.444,4994.2045114,11.478,2427.07986015,12.189,10.772,459588.45372281,2017-09-26 22:04:36
26 Sep 22:04:36 - Insert into live price table success: BTCUSD,3896.3,3896.2,14.09339522,3896.3,93.26250198,3985,3838,20664.38449446,2017-09-26 22:04:36
26 Sep 22:04:36 - Insert into live price table success: ETHUSD,288.12,288.02,457.80733599,288.17,282.34940927,296.08,285.2,108884.49792234,2017-09-26 22:04:36
26 Sep 22:04:36 - Insert into live price table success: LTCUSD,52.18,52.18,2725.76882799,52.187,997.76134587,54.5,51.28,303215.06135724,2017-09-26 22:04:36
26 Sep 22:04:46 - Insert into live price table success: DSHUSD,342.2,342.12,510.68670648,342.21,113.21998587,348.85,338.01,5790.57179563,2017-09-26 22:04:46
26 Sep 22:04:46 - Insert into live price table success: LTCUSD,52.18,52.18,2728.08164893,52.189,1014.32477565,54.5,51.28,303215.06135724,2017-09-26 22:04:46
26 Sep 22:04:46 - Insert into live price table success: EOSUSD,0.55902,0.55892,31464.45860885,0.56143,23841.43801602,0.59,0.552,2852728.72272601,2017-09-26 22:04:46
26 Sep 22:04:46 - Insert into live price table success: BCHUSD,446.97,446.11,1036.97686135,446.97,421.16611854,466.21,445.1,18048.59622007,2017-09-26 22:04:46
26 Sep 22:04:46 - Insert into live price table success: OMGUSD,9.8082,9.8114,23016.65628528,9.8489,19118.2783468,10.365,9.616,1099619.79182327,2017-09-26 22:04:46
26 Sep 22:04:46 - Insert into live price table success: IOTUSD,0.51641,0.5167,157935.28497312,0.5192,224935.71347108,0.5571,0.5051,15129336.3361989,2017-09-26 22:04:46
26 Sep 22:04:46 - Insert into live price table success: ETCUSD,11.444,11.445,5003.76050313,11.463,2268.51039646,12.189,10.772,459588.45372281,2017-09-26 22:04:46
26 Sep 22:04:46 - Insert into live price table success: BTCUSD,3896.3,3896.2,19.69481266,3896.3,85.46017556,3985,3838,20664.36447629,2017-09-26 22:04:46
26 Sep 22:04:46 - Insert into live price table success: ETHUSD,288.12,288.12,368.02186636,288.17,274.00290846,296.08,285.2,108855.89849594,2017-09-26 22:04:46
26 Sep 22:04:57 - Insert into live price table success: OMGUSD,9.8082,9.8125,23068.03557591,9.8489,21773.29233561,10.365,9.616,1099585.21146727,2017-09-26 22:04:57
26 Sep 22:04:57 - Insert into live price table success: LTCUSD,52.18,52.18,2845.63567398,52.187,663.15220174,54.5,51.28,303215.06135724,2017-09-26 22:04:57
26 Sep 22:04:57 - Insert into live price table success: DSHUSD,342.2,342.12,492.68165386,342.36,85.7475869,348.85,338.01,5788.57179563,2017-09-26 22:04:57
26 Sep 22:04:57 - Insert into live price table success: EOSUSD,0.55902,0.55892,35867.11853715,0.56142,23554.37306039,0.59,0.552,2852728.72272601,2017-09-26 22:04:57
26 Sep 22:04:57 - Insert into live price table success: BCHUSD,446.97,446.11,1007.79615194,446.95,395.25034365,466.21,445.1,18048.59622007,2017-09-26 22:04:57
26 Sep 22:04:57 - Insert into live price table success: BTCUSD,3896.3,3896.2,20.0424735,3896.3,87.99257996,3985,3838,20660.42667713,2017-09-26 22:04:57
26 Sep 22:04:57 - Insert into live price table success: ETCUSD,11.475,11.445,5003.99925976,11.455,1394.97511178,12.189,10.772,459684.47274281,2017-09-26 22:04:57
26 Sep 22:04:57 - Insert into live price table success: IOTUSD,0.51641,0.51671,123112.91085136,0.51919,139592.86938196,0.5571,0.5051,15128071.9807029,2017-09-26 22:04:57
26 Sep 22:04:57 - Insert into live price table success: ETHUSD,288.14,288.14,376.40471175,288.17,208.44829423,296.08,285.2,108859.51369711,2017-09-26 22:04:57
26 Sep 22:05:05 - Insert into live price table success: ETCUSD,11.467,11.445,5082.29468384,11.465,1988.97983904,12.189,10.772,459695.96454281,2017-09-26 22:05:05
26 Sep 22:05:06 - Insert into live price table success: LTCUSD,52.18,52.18,2876.00925167,52.184,1019.15163229,54.5,51.28,303168.57735724,2017-09-26 22:05:06
26 Sep 22:05:06 - Insert into live price table success: EOSUSD,0.55902,0.55902,34981.40165094,0.56219,42418.4449934,0.59,0.552,2852728.72272601,2017-09-26 22:05:06
26 Sep 22:05:06 - Insert into live price table success: ETHUSD,288.19,288.18,306.40425264,288.19,284.33189462,296.08,285.2,108853.34766162,2017-09-26 22:05:06
26 Sep 22:05:06 - Insert into live price table success: IOTUSD,0.51641,0.51682,127041.85931329,0.51692,221876.97679462,0.5571,0.5051,15123837.42381357,2017-09-26 22:05:06
26 Sep 22:05:06 - Insert into live price table success: DSHUSD,342.2,342.12,492.30916306,342.23,61.97073851,348.85,338.01,5788.57179563,2017-09-26 22:05:06
26 Sep 22:05:06 - Insert into live price table success: BCHUSD,446.97,446.46,608.35999163,446.91,413.47984507,466.21,445.1,18043.03826407,2017-09-26 22:05:06
26 Sep 22:05:06 - Insert into live price table success: OMGUSD,9.8082,9.8093,22918.85928415,9.8489,22268.51624776,10.365,9.616,1099585.21146727,2017-09-26 22:05:06
26 Sep 22:05:06 - Insert into live price table success: BTCUSD,3896.3,3896.2,12.51436412,3896.3,80.36933725,3985,3838,20660.03443732,2017-09-26 22:05:06
26 Sep 22:05:16 - Insert into live price table success: DSHUSD,342.2,342.12,478.23292944,342.22,81.95343348,348.85,338.01,5788.46779563,2017-09-26 22:05:16
26 Sep 22:05:16 - Insert into live price table success: BCHUSD,446.97,446.46,608.02935003,446.96,424.7307853,466.21,445.1,18043.03826407,2017-09-26 22:05:16
26 Sep 22:05:16 - Insert into live price table success: EOSUSD,0.55902,0.55892,29603.9047367,0.56117,35239.09013447,0.59,0.552,2852728.72272601,2017-09-26 22:05:16
26 Sep 22:05:16 - Insert into live price table success: ETCUSD,11.456,11.445,4969.59002042,11.467,2766.35993713,12.189,10.772,459681.97694281,2017-09-26 22:05:16
26 Sep 22:05:16 - Insert into live price table success: OMGUSD,9.8082,9.8082,23091.77905569,9.8489,22257.20608183,10.365,9.616,1099389.19053819,2017-09-26 22:05:16
26 Sep 22:05:16 - Insert into live price table success: ETHUSD,288.19,288.12,312.45838475,288.18,193.53917495,296.08,285.2,108824.70091652,2017-09-26 22:05:16
26 Sep 22:05:16 - Insert into live price table success: BTCUSD,3896.3,3896.2,21.03893491,3896.3,103.92636829,3985,3838,20659.64310715,2017-09-26 22:05:16
26 Sep 22:05:16 - Insert into live price table success: IOTUSD,0.51692,0.51672,149672.43017089,0.51692,158169.92977909,0.5571,0.5051,15123599.47581357,2017-09-26 22:05:16
26 Sep 22:05:16 - Insert into live price table success: LTCUSD,52.18,52.186,2842.68050833,52.189,609.93754442,54.5,51.28,303020.67735724,2017-09-26 22:05:16
