27 Sep 21:02:59 - { event: 'subscribe',
  channel: 'book',
  symbol: 'tBTCUSD',
  prec: 'P0',
  freq: 'F0',
  len: '100' }
27 Sep 21:02:59 - { event: 'subscribe',
  channel: 'book',
  symbol: 'tLTCUSD',
  prec: 'P0',
  freq: 'F0',
  len: '100' }
27 Sep 21:02:59 - { event: 'subscribe',
  channel: 'book',
  symbol: 'tETHUSD',
  prec: 'P0',
  freq: 'F0',
  len: '100' }
27 Sep 21:02:59 - { event: 'subscribe',
  channel: 'book',
  symbol: 'tETCUSD',
  prec: 'P0',
  freq: 'F0',
  len: '100' }
27 Sep 21:02:59 - { event: 'subscribe',
  channel: 'book',
  symbol: 'tDSHUSD',
  prec: 'P0',
  freq: 'F0',
  len: '100' }
27 Sep 21:02:59 - { event: 'subscribe',
  channel: 'book',
  symbol: 'tIOTUSD',
  prec: 'P0',
  freq: 'F0',
  len: '100' }
27 Sep 21:02:59 - { event: 'subscribe',
  channel: 'book',
  symbol: 'tEOSUSD',
  prec: 'P0',
  freq: 'F0',
  len: '100' }
27 Sep 21:02:59 - { event: 'subscribe',
  channel: 'book',
  symbol: 'tOMGUSD',
  prec: 'P0',
  freq: 'F0',
  len: '100' }
27 Sep 21:02:59 - { event: 'subscribe',
  channel: 'book',
  symbol: 'tBCHUSD',
  prec: 'P0',
  freq: 'F0',
  len: '100' }
27 Sep 21:02:59 - { event: 'subscribe', channel: 'ticker', symbol: 'tBTCUSD' }
27 Sep 21:02:59 - { event: 'subscribe', channel: 'ticker', symbol: 'tLTCUSD' }
27 Sep 21:02:59 - { event: 'subscribe', channel: 'ticker', symbol: 'tETHUSD' }
27 Sep 21:02:59 - { event: 'subscribe', channel: 'ticker', symbol: 'tETCUSD' }
27 Sep 21:02:59 - { event: 'subscribe', channel: 'ticker', symbol: 'tDSHUSD' }
27 Sep 21:02:59 - { event: 'subscribe', channel: 'ticker', symbol: 'tIOTUSD' }
27 Sep 21:02:59 - { event: 'subscribe', channel: 'ticker', symbol: 'tEOSUSD' }
27 Sep 21:02:59 - { event: 'subscribe', channel: 'ticker', symbol: 'tOMGUSD' }
27 Sep 21:02:59 - { event: 'subscribe', channel: 'ticker', symbol: 'tBCHUSD' }
27 Sep 21:02:59 - { event: 'subscribe',
  channel: 'candles',
  key: 'trade:1m:tBTCUSD' }
27 Sep 21:02:59 - { event: 'subscribe',
  channel: 'candles',
  key: 'trade:1m:tLTCUSD' }
27 Sep 21:02:59 - { event: 'subscribe',
  channel: 'candles',
  key: 'trade:1m:tETHUSD' }
27 Sep 21:02:59 - { event: 'subscribe',
  channel: 'candles',
  key: 'trade:1m:tETCUSD' }
27 Sep 21:02:59 - { event: 'subscribe',
  channel: 'candles',
  key: 'trade:1m:tDSHUSD' }
27 Sep 21:02:59 - { event: 'subscribe',
  channel: 'candles',
  key: 'trade:1m:tIOTUSD' }
27 Sep 21:02:59 - { event: 'subscribe',
  channel: 'candles',
  key: 'trade:1m:tEOSUSD' }
27 Sep 21:02:59 - { event: 'subscribe',
  channel: 'candles',
  key: 'trade:1m:tOMGUSD' }
27 Sep 21:02:59 - { event: 'subscribe',
  channel: 'candles',
  key: 'trade:1m:tBCHUSD' }
Client [public] started, listening to WebSocket 127.0.0.1:1337
New Connection id ::  VT0IJXInozfL5Ah/Cy0E+A==
New Connection id ::  nRBGVFy+U10u9MtYuHBu/A==
Received client [bot]'s id: nRBGVFy+U10u9MtYuHBu/A==
Client [bot] started, listening to WebSocket 127.0.0.1:1337
Received client [public_books]'s id: VT0IJXInozfL5Ah/Cy0E+A==
27 Sep 21:02:59 - Success clearing bitfinex_live_price table
27 Sep 21:02:59 - Success clearing bitfinex_transactions table
27 Sep 21:02:59 - --------------------------------------
INFO: undefined 
undefined
--------------------------------------
27 Sep 21:02:59 - Insert into live price table success: BTCUSD,4181.1,4181.9,86.95289616,4184.2,59.0238638,4229.5,3892.6,49455.13513445,2017-09-27 21:02:59
27 Sep 21:02:59 - Insert into live price table success: LTCUSD,56.443,56.439,939.86613575,56.443,724.80771905,57.571,52.06,433128.20510514,2017-09-27 21:02:59
27 Sep 21:02:59 - Insert into live price table success: ETCUSD,12.816,12.763,11007.52278438,12.813,1047.65607582,13.3,11.41,732610.627198,2017-09-27 21:02:59
27 Sep 21:02:59 - Insert into live price table success: DSHUSD,349.31,349.25,83.50737728,349.45,48.72334221,355,335.7,9905.287796,2017-09-27 21:02:59
27 Sep 21:02:59 - Insert into live price table success: EOSUSD,0.6302,0.6303,149047.51155629,0.63543,38788.38869723,0.6394,0.55531,7555753.69029357,2017-09-27 21:02:59
27 Sep 21:02:59 - Insert into live price table success: BCHUSD,461,460.5,412.80465936,461,844.19417702,470,435.96,43348.61103689,2017-09-27 21:02:59
27 Sep 21:02:59 - Insert into live price table success: IOTUSD,0.5498,0.5497,40601.6671878,0.5498,376443.1083009,0.5544,0.505,16151588.94872305,2017-09-27 21:02:59
27 Sep 21:02:59 - Insert into live price table success: OMGUSD,10.287,10.254,4454.93195632,10.286,6319.57418598,10.599,9.7742,1565828.81541986,2017-09-27 21:02:59
27 Sep 21:02:59 - Insert into live price table success: ETHUSD,308.06,307.72,269.13535086,307.84,230.39086107,315.51,286.93,216646.25133227,2017-09-27 21:02:59
27 Sep 21:03:02 - ************* Buy | 0.11958575494487096 BTCUSD @ 4181.1 *************
27 Sep 21:03:02 - -------------------- Summary ----------------------------
27 Sep 21:03:02 - Currency Wallet: {
  "BTCUSD": {
    "qty": 0.11958575494487096,
    "price": 4181.1
  }
}
27 Sep 21:03:02 - =====> Market Value: 500.00
27 Sep 21:03:02 - Fiat Wallet: $9499.00
27 Sep 21:03:02 - Starting Value: 10000
27 Sep 21:03:02 - Total Value: 9999.00
27 Sep 21:03:02 - ---------------------------------------------------------


27 Sep 21:03:02 - Insert into transaction table success: BTCUSD,4181.1,0.11958575494487096,1,2017-09-27 21:03:02
27 Sep 21:03:04 - ************* Buy | 39.01373283395755 ETCUSD @ 12.816 *************
27 Sep 21:03:04 - -------------------- Summary ----------------------------
27 Sep 21:03:04 - Currency Wallet: {
  "BTCUSD": {
    "qty": 0.11958575494487096,
    "price": 4181.1
  },
  "ETHUSD": {
    "qty": 0,
    "price": 0
  },
  "ETCUSD": {
    "qty": 39.01373283395755,
    "price": 12.816
  }
}
27 Sep 21:03:04 - =====> Market Value: 1000.00
27 Sep 21:03:04 - Fiat Wallet: $8998.00
27 Sep 21:03:04 - Starting Value: 10000
27 Sep 21:03:04 - Total Value: 9998.00
27 Sep 21:03:04 - ---------------------------------------------------------


27 Sep 21:03:04 - Insert into transaction table success: ETCUSD,12.816,39.01373283395755,1,2017-09-27 21:03:04
