New Connection id ::  wYjZNOUTJanUlo0FafcebA==
Client [bot] started, listening to WebSocket 127.0.0.1:1337
26 Sep 22:13:38 - Success clearing bitfinex_transactions table
26 Sep 22:13:38 - Success clearing bitfinex_live_price table
26 Sep 22:13:38 - { event: 'subscribe',
  channel: 'book',
  symbol: 'tBTCUSD',
  prec: 'P0',
  freq: 'F0',
  len: '100' }
26 Sep 22:13:38 - { event: 'subscribe',
  channel: 'book',
  symbol: 'tLTCUSD',
  prec: 'P0',
  freq: 'F0',
  len: '100' }
26 Sep 22:13:38 - { event: 'subscribe',
  channel: 'book',
  symbol: 'tETHUSD',
  prec: 'P0',
  freq: 'F0',
  len: '100' }
26 Sep 22:13:38 - { event: 'subscribe',
  channel: 'book',
  symbol: 'tETCUSD',
  prec: 'P0',
  freq: 'F0',
  len: '100' }
26 Sep 22:13:38 - { event: 'subscribe',
  channel: 'book',
  symbol: 'tDSHUSD',
  prec: 'P0',
  freq: 'F0',
  len: '100' }
26 Sep 22:13:38 - { event: 'subscribe',
  channel: 'book',
  symbol: 'tIOTUSD',
  prec: 'P0',
  freq: 'F0',
  len: '100' }
26 Sep 22:13:38 - { event: 'subscribe',
  channel: 'book',
  symbol: 'tEOSUSD',
  prec: 'P0',
  freq: 'F0',
  len: '100' }
26 Sep 22:13:38 - { event: 'subscribe',
  channel: 'book',
  symbol: 'tOMGUSD',
  prec: 'P0',
  freq: 'F0',
  len: '100' }
26 Sep 22:13:38 - { event: 'subscribe',
  channel: 'book',
  symbol: 'tBCHUSD',
  prec: 'P0',
  freq: 'F0',
  len: '100' }
26 Sep 22:13:38 - { event: 'subscribe', channel: 'ticker', symbol: 'tBTCUSD' }
26 Sep 22:13:38 - { event: 'subscribe', channel: 'ticker', symbol: 'tLTCUSD' }
26 Sep 22:13:38 - { event: 'subscribe', channel: 'ticker', symbol: 'tETHUSD' }
26 Sep 22:13:38 - { event: 'subscribe', channel: 'ticker', symbol: 'tETCUSD' }
26 Sep 22:13:38 - { event: 'subscribe', channel: 'ticker', symbol: 'tDSHUSD' }
26 Sep 22:13:38 - { event: 'subscribe', channel: 'ticker', symbol: 'tIOTUSD' }
26 Sep 22:13:38 - { event: 'subscribe', channel: 'ticker', symbol: 'tEOSUSD' }
26 Sep 22:13:38 - { event: 'subscribe', channel: 'ticker', symbol: 'tOMGUSD' }
26 Sep 22:13:38 - { event: 'subscribe', channel: 'ticker', symbol: 'tBCHUSD' }
26 Sep 22:13:38 - { event: 'subscribe',
  channel: 'candles',
  key: 'trade:1m:tBTCUSD' }
26 Sep 22:13:38 - { event: 'subscribe',
  channel: 'candles',
  key: 'trade:1m:tLTCUSD' }
26 Sep 22:13:38 - { event: 'subscribe',
  channel: 'candles',
  key: 'trade:1m:tETHUSD' }
26 Sep 22:13:38 - { event: 'subscribe',
  channel: 'candles',
  key: 'trade:1m:tETCUSD' }
26 Sep 22:13:38 - { event: 'subscribe',
  channel: 'candles',
  key: 'trade:1m:tDSHUSD' }
26 Sep 22:13:38 - { event: 'subscribe',
  channel: 'candles',
  key: 'trade:1m:tIOTUSD' }
26 Sep 22:13:38 - { event: 'subscribe',
  channel: 'candles',
  key: 'trade:1m:tEOSUSD' }
26 Sep 22:13:38 - { event: 'subscribe',
  channel: 'candles',
  key: 'trade:1m:tOMGUSD' }
26 Sep 22:13:38 - { event: 'subscribe',
  channel: 'candles',
  key: 'trade:1m:tBCHUSD' }
New Connection id ::  Bb0ooknkmdrZOs1rlgkQxQ==
Received client [public_books]'s id: Bb0ooknkmdrZOs1rlgkQxQ==
Client [public] started, listening to WebSocket 127.0.0.1:1337
Received client [bot]'s id: wYjZNOUTJanUlo0FafcebA==
26 Sep 22:13:38 - --------------------------------------
INFO: undefined 
undefined
--------------------------------------
26 Sep 22:13:39 - Insert into live price table success: BTCUSD,3907,3903.3,99.41152971,3906.8,89.69513601,3985,3838,20649.66973973,2017-09-26 22:13:39
26 Sep 22:13:39 - Insert into live price table success: LTCUSD,52.325,52.325,1010.00837615,52.38,423.12570308,54.5,51.28,302599.07063693,2017-09-26 22:13:39
26 Sep 22:13:39 - Insert into live price table success: ETHUSD,287.98,287.99,242.13747832,288.1,148.52515947,296.08,285.2,108678.26261973,2017-09-26 22:13:39
26 Sep 22:13:39 - Insert into live price table success: ETCUSD,11.44,11.438,5396.07040815,11.44,3173.70812068,12.189,10.772,462146.02405181,2017-09-26 22:13:39
26 Sep 22:13:39 - Insert into live price table success: IOTUSD,0.51787,0.51787,119027.18482597,0.5192,54034.64223878,0.5571,0.5051,15186453.38517314,2017-09-26 22:13:39
26 Sep 22:13:39 - Insert into live price table success: EOSUSD,0.5628,0.55891,33233.20933826,0.559,27010.20829463,0.59,0.552,2859867.75318598,2017-09-26 22:13:39
26 Sep 22:13:39 - Insert into live price table success: DSHUSD,340.98,340.82,177.70256424,340.98,150.76137789,348.43,338.01,5807.6148535,2017-09-26 22:13:39
26 Sep 22:13:39 - Insert into live price table success: BCHUSD,445.99,445.83,582.94465628,446.79,325.16585049,466.21,445.1,18115.2182838,2017-09-26 22:13:39
26 Sep 22:13:39 - Insert into live price table success: OMGUSD,9.8488,9.8222,19250.52661642,9.8488,17366.40976897,10.365,9.616,1097323.13729265,2017-09-26 22:13:39
26 Sep 22:13:46 - Insert into live price table success: BCHUSD,445.99,445.83,593.71436295,446.78,327.82107973,466.21,445.1,18115.2182838,2017-09-26 22:13:46
26 Sep 22:13:46 - Insert into live price table success: ETCUSD,11.44,11.438,5395.62285903,11.44,3179.26082639,12.189,10.772,462142.27325181,2017-09-26 22:13:46
26 Sep 22:13:46 - Insert into live price table success: DSHUSD,340.98,340.82,185.71126504,340.98,153.30236501,348.43,338.01,5807.6148535,2017-09-26 22:13:46
26 Sep 22:13:46 - Insert into live price table success: ETHUSD,288,288,360.26254635,288.1,207.52882853,296.08,285.2,108708.27261973,2017-09-26 22:13:46
26 Sep 22:13:46 - Insert into live price table success: IOTUSD,0.5192,0.51784,126293.45644332,0.5192,78887.22321709,0.5571,0.5051,15190164.44462614,2017-09-26 22:13:46
26 Sep 22:13:46 - Insert into live price table success: EOSUSD,0.5628,0.55891,36158.50464836,0.559,33959.15139885,0.59,0.552,2859867.75318598,2017-09-26 22:13:46
26 Sep 22:13:46 - Insert into live price table success: LTCUSD,52.325,52.326,1073.10510608,52.38,753.53959267,54.5,51.28,302599.07063693,2017-09-26 22:13:46
26 Sep 22:13:46 - Insert into live price table success: OMGUSD,9.8488,9.8232,19119.92844449,9.8487,17150.18666382,10.365,9.616,1097323.13729265,2017-09-26 22:13:46
26 Sep 22:13:46 - Insert into live price table success: BTCUSD,3907,3903.1,116.4157969,3906.3,83.06186594,3985,3838,20648.99841778,2017-09-26 22:13:46
26 Sep 22:13:46 - ************* Buy | 9.555661729574773 LTCUSD @ 52.325 *************
26 Sep 22:13:46 - -------------------- Summary ----------------------------
26 Sep 22:13:46 - Currency Wallet: {
  "BTCUSD": {
    "qty": 0,
    "price": 0
  },
  "ETHUSD": {
    "qty": 0,
    "price": 0
  },
  "LTCUSD": {
    "qty": 9.555661729574773,
    "price": 52.325
  }
}
26 Sep 22:13:46 - =====> Market Value: 500.00
26 Sep 22:13:46 - Fiat Wallet: $9499.00
26 Sep 22:13:46 - Starting Value: 10000
26 Sep 22:13:46 - Total Value: 9999.00
26 Sep 22:13:46 - ---------------------------------------------------------


26 Sep 22:13:46 - Insert into transaction table success: LTCUSD,52.325,9.555661729574773,1,2017-09-26 22:13:46
26 Sep 22:13:50 - ************* Buy | 43.70629370629371 ETCUSD @ 11.44 *************
26 Sep 22:13:50 - -------------------- Summary ----------------------------
26 Sep 22:13:50 - Currency Wallet: {
  "BTCUSD": {
    "qty": 0,
    "price": 0
  },
  "ETHUSD": {
    "qty": 0,
    "price": 0
  },
  "LTCUSD": {
    "qty": 9.555661729574773,
    "price": 52.325
  },
  "IOTUSD": {
    "qty": 0,
    "price": 0
  },
  "BCHUSD": {
    "qty": 0,
    "price": 0
  },
  "ETCUSD": {
    "qty": 43.70629370629371,
    "price": 11.44
  }
}
26 Sep 22:13:50 - =====> Market Value: 1000.00
26 Sep 22:13:50 - Fiat Wallet: $8998.00
26 Sep 22:13:50 - Starting Value: 10000
26 Sep 22:13:50 - Total Value: 9998.00
26 Sep 22:13:50 - ---------------------------------------------------------


26 Sep 22:13:50 - Insert into transaction table success: ETCUSD,11.44,43.70629370629371,1,2017-09-26 22:13:50
26 Sep 22:13:51 - ************* Buy | 50.76760620583218 OMGUSD @ 9.8488 *************
26 Sep 22:13:51 - -------------------- Summary ----------------------------
26 Sep 22:13:51 - Currency Wallet: {
  "BTCUSD": {
    "qty": 0,
    "price": 0
  },
  "ETHUSD": {
    "qty": 0,
    "price": 0
  },
  "LTCUSD": {
    "qty": 9.555661729574773,
    "price": 52.325
  },
  "IOTUSD": {
    "qty": 0,
    "price": 0
  },
  "BCHUSD": {
    "qty": 0,
    "price": 0
  },
  "ETCUSD": {
    "qty": 43.70629370629371,
    "price": 11.44
  },
  "OMGUSD": {
    "qty": 50.76760620583218,
    "price": 9.8488
  }
}
26 Sep 22:13:51 - =====> Market Value: 1500.00
26 Sep 22:13:51 - Fiat Wallet: $8497.00
26 Sep 22:13:51 - Starting Value: 10000
26 Sep 22:13:51 - Total Value: 9997.00
26 Sep 22:13:51 - ---------------------------------------------------------


26 Sep 22:13:51 - Insert into transaction table success: OMGUSD,9.8488,50.76760620583218,1,2017-09-26 22:13:51
26 Sep 22:13:51 - ************* Buy | 1.4663616634406709 DSHUSD @ 340.98 *************
26 Sep 22:13:51 - -------------------- Summary ----------------------------
26 Sep 22:13:51 - Currency Wallet: {
  "BTCUSD": {
    "qty": 0,
    "price": 0
  },
  "ETHUSD": {
    "qty": 0,
    "price": 0
  },
  "LTCUSD": {
    "qty": 9.555661729574773,
    "price": 52.325
  },
  "IOTUSD": {
    "qty": 0,
    "price": 0
  },
  "BCHUSD": {
    "qty": 0,
    "price": 0
  },
  "ETCUSD": {
    "qty": 43.70629370629371,
    "price": 11.44
  },
  "OMGUSD": {
    "qty": 50.76760620583218,
    "price": 9.8488
  },
  "EOSUSD": {
    "qty": 0,
    "price": 0
  },
  "DSHUSD": {
    "qty": 1.4663616634406709,
    "price": 340.98
  }
}
26 Sep 22:13:51 - =====> Market Value: 2000.00
26 Sep 22:13:51 - Fiat Wallet: $7996.00
26 Sep 22:13:51 - Starting Value: 10000
26 Sep 22:13:51 - Total Value: 9996.00
26 Sep 22:13:51 - ---------------------------------------------------------


26 Sep 22:13:51 - Insert into transaction table success: DSHUSD,340.98,1.4663616634406709,1,2017-09-26 22:13:51
26 Sep 22:13:55 - ************* Buy | 1.7361111111111112 ETHUSD @ 288 *************
26 Sep 22:13:55 - -------------------- Summary ----------------------------
26 Sep 22:13:55 - Currency Wallet: {
  "BTCUSD": {
    "qty": 0,
    "price": 0
  },
  "ETHUSD": {
    "qty": 1.7361111111111112,
    "price": 288
  },
  "LTCUSD": {
    "qty": 9.555661729574773,
    "price": 52.325
  },
  "IOTUSD": {
    "qty": 0,
    "price": 0
  },
  "BCHUSD": {
    "qty": 0,
    "price": 0
  },
  "ETCUSD": {
    "qty": 43.70629370629371,
    "price": 11.44
  },
  "OMGUSD": {
    "qty": 50.76760620583218,
    "price": 9.8488
  },
  "EOSUSD": {
    "qty": 0,
    "price": 0
  },
  "DSHUSD": {
    "qty": 1.4663616634406709,
    "price": 340.98
  }
}
26 Sep 22:13:55 - =====> Market Value: 2500.00
26 Sep 22:13:55 - Fiat Wallet: $7495.00
26 Sep 22:13:55 - Starting Value: 10000
26 Sep 22:13:55 - Total Value: 9995.00
26 Sep 22:13:55 - ---------------------------------------------------------


26 Sep 22:13:55 - Insert into transaction table success: ETHUSD,288,1.7361111111111112,1,2017-09-26 22:13:55
26 Sep 22:13:56 - Insert into live price table success: LTCUSD,52.325,52.331,1019.24078684,52.38,354.66161843,54.5,51.28,302598.37593693,2017-09-26 22:13:56
26 Sep 22:13:56 - Insert into live price table success: DSHUSD,340.98,340.82,184.75465799,340.98,153.30236501,348.43,338.01,5807.6148535,2017-09-26 22:13:56
26 Sep 22:13:56 - Insert into live price table success: ETCUSD,11.441,11.442,4896.34658643,11.456,1792.20017018,12.189,10.772,462145.24625181,2017-09-26 22:13:56
26 Sep 22:13:56 - Insert into live price table success: IOTUSD,0.5192,0.5192,111063.87171585,0.52,57582.75143231,0.5571,0.5051,15191815.14462614,2017-09-26 22:13:56
26 Sep 22:13:56 - Insert into live price table success: EOSUSD,0.5628,0.55891,35630.22330966,0.559,42687.7196662,0.59,0.552,2859867.75318598,2017-09-26 22:13:56
26 Sep 22:13:56 - Insert into live price table success: BCHUSD,445.99,446,902.38049068,446.93,241.63007593,466.21,445.1,18096.2332838,2017-09-26 22:13:56
26 Sep 22:13:56 - Insert into live price table success: ETHUSD,287.91,287.93,330.83734054,288.24,182.23193528,296.08,285.2,108750.94361488,2017-09-26 22:13:56
26 Sep 22:13:56 - Insert into live price table success: OMGUSD,9.8488,9.8232,19276.05344827,9.8484,17152.82035257,10.365,9.616,1097114.54896765,2017-09-26 22:13:56
26 Sep 22:13:56 - Insert into live price table success: BTCUSD,3907,3903.6,110.2200929,3906.4,87.66766054,3985,3838,20645.96063665,2017-09-26 22:13:56
26 Sep 22:13:57 - ************* Buy | 1.7366538154284323 ETHUSD @ 287.91 *************
26 Sep 22:13:57 - -------------------- Summary ----------------------------
26 Sep 22:13:57 - Currency Wallet: {
  "BTCUSD": {
    "qty": 0,
    "price": 0
  },
  "ETHUSD": {
    "qty": 3.4727649265395435,
    "price": 287.9549929676512
  },
  "LTCUSD": {
    "qty": 9.555661729574773,
    "price": 52.325
  },
  "IOTUSD": {
    "qty": 0,
    "price": 0
  },
  "BCHUSD": {
    "qty": 0,
    "price": 0
  },
  "ETCUSD": {
    "qty": 43.70629370629371,
    "price": 11.44
  },
  "OMGUSD": {
    "qty": 50.76760620583218,
    "price": 9.8488
  },
  "EOSUSD": {
    "qty": 0,
    "price": 0
  },
  "DSHUSD": {
    "qty": 1.4663616634406709,
    "price": 340.98
  }
}
26 Sep 22:13:57 - =====> Market Value: 2999.89
26 Sep 22:13:57 - Fiat Wallet: $6994.00
26 Sep 22:13:57 - Starting Value: 10000
26 Sep 22:13:57 - Total Value: 9993.89
26 Sep 22:13:57 - ---------------------------------------------------------


26 Sep 22:13:57 - Insert into transaction table success: ETHUSD,287.91,1.7366538154284323,1,2017-09-26 22:13:57
26 Sep 22:13:59 - ************* Buy | 1.7366538154284323 ETHUSD @ 287.91 *************
26 Sep 22:13:59 - -------------------- Summary ----------------------------
26 Sep 22:13:59 - Currency Wallet: {
  "BTCUSD": {
    "qty": 0,
    "price": 0
  },
  "ETHUSD": {
    "qty": 5.209418741967976,
    "price": 287.9399937493489
  },
  "LTCUSD": {
    "qty": 9.555661729574773,
    "price": 52.325
  },
  "IOTUSD": {
    "qty": 0,
    "price": 0
  },
  "BCHUSD": {
    "qty": 0,
    "price": 0
  },
  "ETCUSD": {
    "qty": 43.70629370629371,
    "price": 11.44
  },
  "OMGUSD": {
    "qty": 50.76760620583218,
    "price": 9.8488
  },
  "EOSUSD": {
    "qty": 0,
    "price": 0
  },
  "DSHUSD": {
    "qty": 1.4663616634406709,
    "price": 340.98
  }
}
26 Sep 22:13:59 - =====> Market Value: 3499.89
26 Sep 22:13:59 - Fiat Wallet: $6493.00
26 Sep 22:13:59 - Starting Value: 10000
26 Sep 22:13:59 - Total Value: 9992.89
26 Sep 22:13:59 - ---------------------------------------------------------


26 Sep 22:13:59 - Insert into transaction table success: ETHUSD,287.91,1.7366538154284323,1,2017-09-26 22:13:59
26 Sep 22:14:02 - ************* Buy | 1.7366538154284323 ETHUSD @ 287.91 *************
26 Sep 22:14:02 - -------------------- Summary ----------------------------
26 Sep 22:14:02 - Currency Wallet: {
  "BTCUSD": {
    "qty": 0,
    "price": 0
  },
  "ETHUSD": {
    "qty": 6.946072557396409,
    "price": 287.9324947261505
  },
  "LTCUSD": {
    "qty": 9.555661729574773,
    "price": 52.325
  },
  "IOTUSD": {
    "qty": 0,
    "price": 0
  },
  "BCHUSD": {
    "qty": 0,
    "price": 0
  },
  "ETCUSD": {
    "qty": 43.70629370629371,
    "price": 11.44
  },
  "OMGUSD": {
    "qty": 50.76760620583218,
    "price": 9.8488
  },
  "EOSUSD": {
    "qty": 0,
    "price": 0
  },
  "DSHUSD": {
    "qty": 1.4663616634406709,
    "price": 340.98
  }
}
26 Sep 22:14:02 - =====> Market Value: 3999.89
26 Sep 22:14:02 - Fiat Wallet: $5992.00
26 Sep 22:14:02 - Starting Value: 10000
26 Sep 22:14:02 - Total Value: 9991.89
26 Sep 22:14:02 - ---------------------------------------------------------


26 Sep 22:14:02 - Insert into transaction table success: ETHUSD,287.91,1.7366538154284323,1,2017-09-26 22:14:02
26 Sep 22:14:05 - ************* Buy | 1.7366538154284323 ETHUSD @ 287.91 *************
26 Sep 22:14:05 - -------------------- Summary ----------------------------
26 Sep 22:14:05 - Currency Wallet: {
  "BTCUSD": {
    "qty": 0,
    "price": 0
  },
  "ETHUSD": {
    "qty": 8.682726372824842,
    "price": 287.9279954997187
  },
  "LTCUSD": {
    "qty": 9.555661729574773,
    "price": 52.325
  },
  "IOTUSD": {
    "qty": 0,
    "price": 0
  },
  "BCHUSD": {
    "qty": 0,
    "price": 0
  },
  "ETCUSD": {
    "qty": 43.70629370629371,
    "price": 11.44
  },
  "OMGUSD": {
    "qty": 50.76760620583218,
    "price": 9.8488
  },
  "EOSUSD": {
    "qty": 0,
    "price": 0
  },
  "DSHUSD": {
    "qty": 1.4663616634406709,
    "price": 340.98
  }
}
26 Sep 22:14:05 - =====> Market Value: 4499.89
26 Sep 22:14:05 - Fiat Wallet: $5491.00
26 Sep 22:14:05 - Starting Value: 10000
26 Sep 22:14:05 - Total Value: 9990.89
26 Sep 22:14:05 - ---------------------------------------------------------


26 Sep 22:14:05 - Insert into live price table success: DSHUSD,340.98,340.82,173.37583239,340.98,153.30236501,348.43,338.01,5807.6148535,2017-09-26 22:14:05
26 Sep 22:14:05 - Insert into transaction table success: ETHUSD,287.91,1.7366538154284323,1,2017-09-26 22:14:05
26 Sep 22:14:06 - Insert into live price table success: BCHUSD,445.99,446,576.17995552,446.91,307.61121951,466.21,445.1,18087.4472838,2017-09-26 22:14:06
26 Sep 22:14:06 - Insert into live price table success: EOSUSD,0.5628,0.55891,34989.283578,0.559,43630.67542601,0.59,0.552,2859867.75318598,2017-09-26 22:14:06
26 Sep 22:14:06 - Insert into live price table success: OMGUSD,9.8488,9.8254,19250.50456687,9.8487,17364.44868231,10.365,9.616,1097114.54896765,2017-09-26 22:14:06
26 Sep 22:14:06 - Insert into live price table success: ETCUSD,11.441,11.443,5085.49876487,11.456,2426.97321827,12.189,10.772,462141.49545181,2017-09-26 22:14:06
26 Sep 22:14:06 - Insert into live price table success: LTCUSD,52.325,52.325,994.54421449,52.38,645.11527611,54.5,51.28,302597.68163693,2017-09-26 22:14:06
26 Sep 22:14:06 - Insert into live price table success: ETHUSD,288.08,287.92,323.25189604,288.1,225.31062844,296.08,285.2,108760.90462423,2017-09-26 22:14:06
26 Sep 22:14:06 - Insert into live price table success: IOTUSD,0.5192,0.5192,88562.33259574,0.52,57476.91392527,0.5571,0.5051,15189765.52791511,2017-09-26 22:14:06
26 Sep 22:14:06 - Insert into live price table success: BTCUSD,3907,3904.2,63.29179671,3908.4,99.83482106,3985,3838,20645.87293745,2017-09-26 22:14:06
26 Sep 22:14:10 - ************* Buy | 963.020030816641 IOTUSD @ 0.5192 *************
26 Sep 22:14:10 - -------------------- Summary ----------------------------
26 Sep 22:14:10 - Currency Wallet: {
  "BTCUSD": {
    "qty": 0,
    "price": 0
  },
  "ETHUSD": {
    "qty": 8.682726372824842,
    "price": 287.9279954997187
  },
  "LTCUSD": {
    "qty": 9.555661729574773,
    "price": 52.325
  },
  "IOTUSD": {
    "qty": 963.020030816641,
    "price": 0.5192
  },
  "BCHUSD": {
    "qty": 0,
    "price": 0
  },
  "ETCUSD": {
    "qty": 43.70629370629371,
    "price": 11.44
  },
  "OMGUSD": {
    "qty": 50.76760620583218,
    "price": 9.8488
  },
  "EOSUSD": {
    "qty": 0,
    "price": 0
  },
  "DSHUSD": {
    "qty": 1.4663616634406709,
    "price": 340.98
  }
}
26 Sep 22:14:10 - =====> Market Value: 5001.36
26 Sep 22:14:10 - Fiat Wallet: $4990.00
26 Sep 22:14:10 - Starting Value: 10000
26 Sep 22:14:10 - Total Value: 9991.36
26 Sep 22:14:10 - ---------------------------------------------------------


26 Sep 22:14:10 - Insert into transaction table success: IOTUSD,0.5192,963.020030816641,1,2017-09-26 22:14:10
26 Sep 22:14:15 - Insert into live price table success: DSHUSD,340.98,340.82,181.67476335,340.95,145.5209199,348.43,338.01,5807.6148535,2017-09-26 22:14:15
26 Sep 22:14:16 - Insert into live price table success: EOSUSD,0.5628,0.55891,35081.10651061,0.559,40260.55132493,0.59,0.552,2859867.75318598,2017-09-26 22:14:16
26 Sep 22:14:16 - Insert into live price table success: BCHUSD,445.99,446,929.41770525,446.9,318.30474295,466.21,445.1,18087.4272838,2017-09-26 22:14:16
26 Sep 22:14:16 - Insert into live price table success: ETCUSD,11.441,11.443,4990.65871159,11.456,2515.03076423,12.189,10.772,462137.26465181,2017-09-26 22:14:16
26 Sep 22:14:16 - Insert into live price table success: IOTUSD,0.5192,0.5192,88491.55737643,0.52,60240.27465935,0.5571,0.5051,15189765.52791511,2017-09-26 22:14:16
26 Sep 22:14:16 - Insert into live price table success: OMGUSD,9.8488,9.8242,19251.3463916,9.8488,17365.32224931,10.365,9.616,1097114.54896765,2017-09-26 22:14:16
26 Sep 22:14:16 - Insert into live price table success: LTCUSD,52.325,52.325,1022.31590014,52.38,390.20605129,54.5,51.28,302489.35936093,2017-09-26 22:14:16
26 Sep 22:14:16 - Insert into live price table success: ETHUSD,288.08,287.93,346.79040453,288.09,189.71347787,296.08,285.2,108737.20462423,2017-09-26 22:14:16
26 Sep 22:14:16 - Insert into live price table success: BTCUSD,3907,3904.2,68.10433052,3906.8,92.35307463,3985,3838,20645.6798151,2017-09-26 22:14:16
26 Sep 22:14:25 - Insert into live price table success: DSHUSD,340.98,340.82,194.18628141,340.98,227.11736501,348.43,338.01,5807.6148535,2017-09-26 22:14:25
26 Sep 22:14:26 - Insert into live price table success: ETCUSD,11.441,11.443,4991.8722094,11.456,1177.80875887,12.189,10.772,462137.26465181,2017-09-26 22:14:26
26 Sep 22:14:26 - Insert into live price table success: EOSUSD,0.5628,0.55891,35741.38050265,0.559,40085.32129359,0.59,0.552,2859867.75318598,2017-09-26 22:14:26
26 Sep 22:14:26 - Insert into live price table success: IOTUSD,0.5192,0.5192,88499.80823364,0.52,63476.91392527,0.5571,0.5051,15189765.52791511,2017-09-26 22:14:26
26 Sep 22:14:26 - Insert into live price table success: BCHUSD,445.99,446.01,577.26044731,446.87,273.49444818,466.21,445.1,18087.4072838,2017-09-26 22:14:26
26 Sep 22:14:26 - Insert into live price table success: LTCUSD,52.325,52.326,1138.7758595,52.38,428.8451781,54.5,51.28,302489.35936093,2017-09-26 22:14:26
26 Sep 22:14:26 - Insert into live price table success: OMGUSD,9.8488,9.8488,19248.83522179,9.8497,17328.85194827,10.365,9.616,1096849.39081526,2017-09-26 22:14:26
26 Sep 22:14:26 - Insert into live price table success: BTCUSD,3907,3904.3,73.70003735,3907.1,115.76678927,3985,3838,20645.6649151,2017-09-26 22:14:26
26 Sep 22:14:26 - Insert into live price table success: ETHUSD,288.1,287.93,367.47624127,288.09,141.6316439,296.08,285.2,108708.11382075,2017-09-26 22:14:26
26 Sep 22:14:36 - Insert into live price table success: BCHUSD,445.99,446.11,581.5621808,446.85,237.95733061,466.21,445.1,18087.4072838,2017-09-26 22:14:36
26 Sep 22:14:36 - Insert into live price table success: OMGUSD,9.8498,9.8488,20906.54406924,9.85,20787.36941394,10.365,9.616,1096858.74333326,2017-09-26 22:14:36
26 Sep 22:14:36 - Insert into live price table success: DSHUSD,340.98,340.82,102.33907468,340.95,241.53117789,348.43,338.01,5807.6148535,2017-09-26 22:14:36
26 Sep 22:14:36 - Insert into live price table success: EOSUSD,0.5628,0.55891,32746.65719137,0.559,33217.34871727,0.59,0.552,2859867.75318598,2017-09-26 22:14:36
26 Sep 22:14:36 - Insert into live price table success: IOTUSD,0.522,0.51941,84271.71053121,0.5229,53539.81994568,0.5571,0.5051,15208480.59321688,2017-09-26 22:14:36
26 Sep 22:14:36 - Insert into live price table success: ETCUSD,11.441,11.443,4991.8722094,11.456,2480.07715165,12.189,10.772,462133.51385181,2017-09-26 22:14:36
26 Sep 22:14:36 - Insert into live price table success: LTCUSD,52.325,52.325,1084.64645517,52.38,435.45064183,54.5,51.28,302489.35936093,2017-09-26 22:14:36
26 Sep 22:14:36 - Insert into live price table success: BTCUSD,3904.4,3904.4,96.56003405,3906.1,92.85031187,3985,3838,20645.65624346,2017-09-26 22:14:36
26 Sep 22:14:36 - Insert into live price table success: ETHUSD,288.1,287.92,340.89008252,288.09,239.8028845,296.08,285.2,108708.59487375,2017-09-26 22:14:36
26 Sep 22:14:46 - Insert into live price table success: EOSUSD,0.5628,0.55891,34597.53326515,0.559,31851.73560873,0.59,0.552,2859867.75318598,2017-09-26 22:14:46
26 Sep 22:14:46 - Insert into live price table success: OMGUSD,9.8498,9.8488,20906.54406924,9.8499,17273.32082111,10.365,9.616,1096858.74333326,2017-09-26 22:14:46
26 Sep 22:14:46 - Insert into live price table success: BCHUSD,445.99,446.11,571.66032589,446.99,340.75906008,466.21,445.1,18087.3072838,2017-09-26 22:14:46
26 Sep 22:14:46 - Insert into live price table success: IOTUSD,0.522,0.51994,92106.08937326,0.52299,29772.06464209,0.5571,0.5051,15207106.67412261,2017-09-26 22:14:46
26 Sep 22:14:46 - Insert into live price table success: ETCUSD,11.441,11.443,4995.82745172,11.456,2637.95004268,12.189,10.772,462133.15385181,2017-09-26 22:14:46
26 Sep 22:14:46 - Insert into live price table success: DSHUSD,340.98,340.82,120.8548691,340.93,241.53137789,348.43,338.01,5807.6148535,2017-09-26 22:14:46
26 Sep 22:14:46 - Insert into live price table success: BTCUSD,3904.4,3904.4,62.93924217,3905.4,86.15217948,3985,3838,20644.65624346,2017-09-26 22:14:46
26 Sep 22:14:46 - Insert into live price table success: ETHUSD,288.1,288.11,305.55992404,288.2,200.21713229,296.08,285.2,108688.71311275,2017-09-26 22:14:46
26 Sep 22:14:46 - Insert into live price table success: LTCUSD,52.325,52.325,1210.19749688,52.38,709.15700818,54.5,51.28,302489.35936093,2017-09-26 22:14:46
26 Sep 22:14:55 - Insert into live price table success: BCHUSD,445.99,446.85,951.84421563,446.98,360.96648401,466.21,445.1,18087.3072838,2017-09-26 22:14:55
26 Sep 22:14:56 - Insert into live price table success: OMGUSD,9.8498,9.8488,21015.73187524,9.8499,17323.7008227,10.365,9.616,1096858.74333326,2017-09-26 22:14:56
26 Sep 22:14:56 - Insert into live price table success: DSHUSD,340.98,340.82,132.40428043,340.98,227.11736501,348.43,338.01,5807.6148535,2017-09-26 22:14:56
26 Sep 22:14:56 - Insert into live price table success: EOSUSD,0.563,0.559,34050.38935471,0.5631,29076.81490881,0.59,0.552,2863361.06718599,2017-09-26 22:14:56
26 Sep 22:14:56 - Insert into live price table success: ETCUSD,11.441,11.443,4995.3799026,11.456,1607.68565562,12.189,10.772,462133.15385181,2017-09-26 22:14:56
26 Sep 22:14:56 - Insert into live price table success: IOTUSD,0.522,0.52006,94204.8093147,0.52289,29460.42922329,0.5571,0.5051,15207106.67412261,2017-09-26 22:14:56
26 Sep 22:14:56 - Insert into live price table success: LTCUSD,52.325,52.325,1152.81563985,52.38,667.64324729,54.5,51.28,302436.1624997,2017-09-26 22:14:56
26 Sep 22:14:56 - Insert into live price table success: ETHUSD,288.1,288.11,266.22915001,288.2,137.03463744,296.08,285.2,108685.61645927,2017-09-26 22:14:56
26 Sep 22:14:56 - Insert into live price table success: BTCUSD,3904.4,3905,61.36734286,3905.1,93.31270787,3985,3838,20644.65624346,2017-09-26 22:14:56
26 Sep 22:14:58 - ************* Buy | 888.0994671403198 EOSUSD @ 0.563 *************
26 Sep 22:14:58 - -------------------- Summary ----------------------------
26 Sep 22:14:58 - Currency Wallet: {
  "BTCUSD": {
    "qty": 0,
    "price": 0
  },
  "ETHUSD": {
    "qty": 8.682726372824842,
    "price": 287.9279954997187
  },
  "LTCUSD": {
    "qty": 9.555661729574773,
    "price": 52.325
  },
  "IOTUSD": {
    "qty": 963.020030816641,
    "price": 0.5192
  },
  "BCHUSD": {
    "qty": 0,
    "price": 0
  },
  "ETCUSD": {
    "qty": 43.70629370629371,
    "price": 11.44
  },
  "OMGUSD": {
    "qty": 50.76760620583218,
    "price": 9.8488
  },
  "EOSUSD": {
    "qty": 888.0994671403198,
    "price": 0.563
  },
  "DSHUSD": {
    "qty": 1.4663616634406709,
    "price": 340.98
  }
}
26 Sep 22:14:58 - =====> Market Value: 5504.28
26 Sep 22:14:58 - Fiat Wallet: $4489.00
26 Sep 22:14:58 - Starting Value: 10000
26 Sep 22:14:58 - Total Value: 9993.28
26 Sep 22:14:58 - ---------------------------------------------------------


26 Sep 22:14:58 - Insert into transaction table success: EOSUSD,0.563,888.0994671403198,1,2017-09-26 22:14:58
26 Sep 22:15:05 - Insert into live price table success: EOSUSD,0.563,0.55932,27537.55039703,0.56353,42612.93979432,0.59,0.552,2863361.06718599,2017-09-26 22:15:05
26 Sep 22:15:06 - Insert into live price table success: ETCUSD,11.441,11.445,5292.62932161,11.456,2559.06281999,12.189,10.772,462129.04215181,2017-09-26 22:15:06
26 Sep 22:15:06 - Insert into live price table success: DSHUSD,340.98,340.82,116.38187479,340.98,227.11736501,348.43,338.01,5807.6148535,2017-09-26 22:15:06
26 Sep 22:15:06 - Insert into live price table success: BTCUSD,3905,3905.2,52.97810717,3907.3,117.09283414,3985,3838,20629.76344746,2017-09-26 22:15:06
26 Sep 22:15:06 - Insert into live price table success: LTCUSD,52.29,52.315,1047.1439052,52.38,408.60195202,54.5,51.28,302446.70452667,2017-09-26 22:15:06
26 Sep 22:15:06 - Insert into live price table success: BCHUSD,445.99,446.85,985.10030642,446.96,365.1654628,466.21,445.1,18087.31378735,2017-09-26 22:15:06
26 Sep 22:15:06 - Insert into live price table success: IOTUSD,0.522,0.51947,84239.05940445,0.522,93359.85143132,0.5571,0.5051,15207106.67412261,2017-09-26 22:15:06
26 Sep 22:15:06 - Insert into live price table success: OMGUSD,9.8498,9.8488,21015.73050081,9.85,17328.31082111,10.365,9.616,1096858.74333326,2017-09-26 22:15:06
26 Sep 22:15:06 - Insert into live price table success: ETHUSD,288.1,288.11,335.19992404,288.2,99.08578636,296.08,285.2,108681.05440638,2017-09-26 22:15:06
26 Sep 22:15:08 - ************* Buy | 9.562057754828839 LTCUSD @ 52.29 *************
26 Sep 22:15:08 - -------------------- Summary ----------------------------
26 Sep 22:15:08 - Currency Wallet: {
  "BTCUSD": {
    "qty": 0,
    "price": 0
  },
  "ETHUSD": {
    "qty": 8.682726372824842,
    "price": 287.9279954997187
  },
  "LTCUSD": {
    "qty": 19.11771948440361,
    "price": 52.307494145199065
  },
  "IOTUSD": {
    "qty": 963.020030816641,
    "price": 0.5192
  },
  "BCHUSD": {
    "qty": 0,
    "price": 0
  },
  "ETCUSD": {
    "qty": 43.70629370629371,
    "price": 11.44
  },
  "OMGUSD": {
    "qty": 50.76760620583218,
    "price": 9.8488
  },
  "EOSUSD": {
    "qty": 888.0994671403198,
    "price": 0.563
  },
  "DSHUSD": {
    "qty": 1.4663616634406709,
    "price": 340.98
  }
}
26 Sep 22:15:08 - =====> Market Value: 6003.95
26 Sep 22:15:08 - Fiat Wallet: $3988.00
26 Sep 22:15:08 - Starting Value: 10000
26 Sep 22:15:08 - Total Value: 9991.95
26 Sep 22:15:08 - ---------------------------------------------------------


26 Sep 22:15:08 - Insert into transaction table success: LTCUSD,52.29,9.562057754828839,1,2017-09-26 22:15:08
26 Sep 22:15:16 - Insert into live price table success: ETHUSD,288.2,288.11,289.79591602,288.19,139.59583547,296.08,285.2,108651.71362937,2017-09-26 22:15:16
26 Sep 22:15:16 - Insert into live price table success: BTCUSD,3905,3905,66.06798284,3906.4,98.41768066,3985,3838,20629.76344746,2017-09-26 22:15:16
26 Sep 22:15:16 - Insert into live price table success: DSHUSD,340.98,340.82,98.50916227,340.88,241.48917789,348.43,338.01,5807.6148535,2017-09-26 22:15:16
26 Sep 22:15:16 - Insert into live price table success: EOSUSD,0.563,0.55952,28361.75060927,0.56343,41080.05010835,0.59,0.552,2863361.06718599,2017-09-26 22:15:16
26 Sep 22:15:16 - Insert into live price table success: LTCUSD,52.29,52.316,1086.9877,52.38,630.86698336,54.5,51.28,302303.20962379,2017-09-26 22:15:16
26 Sep 22:15:16 - Insert into live price table success: IOTUSD,0.522,0.51952,112206.4171851,0.522,93095.79700641,0.5571,0.5051,15207106.67412261,2017-09-26 22:15:16
26 Sep 22:15:16 - Insert into live price table success: OMGUSD,9.8498,9.8488,21016.54269481,9.8499,17323.7079367,10.365,9.616,1096858.74333326,2017-09-26 22:15:16
26 Sep 22:15:16 - Insert into live price table success: BCHUSD,447,446.1,586.62209549,446.94,360.32777085,466.21,445.1,18097.28378735,2017-09-26 22:15:16
26 Sep 22:15:16 - Insert into live price table success: ETCUSD,11.441,11.445,5297.6492966,11.456,2478.82222496,12.189,10.772,462129.04215181,2017-09-26 22:15:16
26 Sep 22:15:26 - Insert into live price table success: DSHUSD,340.98,340.82,110.98187523,340.98,153.30236501,348.43,338.01,5807.6148535,2017-09-26 22:15:26
26 Sep 22:15:26 - Insert into live price table success: LTCUSD,52.29,52.33,1099.01747056,52.38,682.74470724,54.5,51.28,302283.20962379,2017-09-26 22:15:26
26 Sep 22:15:26 - Insert into live price table success: ETHUSD,288.19,288.1,399.61135018,288.2,181.02839307,296.08,285.2,108658.34260734,2017-09-26 22:15:26
26 Sep 22:15:26 - Insert into live price table success: EOSUSD,0.5596,0.55971,32677.82361399,0.5646,47148.36355293,0.59,0.552,2864351.06718599,2017-09-26 22:15:26
26 Sep 22:15:26 - Insert into live price table success: BTCUSD,3905.3,3905,47.05069437,3908.4,101.6664973,3985,3838,20629.66146944,2017-09-26 22:15:26
26 Sep 22:15:26 - Insert into live price table success: ETCUSD,11.441,11.445,5301.98164009,11.456,2488.00463032,12.189,10.772,462129.04215181,2017-09-26 22:15:26
26 Sep 22:15:26 - Insert into live price table success: BCHUSD,447,446.1,952.13141494,446.92,322.92670075,466.21,445.1,18096.95378735,2017-09-26 22:15:26
26 Sep 22:15:26 - Insert into live price table success: OMGUSD,9.8498,9.8245,19499.00793496,9.8499,17323.7079367,10.365,9.616,1096812.60068189,2017-09-26 22:15:26
26 Sep 22:15:26 - Insert into live price table success: IOTUSD,0.522,0.51997,87853.19581602,0.522,50390.79700642,0.5571,0.5051,15207006.67412261,2017-09-26 22:15:26
26 Sep 22:15:36 - Insert into live price table success: DSHUSD,340.98,340.82,95.72245801,340.89,312.91783159,348.43,338.01,5807.6148535,2017-09-26 22:15:36
26 Sep 22:15:36 - Insert into live price table success: LTCUSD,52.29,52.33,1192.13039105,52.38,689.91492888,54.5,51.28,302283.20962379,2017-09-26 22:15:36
26 Sep 22:15:36 - Insert into live price table success: BTCUSD,3905,3905,50.2325122,3907.1,89.99960954,3985,3838,20631.80444809,2017-09-26 22:15:36
26 Sep 22:15:36 - Insert into live price table success: ETHUSD,288.5,288.14,411.96573704,288.5,158.29745146,296.08,285.2,108694.93840634,2017-09-26 22:15:36
26 Sep 22:15:36 - Insert into live price table success: BCHUSD,447,446.1,975.18711768,446.9,321.83626826,466.21,445.1,18096.95378735,2017-09-26 22:15:36
26 Sep 22:15:36 - Insert into live price table success: EOSUSD,0.5596,0.56,32455.80446809,0.5646,48911.42980059,0.59,0.552,2864351.06718599,2017-09-26 22:15:36
26 Sep 22:15:36 - Insert into live price table success: IOTUSD,0.522,0.51965,80430.29588653,0.522,28477.70790818,0.5571,0.5051,15206021.77102964,2017-09-26 22:15:36
26 Sep 22:15:36 - Insert into live price table success: OMGUSD,9.8498,9.8245,22957.1534304,9.8499,17223.93134411,10.365,9.616,1096812.60068189,2017-09-26 22:15:36
26 Sep 22:15:36 - Insert into live price table success: ETCUSD,11.456,11.446,4598.7564401,11.456,2498.00037037,12.189,10.772,462155.56263726,2017-09-26 22:15:36
26 Sep 22:15:45 - Insert into live price table success: ETCUSD,11.456,11.449,4545.297886,11.456,1530.05249025,12.189,10.772,462151.81383726,2017-09-26 22:15:45
26 Sep 22:15:46 - Insert into live price table success: ETHUSD,288.23,288.26,324.93860273,288.57,103.30880234,296.08,285.2,108704.95814134,2017-09-26 22:15:46
26 Sep 22:15:46 - Insert into live price table success: DSHUSD,340.82,340.42,117.2193514,340.69,239.50831594,348.43,338.01,5807.66833511,2017-09-26 22:15:46
26 Sep 22:15:46 - Insert into live price table success: EOSUSD,0.5596,0.56032,31188.2888849,0.565,62128.86457884,0.59,0.552,2864351.06718599,2017-09-26 22:15:46
26 Sep 22:15:46 - Insert into live price table success: LTCUSD,52.29,52.326,937.0187222,52.38,579.44602092,54.5,51.28,302283.20962379,2017-09-26 22:15:46
26 Sep 22:15:46 - Insert into live price table success: BCHUSD,447,446.1,580.89759456,446.89,298.54049044,466.21,445.1,18096.95378735,2017-09-26 22:15:46
26 Sep 22:15:46 - Insert into live price table success: OMGUSD,9.8498,9.8245,23066.3412364,9.8499,17163.55681321,10.365,9.616,1096812.60068189,2017-09-26 22:15:46
26 Sep 22:15:46 - Insert into live price table success: BTCUSD,3905,3905,56.88038742,3906,91.69831345,3985,3838,20631.79404809,2017-09-26 22:15:46
26 Sep 22:15:46 - Insert into live price table success: IOTUSD,0.522,0.52011,112464.00245381,0.52299,29522.70790818,0.5571,0.5051,15206021.77102964,2017-09-26 22:15:46
26 Sep 22:15:56 - Insert into live price table success: BCHUSD,447,446.1,981.86007758,446.86,290.49230618,466.21,445.1,18096.95378735,2017-09-26 22:15:56
26 Sep 22:15:56 - Insert into live price table success: ETCUSD,11.456,11.449,4167.03030826,11.456,2098.23043977,12.189,10.772,462148.06683726,2017-09-26 22:15:56
26 Sep 22:15:56 - Insert into live price table success: OMGUSD,9.8498,9.8245,21549.44458295,9.8499,17255.07641217,10.365,9.616,1096695.39246413,2017-09-26 22:15:56
26 Sep 22:15:56 - Insert into live price table success: LTCUSD,52.29,52.33,1019.34435774,52.369,595.3118382,54.5,51.28,302283.20962379,2017-09-26 22:15:56
26 Sep 22:15:56 - Insert into live price table success: ETHUSD,288.23,288.28,328.9815998,288.3,162.7499862,296.08,285.2,108704.65814134,2017-09-26 22:15:56
26 Sep 22:15:56 - Insert into live price table success: EOSUSD,0.5596,0.56047,32880.81030136,0.563,47728.58530022,0.59,0.552,2864351.06718599,2017-09-26 22:15:56
26 Sep 22:15:56 - Insert into live price table success: DSHUSD,340.82,340.42,105.61129365,340.52,176.60261594,348.43,338.01,5807.66833511,2017-09-26 22:15:56
26 Sep 22:15:56 - Insert into live price table success: IOTUSD,0.522,0.52025,84146.98557927,0.523,29522.70790818,0.5571,0.5051,15206021.77102964,2017-09-26 22:15:56
26 Sep 22:15:56 - Insert into live price table success: BTCUSD,3905.6,3905,50.44649398,3905.4,98.04984873,3985,3838,20632.79592223,2017-09-26 22:15:56
26 Sep 22:16:06 - Insert into live price table success: EOSUSD,0.5596,0.56047,31311.75219536,0.563,58002.35712546,0.59,0.552,2864351.06718599,2017-09-26 22:16:06
26 Sep 22:16:06 - Insert into live price table success: BCHUSD,447,446.1,580.90166437,446.86,315.00825613,466.21,445.1,18096.95378735,2017-09-26 22:16:06
26 Sep 22:16:06 - Insert into live price table success: OMGUSD,9.8498,9.8498,21440.3618096,9.85,17362.20704132,10.365,9.616,1096695.39246413,2017-09-26 22:16:06
26 Sep 22:16:06 - Insert into live price table success: DSHUSD,340.82,340.42,97.19479442,340.52,219.57896088,348.43,338.01,5807.66833511,2017-09-26 22:16:06
26 Sep 22:16:06 - Insert into live price table success: ETCUSD,11.456,11.449,4167.03030826,11.456,2347.93473454,12.189,10.772,462148.06683726,2017-09-26 22:16:06
26 Sep 22:16:06 - Insert into live price table success: BTCUSD,3905.6,3905,47.35938261,3905.6,99.57079294,3985,3838,20632.61592223,2017-09-26 22:16:06
26 Sep 22:16:06 - Insert into live price table success: IOTUSD,0.522,0.52025,121110.82971891,0.523,26336.66789423,0.5571,0.5051,15206021.77102964,2017-09-26 22:16:06
26 Sep 22:16:06 - Insert into live price table success: LTCUSD,52.29,52.332,1028.74350107,52.369,665.88288232,54.5,51.28,302283.20962379,2017-09-26 22:16:06
26 Sep 22:16:06 - Insert into live price table success: ETHUSD,288.23,288.2,382.19444344,288.29,137.86233984,296.08,285.2,108704.37206035,2017-09-26 22:16:06
26 Sep 22:16:16 - Insert into live price table success: ETCUSD,11.456,11.449,5005.02999268,11.456,2076.22652894,12.189,10.772,462144.32063726,2017-09-26 22:16:16
26 Sep 22:16:16 - Insert into live price table success: DSHUSD,340.52,340.42,105.84810297,340.52,227.34322914,348.43,338.01,5807.70006685,2017-09-26 22:16:16
26 Sep 22:16:16 - Insert into live price table success: IOTUSD,0.522,0.522,88517.29612134,0.523,30293.62952527,0.5571,0.5051,15206021.77102964,2017-09-26 22:16:16
26 Sep 22:16:16 - Insert into live price table success: EOSUSD,0.5614,0.56031,31152.34366241,0.5614,55578.71391974,0.59,0.552,2864901.08053159,2017-09-26 22:16:16
26 Sep 22:16:16 - Insert into live price table success: OMGUSD,9.8498,9.8498,23049.63654123,9.85,17157.65803198,10.365,9.616,1096651.72068189,2017-09-26 22:16:16
26 Sep 22:16:16 - Insert into live price table success: BCHUSD,447,446.1,581.09970636,446.98,319.7174013,466.21,445.1,18046.95378735,2017-09-26 22:16:16
26 Sep 22:16:16 - Insert into live price table success: LTCUSD,52.29,52.315,1088.64840638,52.368,383.76093908,54.5,51.28,302283.20962379,2017-09-26 22:16:16
26 Sep 22:16:16 - Insert into live price table success: ETHUSD,288.23,288.29,317.9200112,288.3,138.74282576,296.08,285.2,108684.32796135,2017-09-26 22:16:16
26 Sep 22:16:16 - Insert into live price table success: BTCUSD,3905,3905,44.0118019,3907.3,80.9515896,3985,3838,20631.17784436,2017-09-26 22:16:16
26 Sep 22:16:26 - Insert into live price table success: ETCUSD,11.456,11.449,5005.02999268,11.456,2094.33468625,12.189,10.772,462192.37944926,2017-09-26 22:16:26
26 Sep 22:16:26 - Insert into live price table success: EOSUSD,0.5614,0.55892,36723.47077541,0.5614,39567.44457357,0.59,0.552,2864901.08053159,2017-09-26 22:16:26
26 Sep 22:16:26 - Insert into live price table success: BCHUSD,447,446.1,580.89750608,446.96,312.81733956,466.21,445.1,18046.95378735,2017-09-26 22:16:26
26 Sep 22:16:26 - Insert into live price table success: OMGUSD,9.8498,9.8498,23049.63654123,9.85,17204.67902758,10.365,9.616,1096651.72068189,2017-09-26 22:16:26
26 Sep 22:16:26 - Insert into live price table success: ETHUSD,288.23,288.15,350.68373676,288.3,177.73011436,296.08,285.2,108684.32796135,2017-09-26 22:16:26
26 Sep 22:16:26 - Insert into live price table success: BTCUSD,3904.3,3904.3,52.64996964,3905.8,102.12401755,3985,3838,20631.04696137,2017-09-26 22:16:26
26 Sep 22:16:26 - Insert into live price table success: LTCUSD,52.29,52.329,1359.68051074,52.368,639.08013693,54.5,51.28,302283.20962379,2017-09-26 22:16:26
26 Sep 22:16:26 - Insert into live price table success: DSHUSD,340.52,340.42,97.25811303,340.52,219.54446866,348.43,338.01,5807.70006685,2017-09-26 22:16:26
26 Sep 22:16:26 - Insert into live price table success: IOTUSD,0.522,0.522,110938.90444904,0.523,30293.62952527,0.5571,0.5051,15197972.50511364,2017-09-26 22:16:26
26 Sep 22:16:35 - Insert into live price table success: IOTUSD,0.522,0.522,92908.99124659,0.523,30293.62952527,0.5571,0.5051,15195572.50511276,2017-09-26 22:16:35
26 Sep 22:16:36 - Insert into live price table success: DSHUSD,340.52,340.42,95.56846827,340.52,219.54162603,348.43,338.01,5807.70006685,2017-09-26 22:16:36
26 Sep 22:16:36 - Insert into live price table success: EOSUSD,0.5614,0.55892,47072.99529221,0.5614,52317.34250056,0.59,0.552,2864901.08053159,2017-09-26 22:16:36
26 Sep 22:16:36 - Insert into live price table success: BCHUSD,447,446.1,581.97777356,446.94,319.16893762,466.21,445.1,18046.95378735,2017-09-26 22:16:36
26 Sep 22:16:36 - Insert into live price table success: ETCUSD,11.456,11.449,5004.19839173,11.456,1937.23592265,12.189,10.772,462188.63314926,2017-09-26 22:16:36
26 Sep 22:16:36 - Insert into live price table success: OMGUSD,9.8498,9.8498,21108.38769924,9.85,17255.05902917,10.365,9.616,1096517.50693098,2017-09-26 22:16:36
26 Sep 22:16:36 - Insert into live price table success: LTCUSD,52.29,52.329,1246.95275927,52.368,311.06497947,54.5,51.28,302283.02094454,2017-09-26 22:16:36
26 Sep 22:16:36 - Insert into live price table success: ETHUSD,288.15,288.17,319.51778261,288.3,176.409763,296.08,285.2,108680.0716819,2017-09-26 22:16:36
26 Sep 22:16:36 - Insert into live price table success: BTCUSD,3904.3,3904.3,46.65969203,3904.4,95.55368368,3985,3838,20630.54162318,2017-09-26 22:16:36
26 Sep 22:16:45 - Insert into live price table success: EOSUSD,0.5614,0.55893,48346.84007383,0.5614,31927.18926756,0.59,0.552,2864901.08053159,2017-09-26 22:16:45
26 Sep 22:16:46 - Insert into live price table success: ETCUSD,11.456,11.449,5004.19466122,11.456,2767.66529965,12.189,10.772,462188.63314926,2017-09-26 22:16:46
26 Sep 22:16:46 - Insert into live price table success: OMGUSD,9.85,9.8583,19349.71448406,9.8782,17398.96718548,10.365,9.616,1096548.28737982,2017-09-26 22:16:46
26 Sep 22:16:46 - Insert into live price table success: DSHUSD,340.52,340.42,89.45583898,340.52,222.07822942,348.43,338.01,5807.70006685,2017-09-26 22:16:46
26 Sep 22:16:46 - Insert into live price table success: BCHUSD,447,446.1,581.97804106,446.92,204.56713261,466.21,445.1,18046.95378735,2017-09-26 22:16:46
26 Sep 22:16:46 - Insert into live price table success: IOTUSD,0.52037,0.522,86729.78012212,0.523,30293.62952527,0.5571,0.5051,15196062.94511276,2017-09-26 22:16:46
26 Sep 22:16:46 - Insert into live price table success: LTCUSD,52.29,52.328,1360.78101579,52.368,309.48114036,54.5,51.28,302282.45490679,2017-09-26 22:16:46
26 Sep 22:16:46 - Insert into live price table success: BTCUSD,3904.3,3904.3,50.35623664,3906.7,108.10447154,3985,3838,20631.04923514,2017-09-26 22:16:46
26 Sep 22:16:46 - Insert into live price table success: ETHUSD,288.15,288.19,315.86273489,288.3,117.08223926,296.08,285.2,108680.0716819,2017-09-26 22:16:46
26 Sep 22:16:55 - Insert into live price table success: ETCUSD,11.445,11.444,5306.32682022,11.456,2632.98019991,12.189,10.772,463076.63314926,2017-09-26 22:16:55
26 Sep 22:16:56 - Insert into live price table success: ETHUSD,288.16,288.22,322.24149603,288.3,114.67821088,296.08,285.2,108680.7716819,2017-09-26 22:16:56
26 Sep 22:16:56 - Insert into live price table success: LTCUSD,52.329,52.329,1222.6966664,52.369,606.50515642,54.5,51.28,302294.53742279,2017-09-26 22:16:56
26 Sep 22:16:56 - Insert into live price table success: EOSUSD,0.5614,0.55904,55274.74954517,0.5614,36169.54608013,0.59,0.552,2864901.08053159,2017-09-26 22:16:56
26 Sep 22:16:56 - Insert into live price table success: DSHUSD,340.52,340.42,58.33503423,340.52,216.86055761,348.43,338.01,5807.70006685,2017-09-26 22:16:56
26 Sep 22:16:56 - Insert into live price table success: IOTUSD,0.52037,0.52037,87842.24870059,0.52161,30302.54388022,0.5571,0.5051,15196062.94511276,2017-09-26 22:16:56
26 Sep 22:16:56 - Insert into live price table success: BTCUSD,3904.3,3904.3,53.61807078,3905.3,124.94778493,3985,3838,20631.43369133,2017-09-26 22:16:56
26 Sep 22:16:56 - Insert into live price table success: BCHUSD,447,446.1,579.90828796,446.9,221.80471538,466.21,445.1,18046.95378735,2017-09-26 22:16:56
26 Sep 22:16:56 - Insert into live price table success: OMGUSD,9.85,9.8583,19389.71448406,9.8783,17348.59337489,10.365,9.616,1096548.28737982,2017-09-26 22:16:56
26 Sep 22:17:05 - Insert into live price table success: DSHUSD,340.52,340.42,45.70834255,340.52,197.33825395,348.43,338.01,5809.38426685,2017-09-26 22:17:05
26 Sep 22:17:06 - Insert into live price table success: ETCUSD,11.44,11.445,3413.43737941,11.456,2354.00827509,12.189,10.772,464412.57914926,2017-09-26 22:17:06
26 Sep 22:17:06 - Insert into live price table success: EOSUSD,0.5614,0.55905,50015.39954517,0.5614,46888.22205124,0.59,0.552,2864901.08053159,2017-09-26 22:17:06
26 Sep 22:17:06 - Insert into live price table success: LTCUSD,52.328,52.33,1198.58406811,52.369,636.86174278,54.5,51.28,302285.55482279,2017-09-26 22:17:06
26 Sep 22:17:06 - Insert into live price table success: IOTUSD,0.52037,0.52037,86122.92889894,0.5221,30302.54388022,0.5571,0.5051,15189033.89829976,2017-09-26 22:17:06
26 Sep 22:17:06 - Insert into live price table success: OMGUSD,9.85,9.8583,19349.71448406,9.8783,21913.59058996,10.365,9.616,1096548.28737982,2017-09-26 22:17:06
26 Sep 22:17:06 - Insert into live price table success: BCHUSD,447,446.1,549.32762021,446.88,326.715872,466.21,445.1,18046.95378735,2017-09-26 22:17:06
26 Sep 22:17:06 - Insert into live price table success: BTCUSD,3904.3,3904.3,50.28273216,3904.4,121.32220113,3985,3838,20632.197665,2017-09-26 22:17:06
26 Sep 22:17:06 - Insert into live price table success: ETHUSD,288.16,288.19,346.78881112,288.3,177.46323178,296.08,285.2,108670.35304916,2017-09-26 22:17:06
26 Sep 22:17:16 - Insert into live price table success: BCHUSD,447,446.2,576.96637113,446.88,325.05524015,466.21,445.1,18046.95378735,2017-09-26 22:17:16
26 Sep 22:17:16 - Insert into live price table success: OMGUSD,9.85,9.8583,19349.71448406,9.8783,21913.59058996,10.365,9.616,1096526.96286675,2017-09-26 22:17:16
26 Sep 22:17:16 - Insert into live price table success: ETCUSD,11.44,11.437,3861.01566958,11.44,1152.90297591,12.189,10.772,464412.57914926,2017-09-26 22:17:16
26 Sep 22:17:16 - Insert into live price table success: EOSUSD,0.5614,0.55915,43384.6425184,0.5614,31895.30683354,0.59,0.552,2864901.08053159,2017-09-26 22:17:16
26 Sep 22:17:16 - Insert into live price table success: DSHUSD,340.51,340.42,82.49009879,340.51,217.25610086,348.43,338.01,5812.75326685,2017-09-26 22:17:16
26 Sep 22:17:16 - Insert into live price table success: IOTUSD,0.52037,0.51947,90176.36085223,0.52145,28748.16147361,0.5571,0.5051,15189033.89829976,2017-09-26 22:17:16
26 Sep 22:17:16 - Insert into live price table success: LTCUSD,52.325,52.325,1178.76173597,52.369,325.82386189,54.5,51.28,302289.45762279,2017-09-26 22:17:16
26 Sep 22:17:16 - Insert into live price table success: ETHUSD,288.3,288.21,327.29457757,288.3,157.00849229,296.08,285.2,108659.71084916,2017-09-26 22:17:16
26 Sep 22:17:16 - Insert into live price table success: BTCUSD,3903.2,3903.2,43.73262571,3903.9,104.05050849,3985,3838,20632.21231303,2017-09-26 22:17:16
26 Sep 22:17:25 - Insert into live price table success: BCHUSD,447,446.2,977.0434177,446.86,271.27177009,466.21,445.1,18046.95378735,2017-09-26 22:17:25
26 Sep 22:17:25 - Insert into live price table success: OMGUSD,9.85,9.8583,19349.71448406,9.8783,17253.89324808,10.365,9.616,1096526.96286675,2017-09-26 22:17:25
26 Sep 22:17:26 - Insert into live price table success: ETCUSD,11.44,11.439,4644.6517354,11.44,3489.4337909,12.189,10.772,464412.57914926,2017-09-26 22:17:26
26 Sep 22:17:26 - Insert into live price table success: EOSUSD,0.55916,0.55916,44630.7443355,0.5614,32893.57965437,0.59,0.552,2864978.2654258,2017-09-26 22:17:26
26 Sep 22:17:26 - Insert into live price table success: DSHUSD,340.5,340.42,90.29153219,340.5,219.31148786,348.43,338.01,5816.22756685,2017-09-26 22:17:26
26 Sep 22:17:26 - Insert into live price table success: IOTUSD,0.52037,0.5193,89164.88281505,0.52145,49375.80231574,0.5571,0.5051,15189033.89829976,2017-09-26 22:17:26
26 Sep 22:17:26 - Insert into live price table success: ETHUSD,288.4,288.26,355.59833337,288.4,118.36846887,296.08,285.2,108669.37111416,2017-09-26 22:17:26
26 Sep 22:17:26 - Insert into live price table success: LTCUSD,52.364,52.364,1214.40464987,52.37,366.72533221,54.5,51.28,302312.16352279,2017-09-26 22:17:26
26 Sep 22:17:26 - Insert into live price table success: BTCUSD,3903.2,3903.2,58.08861183,3907.3,91.477121,3985,3838,20632.24519268,2017-09-26 22:17:26
26 Sep 22:17:36 - Insert into live price table success: IOTUSD,0.52037,0.51936,93044.41827278,0.52298,28250.93996515,0.5571,0.5051,15189033.89829976,2017-09-26 22:17:36
26 Sep 22:17:36 - Insert into live price table success: BCHUSD,447,446.2,975.88313653,446.84,350.78196942,466.21,445.1,18046.95378735,2017-09-26 22:17:36
26 Sep 22:17:36 - Insert into live price table success: ETCUSD,11.44,11.439,5379.6937354,11.44,3016.52126802,12.189,10.772,464415.57914926,2017-09-26 22:17:36
26 Sep 22:17:36 - Insert into live price table success: DSHUSD,340.49,340.42,89.49553219,340.49,222.96348786,348.43,338.01,5819.49126685,2017-09-26 22:17:36
26 Sep 22:17:36 - Insert into live price table success: LTCUSD,52.364,52.364,1192.51725414,52.37,271.1003252,54.5,51.28,302341.41882979,2017-09-26 22:17:36
26 Sep 22:17:36 - Insert into live price table success: EOSUSD,0.55916,0.55916,49717.41695333,0.5613,34337.27484284,0.59,0.552,2864978.2654258,2017-09-26 22:17:36
26 Sep 22:17:36 - Insert into live price table success: BTCUSD,3903.2,3903.2,49.98987423,3905.9,97.24228994,3985,3838,20632.24519268,2017-09-26 22:17:36
26 Sep 22:17:36 - Insert into live price table success: ETHUSD,288.31,288.32,314.25509105,288.4,170.48834946,296.08,285.2,108672.57891301,2017-09-26 22:17:36
26 Sep 22:17:36 - Insert into live price table success: OMGUSD,9.85,9.8583,19241.44349865,9.8783,20904.96003742,10.365,9.616,1096526.96286675,2017-09-26 22:17:36
26 Sep 22:17:45 - Insert into live price table success: BCHUSD,447,446.2,575.78595766,446.81,296.65983882,466.21,445.1,18046.95378735,2017-09-26 22:17:45
26 Sep 22:17:46 - Insert into live price table success: OMGUSD,9.85,9.8583,19295.54349865,9.8783,20794.19523593,10.365,9.616,1096526.96286675,2017-09-26 22:17:46
26 Sep 22:17:46 - Insert into live price table success: EOSUSD,0.55893,0.55894,57005.49408688,0.5613,34662.55043292,0.59,0.552,2865001.63490967,2017-09-26 22:17:46
26 Sep 22:17:46 - Insert into live price table success: DSHUSD,340.49,340.42,64.91728697,340.48,223.48198786,348.43,338.01,5822.86026685,2017-09-26 22:17:46
26 Sep 22:17:46 - Insert into live price table success: ETCUSD,11.44,11.445,5316.30752437,11.456,3783.33215985,12.189,10.772,464415.63314926,2017-09-26 22:17:46
26 Sep 22:17:46 - Insert into live price table success: IOTUSD,0.52022,0.52022,98448.80249626,0.52298,28293.0936741,0.5571,0.5051,15189082.89829976,2017-09-26 22:17:46
26 Sep 22:17:46 - Insert into live price table success: LTCUSD,52.364,52.364,1188.15697397,52.37,269.04389883,54.5,51.28,302362.18393537,2017-09-26 22:17:46
26 Sep 22:17:46 - Insert into live price table success: ETHUSD,288.31,288.33,336.60282941,288.4,164.04280475,296.08,285.2,108672.57891301,2017-09-26 22:17:46
26 Sep 22:17:46 - Insert into live price table success: BTCUSD,3903.2,3903.2,52.58580735,3904.2,94.35271063,3985,3838,20632.24519268,2017-09-26 22:17:46
26 Sep 22:17:56 - Insert into live price table success: EOSUSD,0.55893,0.55894,51470.63729845,0.5613,29251.83350054,0.59,0.552,2865001.63490967,2017-09-26 22:17:56
26 Sep 22:17:56 - Insert into live price table success: DSHUSD,340.48,340.42,68.36414687,340.48,219.40405888,348.43,338.01,5826.22926685,2017-09-26 22:17:56
26 Sep 22:17:56 - Insert into live price table success: BCHUSD,447,446.2,574.96595766,446.79,325.91830024,466.21,445.1,18046.95378735,2017-09-26 22:17:56
26 Sep 22:17:56 - Insert into live price table success: ETCUSD,11.44,11.445,4736.87609779,11.456,3406.64711781,12.189,10.772,464415.63314926,2017-09-26 22:17:56
26 Sep 22:17:56 - Insert into live price table success: OMGUSD,9.85,9.8583,19350.54349865,9.8783,17253.89324808,10.365,9.616,1096522.71590475,2017-09-26 22:17:56
26 Sep 22:17:56 - Insert into live price table success: LTCUSD,52.364,52.364,928.56958152,52.369,302.71909367,54.5,51.28,302323.65239762,2017-09-26 22:17:56
26 Sep 22:17:56 - Insert into live price table success: ETHUSD,288.31,288.32,340.88060474,288.4,101.63233089,296.08,285.2,108671.56818701,2017-09-26 22:17:56
26 Sep 22:17:56 - Insert into live price table success: IOTUSD,0.52022,0.51971,94498.36791308,0.52297,27004.93996515,0.5571,0.5051,15189082.89829976,2017-09-26 22:17:56
26 Sep 22:17:56 - Insert into live price table success: BTCUSD,3903.2,3903.2,44.79119797,3903.3,94.4955296,3985,3838,20632.24519268,2017-09-26 22:17:56
26 Sep 22:18:06 - Insert into live price table success: EOSUSD,0.55893,0.55905,56392.97118729,0.5614,104946.94261028,0.59,0.552,2865001.63490967,2017-09-26 22:18:06
26 Sep 22:18:06 - Insert into live price table success: IOTUSD,0.52022,0.51985,89284.69288243,0.52297,27004.93996515,0.5571,0.5051,15189082.89829976,2017-09-26 22:18:06
26 Sep 22:18:06 - Insert into live price table success: DSHUSD,340.48,340.42,76.20513732,340.48,219.33505888,348.43,338.01,5829.62833419,2017-09-26 22:18:06
26 Sep 22:18:06 - Insert into live price table success: BCHUSD,447,446.2,974.49562357,446.77,362.49522791,466.21,445.1,18046.95378735,2017-09-26 22:18:06
26 Sep 22:18:06 - Insert into live price table success: OMGUSD,9.85,9.8583,19350.54349865,9.8783,17253.89324808,10.365,9.616,1096522.71590475,2017-09-26 22:18:06
26 Sep 22:18:06 - Insert into live price table success: ETCUSD,11.44,11.445,5302.30042356,11.456,2443.88927053,12.189,10.772,464415.63314926,2017-09-26 22:18:06
26 Sep 22:18:06 - Insert into live price table success: ETHUSD,288.31,288.34,340.31491056,288.4,102.6124801,296.08,285.2,108671.56818701,2017-09-26 22:18:06
26 Sep 22:18:06 - Insert into live price table success: LTCUSD,52.331,52.363,1441.23158511,52.369,269.24043446,54.5,51.28,302345.67379762,2017-09-26 22:18:06
26 Sep 22:18:06 - Insert into live price table success: BTCUSD,3902.5,3902.5,55.89538832,3905.1,105.44666156,3985,3838,20632.39519268,2017-09-26 22:18:06
26 Sep 22:18:16 - Insert into live price table success: DSHUSD,340.07,339.78,97.60480224,340,192.85501123,348.43,338.01,5835.02740153,2017-09-26 22:18:16
26 Sep 22:18:16 - Insert into live price table success: LTCUSD,52.363,52.363,1383.56243262,52.369,292.40379747,54.5,51.28,302367.49511837,2017-09-26 22:18:16
26 Sep 22:18:16 - Insert into live price table success: BCHUSD,447,446,532.84892937,446.88,303.70466378,466.21,445.1,18033.95378735,2017-09-26 22:18:16
26 Sep 22:18:16 - Insert into live price table success: BTCUSD,3902.5,3902.4,44.1340506,3903.8,97.35952348,3985,3838,20631.25954973,2017-09-26 22:18:16
26 Sep 22:18:16 - Insert into live price table success: ETHUSD,288.4,288.36,321.01644815,288.4,109.87510319,296.08,285.2,108663.62995401,2017-09-26 22:18:16
26 Sep 22:18:16 - Insert into live price table success: IOTUSD,0.52022,0.5198,81979.49282679,0.52297,27004.93996515,0.5571,0.5051,15189082.89829976,2017-09-26 22:18:16
26 Sep 22:18:16 - Insert into live price table success: EOSUSD,0.55893,0.55906,65366.83594757,0.5614,121210.37807897,0.59,0.552,2864900.44951217,2017-09-26 22:18:16
26 Sep 22:18:16 - Insert into live price table success: OMGUSD,9.85,9.8583,19641.44349865,9.8783,20794.19523593,10.365,9.616,1096217.05332575,2017-09-26 22:18:16
26 Sep 22:18:16 - Insert into live price table success: ETCUSD,11.44,11.445,5402.04519698,11.456,2714.49219831,12.189,10.772,464415.63314926,2017-09-26 22:18:16
26 Sep 22:18:26 - Insert into live price table success: DSHUSD,340,339.79,107.57103935,340,202.1765187,348.43,338.01,5836.71190153,2017-09-26 22:18:26
26 Sep 22:18:26 - Insert into live price table success: LTCUSD,52.363,52.33,1261.80656443,52.369,253.88335837,54.5,51.28,302378.49361837,2017-09-26 22:18:26
26 Sep 22:18:26 - Insert into live price table success: ETHUSD,288.4,288.36,315.42742019,288.4,109.65791287,296.08,285.2,108663.62995401,2017-09-26 22:18:26
26 Sep 22:18:26 - Insert into live price table success: BTCUSD,3902.4,3902.4,42.93809958,3903.1,92.33554307,3985,3838,20631.28811831,2017-09-26 22:18:26
26 Sep 22:18:26 - Insert into live price table success: EOSUSD,0.55893,0.55752,49418.04176469,0.5614,74358.76046597,0.59,0.552,2864900.44951217,2017-09-26 22:18:26
26 Sep 22:18:26 - Insert into live price table success: IOTUSD,0.52022,0.51977,82916.27486538,0.52297,27004.93996515,0.5571,0.5051,15188444.71588869,2017-09-26 22:18:26
26 Sep 22:18:26 - Insert into live price table success: BCHUSD,447,446,913.73358351,446.87,288.90818399,466.21,445.1,18033.95378735,2017-09-26 22:18:26
26 Sep 22:18:26 - Insert into live price table success: OMGUSD,9.85,9.8583,19747.21841712,9.8783,17253.89324808,10.365,9.616,1096217.05332575,2017-09-26 22:18:26
26 Sep 22:18:26 - Insert into live price table success: ETCUSD,11.44,11.445,5301.91765084,11.456,2114.44939195,12.189,10.772,464415.63314926,2017-09-26 22:18:26
26 Sep 22:18:35 - Insert into live price table success: DSHUSD,340,339.79,435.77030218,340,197.15244581,348.43,338.01,5841.84127442,2017-09-26 22:18:35
26 Sep 22:18:36 - Insert into live price table success: ETCUSD,11.44,11.445,5401.98337394,11.456,2695.0171444,12.189,10.772,464415.63314926,2017-09-26 22:18:36
26 Sep 22:18:36 - Insert into live price table success: LTCUSD,52.288,52.288,1141.27943507,52.369,688.57870908,54.5,51.28,302409.53615987,2017-09-26 22:18:36
26 Sep 22:18:36 - Insert into live price table success: EOSUSD,0.5614,0.55849,31703.97401364,0.5614,109504.46355873,0.59,0.552,2865445.16751217,2017-09-26 22:18:36
26 Sep 22:18:36 - Insert into live price table success: BCHUSD,447,446,947.57357825,446.84,205.35669791,466.21,445.1,18033.95378735,2017-09-26 22:18:36
26 Sep 22:18:36 - Insert into live price table success: OMGUSD,9.85,9.8583,19747.21841712,9.8783,21902.43824808,10.365,9.616,1096215.78332575,2017-09-26 22:18:36
26 Sep 22:18:36 - Insert into live price table success: IOTUSD,0.52022,0.52016,99243.33539975,0.52296,30233.13368805,0.5571,0.5051,15188444.71588869,2017-09-26 22:18:36
26 Sep 22:18:36 - Insert into live price table success: BTCUSD,3902.1,3902.1,43.9481734,3902.2,88.62557308,3985,3838,20630.65540003,2017-09-26 22:18:36
26 Sep 22:18:36 - Insert into live price table success: ETHUSD,288.4,288.36,378.44333806,288.4,191.31358148,296.08,285.2,108663.6337235,2017-09-26 22:18:36
26 Sep 22:18:38 - ************* Buy | 9.562423500611995 LTCUSD @ 52.288 *************
26 Sep 22:18:38 - -------------------- Summary ----------------------------
26 Sep 22:18:38 - Currency Wallet: {
  "BTCUSD": {
    "qty": 0,
    "price": 0
  },
  "ETHUSD": {
    "qty": 8.682726372824842,
    "price": 287.9279954997187
  },
  "LTCUSD": {
    "qty": 28.680142985015607,
    "price": 52.300994481920775
  },
  "IOTUSD": {
    "qty": 963.020030816641,
    "price": 0.5192
  },
  "BCHUSD": {
    "qty": 0,
    "price": 0
  },
  "ETCUSD": {
    "qty": 43.70629370629371,
    "price": 11.44
  },
  "OMGUSD": {
    "qty": 50.76760620583218,
    "price": 9.8488
  },
  "EOSUSD": {
    "qty": 888.0994671403198,
    "price": 0.563
  },
  "DSHUSD": {
    "qty": 1.4663616634406709,
    "price": 340.98
  }
}
26 Sep 22:18:38 - =====> Market Value: 6501.91
26 Sep 22:18:38 - Fiat Wallet: $3487.00
26 Sep 22:18:38 - Starting Value: 10000
26 Sep 22:18:38 - Total Value: 9988.91
26 Sep 22:18:38 - ---------------------------------------------------------


26 Sep 22:18:38 - Insert into transaction table success: LTCUSD,52.288,9.562423500611995,1,2017-09-26 22:18:38
26 Sep 22:18:42 - ************* Buy | 9.562423500611995 LTCUSD @ 52.288 *************
26 Sep 22:18:42 - -------------------- Summary ----------------------------
26 Sep 22:18:42 - Currency Wallet: {
  "BTCUSD": {
    "qty": 0,
    "price": 0
  },
  "ETHUSD": {
    "qty": 8.682726372824842,
    "price": 287.9279954997187
  },
  "LTCUSD": {
    "qty": 38.242566485627606,
    "price": 52.297745255973965
  },
  "IOTUSD": {
    "qty": 963.020030816641,
    "price": 0.5192
  },
  "BCHUSD": {
    "qty": 0,
    "price": 0
  },
  "ETCUSD": {
    "qty": 43.70629370629371,
    "price": 11.44
  },
  "OMGUSD": {
    "qty": 50.76760620583218,
    "price": 9.8488
  },
  "EOSUSD": {
    "qty": 888.0994671403198,
    "price": 0.563
  },
  "DSHUSD": {
    "qty": 1.4663616634406709,
    "price": 340.98
  }
}
26 Sep 22:18:42 - =====> Market Value: 7001.91
26 Sep 22:18:42 - Fiat Wallet: $2986.00
26 Sep 22:18:42 - Starting Value: 10000
26 Sep 22:18:42 - Total Value: 9987.91
26 Sep 22:18:42 - ---------------------------------------------------------


26 Sep 22:18:42 - Insert into transaction table success: LTCUSD,52.288,9.562423500611995,1,2017-09-26 22:18:42
26 Sep 22:18:46 - Insert into live price table success: ETCUSD,11.445,11.445,5385.33357394,11.456,2518.93035536,12.189,10.772,464465.94764926,2017-09-26 22:18:46
26 Sep 22:18:46 - Insert into live price table success: DSHUSD,340,339.79,435.76276753,340,195.36264581,348.43,338.01,5843.52577442,2017-09-26 22:18:46
26 Sep 22:18:46 - Insert into live price table success: BTCUSD,3902.1,3902.1,40.00184936,3903.3,102.04336754,3985,3838,20629.85563501,2017-09-26 22:18:46
26 Sep 22:18:46 - Insert into live price table success: OMGUSD,9.85,9.8583,18947.21841712,9.8783,21902.43824808,10.365,9.616,1096215.78332575,2017-09-26 22:18:46
26 Sep 22:18:46 - Insert into live price table success: EOSUSD,0.5614,0.55849,39021.90897829,0.5614,119780.34596476,0.59,0.552,2865445.16751217,2017-09-26 22:18:46
26 Sep 22:18:46 - ************* Buy | 9.562423500611995 LTCUSD @ 52.288 *************
26 Sep 22:18:46 - -------------------- Summary ----------------------------
26 Sep 22:18:46 - Currency Wallet: {
  "BTCUSD": {
    "qty": 0,
    "price": 0
  },
  "ETHUSD": {
    "qty": 8.682726372824842,
    "price": 287.9279954997187
  },
  "LTCUSD": {
    "qty": 47.804989986239605,
    "price": 52.29579591418408
  },
  "IOTUSD": {
    "qty": 963.020030816641,
    "price": 0.5192
  },
  "BCHUSD": {
    "qty": 0,
    "price": 0
  },
  "ETCUSD": {
    "qty": 43.70629370629371,
    "price": 11.44
  },
  "OMGUSD": {
    "qty": 50.76760620583218,
    "price": 9.8488
  },
  "EOSUSD": {
    "qty": 888.0994671403198,
    "price": 0.563
  },
  "DSHUSD": {
    "qty": 1.4663616634406709,
    "price": 340.98
  }
}
26 Sep 22:18:46 - =====> Market Value: 7502.13
26 Sep 22:18:46 - Fiat Wallet: $2485.00
26 Sep 22:18:46 - Starting Value: 10000
26 Sep 22:18:46 - Total Value: 9987.13
26 Sep 22:18:46 - ---------------------------------------------------------


26 Sep 22:18:46 - Insert into transaction table success: LTCUSD,52.288,9.562423500611995,1,2017-09-26 22:18:46
26 Sep 22:18:46 - Insert into live price table success: IOTUSD,0.52022,0.5199,86736.94199575,0.52296,30233.13368805,0.5571,0.5051,15188444.71588869,2017-09-26 22:18:46
26 Sep 22:18:46 - Insert into live price table success: BCHUSD,447,446,972.01256225,446.82,242.75711534,466.21,445.1,18033.95378735,2017-09-26 22:18:46
26 Sep 22:18:46 - Insert into live price table success: ETHUSD,288.7,288.38,393.99379585,288.7,91.08213997,296.08,285.2,108677.08433501,2017-09-26 22:18:46
26 Sep 22:18:46 - Insert into live price table success: LTCUSD,52.288,52.29,1080.38897763,52.362,446.74644129,54.5,51.28,302142.64320862,2017-09-26 22:18:46
