26 Sep 22:07:32 - { event: 'subscribe',
  channel: 'book',
  symbol: 'tBTCUSD',
  prec: 'P0',
  freq: 'F0',
  len: '100' }
26 Sep 22:07:32 - { event: 'subscribe',
  channel: 'book',
  symbol: 'tLTCUSD',
  prec: 'P0',
  freq: 'F0',
  len: '100' }
26 Sep 22:07:32 - { event: 'subscribe',
  channel: 'book',
  symbol: 'tETHUSD',
  prec: 'P0',
  freq: 'F0',
  len: '100' }
26 Sep 22:07:32 - { event: 'subscribe',
  channel: 'book',
  symbol: 'tETCUSD',
  prec: 'P0',
  freq: 'F0',
  len: '100' }
26 Sep 22:07:32 - { event: 'subscribe',
  channel: 'book',
  symbol: 'tDSHUSD',
  prec: 'P0',
  freq: 'F0',
  len: '100' }
26 Sep 22:07:32 - { event: 'subscribe',
  channel: 'book',
  symbol: 'tIOTUSD',
  prec: 'P0',
  freq: 'F0',
  len: '100' }
26 Sep 22:07:32 - { event: 'subscribe',
  channel: 'book',
  symbol: 'tEOSUSD',
  prec: 'P0',
  freq: 'F0',
  len: '100' }
26 Sep 22:07:32 - { event: 'subscribe',
  channel: 'book',
  symbol: 'tOMGUSD',
  prec: 'P0',
  freq: 'F0',
  len: '100' }
26 Sep 22:07:32 - { event: 'subscribe',
  channel: 'book',
  symbol: 'tBCHUSD',
  prec: 'P0',
  freq: 'F0',
  len: '100' }
26 Sep 22:07:32 - { event: 'subscribe', channel: 'ticker', symbol: 'tBTCUSD' }
26 Sep 22:07:32 - { event: 'subscribe', channel: 'ticker', symbol: 'tLTCUSD' }
26 Sep 22:07:32 - { event: 'subscribe', channel: 'ticker', symbol: 'tETHUSD' }
26 Sep 22:07:32 - { event: 'subscribe', channel: 'ticker', symbol: 'tETCUSD' }
26 Sep 22:07:32 - { event: 'subscribe', channel: 'ticker', symbol: 'tDSHUSD' }
26 Sep 22:07:32 - { event: 'subscribe', channel: 'ticker', symbol: 'tIOTUSD' }
26 Sep 22:07:32 - { event: 'subscribe', channel: 'ticker', symbol: 'tEOSUSD' }
26 Sep 22:07:32 - { event: 'subscribe', channel: 'ticker', symbol: 'tOMGUSD' }
26 Sep 22:07:32 - { event: 'subscribe', channel: 'ticker', symbol: 'tBCHUSD' }
26 Sep 22:07:32 - { event: 'subscribe',
  channel: 'candles',
  key: 'trade:1m:tBTCUSD' }
26 Sep 22:07:32 - { event: 'subscribe',
  channel: 'candles',
  key: 'trade:1m:tLTCUSD' }
26 Sep 22:07:32 - { event: 'subscribe',
  channel: 'candles',
  key: 'trade:1m:tETHUSD' }
26 Sep 22:07:32 - { event: 'subscribe',
  channel: 'candles',
  key: 'trade:1m:tETCUSD' }
26 Sep 22:07:32 - { event: 'subscribe',
  channel: 'candles',
  key: 'trade:1m:tDSHUSD' }
26 Sep 22:07:32 - { event: 'subscribe',
  channel: 'candles',
  key: 'trade:1m:tIOTUSD' }
26 Sep 22:07:32 - { event: 'subscribe',
  channel: 'candles',
  key: 'trade:1m:tEOSUSD' }
26 Sep 22:07:32 - { event: 'subscribe',
  channel: 'candles',
  key: 'trade:1m:tOMGUSD' }
26 Sep 22:07:32 - { event: 'subscribe',
  channel: 'candles',
  key: 'trade:1m:tBCHUSD' }
Client [public] started, listening to WebSocket 127.0.0.1:1337
New Connection id ::  1zVNxNGDxjkH7/lz3BOS5A==
New Connection id ::  ip78kM5SmNRlLTdA2cVncQ==
Received client [bot]'s id: ip78kM5SmNRlLTdA2cVncQ==
Client [bot] started, listening to WebSocket 127.0.0.1:1337
Received client [public_books]'s id: 1zVNxNGDxjkH7/lz3BOS5A==
26 Sep 22:07:32 - Success clearing bitfinex_transactions table
26 Sep 22:07:32 - Success clearing bitfinex_live_price table
26 Sep 22:07:33 - --------------------------------------
INFO: undefined 
undefined
--------------------------------------
26 Sep 22:07:33 - Insert into live price table success: BTCUSD,3899,3897.7,46.22799549,3898.1,54.52451002,3985,3838,20655.56632079,2017-09-26 22:07:33
26 Sep 22:07:33 - Insert into live price table success: LTCUSD,52.19,52.18,1088.39634265,52.188,535.43879664,54.5,51.28,302896.79935908,2017-09-26 22:07:33
26 Sep 22:07:33 - Insert into live price table success: ETHUSD,288,287.99,372.6738996,288,149.53853659,296.08,285.2,108832.6268429,2017-09-26 22:07:33
26 Sep 22:07:33 - Insert into live price table success: DSHUSD,342.38,341.47,344.50925253,341.94,84.98726814,348.85,338.01,5797.38619663,2017-09-26 22:07:33
26 Sep 22:07:33 - Insert into live price table success: ETCUSD,11.457,11.445,4268.06637195,11.459,3397.05269017,12.189,10.772,459796.64704281,2017-09-26 22:07:33
26 Sep 22:07:33 - Insert into live price table success: IOTUSD,0.51902,0.5192,153111.80178282,0.5199,63781.43957899,0.5571,0.5051,15116771.75629146,2017-09-26 22:07:33
26 Sep 22:07:33 - Insert into live price table success: EOSUSD,0.55902,0.55892,30305.09850863,0.56157,24556.28831832,0.59,0.552,2851663.51868301,2017-09-26 22:07:33
26 Sep 22:07:33 - Insert into live price table success: OMGUSD,9.829,9.8301,19813.69583298,9.8489,17208.42664291,10.365,9.616,1098598.83269752,2017-09-26 22:07:33
26 Sep 22:07:33 - Insert into live price table success: BCHUSD,446.97,446.46,591.12042869,446.96,292.75305015,466.21,445.1,18043.01659507,2017-09-26 22:07:33
26 Sep 22:07:36 - ************* Buy | 0.12823800974608873 BTCUSD @ 3899 *************
26 Sep 22:07:36 - -------------------- Summary ----------------------------
26 Sep 22:07:36 - Currency Wallet: {
  "BTCUSD": {
    "qty": 0.12823800974608873,
    "price": 3899
  }
}
26 Sep 22:07:36 - =====> Market Value: 500.00
26 Sep 22:07:36 - Fiat Wallet: $9499.00
26 Sep 22:07:36 - Starting Value: 10000
26 Sep 22:07:36 - Total Value: 9999.00
26 Sep 22:07:36 - ---------------------------------------------------------


26 Sep 22:07:36 - Insert into transaction table success: BTCUSD,3899,0.12823800974608873,1,2017-09-26 22:07:36
26 Sep 22:07:36 - Insert into live price table success: ETCUSD,11.457,11.446,4389.09923042,11.461,2995.39595372,12.189,10.772,459796.52704281,2017-09-26 22:07:36
26 Sep 22:07:36 - Insert into live price table success: DSHUSD,342.38,341.47,368.58487619,342.1,66.08208593,348.85,338.01,5797.38619663,2017-09-26 22:07:36
26 Sep 22:07:36 - Insert into live price table success: BCHUSD,446.97,446.46,602.61276929,446.96,290.02825576,466.21,445.1,18043.01659507,2017-09-26 22:07:36
26 Sep 22:07:36 - Insert into live price table success: LTCUSD,52.19,52.181,1006.06651097,52.19,792.52486283,54.5,51.28,302840.89435908,2017-09-26 22:07:36
26 Sep 22:07:36 - Insert into live price table success: EOSUSD,0.55902,0.55892,36646.20139453,0.56154,34892.2373338,0.59,0.552,2851663.51868301,2017-09-26 22:07:36
26 Sep 22:07:36 - Insert into live price table success: IOTUSD,0.51902,0.5192,131930.16859031,0.51989,40841.09938318,0.5571,0.5051,15116771.75629146,2017-09-26 22:07:36
26 Sep 22:07:36 - Insert into live price table success: OMGUSD,9.8301,9.8301,19307.99054264,9.8489,17325.89398961,10.365,9.616,1098698.83269752,2017-09-26 22:07:36
26 Sep 22:07:36 - Insert into live price table success: ETHUSD,288,287.98,291.62081863,288,133.31573174,296.08,285.2,108846.7167329,2017-09-26 22:07:36
26 Sep 22:07:36 - ************* Buy | 1.7361111111111112 ETHUSD @ 288 *************
26 Sep 22:07:36 - -------------------- Summary ----------------------------
26 Sep 22:07:36 - Currency Wallet: {
  "BTCUSD": {
    "qty": 0.12823800974608873,
    "price": 3899
  },
  "ETHUSD": {
    "qty": 1.7361111111111112,
    "price": 288
  }
}
26 Sep 22:07:36 - =====> Market Value: 1000.00
26 Sep 22:07:36 - Fiat Wallet: $8998.00
26 Sep 22:07:36 - Starting Value: 10000
26 Sep 22:07:36 - Total Value: 9998.00
26 Sep 22:07:36 - ---------------------------------------------------------


26 Sep 22:07:36 - Insert into transaction table success: ETHUSD,288,1.7361111111111112,1,2017-09-26 22:07:36
26 Sep 22:07:36 - Insert into live price table success: BTCUSD,3899.9,3899.7,100.38392269,3900,47.38700388,3985,3838,20660.0968694,2017-09-26 22:07:36
26 Sep 22:07:38 - ************* Buy | 9.580379383023567 LTCUSD @ 52.19 *************
26 Sep 22:07:38 - -------------------- Summary ----------------------------
26 Sep 22:07:38 - Currency Wallet: {
  "BTCUSD": {
    "qty": 0.12823800974608873,
    "price": 3899
  },
  "ETHUSD": {
    "qty": 1.7361111111111112,
    "price": 288
  },
  "DSHUSD": {
    "qty": 0,
    "price": 0
  },
  "LTCUSD": {
    "qty": 9.580379383023567,
    "price": 52.19
  }
}
26 Sep 22:07:38 - =====> Market Value: 1500.12
26 Sep 22:07:38 - Fiat Wallet: $8497.00
26 Sep 22:07:38 - Starting Value: 10000
26 Sep 22:07:38 - Total Value: 9997.12
26 Sep 22:07:38 - ---------------------------------------------------------


26 Sep 22:07:38 - Insert into transaction table success: LTCUSD,52.19,9.580379383023567,1,2017-09-26 22:07:38
26 Sep 22:07:39 - ************* Buy | 43.64144191324081 ETCUSD @ 11.457 *************
26 Sep 22:07:39 - -------------------- Summary ----------------------------
26 Sep 22:07:39 - Currency Wallet: {
  "BTCUSD": {
    "qty": 0.12823800974608873,
    "price": 3899
  },
  "ETHUSD": {
    "qty": 1.7361111111111112,
    "price": 288
  },
  "DSHUSD": {
    "qty": 0,
    "price": 0
  },
  "LTCUSD": {
    "qty": 9.580379383023567,
    "price": 52.19
  },
  "ETCUSD": {
    "qty": 43.64144191324081,
    "price": 11.457
  }
}
26 Sep 22:07:39 - =====> Market Value: 2000.12
26 Sep 22:07:39 - Fiat Wallet: $7996.00
26 Sep 22:07:39 - Starting Value: 10000
26 Sep 22:07:39 - Total Value: 9996.12
26 Sep 22:07:39 - ---------------------------------------------------------


26 Sep 22:07:39 - Insert into transaction table success: ETCUSD,11.457,43.64144191324081,1,2017-09-26 22:07:39
26 Sep 22:07:39 - ************* Buy | 1.1186433093943664 BCHUSD @ 446.97 *************
26 Sep 22:07:39 - -------------------- Summary ----------------------------
26 Sep 22:07:39 - Currency Wallet: {
  "BTCUSD": {
    "qty": 0.12823800974608873,
    "price": 3899
  },
  "ETHUSD": {
    "qty": 1.7361111111111112,
    "price": 288
  },
  "DSHUSD": {
    "qty": 0,
    "price": 0
  },
  "LTCUSD": {
    "qty": 9.580379383023567,
    "price": 52.19
  },
  "ETCUSD": {
    "qty": 43.64144191324081,
    "price": 11.457
  },
  "BCHUSD": {
    "qty": 1.1186433093943664,
    "price": 446.97
  }
}
26 Sep 22:07:39 - =====> Market Value: 2500.12
26 Sep 22:07:39 - Fiat Wallet: $7495.00
26 Sep 22:07:39 - Starting Value: 10000
26 Sep 22:07:39 - Total Value: 9995.12
26 Sep 22:07:39 - ---------------------------------------------------------


26 Sep 22:07:39 - Insert into transaction table success: BCHUSD,446.97,1.1186433093943664,1,2017-09-26 22:07:39
26 Sep 22:07:40 - ************* Buy | 963.3540133328195 IOTUSD @ 0.51902 *************
26 Sep 22:07:40 - -------------------- Summary ----------------------------
26 Sep 22:07:40 - Currency Wallet: {
  "BTCUSD": {
    "qty": 0.12823800974608873,
    "price": 3899
  },
  "ETHUSD": {
    "qty": 1.7361111111111112,
    "price": 288
  },
  "DSHUSD": {
    "qty": 0,
    "price": 0
  },
  "LTCUSD": {
    "qty": 9.580379383023567,
    "price": 52.19
  },
  "ETCUSD": {
    "qty": 43.64144191324081,
    "price": 11.457
  },
  "BCHUSD": {
    "qty": 1.1186433093943664,
    "price": 446.97
  },
  "IOTUSD": {
    "qty": 963.3540133328195,
    "price": 0.51902
  }
}
26 Sep 22:07:40 - =====> Market Value: 3000.12
26 Sep 22:07:40 - Fiat Wallet: $6994.00
26 Sep 22:07:40 - Starting Value: 10000
26 Sep 22:07:40 - Total Value: 9994.12
26 Sep 22:07:40 - ---------------------------------------------------------


26 Sep 22:07:40 - Insert into transaction table success: IOTUSD,0.51902,963.3540133328195,1,2017-09-26 22:07:40
26 Sep 22:07:46 - Insert into live price table success: ETCUSD,11.457,11.445,4315.28202097,11.473,2157.14500103,12.189,10.772,459792.65504281,2017-09-26 22:07:46
26 Sep 22:07:46 - Insert into live price table success: DSHUSD,342.38,341.47,398.01734076,342.1,64.87426364,348.85,338.01,5797.38619663,2017-09-26 22:07:46
26 Sep 22:07:46 - Insert into live price table success: LTCUSD,52.19,52.181,727.05933974,52.19,680.37912465,54.5,51.28,302836.11135908,2017-09-26 22:07:46
26 Sep 22:07:46 - Insert into live price table success: IOTUSD,0.51902,0.5192,129674.32926435,0.52002,63732.35025769,0.5571,0.5051,15116771.75629146,2017-09-26 22:07:46
26 Sep 22:07:46 - Insert into live price table success: OMGUSD,9.8301,9.8301,19307.99054264,9.8489,17327.81854291,10.365,9.616,1098498.83269752,2017-09-26 22:07:46
26 Sep 22:07:46 - Insert into live price table success: EOSUSD,0.55902,0.55902,26175.20691282,0.56152,32746.57008244,0.59,0.552,2851663.51868301,2017-09-26 22:07:46
26 Sep 22:07:46 - Insert into live price table success: BCHUSD,446.47,446.46,589.71220091,446.98,285.67859771,466.21,445.1,18046.34979211,2017-09-26 22:07:46
26 Sep 22:07:46 - Insert into live price table success: ETHUSD,288,287.99,323.65671717,288.09,60.8797521,296.08,285.2,108899.88080313,2017-09-26 22:07:46
26 Sep 22:07:46 - Insert into live price table success: BTCUSD,3899.7,3899.7,87.97667179,3899.8,43.94139931,3985,3838,20662.74806806,2017-09-26 22:07:46
26 Sep 22:07:50 - ************* Buy | 50.86418245999532 OMGUSD @ 9.8301 *************
26 Sep 22:07:50 - -------------------- Summary ----------------------------
26 Sep 22:07:50 - Currency Wallet: {
  "BTCUSD": {
    "qty": 0.12823800974608873,
    "price": 3899
  },
  "ETHUSD": {
    "qty": 1.7361111111111112,
    "price": 288
  },
  "DSHUSD": {
    "qty": 0,
    "price": 0
  },
  "LTCUSD": {
    "qty": 9.580379383023567,
    "price": 52.19
  },
  "ETCUSD": {
    "qty": 43.64144191324081,
    "price": 11.457
  },
  "BCHUSD": {
    "qty": 1.1186433093943664,
    "price": 446.97
  },
  "IOTUSD": {
    "qty": 963.3540133328195,
    "price": 0.51902
  },
  "EOSUSD": {
    "qty": 0,
    "price": 0
  },
  "OMGUSD": {
    "qty": 50.86418245999532,
    "price": 9.8301
  }
}
26 Sep 22:07:50 - =====> Market Value: 3499.53
26 Sep 22:07:50 - Fiat Wallet: $6493.00
26 Sep 22:07:50 - Starting Value: 10000
26 Sep 22:07:50 - Total Value: 9992.53
26 Sep 22:07:50 - ---------------------------------------------------------


26 Sep 22:07:50 - Insert into transaction table success: OMGUSD,9.8301,50.86418245999532,1,2017-09-26 22:07:50
26 Sep 22:07:56 - Insert into live price table success: BCHUSD,446.47,446.46,598.33107389,446.95,284.68794248,466.21,445.1,18046.34979211,2017-09-26 22:07:56
26 Sep 22:07:56 - Insert into live price table success: DSHUSD,342.38,341.47,368.90745201,341.81,97.87071722,348.85,338.01,5797.38619663,2017-09-26 22:07:56
26 Sep 22:07:56 - Insert into live price table success: EOSUSD,0.55902,0.55902,26637.66372909,0.56152,33879.47245938,0.59,0.552,2851663.51868301,2017-09-26 22:07:56
26 Sep 22:07:56 - Insert into live price table success: ETCUSD,11.457,11.446,5115.91562646,11.47,1594.77680345,12.189,10.772,459788.66074281,2017-09-26 22:07:56
26 Sep 22:07:56 - Insert into live price table success: LTCUSD,52.19,52.182,1255.93835561,52.19,628.10372196,54.5,51.28,302809.10735908,2017-09-26 22:07:56
26 Sep 22:07:56 - Insert into live price table success: OMGUSD,9.833,9.833,20105.89563898,9.8499,17538.44448406,10.365,9.616,1098512.37069752,2017-09-26 22:07:56
26 Sep 22:07:56 - Insert into live price table success: IOTUSD,0.51902,0.5192,129149.12926435,0.52002,106139.37303691,0.5571,0.5051,15116771.75629146,2017-09-26 22:07:56
26 Sep 22:07:56 - Insert into live price table success: BTCUSD,3899.7,3899.7,94.33192784,3899.8,44.93142833,3985,3838,20662.97790774,2017-09-26 22:07:56
26 Sep 22:07:56 - Insert into live price table success: ETHUSD,288.09,288.09,322.82559055,288.1,117.38127428,296.08,285.2,108899.88242713,2017-09-26 22:07:56
26 Sep 22:08:05 - Insert into live price table success: EOSUSD,0.55902,0.55892,26642.07993733,0.56152,26987.10136165,0.59,0.552,2851663.51868301,2017-09-26 22:08:05
26 Sep 22:08:05 - Insert into live price table success: DSHUSD,342.38,341.47,395.6380273,342.1,77.68415336,348.85,338.01,5797.38619663,2017-09-26 22:08:05
26 Sep 22:08:06 - Insert into live price table success: BCHUSD,446.47,446.46,598.33104098,447,276.49656651,466.21,445.1,18045.14816511,2017-09-26 22:08:06
26 Sep 22:08:06 - Insert into live price table success: ETCUSD,11.457,11.445,5118.69532446,11.477,1228.32514694,12.189,10.772,459788.54074281,2017-09-26 22:08:06
26 Sep 22:08:06 - Insert into live price table success: OMGUSD,9.833,9.833,20105.89563898,9.8499,17212.23402999,10.365,9.616,1098149.99767452,2017-09-26 22:08:06
26 Sep 22:08:06 - Insert into live price table success: IOTUSD,0.51718,0.5173,134232.05103537,0.52002,63353.92442564,0.5571,0.5051,15117465.15629146,2017-09-26 22:08:06
26 Sep 22:08:06 - Insert into live price table success: BTCUSD,3899.7,3899.7,59.70356435,3899.8,46.21493391,3985,3838,20663.53938169,2017-09-26 22:08:06
26 Sep 22:08:06 - Insert into live price table success: LTCUSD,52.19,52.187,1075.89566936,52.19,598.88617709,54.5,51.28,302809.10735908,2017-09-26 22:08:06
26 Sep 22:08:06 - Insert into live price table success: ETHUSD,288.09,288.19,360.84986172,288.2,130.90858991,296.08,285.2,108899.84504332,2017-09-26 22:08:06
26 Sep 22:08:15 - Insert into live price table success: EOSUSD,0.55902,0.55892,35265.90019832,0.56152,30221.36844449,0.59,0.552,2851363.51868301,2017-09-26 22:08:15
26 Sep 22:08:15 - Insert into live price table success: IOTUSD,0.5173,0.51727,133108.49101778,0.52002,104776.29877331,0.5571,0.5051,15119924.03502946,2017-09-26 22:08:15
26 Sep 22:08:16 - Insert into live price table success: ETCUSD,11.457,11.447,4392.09883168,11.469,1256.20064932,12.189,10.772,459788.42074281,2017-09-26 22:08:16
26 Sep 22:08:16 - Insert into live price table success: BTCUSD,3904.2,3900.2,88.73878514,3903.9,95.30212137,3985,3838,20673.53938169,2017-09-26 22:08:16
26 Sep 22:08:16 - Insert into live price table success: OMGUSD,9.8301,9.83,39107.99054264,9.8499,20392.2718289,10.365,9.616,1099146.81107452,2017-09-26 22:08:16
26 Sep 22:08:16 - Insert into live price table success: DSHUSD,342.38,341.47,394.8118641,342.07,64.87346364,348.85,338.01,5797.38619663,2017-09-26 22:08:16
26 Sep 22:08:16 - Insert into live price table success: BCHUSD,446,446,952.95042941,446.87,297.10017198,466.21,445.1,18072.08816511,2017-09-26 22:08:16
26 Sep 22:08:16 - Insert into live price table success: LTCUSD,52.19,52.189,1135.41256141,52.19,621.14097269,54.5,51.28,302809.10735908,2017-09-26 22:08:16
26 Sep 22:08:16 - Insert into live price table success: ETHUSD,288.09,288.19,394.57389767,288.2,173.73636232,296.08,285.2,108881.79466666,2017-09-26 22:08:16
26 Sep 22:08:26 - Insert into live price table success: BCHUSD,446.99,446.11,575.95230383,446.95,292.21571715,466.21,445.1,18080.65184911,2017-09-26 22:08:26
26 Sep 22:08:26 - Insert into live price table success: DSHUSD,342.38,341.47,526.39662214,341.68,79.95108223,348.85,338.01,5797.38619663,2017-09-26 22:08:26
26 Sep 22:08:26 - Insert into live price table success: EOSUSD,0.55902,0.55892,27090.01198967,0.5621,33355.02157436,0.59,0.552,2843814.49125482,2017-09-26 22:08:26
26 Sep 22:08:26 - Insert into live price table success: LTCUSD,52.19,52.207,1039.63614023,52.305,797.19744461,54.5,51.28,302809.42424211,2017-09-26 22:08:26
26 Sep 22:08:26 - Insert into live price table success: BTCUSD,3904.2,3902,92.97210252,3902.8,96.6107515,3985,3838,20663.07861461,2017-09-26 22:08:26
26 Sep 22:08:26 - Insert into live price table success: IOTUSD,0.5173,0.51721,156294.06338423,0.51961,40258.33478865,0.5571,0.5051,15119691.5150957,2017-09-26 22:08:26
26 Sep 22:08:26 - Insert into live price table success: ETCUSD,11.457,11.447,5109.70386336,11.48,3110.56865274,12.189,10.772,459744.93655081,2017-09-26 22:08:26
26 Sep 22:08:26 - Insert into live price table success: OMGUSD,9.8301,9.8301,19196.99054264,9.8499,16851.02381363,10.365,9.616,1099106.81107452,2017-09-26 22:08:26
26 Sep 22:08:26 - Insert into live price table success: ETHUSD,288.19,288.19,327.96091178,288.2,119.2384325,296.08,285.2,108884.92862933,2017-09-26 22:08:26
26 Sep 22:08:36 - Insert into live price table success: DSHUSD,342.38,341.47,525.0685114,341.96,73.35981222,348.85,338.01,5797.38619663,2017-09-26 22:08:36
26 Sep 22:08:36 - Insert into live price table success: BCHUSD,446.99,446.13,586.69382346,446.99,277.00558448,466.21,445.1,18080.65184911,2017-09-26 22:08:36
26 Sep 22:08:36 - Insert into live price table success: ETCUSD,11.467,11.447,5027.09307149,11.467,2291.6679193,12.189,10.772,459858.41655081,2017-09-26 22:08:36
26 Sep 22:08:36 - Insert into live price table success: IOTUSD,0.5173,0.51711,164097.99594872,0.51915,57405.43238006,0.5571,0.5051,15119691.5150957,2017-09-26 22:08:36
26 Sep 22:08:36 - Insert into live price table success: OMGUSD,9.833,9.833,19454.99054264,9.8499,20105.5537663,10.365,9.616,1098954.37188352,2017-09-26 22:08:36
26 Sep 22:08:36 - Insert into live price table success: EOSUSD,0.55902,0.55902,27394.32339483,0.56139,40908.23066842,0.59,0.552,2843814.49125482,2017-09-26 22:08:36
26 Sep 22:08:36 - Insert into live price table success: ETHUSD,288.19,288.19,351.23259708,288.2,130.31554488,296.08,285.2,108902.74793607,2017-09-26 22:08:36
26 Sep 22:08:36 - Insert into live price table success: BTCUSD,3902,3902,99.37819011,3902.1,84.25963899,3985,3838,20661.74824315,2017-09-26 22:08:36
26 Sep 22:08:37 - Insert into live price table success: LTCUSD,52.19,52.22,951.81546683,52.305,887.95741989,54.5,51.28,302809.42424211,2017-09-26 22:08:37
26 Sep 22:08:46 - Insert into live price table success: LTCUSD,52.19,52.235,992.10021218,52.305,773.33239807,54.5,51.28,302748.98250436,2017-09-26 22:08:46
26 Sep 22:08:46 - Insert into live price table success: ETCUSD,11.467,11.447,4414.59939749,11.479,1221.36478754,12.189,10.772,459854.18515081,2017-09-26 22:08:46
26 Sep 22:08:46 - Insert into live price table success: DSHUSD,342.38,341.47,483.4081696,342.1,64.66646364,348.85,338.01,5797.38619663,2017-09-26 22:08:46
26 Sep 22:08:46 - Insert into live price table success: EOSUSD,0.55902,0.55902,29584.69196862,0.56139,38546.27199309,0.59,0.552,2833462.74389585,2017-09-26 22:08:46
26 Sep 22:08:46 - Insert into live price table success: BCHUSD,446.14,446.13,582.02370948,446.99,286.34114081,466.21,445.1,18085.65184911,2017-09-26 22:08:46
26 Sep 22:08:46 - Insert into live price table success: OMGUSD,9.833,9.833,20597.09081481,9.8499,20353.47381363,10.365,9.616,1098789.17878552,2017-09-26 22:08:46
26 Sep 22:08:46 - Insert into live price table success: ETHUSD,288.2,288.19,339.60484232,288.2,123.8315959,296.08,285.2,108908.77294572,2017-09-26 22:08:46
26 Sep 22:08:46 - Insert into live price table success: IOTUSD,0.5173,0.5173,131755.64572956,0.52002,100654.38854352,0.5571,0.5051,15119591.5150957,2017-09-26 22:08:46
26 Sep 22:08:46 - Insert into live price table success: BTCUSD,3902,3902,98.57563187,3902.1,68.67888664,3985,3838,20660.74873889,2017-09-26 22:08:46
26 Sep 22:08:55 - Insert into live price table success: LTCUSD,52.19,52.235,847.08489112,52.305,927.36360309,54.5,51.28,302747.41482511,2017-09-26 22:08:55
26 Sep 22:08:56 - Insert into live price table success: ETCUSD,11.467,11.447,4464.9593926,11.469,986.78541854,12.189,10.772,459853.82515081,2017-09-26 22:08:56
26 Sep 22:08:56 - Insert into live price table success: DSHUSD,342.38,341.47,446.20546809,342.1,95.21937853,348.85,338.01,5797.38619663,2017-09-26 22:08:56
26 Sep 22:08:56 - Insert into live price table success: BTCUSD,3902,3902,101.09242331,3902.1,85.15928671,3985,3838,20663.20264373,2017-09-26 22:08:56
26 Sep 22:08:56 - Insert into live price table success: EOSUSD,0.55902,0.55902,30435.43036883,0.56139,26327.87370384,0.59,0.552,2833462.74389585,2017-09-26 22:08:56
26 Sep 22:08:56 - Insert into live price table success: BCHUSD,446.14,446.12,583.12606501,446.95,318.90270233,466.21,445.1,18084.95299715,2017-09-26 22:08:56
26 Sep 22:08:56 - Insert into live price table success: IOTUSD,0.5173,0.5173,131755.43037244,0.52002,58809.4722824,0.5571,0.5051,15119591.5150957,2017-09-26 22:08:56
26 Sep 22:08:56 - Insert into live price table success: ETHUSD,288.2,288.19,317.57701614,288.25,229.1583477,296.08,285.2,108908.77294572,2017-09-26 22:08:56
26 Sep 22:08:56 - Insert into live price table success: OMGUSD,9.833,9.829,20368.75056481,9.8299,15622.83964539,10.365,9.616,1099157.17878552,2017-09-26 22:08:56
26 Sep 22:09:06 - Insert into live price table success: LTCUSD,52.19,52.235,1086.66384176,52.316,843.17915857,54.5,51.28,302747.22614586,2017-09-26 22:09:06
26 Sep 22:09:06 - Insert into live price table success: EOSUSD,0.55902,0.55902,31401.49970607,0.56137,42374.54044681,0.59,0.552,2828538.78686585,2017-09-26 22:09:06
26 Sep 22:09:06 - Insert into live price table success: DSHUSD,342.38,341.47,514.06864152,341.86,88.76677832,348.85,338.01,5797.38619663,2017-09-26 22:09:06
26 Sep 22:09:06 - Insert into live price table success: BCHUSD,446.14,446.14,571.85278068,446.92,318.51658085,466.21,445.1,18084.95299715,2017-09-26 22:09:06
26 Sep 22:09:06 - Insert into live price table success: IOTUSD,0.5173,0.5173,154092.3222346,0.52002,33135.01535153,0.5571,0.5051,15108884.7228177,2017-09-26 22:09:06
26 Sep 22:09:06 - Insert into live price table success: BTCUSD,3902.1,3902,100.0611556,3903.3,87.57386208,3985,3838,20671.56059647,2017-09-26 22:09:06
26 Sep 22:09:06 - Insert into live price table success: OMGUSD,9.833,9.829,20062.25056481,9.8299,17074.08587148,10.365,9.616,1099157.17878552,2017-09-26 22:09:06
26 Sep 22:09:06 - Insert into live price table success: ETCUSD,11.448,11.449,4378.29013616,11.456,3506.85479944,12.189,10.772,459900.10745081,2017-09-26 22:09:06
26 Sep 22:09:06 - Insert into live price table success: ETHUSD,288.6,288.29,279.97377707,288.6,174.25973445,296.08,285.2,108967.56640487,2017-09-26 22:09:06
26 Sep 22:09:09 - ************* Buy | 966.5571235260004 IOTUSD @ 0.5173 *************
26 Sep 22:09:09 - -------------------- Summary ----------------------------
26 Sep 22:09:09 - Currency Wallet: {
  "BTCUSD": {
    "qty": 0.12823800974608873,
    "price": 3899
  },
  "ETHUSD": {
    "qty": 1.7361111111111112,
    "price": 288
  },
  "DSHUSD": {
    "qty": 0,
    "price": 0
  },
  "LTCUSD": {
    "qty": 9.580379383023567,
    "price": 52.19
  },
  "ETCUSD": {
    "qty": 43.64144191324081,
    "price": 11.457
  },
  "BCHUSD": {
    "qty": 1.1186433093943664,
    "price": 446.97
  },
  "IOTUSD": {
    "qty": 1929.9111368588199,
    "price": 0.5181585726416551
  },
  "EOSUSD": {
    "qty": 0,
    "price": 0
  },
  "OMGUSD": {
    "qty": 50.86418245999532,
    "price": 9.8301
  }
}
26 Sep 22:09:09 - =====> Market Value: 3998.61
26 Sep 22:09:09 - Fiat Wallet: $5992.00
26 Sep 22:09:09 - Starting Value: 10000
26 Sep 22:09:09 - Total Value: 9990.61
26 Sep 22:09:09 - ---------------------------------------------------------


26 Sep 22:09:09 - Insert into transaction table success: IOTUSD,0.5173,966.5571235260004,1,2017-09-26 22:09:09
26 Sep 22:09:16 - Insert into live price table success: IOTUSD,0.5173,0.5173,133178.24502909,0.51906,81729.57696711,0.5571,0.5051,15108884.7228177,2017-09-26 22:09:16
26 Sep 22:09:16 - Insert into live price table success: BTCUSD,3902.1,3902.1,99.01923991,3902.7,78.75279022,3985,3838,20671.55019647,2017-09-26 22:09:16
26 Sep 22:09:16 - Insert into live price table success: BCHUSD,446.14,446.14,572.17497152,446.9,313.11633458,466.21,445.1,18084.95299715,2017-09-26 22:09:16
26 Sep 22:09:16 - Insert into live price table success: ETCUSD,11.448,11.449,5832.91636016,11.455,2527.99270506,12.189,10.772,459895.99315081,2017-09-26 22:09:16
26 Sep 22:09:16 - Insert into live price table success: DSHUSD,342.38,341.47,161.2919601,342.1,122.48142998,348.85,338.01,5797.38619663,2017-09-26 22:09:16
26 Sep 22:09:16 - Insert into live price table success: EOSUSD,0.55902,0.55902,32236.56032564,0.5629,45228.41169922,0.59,0.552,2828538.78686585,2017-09-26 22:09:16
26 Sep 22:09:16 - Insert into live price table success: ETHUSD,288.6,288.49,278.47096191,288.5,137.63646513,296.08,285.2,108963.43879517,2017-09-26 22:09:16
26 Sep 22:09:16 - Insert into live price table success: OMGUSD,9.8299,9.829,20175.59387855,9.8299,17074.08587148,10.365,9.616,1099157.26678452,2017-09-26 22:09:16
26 Sep 22:09:16 - Insert into live price table success: LTCUSD,52.19,52.245,796.90824248,52.316,569.30442681,54.5,51.28,302747.22614586,2017-09-26 22:09:16
26 Sep 22:09:19 - ************* Buy | 966.5571235260004 IOTUSD @ 0.5173 *************
26 Sep 22:09:19 - -------------------- Summary ----------------------------
26 Sep 22:09:19 - Currency Wallet: {
  "BTCUSD": {
    "qty": 0.12823800974608873,
    "price": 3899
  },
  "ETHUSD": {
    "qty": 1.7361111111111112,
    "price": 288
  },
  "DSHUSD": {
    "qty": 0,
    "price": 0
  },
  "LTCUSD": {
    "qty": 9.580379383023567,
    "price": 52.19
  },
  "ETCUSD": {
    "qty": 43.64144191324081,
    "price": 11.457
  },
  "BCHUSD": {
    "qty": 1.1186433093943664,
    "price": 446.97
  },
  "IOTUSD": {
    "qty": 2896.4682603848205,
    "price": 0.5178720652719019
  },
  "EOSUSD": {
    "qty": 0,
    "price": 0
  },
  "OMGUSD": {
    "qty": 50.86418245999532,
    "price": 9.8301
  }
}
26 Sep 22:09:19 - =====> Market Value: 4498.45
26 Sep 22:09:19 - Fiat Wallet: $5491.00
26 Sep 22:09:19 - Starting Value: 10000
26 Sep 22:09:19 - Total Value: 9989.45
26 Sep 22:09:19 - ---------------------------------------------------------


26 Sep 22:09:19 - Insert into transaction table success: IOTUSD,0.5173,966.5571235260004,1,2017-09-26 22:09:19
26 Sep 22:09:25 - ************* Buy | 966.5571235260004 IOTUSD @ 0.5173 *************
26 Sep 22:09:25 - -------------------- Summary ----------------------------
26 Sep 22:09:25 - Currency Wallet: {
  "BTCUSD": {
    "qty": 0.12823800974608873,
    "price": 3899
  },
  "ETHUSD": {
    "qty": 1.7361111111111112,
    "price": 288
  },
  "DSHUSD": {
    "qty": 0,
    "price": 0
  },
  "LTCUSD": {
    "qty": 9.580379383023567,
    "price": 52.19
  },
  "ETCUSD": {
    "qty": 43.64144191324081,
    "price": 11.457
  },
  "BCHUSD": {
    "qty": 1.1186433093943664,
    "price": 446.97
  },
  "IOTUSD": {
    "qty": 3863.025383910821,
    "price": 0.5177289303688848
  },
  "EOSUSD": {
    "qty": 0,
    "price": 0
  },
  "OMGUSD": {
    "qty": 50.86418245999532,
    "price": 9.8301
  }
}
26 Sep 22:09:25 - =====> Market Value: 4998.45
26 Sep 22:09:25 - Fiat Wallet: $4990.00
26 Sep 22:09:25 - Starting Value: 10000
26 Sep 22:09:25 - Total Value: 9988.45
26 Sep 22:09:25 - ---------------------------------------------------------


26 Sep 22:09:25 - Insert into transaction table success: IOTUSD,0.5173,966.5571235260004,1,2017-09-26 22:09:25
26 Sep 22:09:26 - Insert into live price table success: EOSUSD,0.55902,0.55892,36386.54046712,0.5618,38406.94985658,0.59,0.552,2828538.78686585,2017-09-26 22:09:26
26 Sep 22:09:26 - Insert into live price table success: DSHUSD,342.38,341.47,225.25734735,341.6,121.64194198,348.85,338.01,5797.38619663,2017-09-26 22:09:26
26 Sep 22:09:26 - Insert into live price table success: ETCUSD,11.456,11.449,6358.86442645,11.456,2446.63366785,12.189,10.772,459991.82167781,2017-09-26 22:09:26
26 Sep 22:09:26 - Insert into live price table success: BTCUSD,3902.1,3902.1,97.59303842,3904.4,81.84967833,3985,3838,20671.83384947,2017-09-26 22:09:26
26 Sep 22:09:26 - Insert into live price table success: BCHUSD,446.14,446.14,589.66859945,446.95,301.39666961,466.21,445.1,18084.95299715,2017-09-26 22:09:26
26 Sep 22:09:26 - Insert into live price table success: IOTUSD,0.51641,0.5174,133086.86681823,0.51892,31756.08154918,0.5571,0.5051,15173884.5418177,2017-09-26 22:09:26
26 Sep 22:09:26 - Insert into live price table success: OMGUSD,9.8299,9.8299,20359.53316214,9.83,17236.14588463,10.365,9.616,1099157.23678452,2017-09-26 22:09:26
26 Sep 22:09:26 - Insert into live price table success: LTCUSD,52.19,52.261,515.95488041,52.346,614.07262849,54.5,51.28,302745.26678736,2017-09-26 22:09:26
26 Sep 22:09:26 - Insert into live price table success: ETHUSD,288.51,288.5,246.30625855,288.51,185.47315633,296.08,285.2,108983.44879517,2017-09-26 22:09:26
26 Sep 22:09:29 - ************* Buy | 968.2229236459402 IOTUSD @ 0.51641 *************
26 Sep 22:09:29 - -------------------- Summary ----------------------------
26 Sep 22:09:29 - Currency Wallet: {
  "BTCUSD": {
    "qty": 0.12823800974608873,
    "price": 3899
  },
  "ETHUSD": {
    "qty": 1.7361111111111112,
    "price": 288
  },
  "DSHUSD": {
    "qty": 0,
    "price": 0
  },
  "LTCUSD": {
    "qty": 9.580379383023567,
    "price": 52.19
  },
  "ETCUSD": {
    "qty": 43.64144191324081,
    "price": 11.457
  },
  "BCHUSD": {
    "qty": 1.1186433093943664,
    "price": 446.97
  },
  "IOTUSD": {
    "qty": 4831.248307556762,
    "price": 0.5174646055947163
  },
  "EOSUSD": {
    "qty": 0,
    "price": 0
  },
  "OMGUSD": {
    "qty": 50.86418245999532,
    "price": 9.8301
  }
}
26 Sep 22:09:29 - =====> Market Value: 5495.21
26 Sep 22:09:29 - Fiat Wallet: $4489.00
26 Sep 22:09:29 - Starting Value: 10000
26 Sep 22:09:29 - Total Value: 9984.21
26 Sep 22:09:29 - ---------------------------------------------------------


26 Sep 22:09:29 - Insert into transaction table success: IOTUSD,0.51641,968.2229236459402,1,2017-09-26 22:09:29
26 Sep 22:09:35 - Insert into live price table success: DSHUSD,341.42,341.12,200.54632093,341.29,149.91141813,348.85,338.01,5797.41594431,2017-09-26 22:09:35
26 Sep 22:09:36 - Insert into live price table success: BTCUSD,3902.1,3902.2,101.97102883,3902.9,96.84869684,3985,3838,20671.82344947,2017-09-26 22:09:36
26 Sep 22:09:36 - Insert into live price table success: EOSUSD,0.55902,0.55892,36597.69335348,0.5618,24767.47428505,0.59,0.552,2828538.78686585,2017-09-26 22:09:36
26 Sep 22:09:36 - Insert into live price table success: BCHUSD,446.14,446.15,587.54191956,446.93,275.84067718,466.21,445.1,18084.95299715,2017-09-26 22:09:36
26 Sep 22:09:36 - Insert into live price table success: IOTUSD,0.51641,0.51661,95125.83853758,0.5192,32171.71307591,0.5571,0.5051,15173884.5418177,2017-09-26 22:09:36
26 Sep 22:09:36 - Insert into live price table success: ETHUSD,288.51,288.5,240.31444768,288.51,228.14484667,296.08,285.2,108983.44879517,2017-09-26 22:09:36
26 Sep 22:09:36 - Insert into live price table success: OMGUSD,9.8299,9.8299,20651.24535614,9.83,17126.17551463,10.365,9.616,1099157.23678452,2017-09-26 22:09:36
26 Sep 22:09:36 - Insert into live price table success: LTCUSD,52.19,52.283,1216.75376796,52.346,828.76692862,54.5,51.28,302744.88942886,2017-09-26 22:09:36
26 Sep 22:09:36 - Insert into live price table success: ETCUSD,11.456,11.449,7326.91904803,11.456,3313.72700924,12.189,10.772,459987.46887781,2017-09-26 22:09:36
26 Sep 22:09:37 - ************* Buy | 968.2229236459402 IOTUSD @ 0.51641 *************
26 Sep 22:09:37 - -------------------- Summary ----------------------------
26 Sep 22:09:37 - Currency Wallet: {
  "BTCUSD": {
    "qty": 0.12823800974608873,
    "price": 3899
  },
  "ETHUSD": {
    "qty": 1.7361111111111112,
    "price": 288
  },
  "DSHUSD": {
    "qty": 0,
    "price": 0
  },
  "LTCUSD": {
    "qty": 9.580379383023567,
    "price": 52.19
  },
  "ETCUSD": {
    "qty": 43.64144191324081,
    "price": 11.457
  },
  "BCHUSD": {
    "qty": 1.1186433093943664,
    "price": 446.97
  },
  "IOTUSD": {
    "qty": 5799.471231202702,
    "price": 0.5172885389721739
  },
  "EOSUSD": {
    "qty": 0,
    "price": 0
  },
  "OMGUSD": {
    "qty": 50.86418245999532,
    "price": 9.8301
  }
}
26 Sep 22:09:37 - =====> Market Value: 5995.21
26 Sep 22:09:37 - Fiat Wallet: $3988.00
26 Sep 22:09:37 - Starting Value: 10000
26 Sep 22:09:37 - Total Value: 9983.21
26 Sep 22:09:37 - ---------------------------------------------------------


26 Sep 22:09:37 - Insert into transaction table success: IOTUSD,0.51641,968.2229236459402,1,2017-09-26 22:09:37
26 Sep 22:09:43 - ************* Buy | 968.2229236459402 IOTUSD @ 0.51641 *************
26 Sep 22:09:43 - -------------------- Summary ----------------------------
26 Sep 22:09:43 - Currency Wallet: {
  "BTCUSD": {
    "qty": 0.12823800974608873,
    "price": 3899
  },
  "ETHUSD": {
    "qty": 1.7361111111111112,
    "price": 288
  },
  "DSHUSD": {
    "qty": 0,
    "price": 0
  },
  "LTCUSD": {
    "qty": 9.580379383023567,
    "price": 52.19
  },
  "ETCUSD": {
    "qty": 43.64144191324081,
    "price": 11.457
  },
  "BCHUSD": {
    "qty": 1.1186433093943664,
    "price": 446.97
  },
  "IOTUSD": {
    "qty": 6767.694154848643,
    "price": 0.5171628504359143
  },
  "EOSUSD": {
    "qty": 0,
    "price": 0
  },
  "OMGUSD": {
    "qty": 50.86418245999532,
    "price": 9.8301
  }
}
26 Sep 22:09:43 - =====> Market Value: 6495.21
26 Sep 22:09:43 - Fiat Wallet: $3487.00
26 Sep 22:09:43 - Starting Value: 10000
26 Sep 22:09:43 - Total Value: 9982.21
26 Sep 22:09:43 - ---------------------------------------------------------


26 Sep 22:09:43 - Insert into transaction table success: IOTUSD,0.51641,968.2229236459402,1,2017-09-26 22:09:43
26 Sep 22:09:45 - Insert into live price table success: DSHUSD,341.1,341.07,154.16650187,341.1,169.40853392,348.85,338.01,5799.11795272,2017-09-26 22:09:45
26 Sep 22:09:46 - Insert into live price table success: BCHUSD,446.14,446.15,556.06339301,446.91,284.93869839,466.21,445.1,18084.95299715,2017-09-26 22:09:46
26 Sep 22:09:46 - Insert into live price table success: IOTUSD,0.51661,0.51651,109331.86694196,0.51919,67542.56065639,0.5571,0.5051,15173897.17475636,2017-09-26 22:09:46
26 Sep 22:09:46 - Insert into live price table success: EOSUSD,0.55902,0.55892,33020.22487539,0.5619,37545.4746493,0.59,0.552,2828538.78686585,2017-09-26 22:09:46
26 Sep 22:09:46 - Insert into live price table success: ETCUSD,11.456,11.449,7472.08470032,11.456,2115.80995506,12.189,10.772,459982.74216281,2017-09-26 22:09:46
26 Sep 22:09:46 - Insert into live price table success: OMGUSD,9.8299,9.8299,20654.6181015,9.8499,20394.9032586,10.365,9.616,1099157.23678452,2017-09-26 22:09:46
26 Sep 22:09:46 - Insert into live price table success: LTCUSD,52.19,52.284,1102.15474668,52.346,769.41246759,54.5,51.28,302743.75735336,2017-09-26 22:09:46
26 Sep 22:09:46 - Insert into live price table success: ETHUSD,288.51,288.5,286.75138664,288.51,170.96086299,296.08,285.2,108946.59239917,2017-09-26 22:09:46
26 Sep 22:09:46 - Insert into live price table success: BTCUSD,3902.1,3902.2,100.1564991,3902.3,89.44257471,3985,3838,20671.81304947,2017-09-26 22:09:46
26 Sep 22:09:50 - ************* Buy | 967.8480865643328 IOTUSD @ 0.51661 *************
26 Sep 22:09:50 - -------------------- Summary ----------------------------
26 Sep 22:09:50 - Currency Wallet: {
  "BTCUSD": {
    "qty": 0.12823800974608873,
    "price": 3899
  },
  "ETHUSD": {
    "qty": 1.7361111111111112,
    "price": 288
  },
  "DSHUSD": {
    "qty": 0,
    "price": 0
  },
  "LTCUSD": {
    "qty": 9.580379383023567,
    "price": 52.19
  },
  "ETCUSD": {
    "qty": 43.64144191324081,
    "price": 11.457
  },
  "BCHUSD": {
    "qty": 1.1186433093943664,
    "price": 446.97
  },
  "IOTUSD": {
    "qty": 7735.542241412975,
    "price": 0.5170936794302037
  },
  "EOSUSD": {
    "qty": 0,
    "price": 0
  },
  "OMGUSD": {
    "qty": 50.86418245999532,
    "price": 9.8301
  }
}
26 Sep 22:09:50 - =====> Market Value: 6996.56
26 Sep 22:09:50 - Fiat Wallet: $2986.00
26 Sep 22:09:50 - Starting Value: 10000
26 Sep 22:09:50 - Total Value: 9982.56
26 Sep 22:09:50 - ---------------------------------------------------------


26 Sep 22:09:50 - Insert into transaction table success: IOTUSD,0.51661,967.8480865643328,1,2017-09-26 22:09:50
26 Sep 22:09:55 - Insert into live price table success: BCHUSD,446.14,446.15,586.81611299,446.89,283.4191319,466.21,445.1,18084.95299715,2017-09-26 22:09:55
26 Sep 22:09:55 - Insert into live price table success: OMGUSD,9.8299,9.8299,20654.6181015,9.85,20394.8580956,10.365,9.616,1099157.23678452,2017-09-26 22:09:55
26 Sep 22:09:55 - Insert into live price table success: DSHUSD,341.1,341.07,222.15977176,341.1,165.612763,348.85,338.01,5801.26759113,2017-09-26 22:09:55
26 Sep 22:09:56 - ************* Buy | 967.8480865643328 IOTUSD @ 0.51661 *************
26 Sep 22:09:56 - -------------------- Summary ----------------------------
26 Sep 22:09:56 - Currency Wallet: {
  "BTCUSD": {
    "qty": 0.12823800974608873,
    "price": 3899
  },
  "ETHUSD": {
    "qty": 1.7361111111111112,
    "price": 288
  },
  "DSHUSD": {
    "qty": 0,
    "price": 0
  },
  "LTCUSD": {
    "qty": 9.580379383023567,
    "price": 52.19
  },
  "ETCUSD": {
    "qty": 43.64144191324081,
    "price": 11.457
  },
  "BCHUSD": {
    "qty": 1.1186433093943664,
    "price": 446.97
  },
  "IOTUSD": {
    "qty": 8703.390327977308,
    "price": 0.5170398925502188
  },
  "EOSUSD": {
    "qty": 0,
    "price": 0
  },
  "OMGUSD": {
    "qty": 50.86418245999532,
    "price": 9.8301
  }
}
26 Sep 22:09:56 - =====> Market Value: 7496.56
26 Sep 22:09:56 - Fiat Wallet: $2485.00
26 Sep 22:09:56 - Starting Value: 10000
26 Sep 22:09:56 - Total Value: 9981.56
26 Sep 22:09:56 - ---------------------------------------------------------


26 Sep 22:09:56 - Insert into transaction table success: IOTUSD,0.51661,967.8480865643328,1,2017-09-26 22:09:56
26 Sep 22:09:56 - Insert into live price table success: ETCUSD,11.456,11.449,7793.8438434,11.456,2333.31427513,12.189,10.772,460005.58216281,2017-09-26 22:09:56
26 Sep 22:09:56 - Insert into live price table success: IOTUSD,0.51661,0.51651,95134.66648792,0.51907,52596.96415228,0.5571,0.5051,15173897.17475636,2017-09-26 22:09:56
26 Sep 22:09:56 - Insert into live price table success: EOSUSD,0.55902,0.55892,36921.21472029,0.5615,30274.5517074,0.59,0.552,2828538.78686585,2017-09-26 22:09:56
26 Sep 22:09:56 - Insert into live price table success: LTCUSD,52.19,52.305,941.69195099,52.346,734.73909707,54.5,51.28,302743.75735336,2017-09-26 22:09:56
26 Sep 22:09:56 - Insert into live price table success: BTCUSD,3902.3,3902.3,97.50689257,3902.5,87.77121077,3985,3838,20672.02049824,2017-09-26 22:09:56
26 Sep 22:09:56 - Insert into live price table success: ETHUSD,288.51,288.5,283.12886674,288.51,249.41074406,296.08,285.2,108936.92239917,2017-09-26 22:09:56
26 Sep 22:10:02 - ************* Buy | 967.8480865643328 IOTUSD @ 0.51661 *************
26 Sep 22:10:02 - -------------------- Summary ----------------------------
26 Sep 22:10:02 - Currency Wallet: {
  "BTCUSD": {
    "qty": 0.12823800974608873,
    "price": 3899
  },
  "ETHUSD": {
    "qty": 1.7361111111111112,
    "price": 288
  },
  "DSHUSD": {
    "qty": 0,
    "price": 0
  },
  "LTCUSD": {
    "qty": 9.580379383023567,
    "price": 52.19
  },
  "ETCUSD": {
    "qty": 43.64144191324081,
    "price": 11.457
  },
  "BCHUSD": {
    "qty": 1.1186433093943664,
    "price": 446.97
  },
  "IOTUSD": {
    "qty": 9671.23841454164,
    "price": 0.5169968711020522
  },
  "EOSUSD": {
    "qty": 0,
    "price": 0
  },
  "OMGUSD": {
    "qty": 50.86418245999532,
    "price": 9.8301
  }
}
26 Sep 22:10:02 - =====> Market Value: 7996.58
26 Sep 22:10:02 - Fiat Wallet: $1984.00
26 Sep 22:10:02 - Starting Value: 10000
26 Sep 22:10:02 - Total Value: 9980.58
26 Sep 22:10:02 - ---------------------------------------------------------


26 Sep 22:10:02 - Insert into transaction table success: IOTUSD,0.51661,967.8480865643328,1,2017-09-26 22:10:02
26 Sep 22:10:06 - Insert into live price table success: DSHUSD,341.1,341.07,124.39385597,341.1,162.24407345,348.85,338.01,5804.63629113,2017-09-26 22:10:06
26 Sep 22:10:06 - Insert into live price table success: IOTUSD,0.51661,0.51661,139373.33476596,0.51858,51648.02010832,0.5571,0.5051,15173897.17475636,2017-09-26 22:10:06
26 Sep 22:10:06 - Insert into live price table success: ETCUSD,11.456,11.449,7122.31986438,11.456,1702.99450703,12.189,10.772,460005.10216281,2017-09-26 22:10:06
26 Sep 22:10:06 - Insert into live price table success: EOSUSD,0.55902,0.55892,28914.47653625,0.56,49294.25113134,0.59,0.552,2828538.78686585,2017-09-26 22:10:06
26 Sep 22:10:06 - Insert into live price table success: BCHUSD,446.14,446.15,591.09599156,446.87,280.12711848,466.21,445.1,18084.95299715,2017-09-26 22:10:06
26 Sep 22:10:06 - Insert into live price table success: ETHUSD,288.51,288.5,300.83166626,288.51,222.32967044,296.08,285.2,108909.92239917,2017-09-26 22:10:06
26 Sep 22:10:06 - Insert into live price table success: LTCUSD,52.366,52.267,1329.6945189,52.366,710.34600755,54.5,51.28,302773.36837736,2017-09-26 22:10:06
26 Sep 22:10:06 - ************* Buy | 50.865217347073724 OMGUSD @ 9.8299 *************
26 Sep 22:10:06 - -------------------- Summary ----------------------------
26 Sep 22:10:06 - Currency Wallet: {
  "BTCUSD": {
    "qty": 0.12823800974608873,
    "price": 3899
  },
  "ETHUSD": {
    "qty": 1.7361111111111112,
    "price": 288
  },
  "DSHUSD": {
    "qty": 0,
    "price": 0
  },
  "LTCUSD": {
    "qty": 9.580379383023567,
    "price": 52.19
  },
  "ETCUSD": {
    "qty": 43.64144191324081,
    "price": 11.457
  },
  "BCHUSD": {
    "qty": 1.1186433093943664,
    "price": 446.97
  },
  "IOTUSD": {
    "qty": 9671.23841454164,
    "price": 0.5169968711020522
  },
  "EOSUSD": {
    "qty": 0,
    "price": 0
  },
  "OMGUSD": {
    "qty": 101.72939980706904,
    "price": 9.829999998982705
  }
}
26 Sep 22:10:06 - =====> Market Value: 8498.27
26 Sep 22:10:06 - Fiat Wallet: $1483.00
26 Sep 22:10:06 - Starting Value: 10000
26 Sep 22:10:06 - Total Value: 9981.27
26 Sep 22:10:06 - ---------------------------------------------------------


26 Sep 22:10:06 - Insert into live price table success: OMGUSD,9.819,9.821,40367.12734209,9.8489,16786.54277824,10.365,9.616,1099677.38678452,2017-09-26 22:10:06
26 Sep 22:10:06 - Insert into transaction table success: OMGUSD,9.8299,50.865217347073724,1,2017-09-26 22:10:06
26 Sep 22:10:06 - Insert into live price table success: BTCUSD,3902.3,3902.2,99.5251873,3902.4,93.66527285,3985,3838,20668.86658012,2017-09-26 22:10:06
26 Sep 22:10:08 - ************* Buy | 967.8480865643328 IOTUSD @ 0.51661 *************
26 Sep 22:10:08 - -------------------- Summary ----------------------------
26 Sep 22:10:08 - Currency Wallet: {
  "BTCUSD": {
    "qty": 0.12823800974608873,
    "price": 3899
  },
  "ETHUSD": {
    "qty": 1.7361111111111112,
    "price": 288
  },
  "DSHUSD": {
    "qty": 0,
    "price": 0
  },
  "LTCUSD": {
    "qty": 9.580379383023567,
    "price": 52.19
  },
  "ETCUSD": {
    "qty": 43.64144191324081,
    "price": 11.457
  },
  "BCHUSD": {
    "qty": 1.1186433093943664,
    "price": 446.97
  },
  "IOTUSD": {
    "qty": 10639.086501105972,
    "price": 0.5169616770601738
  },
  "EOSUSD": {
    "qty": 0,
    "price": 0
  },
  "OMGUSD": {
    "qty": 101.72939980706904,
    "price": 9.829999998982705
  }
}
26 Sep 22:10:08 - =====> Market Value: 8997.16
26 Sep 22:10:08 - Fiat Wallet: $982.00
26 Sep 22:10:08 - Starting Value: 10000
26 Sep 22:10:08 - Total Value: 9979.16
26 Sep 22:10:08 - ---------------------------------------------------------


26 Sep 22:10:08 - Insert into transaction table success: IOTUSD,0.51661,967.8480865643328,1,2017-09-26 22:10:08
26 Sep 22:10:15 - ************* Buy | 967.8480865643328 IOTUSD @ 0.51661 *************
26 Sep 22:10:15 - -------------------- Summary ----------------------------
26 Sep 22:10:15 - Currency Wallet: {
  "BTCUSD": {
    "qty": 0.12823800974608873,
    "price": 3899
  },
  "ETHUSD": {
    "qty": 1.7361111111111112,
    "price": 288
  },
  "DSHUSD": {
    "qty": 0,
    "price": 0
  },
  "LTCUSD": {
    "qty": 9.580379383023567,
    "price": 52.19
  },
  "ETCUSD": {
    "qty": 43.64144191324081,
    "price": 11.457
  },
  "BCHUSD": {
    "qty": 1.1186433093943664,
    "price": 446.97
  },
  "IOTUSD": {
    "qty": 11606.934587670305,
    "price": 0.5169323523519826
  },
  "EOSUSD": {
    "qty": 0,
    "price": 0
  },
  "OMGUSD": {
    "qty": 101.72939980706904,
    "price": 9.829999998982705
  }
}
26 Sep 22:10:15 - =====> Market Value: 9497.16
26 Sep 22:10:15 - Fiat Wallet: $481.00
26 Sep 22:10:15 - Starting Value: 10000
26 Sep 22:10:15 - Total Value: 9978.16
26 Sep 22:10:15 - ---------------------------------------------------------


26 Sep 22:10:15 - Insert into transaction table success: IOTUSD,0.51661,967.8480865643328,1,2017-09-26 22:10:15
26 Sep 22:10:16 - Insert into live price table success: DSHUSD,341.1,341.07,254.99255014,341.09,157.49140037,348.85,338.01,5804.63629113,2017-09-26 22:10:16
26 Sep 22:10:16 - Insert into live price table success: ETCUSD,11.456,11.449,7033.52256133,11.456,1788.10429592,12.189,10.772,460041.58216281,2017-09-26 22:10:16
26 Sep 22:10:16 - Insert into live price table success: BCHUSD,446.86,446.15,578.04365457,446.85,277.3609096,466.21,445.1,18085.0358568,2017-09-26 22:10:16
26 Sep 22:10:16 - Insert into live price table success: EOSUSD,0.5616,0.55892,35193.98161401,0.559,41044.18923998,0.59,0.552,2832538.78886585,2017-09-26 22:10:16
26 Sep 22:10:16 - Insert into live price table success: OMGUSD,9.819,9.821,20213.69368083,9.8488,20401.35599458,10.365,9.616,1099677.38678452,2017-09-26 22:10:16
26 Sep 22:10:16 - Insert into live price table success: LTCUSD,52.366,52.315,1000.37891194,52.366,642.3551774,54.5,51.28,302773.36837736,2017-09-26 22:10:16
26 Sep 22:10:16 - Insert into live price table success: IOTUSD,0.51661,0.51661,147611.51759789,0.51784,57053.91290746,0.5571,0.5051,15173897.17475636,2017-09-26 22:10:16
26 Sep 22:10:16 - Insert into live price table success: BTCUSD,3903.6,3902.2,90.87414035,3903.3,75.84898453,3985,3838,20666.92667524,2017-09-26 22:10:16
26 Sep 22:10:16 - Insert into live price table success: ETHUSD,288.51,288.5,227.78655042,288.51,249.27814412,296.08,285.2,108909.92239917,2017-09-26 22:10:16
26 Sep 22:10:25 - Insert into live price table success: BCHUSD,446.86,446.15,589.90283961,446.84,303.01107256,466.21,445.1,18085.0358568,2017-09-26 22:10:25
26 Sep 22:10:25 - Insert into live price table success: ETCUSD,11.456,11.449,7033.50818316,11.456,2785.83046027,12.189,10.772,460040.71420081,2017-09-26 22:10:25
26 Sep 22:10:26 - Insert into live price table success: OMGUSD,9.819,9.821,20261.41747955,9.8488,20513.41586667,10.365,9.616,1099608.82042552,2017-09-26 22:10:26
26 Sep 22:10:26 - Insert into live price table success: EOSUSD,0.5616,0.55892,33635.96992876,0.55897,39412.65990418,0.59,0.552,2832538.78886585,2017-09-26 22:10:26
26 Sep 22:10:26 - Insert into live price table success: DSHUSD,341.1,341.07,198.04596253,341.09,163.85041325,348.85,338.01,5804.63629113,2017-09-26 22:10:26
26 Sep 22:10:26 - Insert into live price table success: LTCUSD,52.366,52.329,1082.49213284,52.366,1081.20217709,54.5,51.28,302632.80796536,2017-09-26 22:10:26
26 Sep 22:10:26 - Insert into live price table success: IOTUSD,0.51661,0.51662,142264.32272443,0.51745,37036.75521678,0.5571,0.5051,15173897.17475636,2017-09-26 22:10:26
26 Sep 22:10:26 - Insert into live price table success: ETHUSD,288.5,288.4,205.72179824,288.47,197.1386149,296.08,285.2,108825.99161017,2017-09-26 22:10:26
26 Sep 22:10:26 - Insert into live price table success: BTCUSD,3903.6,3902.2,93.61475274,3903,87.6951253,3985,3838,20666.86775896,2017-09-26 22:10:26
26 Sep 22:10:36 - Insert into live price table success: ETCUSD,11.456,11.445,6995.85031064,11.456,2376.31742716,12.189,10.772,460056.13881281,2017-09-26 22:10:36
26 Sep 22:10:36 - Insert into live price table success: LTCUSD,52.366,52.343,1079.40275321,52.366,838.68947709,54.5,51.28,302632.80796536,2017-09-26 22:10:36
26 Sep 22:10:36 - Insert into live price table success: OMGUSD,9.8488,9.8242,20417.60036324,9.8488,20514.39823125,10.365,9.616,1099607.88042552,2017-09-26 22:10:36
26 Sep 22:10:36 - Insert into live price table success: EOSUSD,0.5616,0.55892,33218.67867639,0.559,31212.85491741,0.59,0.552,2820906.06048594,2017-09-26 22:10:36
26 Sep 22:10:36 - Insert into live price table success: DSHUSD,341.09,341.07,210.68220814,341.09,160.45197123,348.85,338.01,5808.00529113,2017-09-26 22:10:36
26 Sep 22:10:36 - Insert into live price table success: BTCUSD,3902.1,3902.1,103.35956616,3902.3,95.31114045,3985,3838,20666.83494795,2017-09-26 22:10:36
26 Sep 22:10:36 - Insert into live price table success: IOTUSD,0.51661,0.5167,133424.55439785,0.5175,76393.72018561,0.5571,0.5051,15173897.17475636,2017-09-26 22:10:36
26 Sep 22:10:36 - Insert into live price table success: ETHUSD,288.5,288.44,279.49360112,288.49,180.41920486,296.08,285.2,108825.99161017,2017-09-26 22:10:36
26 Sep 22:10:36 - Insert into live price table success: BCHUSD,446.86,446.15,590.96505519,446.82,285.18796664,466.21,445.1,18085.0358568,2017-09-26 22:10:36
26 Sep 22:10:45 - Insert into live price table success: ETCUSD,11.456,11.446,7224.82831064,11.456,2516.7717225,12.189,10.772,460056.25881281,2017-09-26 22:10:45
26 Sep 22:10:46 - Insert into live price table success: LTCUSD,52.366,52.343,1114.25608978,52.366,519.78485672,54.5,51.28,302632.80796536,2017-09-26 22:10:46
26 Sep 22:10:46 - Insert into live price table success: DSHUSD,341.09,341.07,204.09138468,341.09,160.45197123,348.85,338.01,5808.00529113,2017-09-26 22:10:46
26 Sep 22:10:46 - Insert into live price table success: ETHUSD,288.5,288.44,195.11728689,288.49,128.76482007,296.08,285.2,108825.32471017,2017-09-26 22:10:46
26 Sep 22:10:46 - Insert into live price table success: EOSUSD,0.5616,0.55892,30621.21625452,0.55893,23534.12452854,0.59,0.552,2820906.06048594,2017-09-26 22:10:46
26 Sep 22:10:46 - Insert into live price table success: BTCUSD,3902.1,3902.1,94.2453886,3904.5,83.60181533,3985,3838,20666.83494795,2017-09-26 22:10:46
26 Sep 22:10:46 - Insert into live price table success: OMGUSD,9.8488,9.821,20261.46158088,9.8488,20514.39823125,10.365,9.616,1099607.88042552,2017-09-26 22:10:46
26 Sep 22:10:46 - Insert into live price table success: BCHUSD,446.86,446.15,591.43310649,446.93,273.26063197,466.21,445.1,18085.0358568,2017-09-26 22:10:46
26 Sep 22:10:46 - Insert into live price table success: IOTUSD,0.51661,0.5167,155964.7994764,0.51761,72410.94364896,0.5571,0.5051,15172567.70889684,2017-09-26 22:10:46
