27 Sep 21:38:02 - { event: 'subscribe',
  channel: 'book',
  symbol: 'tBTCUSD',
  prec: 'P0',
  freq: 'F0',
  len: '100' }
27 Sep 21:38:02 - { event: 'subscribe',
  channel: 'book',
  symbol: 'tLTCUSD',
  prec: 'P0',
  freq: 'F0',
  len: '100' }
27 Sep 21:38:02 - { event: 'subscribe',
  channel: 'book',
  symbol: 'tETHUSD',
  prec: 'P0',
  freq: 'F0',
  len: '100' }
27 Sep 21:38:02 - { event: 'subscribe',
  channel: 'book',
  symbol: 'tETCUSD',
  prec: 'P0',
  freq: 'F0',
  len: '100' }
27 Sep 21:38:02 - { event: 'subscribe',
  channel: 'book',
  symbol: 'tDSHUSD',
  prec: 'P0',
  freq: 'F0',
  len: '100' }
27 Sep 21:38:02 - { event: 'subscribe',
  channel: 'book',
  symbol: 'tIOTUSD',
  prec: 'P0',
  freq: 'F0',
  len: '100' }
27 Sep 21:38:02 - { event: 'subscribe',
  channel: 'book',
  symbol: 'tEOSUSD',
  prec: 'P0',
  freq: 'F0',
  len: '100' }
27 Sep 21:38:02 - { event: 'subscribe',
  channel: 'book',
  symbol: 'tOMGUSD',
  prec: 'P0',
  freq: 'F0',
  len: '100' }
27 Sep 21:38:02 - { event: 'subscribe',
  channel: 'book',
  symbol: 'tBCHUSD',
  prec: 'P0',
  freq: 'F0',
  len: '100' }
27 Sep 21:38:02 - { event: 'subscribe', channel: 'ticker', symbol: 'tBTCUSD' }
27 Sep 21:38:02 - { event: 'subscribe', channel: 'ticker', symbol: 'tLTCUSD' }
27 Sep 21:38:02 - { event: 'subscribe', channel: 'ticker', symbol: 'tETHUSD' }
27 Sep 21:38:02 - { event: 'subscribe', channel: 'ticker', symbol: 'tETCUSD' }
27 Sep 21:38:02 - { event: 'subscribe', channel: 'ticker', symbol: 'tDSHUSD' }
27 Sep 21:38:02 - { event: 'subscribe', channel: 'ticker', symbol: 'tIOTUSD' }
27 Sep 21:38:02 - { event: 'subscribe', channel: 'ticker', symbol: 'tEOSUSD' }
27 Sep 21:38:02 - { event: 'subscribe', channel: 'ticker', symbol: 'tOMGUSD' }
27 Sep 21:38:02 - { event: 'subscribe', channel: 'ticker', symbol: 'tBCHUSD' }
27 Sep 21:38:02 - { event: 'subscribe',
  channel: 'candles',
  key: 'trade:1m:tBTCUSD' }
27 Sep 21:38:02 - { event: 'subscribe',
  channel: 'candles',
  key: 'trade:1m:tLTCUSD' }
27 Sep 21:38:02 - { event: 'subscribe',
  channel: 'candles',
  key: 'trade:1m:tETHUSD' }
27 Sep 21:38:02 - { event: 'subscribe',
  channel: 'candles',
  key: 'trade:1m:tETCUSD' }
27 Sep 21:38:02 - { event: 'subscribe',
  channel: 'candles',
  key: 'trade:1m:tDSHUSD' }
27 Sep 21:38:02 - { event: 'subscribe',
  channel: 'candles',
  key: 'trade:1m:tIOTUSD' }
27 Sep 21:38:02 - { event: 'subscribe',
  channel: 'candles',
  key: 'trade:1m:tEOSUSD' }
27 Sep 21:38:02 - { event: 'subscribe',
  channel: 'candles',
  key: 'trade:1m:tOMGUSD' }
27 Sep 21:38:02 - { event: 'subscribe',
  channel: 'candles',
  key: 'trade:1m:tBCHUSD' }
Client [public] started, listening to WebSocket 127.0.0.1:1337
New Connection id ::  6fwyyjnF+2KG3oLIU9W3og==
New Connection id ::  BoWAb8Af5q0o1tga9RHzjw==
Received client [bot]'s id: BoWAb8Af5q0o1tga9RHzjw==
Client [bot] started, listening to WebSocket 127.0.0.1:1337
Received client [public_books]'s id: 6fwyyjnF+2KG3oLIU9W3og==
27 Sep 21:38:02 - Success clearing bitfinex_live_price table
27 Sep 21:38:02 - Success clearing bitfinex_transactions table
27 Sep 21:38:03 - --------------------------------------
INFO: undefined 
undefined
--------------------------------------
27 Sep 21:38:03 - Insert into live price table success: BTCUSD,4174.8,4173.2,38.97346912,4174.8,419.62344459,4229.5,3892.6,50335.76539657,2017-09-27 21:38:03
27 Sep 21:38:03 - Insert into live price table success: LTCUSD,56.45,56.43,1224.80617804,56.439,2322.02424481,57.571,52.06,436789.7717499,2017-09-27 21:38:03
27 Sep 21:38:03 - Insert into live price table success: ETHUSD,307.56,307.38,236.75292231,307.53,201.86431898,315.51,286.93,214038.14337393,2017-09-27 21:38:03
27 Sep 21:38:03 - Insert into live price table success: ETCUSD,12.763,12.765,8648.29613152,12.802,3236.55909654,13.3,11.41,731828.8661695,2017-09-27 21:38:03
27 Sep 21:38:03 - Insert into live price table success: EOSUSD,0.6361,0.6361,654316.41491847,0.63695,88495.4296249,0.6394,0.55531,7636718.22778983,2017-09-27 21:38:03
27 Sep 21:38:03 - Insert into live price table success: OMGUSD,10.249,10.234,8059.03294498,10.25,3077.37657029,10.599,9.7742,1561207.9199409,2017-09-27 21:38:03
27 Sep 21:38:03 - Insert into live price table success: IOTUSD,0.54784,0.54784,144689.20663506,0.54927,246524.52699673,0.5544,0.505,16176849.37546932,2017-09-27 21:38:03
27 Sep 21:38:03 - Insert into live price table success: BCHUSD,462.6,461.02,457.74397952,462.63,846.96573616,470,435.96,43569.0861299,2017-09-27 21:38:03
27 Sep 21:38:03 - Insert into live price table success: DSHUSD,350,350,433.36769294,350.03,55.84222628,355,335.7,9868.83601654,2017-09-27 21:38:03
27 Sep 21:38:06 - Insert into live price table success: DSHUSD,350,350,94.70977261,350.03,95.30959556,355,335.7,9868.73041654,2017-09-27 21:38:06
27 Sep 21:38:06 - Insert into live price table success: BCHUSD,462.62,461.12,449.26096295,462.62,887.81736309,470,435.96,43568.6500509,2017-09-27 21:38:06
27 Sep 21:38:06 - Insert into live price table success: EOSUSD,0.6361,0.6361,654459.31773968,0.63695,88495.4296249,0.6394,0.55531,7636718.22778983,2017-09-27 21:38:06
27 Sep 21:38:06 - Insert into live price table success: IOTUSD,0.54784,0.54784,153658.73614894,0.54927,238006.56055089,0.5544,0.505,16174649.67546932,2017-09-27 21:38:06
27 Sep 21:38:06 - Insert into live price table success: ETCUSD,12.763,12.762,8530.59580021,12.795,1171.10933296,13.3,11.41,731828.8661695,2017-09-27 21:38:06
27 Sep 21:38:06 - Insert into live price table success: LTCUSD,56.45,56.43,1223.97120733,56.436,2414.86044655,57.571,52.06,436774.9802729,2017-09-27 21:38:06
27 Sep 21:38:06 - ************* Buy | 0.1197662163456932 BTCUSD @ 4174.8 *************
27 Sep 21:38:06 - -------------------- Summary ----------------------------
27 Sep 21:38:06 - Currency Wallet: {
  "ETHUSD": {
    "qty": 0,
    "price": 0
  },
  "BTCUSD": {
    "qty": 0.1197662163456932,
    "price": 4174.8
  }
}
27 Sep 21:38:06 - =====> Market Value: 500.00
27 Sep 21:38:06 - Fiat Wallet: $9499.00
27 Sep 21:38:06 - Starting Value: 10000
27 Sep 21:38:06 - Total Value: 9999.00
27 Sep 21:38:06 - ---------------------------------------------------------


27 Sep 21:38:06 - Insert into transaction table success: BTCUSD,4174.8,0.1197662163456932,1,2017-09-27 21:38:06
27 Sep 21:38:06 - Insert into live price table success: OMGUSD,10.249,10.233,8200.50732965,10.25,3410.21623936,10.599,9.7742,1561207.9199409,2017-09-27 21:38:06
27 Sep 21:38:06 - Insert into live price table success: ETHUSD,307.4,307.4,162.39721812,307.6,253.75594628,315.51,286.93,213980.2838208,2017-09-27 21:38:06
27 Sep 21:38:06 - Insert into live price table success: BTCUSD,4171.9,4171.9,36.30513292,4175,414.04697662,4229.5,3892.6,50331.0503872,2017-09-27 21:38:06
27 Sep 21:38:07 - ************* Buy | 39.175742380318106 ETCUSD @ 12.763 *************
27 Sep 21:38:07 - -------------------- Summary ----------------------------
27 Sep 21:38:07 - Currency Wallet: {
  "ETHUSD": {
    "qty": 0,
    "price": 0
  },
  "BTCUSD": {
    "qty": 0.1197662163456932,
    "price": 4174.8
  },
  "ETCUSD": {
    "qty": 39.175742380318106,
    "price": 12.763
  }
}
27 Sep 21:38:07 - =====> Market Value: 999.65
27 Sep 21:38:07 - Fiat Wallet: $8998.00
27 Sep 21:38:07 - Starting Value: 10000
27 Sep 21:38:07 - Total Value: 9997.65
27 Sep 21:38:07 - ---------------------------------------------------------


27 Sep 21:38:07 - Insert into transaction table success: ETCUSD,12.763,39.175742380318106,1,2017-09-27 21:38:07
27 Sep 21:38:08 - ************* Buy | 0.11984946906685204 BTCUSD @ 4171.9 *************
27 Sep 21:38:08 - -------------------- Summary ----------------------------
27 Sep 21:38:08 - Currency Wallet: {
  "ETHUSD": {
    "qty": 0,
    "price": 0
  },
  "BTCUSD": {
    "qty": 0.23961568541254524,
    "price": 4173.349496208082
  },
  "ETCUSD": {
    "qty": 39.175742380318106,
    "price": 12.763
  }
}
27 Sep 21:38:08 - =====> Market Value: 1499.65
27 Sep 21:38:08 - Fiat Wallet: $8497.00
27 Sep 21:38:08 - Starting Value: 10000
27 Sep 21:38:08 - Total Value: 9996.65
27 Sep 21:38:08 - ---------------------------------------------------------


27 Sep 21:38:08 - Insert into transaction table success: BTCUSD,4171.9,0.11984946906685204,1,2017-09-27 21:38:08
27 Sep 21:38:09 - ************* Buy | 1.0808006571267996 BCHUSD @ 462.62 *************
27 Sep 21:38:09 - -------------------- Summary ----------------------------
27 Sep 21:38:09 - Currency Wallet: {
  "ETHUSD": {
    "qty": 0,
    "price": 0
  },
  "BTCUSD": {
    "qty": 0.23961568541254524,
    "price": 4173.349496208082
  },
  "ETCUSD": {
    "qty": 39.175742380318106,
    "price": 12.763
  },
  "BCHUSD": {
    "qty": 1.0808006571267996,
    "price": 462.62
  }
}
27 Sep 21:38:09 - =====> Market Value: 1999.65
27 Sep 21:38:09 - Fiat Wallet: $7996.00
27 Sep 21:38:09 - Starting Value: 10000
27 Sep 21:38:09 - Total Value: 9995.65
27 Sep 21:38:09 - ---------------------------------------------------------


27 Sep 21:38:09 - Insert into transaction table success: BCHUSD,462.62,1.0808006571267996,1,2017-09-27 21:38:09
27 Sep 21:38:09 - ************* Buy | 1.6265452179570594 ETHUSD @ 307.4 *************
27 Sep 21:38:09 - -------------------- Summary ----------------------------
27 Sep 21:38:09 - Currency Wallet: {
  "ETHUSD": {
    "qty": 1.6265452179570594,
    "price": 307.4
  },
  "BTCUSD": {
    "qty": 0.23961568541254524,
    "price": 4173.349496208082
  },
  "ETCUSD": {
    "qty": 39.175742380318106,
    "price": 12.763
  },
  "BCHUSD": {
    "qty": 1.0808006571267996,
    "price": 462.62
  }
}
27 Sep 21:38:09 - =====> Market Value: 2499.65
27 Sep 21:38:09 - Fiat Wallet: $7495.00
27 Sep 21:38:09 - Starting Value: 10000
27 Sep 21:38:09 - Total Value: 9994.65
27 Sep 21:38:09 - ---------------------------------------------------------


27 Sep 21:38:09 - Insert into transaction table success: ETHUSD,307.4,1.6265452179570594,1,2017-09-27 21:38:09
27 Sep 21:38:10 - ************* Buy | 0.11984946906685204 BTCUSD @ 4171.9 *************
27 Sep 21:38:10 - -------------------- Summary ----------------------------
27 Sep 21:38:10 - Currency Wallet: {
  "ETHUSD": {
    "qty": 1.6265452179570594,
    "price": 307.4
  },
  "BTCUSD": {
    "qty": 0.3594651544793973,
    "price": 4172.866218903486
  },
  "ETCUSD": {
    "qty": 39.175742380318106,
    "price": 12.763
  },
  "BCHUSD": {
    "qty": 1.0808006571267996,
    "price": 462.62
  },
  "DSHUSD": {
    "qty": 0,
    "price": 0
  }
}
27 Sep 21:38:10 - =====> Market Value: 2999.65
27 Sep 21:38:10 - Fiat Wallet: $6994.00
27 Sep 21:38:10 - Starting Value: 10000
27 Sep 21:38:10 - Total Value: 9993.65
27 Sep 21:38:10 - ---------------------------------------------------------


27 Sep 21:38:10 - Insert into transaction table success: BTCUSD,4171.9,0.11984946906685204,1,2017-09-27 21:38:10
27 Sep 21:38:11 - ************* Buy | 912.6752336448599 IOTUSD @ 0.54784 *************
27 Sep 21:38:11 - -------------------- Summary ----------------------------
27 Sep 21:38:11 - Currency Wallet: {
  "ETHUSD": {
    "qty": 1.6265452179570594,
    "price": 307.4
  },
  "BTCUSD": {
    "qty": 0.3594651544793973,
    "price": 4172.866218903486
  },
  "ETCUSD": {
    "qty": 39.175742380318106,
    "price": 12.763
  },
  "BCHUSD": {
    "qty": 1.0808006571267996,
    "price": 462.62
  },
  "DSHUSD": {
    "qty": 0,
    "price": 0
  },
  "IOTUSD": {
    "qty": 912.6752336448599,
    "price": 0.54784
  }
}
27 Sep 21:38:11 - =====> Market Value: 3499.65
27 Sep 21:38:11 - Fiat Wallet: $6493.00
27 Sep 21:38:11 - Starting Value: 10000
27 Sep 21:38:11 - Total Value: 9992.65
27 Sep 21:38:11 - ---------------------------------------------------------


27 Sep 21:38:11 - Insert into transaction table success: IOTUSD,0.54784,912.6752336448599,1,2017-09-27 21:38:11
27 Sep 21:38:11 - ************* Buy | 8.857395925597874 LTCUSD @ 56.45 *************
27 Sep 21:38:11 - -------------------- Summary ----------------------------
27 Sep 21:38:11 - Currency Wallet: {
  "ETHUSD": {
    "qty": 1.6265452179570594,
    "price": 307.4
  },
  "BTCUSD": {
    "qty": 0.3594651544793973,
    "price": 4172.866218903486
  },
  "ETCUSD": {
    "qty": 39.175742380318106,
    "price": 12.763
  },
  "BCHUSD": {
    "qty": 1.0808006571267996,
    "price": 462.62
  },
  "DSHUSD": {
    "qty": 0,
    "price": 0
  },
  "IOTUSD": {
    "qty": 912.6752336448599,
    "price": 0.54784
  },
  "OMGUSD": {
    "qty": 0,
    "price": 0
  },
  "LTCUSD": {
    "qty": 8.857395925597874,
    "price": 56.45
  }
}
27 Sep 21:38:11 - =====> Market Value: 3999.65
27 Sep 21:38:11 - Fiat Wallet: $5992.00
27 Sep 21:38:11 - Starting Value: 10000
27 Sep 21:38:11 - Total Value: 9991.65
27 Sep 21:38:11 - ---------------------------------------------------------


27 Sep 21:38:11 - Insert into transaction table success: LTCUSD,56.45,8.857395925597874,1,2017-09-27 21:38:11
27 Sep 21:38:12 - ************* Buy | 0.11984946906685204 BTCUSD @ 4171.9 *************
27 Sep 21:38:12 - -------------------- Summary ----------------------------
27 Sep 21:38:12 - Currency Wallet: {
  "ETHUSD": {
    "qty": 1.6265452179570594,
    "price": 307.4
  },
  "BTCUSD": {
    "qty": 0.4793146235462493,
    "price": 4172.62462222169
  },
  "ETCUSD": {
    "qty": 39.175742380318106,
    "price": 12.763
  },
  "BCHUSD": {
    "qty": 1.0808006571267996,
    "price": 462.62
  },
  "DSHUSD": {
    "qty": 0,
    "price": 0
  },
  "IOTUSD": {
    "qty": 912.6752336448599,
    "price": 0.54784
  },
  "OMGUSD": {
    "qty": 0,
    "price": 0
  },
  "LTCUSD": {
    "qty": 8.857395925597874,
    "price": 56.45
  }
}
27 Sep 21:38:12 - =====> Market Value: 4499.65
27 Sep 21:38:12 - Fiat Wallet: $5491.00
27 Sep 21:38:12 - Starting Value: 10000
27 Sep 21:38:12 - Total Value: 9990.65
27 Sep 21:38:12 - ---------------------------------------------------------


27 Sep 21:38:12 - Insert into transaction table success: BTCUSD,4171.9,0.11984946906685204,1,2017-09-27 21:38:12
27 Sep 21:38:16 - Insert into live price table success: DSHUSD,350,350,119.51207695,350.03,64.2633326,355,335.7,9868.73041654,2017-09-27 21:38:16
27 Sep 21:38:16 - Insert into live price table success: EOSUSD,0.6361,0.6361,654289.32827347,0.63695,85994.4296249,0.6394,0.55531,7639249.22778983,2017-09-27 21:38:16
27 Sep 21:38:16 - Insert into live price table success: BCHUSD,462.62,461.21,452.79803648,462.62,853.92635539,470,435.96,43567.7861299,2017-09-27 21:38:16
27 Sep 21:38:16 - Insert into live price table success: ETCUSD,12.763,12.764,8589.53357156,12.798,2541.97309166,13.3,11.41,731752.85066533,2017-09-27 21:38:16
27 Sep 21:38:16 - Insert into live price table success: OMGUSD,10.249,10.225,7943.15054274,10.25,4238.95876961,10.599,9.7742,1560958.29779294,2017-09-27 21:38:16
27 Sep 21:38:16 - Insert into live price table success: LTCUSD,56.45,56.43,1256.6365499,56.436,2469.32985328,57.571,52.06,436756.17646853,2017-09-27 21:38:16
27 Sep 21:38:16 - Insert into live price table success: ETHUSD,307.51,307.38,155.16880146,307.6,217.01220979,315.51,286.93,213697.84638494,2017-09-27 21:38:16
27 Sep 21:38:16 - Insert into live price table success: IOTUSD,0.54784,0.54784,150243.18787219,0.54927,238006.56055089,0.5544,0.505,16174649.67546932,2017-09-27 21:38:16
27 Sep 21:38:16 - Insert into live price table success: BTCUSD,4174.4,4171.8,35.37354148,4174.8,436.96272706,4229.5,3892.6,50320.95115572,2017-09-27 21:38:16
27 Sep 21:38:26 - Insert into live price table success: DSHUSD,350,350,85.04895521,350.03,41.62553456,355,335.7,9881.78359754,2017-09-27 21:38:26
27 Sep 21:38:26 - Insert into live price table success: OMGUSD,10.249,10.226,8289.23725064,10.25,3795.88204433,10.599,9.7742,1560958.29779294,2017-09-27 21:38:26
27 Sep 21:38:26 - Insert into live price table success: BCHUSD,462.62,461.4,463.19810082,462.62,846.80026101,470,435.96,43564.2453039,2017-09-27 21:38:26
27 Sep 21:38:26 - Insert into live price table success: EOSUSD,0.6361,0.6361,656119.4846371,0.63695,85994.4296249,0.6394,0.55531,7639269.09778983,2017-09-27 21:38:26
27 Sep 21:38:26 - Insert into live price table success: IOTUSD,0.54784,0.5479,150252.12465364,0.54862,241846.53430989,0.5544,0.505,16174649.67546932,2017-09-27 21:38:26
27 Sep 21:38:26 - Insert into live price table success: ETCUSD,12.763,12.753,8696.84488215,12.789,1393.82988978,13.3,11.41,731752.85066533,2017-09-27 21:38:26
27 Sep 21:38:26 - Insert into live price table success: LTCUSD,56.436,56.436,781.23731694,56.437,2395.66056692,57.571,52.06,436835.77056958,2017-09-27 21:38:26
27 Sep 21:38:26 - Insert into live price table success: ETHUSD,307.43,307.35,157.80407527,307.43,218.27358461,315.51,286.93,213692.19420215,2017-09-27 21:38:26
27 Sep 21:38:26 - Insert into live price table success: BTCUSD,4171.5,4171.4,42.87080922,4171.5,415.93195644,4229.5,3892.6,50321.28744667,2017-09-27 21:38:26
27 Sep 21:38:32 - ************* Buy | 1.4285714285714286 DSHUSD @ 350 *************
27 Sep 21:38:32 - -------------------- Summary ----------------------------
27 Sep 21:38:32 - Currency Wallet: {
  "ETHUSD": {
    "qty": 1.6265452179570594,
    "price": 307.4
  },
  "BTCUSD": {
    "qty": 0.4793146235462493,
    "price": 4172.62462222169
  },
  "ETCUSD": {
    "qty": 39.175742380318106,
    "price": 12.763
  },
  "BCHUSD": {
    "qty": 1.0808006571267996,
    "price": 462.62
  },
  "DSHUSD": {
    "qty": 1.4285714285714286,
    "price": 350
  },
  "IOTUSD": {
    "qty": 912.6752336448599,
    "price": 0.54784
  },
  "OMGUSD": {
    "qty": 0,
    "price": 0
  },
  "LTCUSD": {
    "qty": 8.857395925597874,
    "price": 56.45
  },
  "EOSUSD": {
    "qty": 0,
    "price": 0
  }
}
27 Sep 21:38:32 - =====> Market Value: 4999.39
27 Sep 21:38:32 - Fiat Wallet: $4990.00
27 Sep 21:38:32 - Starting Value: 10000
27 Sep 21:38:32 - Total Value: 9989.39
27 Sep 21:38:32 - ---------------------------------------------------------


27 Sep 21:38:32 - Insert into transaction table success: DSHUSD,350,1.4285714285714286,1,2017-09-27 21:38:32
27 Sep 21:38:36 - Insert into live price table success: DSHUSD,350,348.76,437.99303212,350.03,56.97848956,355,335.7,9891.19822309,2017-09-27 21:38:36
27 Sep 21:38:36 - Insert into live price table success: LTCUSD,56.436,56.436,834.42131694,56.439,2275.86182651,57.571,52.06,436835.77056958,2017-09-27 21:38:36
27 Sep 21:38:36 - Insert into live price table success: IOTUSD,0.54784,0.5479,147533.02711384,0.54862,238786.93841129,0.5544,0.505,16174649.67546932,2017-09-27 21:38:36
27 Sep 21:38:36 - Insert into live price table success: ETCUSD,12.763,12.757,9155.49711828,12.789,3179.48688862,13.3,11.41,731745.17066533,2017-09-27 21:38:36
27 Sep 21:38:36 - Insert into live price table success: EOSUSD,0.6361,0.6361,655785.3172718,0.63695,85994.4296249,0.6394,0.55531,7639270.68431351,2017-09-27 21:38:36
27 Sep 21:38:36 - Insert into live price table success: BCHUSD,462.62,461.11,462.51841227,462.6,859.7075447,470,435.96,43562.3668519,2017-09-27 21:38:36
27 Sep 21:38:36 - Insert into live price table success: OMGUSD,10.229,10.227,7997.83299196,10.25,3956.87652699,10.599,9.7742,1560965.19779294,2017-09-27 21:38:36
27 Sep 21:38:36 - Insert into live price table success: BTCUSD,4171.4,4171.4,53.41469592,4171.5,413.90756155,4229.5,3892.6,50322.14522763,2017-09-27 21:38:36
27 Sep 21:38:36 - Insert into live price table success: ETHUSD,307.35,307.35,214.66253004,307.44,167.7771034,315.51,286.93,213703.55146333,2017-09-27 21:38:36
27 Sep 21:38:37 - ************* Buy | 1.6268098259313486 ETHUSD @ 307.35 *************
27 Sep 21:38:37 - -------------------- Summary ----------------------------
27 Sep 21:38:37 - Currency Wallet: {
  "ETHUSD": {
    "qty": 3.253355043888408,
    "price": 307.3749979666531
  },
  "BTCUSD": {
    "qty": 0.4793146235462493,
    "price": 4172.62462222169
  },
  "ETCUSD": {
    "qty": 39.175742380318106,
    "price": 12.763
  },
  "BCHUSD": {
    "qty": 1.0808006571267996,
    "price": 462.62
  },
  "DSHUSD": {
    "qty": 1.4285714285714286,
    "price": 350
  },
  "IOTUSD": {
    "qty": 912.6752336448599,
    "price": 0.54784
  },
  "OMGUSD": {
    "qty": 0,
    "price": 0
  },
  "LTCUSD": {
    "qty": 8.857395925597874,
    "price": 56.45
  },
  "EOSUSD": {
    "qty": 0,
    "price": 0
  }
}
27 Sep 21:38:37 - =====> Market Value: 5499.21
27 Sep 21:38:37 - Fiat Wallet: $4489.00
27 Sep 21:38:37 - Starting Value: 10000
27 Sep 21:38:37 - Total Value: 9988.21
27 Sep 21:38:37 - ---------------------------------------------------------


27 Sep 21:38:37 - Insert into transaction table success: ETHUSD,307.35,1.6268098259313486,1,2017-09-27 21:38:37
27 Sep 21:38:38 - ************* Buy | 786.039930828486 EOSUSD @ 0.6361 *************
27 Sep 21:38:38 - -------------------- Summary ----------------------------
27 Sep 21:38:38 - Currency Wallet: {
  "ETHUSD": {
    "qty": 3.253355043888408,
    "price": 307.3749979666531
  },
  "BTCUSD": {
    "qty": 0.4793146235462493,
    "price": 4172.62462222169
  },
  "ETCUSD": {
    "qty": 39.175742380318106,
    "price": 12.763
  },
  "BCHUSD": {
    "qty": 1.0808006571267996,
    "price": 462.62
  },
  "DSHUSD": {
    "qty": 1.4285714285714286,
    "price": 350
  },
  "IOTUSD": {
    "qty": 912.6752336448599,
    "price": 0.54784
  },
  "OMGUSD": {
    "qty": 0,
    "price": 0
  },
  "LTCUSD": {
    "qty": 8.857395925597874,
    "price": 56.45
  },
  "EOSUSD": {
    "qty": 786.039930828486,
    "price": 0.6361
  }
}
27 Sep 21:38:38 - =====> Market Value: 5999.21
27 Sep 21:38:38 - Fiat Wallet: $3988.00
27 Sep 21:38:38 - Starting Value: 10000
27 Sep 21:38:38 - Total Value: 9987.21
27 Sep 21:38:38 - ---------------------------------------------------------


27 Sep 21:38:38 - Insert into transaction table success: EOSUSD,0.6361,786.039930828486,1,2017-09-27 21:38:38
27 Sep 21:38:46 - Insert into live price table success: ETCUSD,12.795,12.762,9134.62357363,12.785,1479.78358936,13.3,11.41,731741.30707733,2017-09-27 21:38:46
27 Sep 21:38:46 - Insert into live price table success: EOSUSD,0.6361,0.6361,653606.536804,0.63695,85994.4296249,0.6394,0.55531,7639307.57431351,2017-09-27 21:38:46
27 Sep 21:38:46 - Insert into live price table success: LTCUSD,56.436,56.436,962.49586426,56.437,2342.45702367,57.571,52.06,436835.77056958,2017-09-27 21:38:46
27 Sep 21:38:46 - Insert into live price table success: DSHUSD,350,348.88,176.44490276,350.02,37.48348956,355,335.7,9890.98702309,2017-09-27 21:38:46
27 Sep 21:38:46 - Insert into live price table success: IOTUSD,0.54784,0.5479,154094.41178774,0.54862,244437.91132389,0.5544,0.505,16174649.67546932,2017-09-27 21:38:46
27 Sep 21:38:46 - Insert into live price table success: OMGUSD,10.229,10.228,7731.4299632,10.25,3186.77927029,10.599,9.7742,1560964.19779294,2017-09-27 21:38:46
27 Sep 21:38:46 - Insert into live price table success: ETHUSD,307.35,307.35,129.10942327,307.36,381.18527656,315.51,286.93,213712.05822833,2017-09-27 21:38:46
27 Sep 21:38:46 - Insert into live price table success: BTCUSD,4171.4,4171.4,54.25462526,4171.5,420.8312937,4229.5,3892.6,50323.19245875,2017-09-27 21:38:46
27 Sep 21:38:46 - Insert into live price table success: BCHUSD,462.62,461.3,452.0876137,462.59,540.60724676,470,435.96,43562.3668519,2017-09-27 21:38:46
27 Sep 21:38:52 - ************* Buy | 48.88063349301007 OMGUSD @ 10.229 *************
27 Sep 21:38:52 - -------------------- Summary ----------------------------
27 Sep 21:38:52 - Currency Wallet: {
  "ETHUSD": {
    "qty": 3.253355043888408,
    "price": 307.3749979666531
  },
  "BTCUSD": {
    "qty": 0.4793146235462493,
    "price": 4172.62462222169
  },
  "ETCUSD": {
    "qty": 39.175742380318106,
    "price": 12.763
  },
  "BCHUSD": {
    "qty": 1.0808006571267996,
    "price": 462.62
  },
  "DSHUSD": {
    "qty": 1.4285714285714286,
    "price": 350
  },
  "IOTUSD": {
    "qty": 912.6752336448599,
    "price": 0.54784
  },
  "OMGUSD": {
    "qty": 48.88063349301007,
    "price": 10.229
  },
  "LTCUSD": {
    "qty": 8.857395925597874,
    "price": 56.45
  },
  "EOSUSD": {
    "qty": 786.039930828486,
    "price": 0.6361
  }
}
27 Sep 21:38:52 - =====> Market Value: 6500.46
27 Sep 21:38:52 - Fiat Wallet: $3487.00
27 Sep 21:38:52 - Starting Value: 10000
27 Sep 21:38:52 - Total Value: 9987.46
27 Sep 21:38:52 - ---------------------------------------------------------


27 Sep 21:38:52 - Insert into transaction table success: OMGUSD,10.229,48.88063349301007,1,2017-09-27 21:38:52
27 Sep 21:38:56 - Insert into live price table success: EOSUSD,0.6361,0.6361,653593.498443,0.63695,85794.4296249,0.6394,0.55531,7639512.57431351,2017-09-27 21:38:56
27 Sep 21:38:56 - Insert into live price table success: IOTUSD,0.54784,0.5479,154277.29567051,0.54852,235908.78670029,0.5544,0.505,16174649.67546932,2017-09-27 21:38:56
27 Sep 21:38:56 - Insert into live price table success: DSHUSD,350,348.77,142.81260417,349.96,37.63050439,355,335.7,9890.77582309,2017-09-27 21:38:56
27 Sep 21:38:56 - Insert into live price table success: OMGUSD,10.229,10.229,7953.2643058,10.25,4085.31298284,10.599,9.7742,1560665.19779294,2017-09-27 21:38:56
27 Sep 21:38:56 - Insert into live price table success: BCHUSD,462.62,461.01,447.20340058,462.47,873.21828223,470,435.96,43561.6432689,2017-09-27 21:38:56
27 Sep 21:38:56 - Insert into live price table success: LTCUSD,56.436,56.436,1047.95965532,56.437,2038.21018506,57.571,52.06,436835.77056958,2017-09-27 21:38:56
27 Sep 21:38:56 - Insert into live price table success: ETCUSD,12.795,12.764,9127.26881379,12.787,2920.61241839,13.3,11.41,731741.30707733,2017-09-27 21:38:56
27 Sep 21:38:56 - Insert into live price table success: ETHUSD,307.36,307.35,151.08571137,307.36,364.60774149,315.51,286.93,213742.15035031,2017-09-27 21:38:56
27 Sep 21:38:57 - Insert into live price table success: BTCUSD,4171.5,4171.4,52.51371333,4171.5,414.0828417,4229.5,3892.6,50323.6196598,2017-09-27 21:38:57
27 Sep 21:39:02 - ************* Buy | 1.626756897449245 ETHUSD @ 307.36 *************
27 Sep 21:39:02 - -------------------- Summary ----------------------------
27 Sep 21:39:02 - Currency Wallet: {
  "ETHUSD": {
    "qty": 4.880111941337653,
    "price": 307.3699984818065
  },
  "BTCUSD": {
    "qty": 0.4793146235462493,
    "price": 4172.62462222169
  },
  "ETCUSD": {
    "qty": 39.175742380318106,
    "price": 12.763
  },
  "BCHUSD": {
    "qty": 1.0808006571267996,
    "price": 462.62
  },
  "DSHUSD": {
    "qty": 1.4285714285714286,
    "price": 350
  },
  "IOTUSD": {
    "qty": 912.6752336448599,
    "price": 0.54784
  },
  "OMGUSD": {
    "qty": 48.88063349301007,
    "price": 10.229
  },
  "LTCUSD": {
    "qty": 8.857395925597874,
    "price": 56.45
  },
  "EOSUSD": {
    "qty": 786.039930828486,
    "price": 0.6361
  }
}
27 Sep 21:39:02 - =====> Market Value: 7000.54
27 Sep 21:39:02 - Fiat Wallet: $2986.00
27 Sep 21:39:02 - Starting Value: 10000
27 Sep 21:39:02 - Total Value: 9986.54
27 Sep 21:39:02 - ---------------------------------------------------------


27 Sep 21:39:02 - Insert into transaction table success: ETHUSD,307.36,1.626756897449245,1,2017-09-27 21:39:02
27 Sep 21:39:05 - ************* Buy | 1.626756897449245 ETHUSD @ 307.36 *************
27 Sep 21:39:05 - -------------------- Summary ----------------------------
27 Sep 21:39:05 - Currency Wallet: {
  "ETHUSD": {
    "qty": 6.506868838786898,
    "price": 307.3674988003705
  },
  "BTCUSD": {
    "qty": 0.4793146235462493,
    "price": 4172.62462222169
  },
  "ETCUSD": {
    "qty": 39.175742380318106,
    "price": 12.763
  },
  "BCHUSD": {
    "qty": 1.0808006571267996,
    "price": 462.62
  },
  "DSHUSD": {
    "qty": 1.4285714285714286,
    "price": 350
  },
  "IOTUSD": {
    "qty": 912.6752336448599,
    "price": 0.54784
  },
  "OMGUSD": {
    "qty": 48.88063349301007,
    "price": 10.229
  },
  "LTCUSD": {
    "qty": 8.857395925597874,
    "price": 56.45
  },
  "EOSUSD": {
    "qty": 786.039930828486,
    "price": 0.6361
  }
}
27 Sep 21:39:05 - =====> Market Value: 7500.54
27 Sep 21:39:05 - Fiat Wallet: $2485.00
27 Sep 21:39:05 - Starting Value: 10000
27 Sep 21:39:05 - Total Value: 9985.54
27 Sep 21:39:05 - ---------------------------------------------------------


27 Sep 21:39:05 - Insert into transaction table success: ETHUSD,307.36,1.626756897449245,1,2017-09-27 21:39:05
27 Sep 21:39:06 - Insert into live price table success: IOTUSD,0.54784,0.5479,154276.45532081,0.54852,245027.93132389,0.5544,0.505,16168701.92040893,2017-09-27 21:39:06
27 Sep 21:39:06 - Insert into live price table success: ETCUSD,12.795,12.767,8348.12501185,12.799,1533.8360608,13.3,11.41,731741.30707733,2017-09-27 21:39:06
27 Sep 21:39:06 - Insert into live price table success: EOSUSD,0.6361,0.6361,650974.4496357,0.63695,85794.4296249,0.6394,0.55531,7639312.69891351,2017-09-27 21:39:06
27 Sep 21:39:06 - Insert into live price table success: LTCUSD,56.436,56.436,1270.46548385,56.437,2120.08714112,57.571,52.06,436887.55594558,2017-09-27 21:39:06
27 Sep 21:39:06 - Insert into live price table success: DSHUSD,350,348.88,147.61272352,349.96,37.72850937,355,335.7,9890.67022309,2017-09-27 21:39:06
27 Sep 21:39:06 - Insert into live price table success: BCHUSD,462.47,461.07,469.49503254,462.57,890.15555765,470,435.96,43568.9432689,2017-09-27 21:39:06
27 Sep 21:39:06 - Insert into live price table success: ETHUSD,307.46,307.46,151.1460193,307.53,139.1163969,315.51,286.93,213737.7695686,2017-09-27 21:39:06
27 Sep 21:39:06 - Insert into live price table success: OMGUSD,10.229,10.228,7831.20790615,10.25,4055.5224394,10.599,9.7742,1560639.55472394,2017-09-27 21:39:06
27 Sep 21:39:06 - Insert into live price table success: BTCUSD,4171.5,4171.4,43.54984385,4171.5,423.56283772,4229.5,3892.6,50324.1700103,2017-09-27 21:39:06
27 Sep 21:39:16 - Insert into live price table success: LTCUSD,56.436,56.436,1289.58042278,56.437,2207.54612656,57.571,52.06,436887.55594558,2017-09-27 21:39:16
27 Sep 21:39:16 - Insert into live price table success: BCHUSD,462.36,461.22,453.03521018,462.35,849.13829336,470,435.96,43569.1548689,2017-09-27 21:39:16
27 Sep 21:39:16 - Insert into live price table success: EOSUSD,0.636,0.636,651097.97991436,0.6361,84476.10804666,0.6394,0.55531,7640908.07491351,2017-09-27 21:39:16
27 Sep 21:39:16 - Insert into live price table success: IOTUSD,0.54784,0.5479,154276.45532081,0.54852,244944.93132389,0.5544,0.505,16167158.14194193,2017-09-27 21:39:16
27 Sep 21:39:16 - Insert into live price table success: ETCUSD,12.795,12.763,7981.98078666,12.794,3223.7489538,13.3,11.41,731741.30707733,2017-09-27 21:39:16
27 Sep 21:39:16 - Insert into live price table success: OMGUSD,10.228,10.225,7774.75520295,10.25,4502.34335085,10.599,9.7742,1560902.03975307,2017-09-27 21:39:16
27 Sep 21:39:16 - Insert into live price table success: DSHUSD,350,348.33,109.10776144,349.94,37.83287965,355,335.7,9890.67022309,2017-09-27 21:39:16
27 Sep 21:39:16 - Insert into live price table success: BTCUSD,4174.5,4172.2,35.46918695,4174.7,430.81693869,4229.5,3892.6,50319.6475243,2017-09-27 21:39:16
27 Sep 21:39:16 - Insert into live price table success: ETHUSD,307.41,307.35,143.2873403,307.37,328.4427654,315.51,286.93,213742.53434989,2017-09-27 21:39:16
27 Sep 21:39:18 - ************* Buy | 8.85959316748175 LTCUSD @ 56.436 *************
27 Sep 21:39:18 - -------------------- Summary ----------------------------
27 Sep 21:39:18 - Currency Wallet: {
  "ETHUSD": {
    "qty": 6.506868838786898,
    "price": 307.3674988003705
  },
  "BTCUSD": {
    "qty": 0.4793146235462493,
    "price": 4172.62462222169
  },
  "ETCUSD": {
    "qty": 39.175742380318106,
    "price": 12.763
  },
  "BCHUSD": {
    "qty": 1.0808006571267996,
    "price": 462.62
  },
  "DSHUSD": {
    "qty": 1.4285714285714286,
    "price": 350
  },
  "IOTUSD": {
    "qty": 912.6752336448599,
    "price": 0.54784
  },
  "OMGUSD": {
    "qty": 48.88063349301007,
    "price": 10.229
  },
  "LTCUSD": {
    "qty": 17.716989093079626,
    "price": 56.44299913186754
  },
  "EOSUSD": {
    "qty": 786.039930828486,
    "price": 0.6361
  }
}
27 Sep 21:39:18 - =====> Market Value: 8001.90
27 Sep 21:39:18 - Fiat Wallet: $1984.00
27 Sep 21:39:18 - Starting Value: 10000
27 Sep 21:39:18 - Total Value: 9985.90
27 Sep 21:39:18 - ---------------------------------------------------------


27 Sep 21:39:18 - Insert into transaction table success: LTCUSD,56.436,8.85959316748175,1,2017-09-27 21:39:18
27 Sep 21:39:26 - Insert into live price table success: DSHUSD,350,348.48,142.76445486,349.93,37.83387965,355,335.7,9890.67022309,2017-09-27 21:39:26
27 Sep 21:39:26 - Insert into live price table success: EOSUSD,0.636,0.636,653392.24954337,0.6361,86975.10804666,0.6394,0.55531,7640908.07491351,2017-09-27 21:39:26
27 Sep 21:39:26 - Insert into live price table success: LTCUSD,56.45,56.437,1145.27112264,56.448,2285.5278357,57.571,52.06,436895.55594558,2017-09-27 21:39:26
27 Sep 21:39:26 - Insert into live price table success: IOTUSD,0.54784,0.5479,150662.97718007,0.54852,244954.91132389,0.5544,0.505,16165329.92040893,2017-09-27 21:39:26
27 Sep 21:39:26 - Insert into live price table success: ETCUSD,12.795,12.764,8782.07104372,12.791,2969.44324499,13.3,11.41,731741.30707733,2017-09-27 21:39:26
27 Sep 21:39:26 - Insert into live price table success: BCHUSD,462.36,460.86,466.78033048,462.57,871.0533457,470,435.96,43569.1548689,2017-09-27 21:39:26
27 Sep 21:39:26 - Insert into live price table success: OMGUSD,10.228,10.225,8060.62637813,10.25,3391.95599557,10.599,9.7742,1560902.03975307,2017-09-27 21:39:26
27 Sep 21:39:26 - Insert into live price table success: ETHUSD,307.35,307.35,135.50529129,307.36,337.94569603,315.51,286.93,213740.97597708,2017-09-27 21:39:26
27 Sep 21:39:26 - Insert into live price table success: BTCUSD,4174.5,4172.6,33.09466055,4174.7,415.59712069,4229.5,3892.6,50319.40597041,2017-09-27 21:39:26
27 Sep 21:39:29 - ************* Buy | 48.88541259288228 OMGUSD @ 10.228 *************
27 Sep 21:39:29 - -------------------- Summary ----------------------------
27 Sep 21:39:29 - Currency Wallet: {
  "ETHUSD": {
    "qty": 6.506868838786898,
    "price": 307.3674988003705
  },
  "BTCUSD": {
    "qty": 0.4793146235462493,
    "price": 4172.62462222169
  },
  "ETCUSD": {
    "qty": 39.175742380318106,
    "price": 12.763
  },
  "BCHUSD": {
    "qty": 1.0808006571267996,
    "price": 462.62
  },
  "DSHUSD": {
    "qty": 1.4285714285714286,
    "price": 350
  },
  "IOTUSD": {
    "qty": 912.6752336448599,
    "price": 0.54784
  },
  "OMGUSD": {
    "qty": 97.76604608589236,
    "price": 10.228499975558488
  },
  "LTCUSD": {
    "qty": 17.716989093079626,
    "price": 56.44299913186754
  },
  "EOSUSD": {
    "qty": 786.039930828486,
    "price": 0.6361
  }
}
27 Sep 21:39:29 - =====> Market Value: 8501.75
27 Sep 21:39:29 - Fiat Wallet: $1483.00
27 Sep 21:39:29 - Starting Value: 10000
27 Sep 21:39:29 - Total Value: 9984.75
27 Sep 21:39:29 - ---------------------------------------------------------


27 Sep 21:39:29 - Insert into transaction table success: OMGUSD,10.228,48.88541259288228,1,2017-09-27 21:39:29
27 Sep 21:39:33 - ************* Buy | 786.1635220125786 EOSUSD @ 0.636 *************
27 Sep 21:39:33 - -------------------- Summary ----------------------------
27 Sep 21:39:33 - Currency Wallet: {
  "ETHUSD": {
    "qty": 6.506868838786898,
    "price": 307.3674988003705
  },
  "BTCUSD": {
    "qty": 0.4793146235462493,
    "price": 4172.62462222169
  },
  "ETCUSD": {
    "qty": 39.175742380318106,
    "price": 12.763
  },
  "BCHUSD": {
    "qty": 1.0808006571267996,
    "price": 462.62
  },
  "DSHUSD": {
    "qty": 1.4285714285714286,
    "price": 350
  },
  "IOTUSD": {
    "qty": 912.6752336448599,
    "price": 0.54784
  },
  "OMGUSD": {
    "qty": 97.76604608589236,
    "price": 10.228499975558488
  },
  "LTCUSD": {
    "qty": 17.716989093079626,
    "price": 56.44299913186754
  },
  "EOSUSD": {
    "qty": 1572.2034528410645,
    "price": 0.6360499960694914
  }
}
27 Sep 21:39:33 - =====> Market Value: 9001.75
27 Sep 21:39:33 - Fiat Wallet: $982.00
27 Sep 21:39:33 - Starting Value: 10000
27 Sep 21:39:33 - Total Value: 9983.75
27 Sep 21:39:33 - ---------------------------------------------------------


27 Sep 21:39:33 - Insert into transaction table success: EOSUSD,0.636,786.1635220125786,1,2017-09-27 21:39:33
27 Sep 21:39:36 - Insert into live price table success: IOTUSD,0.54784,0.5479,154076.54791415,0.54852,244954.91132389,0.5544,0.505,16165329.92040893,2017-09-27 21:39:36
27 Sep 21:39:36 - Insert into live price table success: ETCUSD,12.795,12.767,8937.14487235,12.794,1121.38612584,13.3,11.41,731711.30707733,2017-09-27 21:39:36
27 Sep 21:39:36 - Insert into live price table success: DSHUSD,350,348.72,125.36976007,349.95,16.61097078,355,335.7,9890.67022309,2017-09-27 21:39:36
27 Sep 21:39:36 - Insert into live price table success: EOSUSD,0.636,0.636,651720.63665605,0.6361,86975.10804666,0.6394,0.55531,7640919.6614372,2017-09-27 21:39:36
27 Sep 21:39:36 - Insert into live price table success: BCHUSD,462.36,460.6,457.64148036,462.54,497.426545,470,435.96,43569.1548689,2017-09-27 21:39:36
27 Sep 21:39:36 - Insert into live price table success: OMGUSD,10.228,10.225,8020.10658916,10.25,4131.96479453,10.599,9.7742,1560902.03975307,2017-09-27 21:39:36
27 Sep 21:39:36 - Insert into live price table success: LTCUSD,56.45,56.437,1175.78242814,56.445,2048.27164111,57.571,52.06,436829.55901358,2017-09-27 21:39:36
27 Sep 21:39:36 - Insert into live price table success: ETHUSD,307.35,307.35,118.66529129,307.36,351.95389813,315.51,286.93,213741.70283108,2017-09-27 21:39:36
27 Sep 21:39:36 - Insert into live price table success: BTCUSD,4174.9,4174.4,24.89464376,4174.6,438.1082957,4229.5,3892.6,50319.60422845,2017-09-27 21:39:36
27 Sep 21:39:37 - ************* Buy | 48.88541259288228 OMGUSD @ 10.228 *************
27 Sep 21:39:37 - -------------------- Summary ----------------------------
27 Sep 21:39:37 - Currency Wallet: {
  "ETHUSD": {
    "qty": 6.506868838786898,
    "price": 307.3674988003705
  },
  "BTCUSD": {
    "qty": 0.4793146235462493,
    "price": 4172.62462222169
  },
  "ETCUSD": {
    "qty": 39.175742380318106,
    "price": 12.763
  },
  "BCHUSD": {
    "qty": 1.0808006571267996,
    "price": 462.62
  },
  "DSHUSD": {
    "qty": 1.4285714285714286,
    "price": 350
  },
  "IOTUSD": {
    "qty": 912.6752336448599,
    "price": 0.54784
  },
  "OMGUSD": {
    "qty": 146.65145867877465,
    "price": 10.2283333116079
  },
  "LTCUSD": {
    "qty": 17.716989093079626,
    "price": 56.44299913186754
  },
  "EOSUSD": {
    "qty": 1572.2034528410645,
    "price": 0.6360499960694914
  }
}
27 Sep 21:39:37 - =====> Market Value: 9501.95
27 Sep 21:39:37 - Fiat Wallet: $481.00
27 Sep 21:39:37 - Starting Value: 10000
27 Sep 21:39:37 - Total Value: 9982.95
27 Sep 21:39:37 - ---------------------------------------------------------


27 Sep 21:39:37 - Insert into transaction table success: OMGUSD,10.228,48.88541259288228,1,2017-09-27 21:39:37
27 Sep 21:39:46 - Insert into live price table success: ETCUSD,12.795,12.769,9123.55508619,12.796,1013.99734086,13.3,11.41,731666.00698433,2017-09-27 21:39:46
27 Sep 21:39:46 - Insert into live price table success: OMGUSD,10.226,10.227,7817.22822947,10.238,4244.68340791,10.599,9.7742,1560948.63514607,2017-09-27 21:39:46
27 Sep 21:39:46 - Insert into live price table success: LTCUSD,56.45,56.437,1273.18959401,56.443,1700.84652795,57.571,52.06,436829.55901358,2017-09-27 21:39:46
27 Sep 21:39:46 - Insert into live price table success: DSHUSD,350,348.5,171.23094465,349.95,37.41595056,355,335.7,9890.67022309,2017-09-27 21:39:46
27 Sep 21:39:46 - Insert into live price table success: IOTUSD,0.54784,0.5479,154069.13175315,0.54852,245037.91132389,0.5544,0.505,16165329.92040893,2017-09-27 21:39:46
27 Sep 21:39:46 - Insert into live price table success: EOSUSD,0.636,0.636,647451.72231779,0.63695,86971.44804666,0.6394,0.55531,7640949.6614372,2017-09-27 21:39:46
27 Sep 21:39:46 - Insert into live price table success: ETHUSD,307.35,307.35,131.33723729,307.36,268.23634133,315.51,286.93,213748.11963108,2017-09-27 21:39:46
27 Sep 21:39:46 - Insert into live price table success: BCHUSD,462.36,460.92,465.25825637,462.53,525.39312864,470,435.96,43569.1548689,2017-09-27 21:39:46
27 Sep 21:39:46 - Insert into live price table success: BTCUSD,4170.3,4170.3,30.89439051,4173.1,422.37937566,4229.5,3892.6,50336.48786945,2017-09-27 21:39:46
27 Sep 21:39:56 - Insert into live price table success: BCHUSD,462.36,461.12,453.40809754,462.51,503.36191976,470,435.96,43569.1548689,2017-09-27 21:39:56
27 Sep 21:39:56 - Insert into live price table success: LTCUSD,56.45,56.437,1159.36559224,56.442,1700.84667115,57.571,52.06,436829.55901358,2017-09-27 21:39:56
27 Sep 21:39:56 - Insert into live price table success: ETCUSD,12.795,12.768,18853.18010252,12.794,1998.15761041,13.3,11.41,731246.00898433,2017-09-27 21:39:56
27 Sep 21:39:56 - Insert into live price table success: DSHUSD,350,348.98,92.31158687,349.94,24.15919918,355,335.7,9890.64044409,2017-09-27 21:39:56
27 Sep 21:39:56 - Insert into live price table success: IOTUSD,0.54784,0.5479,160637.5578357,0.54848,249037.91132389,0.5544,0.505,16165329.92040893,2017-09-27 21:39:56
27 Sep 21:39:56 - Insert into live price table success: EOSUSD,0.636,0.636,650839.59405068,0.63695,86971.44804666,0.6394,0.55531,7638936.7434372,2017-09-27 21:39:56
27 Sep 21:39:56 - Insert into live price table success: BTCUSD,4172,4170.5,22.79284803,4172.1,464.16716952,4229.5,3892.6,50337.39299672,2017-09-27 21:39:56
27 Sep 21:39:56 - Insert into live price table success: OMGUSD,10.226,10.225,8059.82410163,10.235,3520.76143986,10.599,9.7742,1560827.51326451,2017-09-27 21:39:56
27 Sep 21:39:56 - Insert into live price table success: ETHUSD,307.27,307.27,188.62926074,307.28,263.47312416,315.51,286.93,213757.31722425,2017-09-27 21:39:56
27 Sep 21:40:06 - Insert into live price table success: DSHUSD,350,348.86,105.01755863,349.94,29.70451578,355,335.7,9890.64044409,2017-09-27 21:40:06
27 Sep 21:40:06 - Insert into live price table success: ETCUSD,12.806,12.738,9298.2668904,12.784,2409.80144424,13.3,11.41,731258.04755333,2017-09-27 21:40:06
27 Sep 21:40:06 - Insert into live price table success: BCHUSD,462.51,461.3,467.34091323,462.49,874.31369812,470,435.96,43576.45486864,2017-09-27 21:40:06
27 Sep 21:40:06 - Insert into live price table success: EOSUSD,0.636,0.636,650914.24604974,0.63695,85971.44804666,0.6394,0.55531,7638936.7434372,2017-09-27 21:40:06
27 Sep 21:40:06 - Insert into live price table success: IOTUSD,0.54836,0.54792,143225.55055471,0.54836,248949.72110052,0.5544,0.505,16166329.92040893,2017-09-27 21:40:06
27 Sep 21:40:06 - Insert into live price table success: ETHUSD,307.16,307.07,188.07834913,307.12,343.21237253,315.51,286.93,213768.60722425,2017-09-27 21:40:06
27 Sep 21:40:06 - Insert into live price table success: LTCUSD,56.45,56.437,1298.52706756,56.438,1737.35567295,57.571,52.06,436829.55901358,2017-09-27 21:40:06
27 Sep 21:40:06 - Insert into live price table success: OMGUSD,10.226,10.226,8062.00039387,10.25,3465.31786536,10.599,9.7742,1560827.51326451,2017-09-27 21:40:06
27 Sep 21:40:06 - Insert into live price table success: BTCUSD,4169.5,4169.8,34.16733595,4172.4,444.75567169,4229.5,3892.6,50341.16527078,2017-09-27 21:40:06
27 Sep 21:40:16 - Insert into live price table success: DSHUSD,350,348.74,135.47774177,349.87,37.50025418,355,335.7,9890.64044409,2017-09-27 21:40:16
27 Sep 21:40:16 - Insert into live price table success: ETCUSD,12.806,12.745,8658.77825182,12.784,2732.67610141,13.3,11.41,731169.12755333,2017-09-27 21:40:16
27 Sep 21:40:16 - Insert into live price table success: IOTUSD,0.54792,0.54792,152082.29208536,0.5487,244379.46368402,0.5544,0.505,16166412.92040893,2017-09-27 21:40:16
27 Sep 21:40:16 - Insert into live price table success: OMGUSD,10.226,10.225,7982.84418001,10.243,3374.67395339,10.599,9.7742,1560827.51326451,2017-09-27 21:40:16
27 Sep 21:40:16 - Insert into live price table success: BCHUSD,462.51,461.22,460.48110816,462.47,918.93235038,470,435.96,43574.30732864,2017-09-27 21:40:16
27 Sep 21:40:16 - Insert into live price table success: EOSUSD,0.636,0.636,652091.44995709,0.63695,85971.44804666,0.6394,0.55531,7638944.7634372,2017-09-27 21:40:16
27 Sep 21:40:16 - Insert into live price table success: ETHUSD,307.11,307.12,135.5844317,307.21,1731.22167435,315.51,286.93,213769.08887207,2017-09-27 21:40:16
27 Sep 21:40:16 - Insert into live price table success: LTCUSD,56.438,56.37,1530.45546576,56.438,1748.47590683,57.571,52.06,436829.72711302,2017-09-27 21:40:16
27 Sep 21:40:16 - Insert into live price table success: BTCUSD,4172.1,4172.1,35.14906986,4172.2,441.36165737,4229.5,3892.6,50342.46296084,2017-09-27 21:40:16
27 Sep 21:40:26 - Insert into live price table success: EOSUSD,0.636,0.636,650234.52748567,0.63695,85971.44804666,0.6394,0.55531,7638944.7634372,2017-09-27 21:40:26
27 Sep 21:40:26 - Insert into live price table success: IOTUSD,0.5479,0.5479,150430.38248683,0.54861,248368.20984469,0.5544,0.505,16166412.92040893,2017-09-27 21:40:26
27 Sep 21:40:26 - Insert into live price table success: ETCUSD,12.806,12.75,19519.75157674,12.813,2170.96173371,13.3,11.41,731124.00755333,2017-09-27 21:40:26
27 Sep 21:40:26 - Insert into live price table success: BCHUSD,462.51,460.61,457.27924208,462.42,533.80565577,470,435.96,43574.30732864,2017-09-27 21:40:26
27 Sep 21:40:26 - Insert into live price table success: LTCUSD,56.438,56.438,1261.4745743,56.439,1744.88017466,57.571,52.06,436829.72711302,2017-09-27 21:40:26
27 Sep 21:40:26 - Insert into live price table success: OMGUSD,10.226,10.225,7969.25176877,10.25,4022.22995417,10.599,9.7742,1560826.49355751,2017-09-27 21:40:26
27 Sep 21:40:26 - Insert into live price table success: DSHUSD,350,348.05,437.76956473,349.84,29.77210442,355,335.7,9890.64044409,2017-09-27 21:40:26
27 Sep 21:40:26 - Insert into live price table success: ETHUSD,307.25,307.15,136.37151034,307.39,227.48703435,315.51,286.93,213769.09887207,2017-09-27 21:40:26
27 Sep 21:40:26 - Insert into live price table success: BTCUSD,4169.2,4169.1,31.89638303,4171.1,454.68287352,4229.5,3892.6,50348.22523137,2017-09-27 21:40:26
27 Sep 21:40:36 - Insert into live price table success: DSHUSD,350,348.17,127.71987916,349.8,37.66698864,355,335.7,9890.64044409,2017-09-27 21:40:36
27 Sep 21:40:36 - Insert into live price table success: ETCUSD,12.806,12.75,19628.4007467,12.808,2603.83709292,13.3,11.41,731123.88894533,2017-09-27 21:40:36
27 Sep 21:40:36 - Insert into live price table success: LTCUSD,56.438,56.438,1287.65913297,56.439,1738.85272198,57.571,52.06,436829.72711302,2017-09-27 21:40:36
27 Sep 21:40:36 - Insert into live price table success: EOSUSD,0.637,0.636,650928.79799509,0.63695,85971.44804666,0.6394,0.55531,7640232.59941183,2017-09-27 21:40:36
27 Sep 21:40:36 - Insert into live price table success: OMGUSD,10.22,10.211,12480.92476045,10.225,3874.38012698,10.599,9.7742,1561118.71799639,2017-09-27 21:40:36
27 Sep 21:40:36 - Insert into live price table success: IOTUSD,0.5479,0.5479,156872.04319538,0.54861,248368.20984469,0.5544,0.505,16166412.92040893,2017-09-27 21:40:36
27 Sep 21:40:36 - Insert into live price table success: ETHUSD,307.24,307.13,224.25307928,307.22,208.92975803,315.51,286.93,213770.98198641,2017-09-27 21:40:36
27 Sep 21:40:36 - Insert into live price table success: BCHUSD,462.51,460.71,475.40848594,462.42,515.97754832,470,435.96,43574.30732864,2017-09-27 21:40:36
27 Sep 21:40:36 - Insert into live price table success: BTCUSD,4170,4169.3,45.14984069,4171.8,124.74888537,4229.5,3892.6,50358.12668477,2017-09-27 21:40:36
27 Sep 21:40:45 - Insert into live price table success: DSHUSD,350,348.64,121.31715245,349.7,34.39904314,355,335.7,9890.64044409,2017-09-27 21:40:45
27 Sep 21:40:46 - Insert into live price table success: EOSUSD,0.637,0.636,652576.09970806,0.63705,82246.44751929,0.6394,0.55531,7641942.82795558,2017-09-27 21:40:46
27 Sep 21:40:46 - Insert into live price table success: BCHUSD,462.51,460.81,465.881161,462.39,511.5373497,470,435.96,43574.30732864,2017-09-27 21:40:46
27 Sep 21:40:46 - Insert into live price table success: IOTUSD,0.5479,0.5479,152088.29658756,0.54861,294399.81997305,0.5544,0.505,16166412.92040893,2017-09-27 21:40:46
27 Sep 21:40:46 - Insert into live price table success: OMGUSD,10.22,10.212,12751.66783294,10.24,4190.45694271,10.599,9.7742,1561118.71799639,2017-09-27 21:40:46
27 Sep 21:40:46 - Insert into live price table success: ETCUSD,12.806,12.755,9406.2412136,12.792,1431.1978112,13.3,11.41,731123.88894533,2017-09-27 21:40:46
27 Sep 21:40:46 - Insert into live price table success: LTCUSD,56.438,56.438,1392.18518256,56.439,1748.42272198,57.571,52.06,436829.72711302,2017-09-27 21:40:46
27 Sep 21:40:46 - Insert into live price table success: ETHUSD,307.2,307.21,131.31133449,307.22,291.77425814,315.51,286.93,215183.4867864,2017-09-27 21:40:46
27 Sep 21:40:46 - Insert into live price table success: BTCUSD,4170,4169.1,35.73939096,4169.2,109.92189597,4229.5,3892.6,50354.91240785,2017-09-27 21:40:46
27 Sep 21:40:56 - Insert into live price table success: LTCUSD,56.438,56.438,1375.80971612,56.447,2285.25377929,57.571,52.06,436834.84554729,2017-09-27 21:40:56
27 Sep 21:40:56 - Insert into live price table success: DSHUSD,350,348.12,131.06168868,349.67,46.00741493,355,335.7,9890.64044409,2017-09-27 21:40:56
27 Sep 21:40:56 - Insert into live price table success: EOSUSD,0.637,0.63601,661499.94378264,0.63704,84716.84311578,0.6394,0.55531,7641942.82795558,2017-09-27 21:40:56
27 Sep 21:40:56 - Insert into live price table success: ETHUSD,307.2,307.21,134.18762259,307.22,215.61506552,315.51,286.93,215182.7867864,2017-09-27 21:40:56
27 Sep 21:40:56 - Insert into live price table success: BCHUSD,461.01,461.01,475.12760518,462.36,413.41244476,470,435.96,43573.20762564,2017-09-27 21:40:56
27 Sep 21:40:56 - Insert into live price table success: IOTUSD,0.5479,0.5479,141842.44085907,0.54851,290930.50313539,0.5544,0.505,16166412.92040893,2017-09-27 21:40:56
27 Sep 21:40:56 - Insert into live price table success: OMGUSD,10.213,10.213,12938.42108202,10.233,4151.90793333,10.599,9.7742,1561160.52717768,2017-09-27 21:40:56
27 Sep 21:40:56 - Insert into live price table success: BTCUSD,4168.1,4169.2,43.19459096,4169.9,461.76496569,4229.5,3892.6,50359.79515476,2017-09-27 21:40:56
27 Sep 21:40:56 - Insert into live price table success: ETCUSD,12.806,12.772,8723.75005284,12.805,1201.77832252,13.3,11.41,731123.88894533,2017-09-27 21:40:56
27 Sep 21:41:06 - Insert into live price table success: BCHUSD,462.19,461.01,432.57951534,462.19,541.11233816,470,435.96,43572.52624864,2017-09-27 21:41:06
27 Sep 21:41:06 - Insert into live price table success: OMGUSD,10.213,10.212,12743.92296863,10.228,3359.94699716,10.599,9.7742,1561160.71799639,2017-09-27 21:41:06
27 Sep 21:41:06 - Insert into live price table success: DSHUSD,350,348.34,439.35191829,349.66,32.73883099,355,335.7,9890.64044409,2017-09-27 21:41:06
27 Sep 21:41:06 - Insert into live price table success: ETCUSD,12.82,12.773,8731.7246046,12.795,2328.68899674,13.3,11.41,731275.57284533,2017-09-27 21:41:06
27 Sep 21:41:06 - Insert into live price table success: EOSUSD,0.63601,0.63601,661458.17896217,0.63719,82037.25751928,0.6394,0.55531,7645232.63795558,2017-09-27 21:41:06
27 Sep 21:41:06 - Insert into live price table success: IOTUSD,0.5479,0.5479,144345.34305668,0.5481,295302.11701792,0.5544,0.505,16166412.92040893,2017-09-27 21:41:06
27 Sep 21:41:06 - Insert into live price table success: LTCUSD,56.45,56.438,1272.27393057,56.445,1698.70845139,57.571,52.06,436835.84554729,2017-09-27 21:41:06
27 Sep 21:41:06 - Insert into live price table success: BTCUSD,4169.3,4169.3,45.12034727,4169.8,110.6018736,4229.5,3892.6,50368.49281878,2017-09-27 21:41:06
27 Sep 21:41:06 - Insert into live price table success: ETHUSD,307.12,307.12,127.65133449,307.19,252.88273893,315.51,286.93,215179.10261001,2017-09-27 21:41:06
27 Sep 21:41:16 - Insert into live price table success: IOTUSD,0.5479,0.5479,149245.09186817,0.548,299149.11619552,0.5544,0.505,16166411.92040893,2017-09-27 21:41:16
27 Sep 21:41:16 - Insert into live price table success: EOSUSD,0.63601,0.63601,661346.00051815,0.6372,81778.05192279,0.6394,0.55531,7645252.63795558,2017-09-27 21:41:16
27 Sep 21:41:16 - Insert into live price table success: DSHUSD,350,348.71,111.90622984,349.65,32.65780299,355,335.7,9890.64044409,2017-09-27 21:41:16
27 Sep 21:41:16 - Insert into live price table success: OMGUSD,10.213,10.212,13054.24692634,10.234,4004.03598721,10.599,9.7742,1561150.61602739,2017-09-27 21:41:16
27 Sep 21:41:16 - Insert into live price table success: ETCUSD,12.81,12.782,6194.92187189,12.81,1495.0165926,13.3,11.41,731347.36234533,2017-09-27 21:41:16
27 Sep 21:41:16 - Insert into live price table success: BCHUSD,462.19,460.65,434.27865215,462,332.84520788,470,435.96,43570.07498364,2017-09-27 21:41:16
27 Sep 21:41:16 - Insert into live price table success: LTCUSD,56.45,56.438,1347.58361569,56.444,1698.76188022,57.571,52.06,436835.84554729,2017-09-27 21:41:16
27 Sep 21:41:16 - Insert into live price table success: ETHUSD,307.13,307.12,129.45070765,307.13,123.75410971,315.51,286.93,215192.50261001,2017-09-27 21:41:16
27 Sep 21:41:16 - Insert into live price table success: BTCUSD,4169.4,4169.2,42.73762293,4169.4,117.83502728,4229.5,3892.6,50386.79980585,2017-09-27 21:41:16
27 Sep 21:41:25 - Insert into live price table success: DSHUSD,350,348.31,433.34459378,349.65,54.19900551,355,335.7,9890.64044409,2017-09-27 21:41:25
27 Sep 21:41:26 - Insert into live price table success: LTCUSD,56.445,56.445,1406.00838507,56.446,2410.73765878,57.571,52.06,436837.81485843,2017-09-27 21:41:26
27 Sep 21:41:26 - Insert into live price table success: EOSUSD,0.63601,0.63601,657988.02688178,0.63719,82067.25751928,0.6394,0.55531,7645272.63795558,2017-09-27 21:41:26
27 Sep 21:41:26 - Insert into live price table success: ETCUSD,12.799,12.78,8753.00532117,12.798,2548.31036761,13.3,11.41,731492.27860033,2017-09-27 21:41:26
27 Sep 21:41:26 - Insert into live price table success: IOTUSD,0.5479,0.5479,155506.47629847,0.548,299149.11619552,0.5544,0.505,16165357.92040893,2017-09-27 21:41:26
27 Sep 21:41:26 - Insert into live price table success: OMGUSD,10.2,10.2,11141.97539074,10.227,4098.18111385,10.599,9.7742,1563905.89118542,2017-09-27 21:41:26
27 Sep 21:41:26 - Insert into live price table success: BCHUSD,462.19,460.72,432.00750664,462,876.36199495,470,435.96,43567.51659164,2017-09-27 21:41:26
27 Sep 21:41:26 - Insert into live price table success: ETHUSD,307.13,307.12,138.60371403,307.13,201.76794638,315.51,286.93,215180.10615701,2017-09-27 21:41:26
27 Sep 21:41:27 - Insert into live price table success: BTCUSD,4169.2,4166.9,91.96831352,4169.5,435.78864318,4229.5,3892.6,50392.46466857,2017-09-27 21:41:27
27 Sep 21:41:36 - Insert into live price table success: ETCUSD,12.799,12.78,7614.87794389,12.791,2876.34920898,13.3,11.41,731492.27860033,2017-09-27 21:41:36
27 Sep 21:41:36 - Insert into live price table success: DSHUSD,350,348.02,415.4939791,349.64,32.32233315,355,335.7,9890.64044409,2017-09-27 21:41:36
27 Sep 21:41:36 - Insert into live price table success: BCHUSD,462,460.9,412.41571183,462,913.35744939,470,435.96,43571.09833564,2017-09-27 21:41:36
27 Sep 21:41:36 - Insert into live price table success: EOSUSD,0.63601,0.63601,662819.2279502,0.63719,82067.25751928,0.6394,0.55531,7645282.93795558,2017-09-27 21:41:36
27 Sep 21:41:36 - Insert into live price table success: LTCUSD,56.445,56.445,1157.19534173,56.446,2410.68544159,57.571,52.06,436837.81485843,2017-09-27 21:41:36
27 Sep 21:41:36 - Insert into live price table success: IOTUSD,0.5479,0.5479,151911.30556439,0.54799,294590.99797249,0.5544,0.505,16165352.92040893,2017-09-27 21:41:36
27 Sep 21:41:36 - Insert into live price table success: OMGUSD,10.2,10.2,11140.39217074,10.215,3475.36344876,10.599,9.7742,1563905.89118542,2017-09-27 21:41:36
27 Sep 21:41:36 - Insert into live price table success: ETHUSD,307.12,307.11,125.15154343,307.13,145.52829478,315.51,286.93,215182.35118101,2017-09-27 21:41:36
27 Sep 21:41:36 - Insert into live price table success: BTCUSD,4166.8,4167.5,92.56879978,4168.1,445.71970355,4229.5,3892.6,50413.45241328,2017-09-27 21:41:36
27 Sep 21:41:45 - Insert into live price table success: EOSUSD,0.63601,0.63601,662140.70051815,0.63719,82067.25751928,0.6394,0.55531,7645302.93795558,2017-09-27 21:41:45
27 Sep 21:41:46 - Insert into live price table success: LTCUSD,56.45,56.445,951.63079027,56.447,2234.24883569,57.571,52.06,436839.43485843,2017-09-27 21:41:46
27 Sep 21:41:46 - Insert into live price table success: DSHUSD,350,348.16,104.03050668,349.64,37.65298453,355,335.7,9888.95134409,2017-09-27 21:41:46
27 Sep 21:41:46 - Insert into live price table success: IOTUSD,0.5479,0.5479,154691.12180958,0.5481,295278.97003485,0.5544,0.505,16165351.92040893,2017-09-27 21:41:46
27 Sep 21:41:46 - Insert into live price table success: BCHUSD,462,460.93,423.3877518,462,503.22457335,470,435.96,43570.37052664,2017-09-27 21:41:46
27 Sep 21:41:46 - Insert into live price table success: OMGUSD,10.2,10.202,11042.93672241,10.233,3613.02871961,10.599,9.7742,1563944.70737661,2017-09-27 21:41:46
27 Sep 21:41:46 - Insert into live price table success: ETCUSD,12.77,12.77,8303.74128686,12.793,2766.6542777,13.3,11.41,731559.24111833,2017-09-27 21:41:46
27 Sep 21:41:46 - Insert into live price table success: BTCUSD,4167,4167,106.72938999,4167.8,130.14487389,4229.5,3892.6,50415.70294941,2017-09-27 21:41:46
27 Sep 21:41:46 - Insert into live price table success: ETHUSD,307.11,307.11,209.69223723,307.46,245.94867827,315.51,286.93,215183.65358101,2017-09-27 21:41:46
27 Sep 21:41:56 - Insert into live price table success: DSHUSD,350,348.52,440.84851419,349.64,37.61748815,355,335.7,9884.0651702,2017-09-27 21:41:56
27 Sep 21:41:56 - Insert into live price table success: EOSUSD,0.63601,0.63601,662092.72688178,0.63719,81267.25751928,0.6394,0.55531,7645333.33795558,2017-09-27 21:41:56
27 Sep 21:41:56 - Insert into live price table success: OMGUSD,10.2,10.203,11046.63131168,10.233,4176.82303557,10.599,9.7742,1563858.04065197,2017-09-27 21:41:56
27 Sep 21:41:56 - Insert into live price table success: BCHUSD,462,460.62,402.76435759,462,896.4235358,470,435.96,43570.14832664,2017-09-27 21:41:56
27 Sep 21:41:56 - Insert into live price table success: ETCUSD,12.77,12.77,8920.85552388,12.8,2864.8008926,13.3,11.41,731551.13131833,2017-09-27 21:41:56
27 Sep 21:41:56 - Insert into live price table success: LTCUSD,56.45,56.445,1446.2845567,56.45,2238.47349571,57.571,52.06,436838.74785843,2017-09-27 21:41:56
27 Sep 21:41:56 - Insert into live price table success: IOTUSD,0.5479,0.5479,153603.87847318,0.54851,297229.78477234,0.5544,0.505,16165602.63619393,2017-09-27 21:41:56
27 Sep 21:41:56 - Insert into live price table success: ETHUSD,307.05,307.05,176.08779339,307.08,203.14161322,315.51,286.93,215184.39358101,2017-09-27 21:41:56
27 Sep 21:41:57 - Insert into live price table success: BTCUSD,4164.7,4166.6,62.57362485,4167.9,110.09852425,4229.5,3892.6,50432.46929379,2017-09-27 21:41:57
27 Sep 21:42:06 - Insert into live price table success: ETCUSD,12.77,12.771,8317.95877022,12.794,2087.50436404,13.3,11.41,731551.13131833,2017-09-27 21:42:06
27 Sep 21:42:06 - Insert into live price table success: DSHUSD,350,348.89,82.70939829,349.63,37.61463024,355,335.7,9882.0706702,2017-09-27 21:42:06
27 Sep 21:42:06 - Insert into live price table success: BCHUSD,462,460.63,409.42802819,462,868.2700418,470,435.96,43575.54832664,2017-09-27 21:42:06
27 Sep 21:42:06 - Insert into live price table success: LTCUSD,56.45,56.445,1207.96629355,56.449,2062.51437308,57.571,52.06,436828.65036087,2017-09-27 21:42:06
27 Sep 21:42:06 - Insert into live price table success: IOTUSD,0.5479,0.54784,146121.3807703,0.5479,284279.29820307,0.5544,0.505,16148387.05564256,2017-09-27 21:42:06
27 Sep 21:42:06 - Insert into live price table success: EOSUSD,0.63601,0.63601,667092.33510709,0.63717,81337.95751928,0.6394,0.55531,7645338.33795558,2017-09-27 21:42:06
27 Sep 21:42:06 - Insert into live price table success: OMGUSD,10.2,10.2,11007.53131168,10.223,3743.99803382,10.599,9.7742,1563958.04065197,2017-09-27 21:42:06
27 Sep 21:42:06 - Insert into live price table success: ETHUSD,307.05,307.05,264.61779339,307.06,214.62675578,315.51,286.93,215180.52678101,2017-09-27 21:42:06
27 Sep 21:42:06 - Insert into live price table success: BTCUSD,4166.9,4165,96.32576192,4166.6,123.42113126,4229.5,3892.6,50429.04016084,2017-09-27 21:42:06
27 Sep 21:42:16 - Insert into live price table success: DSHUSD,350,348.28,91.56622791,349.62,28.8796108,355,335.7,9856.3928702,2017-09-27 21:42:16
27 Sep 21:42:16 - Insert into live price table success: LTCUSD,56.44,56.437,1440.86958713,56.438,2066.99450515,57.571,52.06,436892.23579773,2017-09-27 21:42:16
27 Sep 21:42:16 - Insert into live price table success: EOSUSD,0.63601,0.63602,659748.48427311,0.63714,81737.36139686,0.6394,0.55531,7645348.33795558,2017-09-27 21:42:16
27 Sep 21:42:16 - Insert into live price table success: BCHUSD,462,460.64,421.09196974,462,838.99749145,470,435.96,43577.03699864,2017-09-27 21:42:16
27 Sep 21:42:16 - Insert into live price table success: ETCUSD,12.77,12.77,9449.14344107,12.793,3041.6929006,13.3,11.41,731551.13131833,2017-09-27 21:42:16
27 Sep 21:42:16 - Insert into live price table success: IOTUSD,0.5479,0.54784,155357.48763749,0.54789,293342.79297398,0.5544,0.505,16147465.82359356,2017-09-27 21:42:16
27 Sep 21:42:16 - Insert into live price table success: OMGUSD,10.2,10.201,11009.15931168,10.231,3175.89615866,10.599,9.7742,1563958.04065197,2017-09-27 21:42:16
27 Sep 21:42:16 - Insert into live price table success: BTCUSD,4165,4164.9,99.86573604,4165,112.58148126,4229.5,3892.6,50423.50283706,2017-09-27 21:42:16
27 Sep 21:42:16 - Insert into live price table success: ETHUSD,307.1,307.06,197.40833964,307.1,112.93204196,315.51,286.93,215184.39132021,2017-09-27 21:42:16
27 Sep 21:42:26 - Insert into live price table success: DSHUSD,350,348.64,119.04985558,349.61,29.36139663,355,335.7,9853.0150702,2017-09-27 21:42:26
27 Sep 21:42:26 - Insert into live price table success: EOSUSD,0.63603,0.63603,658831.32019433,0.63714,81485.33750128,0.6394,0.55531,7645388.33795558,2017-09-27 21:42:26
27 Sep 21:42:26 - Insert into live price table success: IOTUSD,0.5479,0.54784,153375.88763749,0.5479,297646.11957067,0.5544,0.505,16147465.82359356,2017-09-27 21:42:26
27 Sep 21:42:26 - Insert into live price table success: BCHUSD,462,460.8,422.28926043,462,873.7414845,470,435.96,43578.75699864,2017-09-27 21:42:26
27 Sep 21:42:26 - Insert into live price table success: OMGUSD,10.15,10.202,8839.70097855,10.224,24149.65371572,10.599,9.7742,1598522.31018358,2017-09-27 21:42:26
27 Sep 21:42:26 - Insert into live price table success: ETCUSD,12.785,12.77,8651.06928227,12.785,2750.58635981,13.3,11.41,731528.91758133,2017-09-27 21:42:26
27 Sep 21:42:26 - Insert into live price table success: LTCUSD,56.438,56.438,1279.30989649,56.449,2393.82435075,57.571,52.06,436888.60475498,2017-09-27 21:42:26
27 Sep 21:42:26 - Insert into live price table success: ETHUSD,307.13,307.12,211.19097043,307.24,206.06167362,315.51,286.93,215213.70926829,2017-09-27 21:42:26
27 Sep 21:42:27 - Insert into live price table success: BTCUSD,4165,4164.9,96.38281851,4165,99.70579549,4229.5,3892.6,50426.27183342,2017-09-27 21:42:27
27 Sep 21:42:36 - Insert into live price table success: DSHUSD,350,348.16,125.9016127,349.61,61.95493504,355,335.7,9851.4062702,2017-09-27 21:42:35
27 Sep 21:42:36 - Insert into live price table success: EOSUSD,0.63603,0.63603,663612.92949525,0.63714,81485.23750128,0.6394,0.55531,7645395.02447927,2017-09-27 21:42:36
27 Sep 21:42:36 - Insert into live price table success: LTCUSD,56.438,56.438,1264.84971875,56.449,2376.800545,57.571,52.06,436892.77939298,2017-09-27 21:42:36
27 Sep 21:42:36 - Insert into live price table success: BCHUSD,462,460.62,376.55325536,462,779.89893227,470,435.96,43579.73034064,2017-09-27 21:42:36
27 Sep 21:42:36 - Insert into live price table success: ETCUSD,12.785,12.771,8433.87561035,12.787,2723.18886656,13.3,11.41,731528.91758133,2017-09-27 21:42:36
27 Sep 21:42:36 - Insert into live price table success: ETHUSD,307.13,307.15,171.76967979,307.28,158.53328684,315.51,286.93,215203.87879329,2017-09-27 21:42:36
27 Sep 21:42:36 - Insert into live price table success: OMGUSD,10.214,10.202,8083.3193586,10.214,4201.94842484,10.599,9.7742,1598514.6758585,2017-09-27 21:42:36
27 Sep 21:42:36 - Insert into live price table success: BTCUSD,4165,4164.9,95.89217453,4165,106.73580261,4229.5,3892.6,50425.87352488,2017-09-27 21:42:36
27 Sep 21:42:36 - Insert into live price table success: IOTUSD,0.54784,0.54711,155351.68456153,0.5477,301418.32920686,0.5544,0.505,16146775.28207356,2017-09-27 21:42:36
